<testsuites id="" name="" tests="435" failures="411" skipped="0" errors="0" time="294.24671500000005">
<testsuite name="accessibility-healthcare.spec.ts" timestamp="2025-08-23T06:21:35.562Z" hostname="chromium-desktop" tests="5" failures="5" skipped="0" time="1.753" errors="0">
<testcase name="[chromium-desktop] Healthcare Accessibility Compliance › should meet WCAG 2.1 AA standards for patient dashboard" classname="accessibility-healthcare.spec.ts" time="0.354">
<failure message="accessibility-healthcare.spec.ts:8:6 should meet WCAG 2.1 AA standards for patient dashboard" type="FAILURE">
<![CDATA[  [chromium-desktop] › accessibility-healthcare.spec.ts:8:6 › Healthcare Accessibility Compliance › should meet WCAG 2.1 AA standards for patient dashboard 

    Error: page.goto: Protocol error (Page.navigate): Cannot navigate to invalid URL
    Call log:
      - navigating to "/dashboard", waiting until "load"


      3 | test.describe("Healthcare Accessibility Compliance", () => {
      4 | 	test.beforeEach(async ({ page }) => {
    > 5 | 		await page.goto("/dashboard");
        | 		           ^
      6 | 	});
      7 |
      8 | 	test("should meet WCAG 2.1 AA standards for patient dashboard", async ({
        at D:\neonpro\tools\testing\e2e\tests\accessibility-healthcare.spec.ts:5:14

    Retry #1 ───────────────────────────────────────────────────────────────────────────────────────

    Error: page.goto: Protocol error (Page.navigate): Cannot navigate to invalid URL
    Call log:
      - navigating to "/dashboard", waiting until "load"


      3 | test.describe("Healthcare Accessibility Compliance", () => {
      4 | 	test.beforeEach(async ({ page }) => {
    > 5 | 		await page.goto("/dashboard");
        | 		           ^
      6 | 	});
      7 |
      8 | 	test("should meet WCAG 2.1 AA standards for patient dashboard", async ({
        at D:\neonpro\tools\testing\e2e\tests\accessibility-healthcare.spec.ts:5:14

    attachment #1: trace (application/zip) ─────────────────────────────────────────────────────────
    ..\..\..\..\e2e\test-results\accessibility-healthcare-H-6f47a-dards-for-patient-dashboard-chromium-desktop-retry1\trace.zip
    Usage:

        npx playwright show-trace ..\..\..\..\e2e\test-results\accessibility-healthcare-H-6f47a-dards-for-patient-dashboard-chromium-desktop-retry1\trace.zip

    ────────────────────────────────────────────────────────────────────────────────────────────────
]]>
</failure>
<system-out>
<![CDATA[
[[ATTACHMENT|..\test-results\accessibility-healthcare-H-6f47a-dards-for-patient-dashboard-chromium-desktop-retry1\trace.zip]]
]]>
</system-out>
</testcase>
<testcase name="[chromium-desktop] Healthcare Accessibility Compliance › should provide accessible forms for LGPD consent" classname="accessibility-healthcare.spec.ts" time="0.389">
<failure message="accessibility-healthcare.spec.ts:28:6 should provide accessible forms for LGPD consent" type="FAILURE">
<![CDATA[  [chromium-desktop] › accessibility-healthcare.spec.ts:28:6 › Healthcare Accessibility Compliance › should provide accessible forms for LGPD consent 

    Error: page.goto: Protocol error (Page.navigate): Cannot navigate to invalid URL
    Call log:
      - navigating to "/dashboard", waiting until "load"


      3 | test.describe("Healthcare Accessibility Compliance", () => {
      4 | 	test.beforeEach(async ({ page }) => {
    > 5 | 		await page.goto("/dashboard");
        | 		           ^
      6 | 	});
      7 |
      8 | 	test("should meet WCAG 2.1 AA standards for patient dashboard", async ({
        at D:\neonpro\tools\testing\e2e\tests\accessibility-healthcare.spec.ts:5:14

    Retry #1 ───────────────────────────────────────────────────────────────────────────────────────

    Error: page.goto: Protocol error (Page.navigate): Cannot navigate to invalid URL
    Call log:
      - navigating to "/dashboard", waiting until "load"


      3 | test.describe("Healthcare Accessibility Compliance", () => {
      4 | 	test.beforeEach(async ({ page }) => {
    > 5 | 		await page.goto("/dashboard");
        | 		           ^
      6 | 	});
      7 |
      8 | 	test("should meet WCAG 2.1 AA standards for patient dashboard", async ({
        at D:\neonpro\tools\testing\e2e\tests\accessibility-healthcare.spec.ts:5:14

    attachment #1: trace (application/zip) ─────────────────────────────────────────────────────────
    ..\..\..\..\e2e\test-results\accessibility-healthcare-H-fa924-ible-forms-for-LGPD-consent-chromium-desktop-retry1\trace.zip
    Usage:

        npx playwright show-trace ..\..\..\..\e2e\test-results\accessibility-healthcare-H-fa924-ible-forms-for-LGPD-consent-chromium-desktop-retry1\trace.zip

    ────────────────────────────────────────────────────────────────────────────────────────────────
]]>
</failure>
<system-out>
<![CDATA[
[[ATTACHMENT|..\test-results\accessibility-healthcare-H-fa924-ible-forms-for-LGPD-consent-chromium-desktop-retry1\trace.zip]]
]]>
</system-out>
</testcase>
<testcase name="[chromium-desktop] Healthcare Accessibility Compliance › should support screen readers for ANVISA compliance data" classname="accessibility-healthcare.spec.ts" time="0.376">
<failure message="accessibility-healthcare.spec.ts:45:6 should support screen readers for ANVISA compliance data" type="FAILURE">
<![CDATA[  [chromium-desktop] › accessibility-healthcare.spec.ts:45:6 › Healthcare Accessibility Compliance › should support screen readers for ANVISA compliance data 

    Error: page.goto: Protocol error (Page.navigate): Cannot navigate to invalid URL
    Call log:
      - navigating to "/dashboard", waiting until "load"


      3 | test.describe("Healthcare Accessibility Compliance", () => {
      4 | 	test.beforeEach(async ({ page }) => {
    > 5 | 		await page.goto("/dashboard");
        | 		           ^
      6 | 	});
      7 |
      8 | 	test("should meet WCAG 2.1 AA standards for patient dashboard", async ({
        at D:\neonpro\tools\testing\e2e\tests\accessibility-healthcare.spec.ts:5:14

    Retry #1 ───────────────────────────────────────────────────────────────────────────────────────

    Error: page.goto: Protocol error (Page.navigate): Cannot navigate to invalid URL
    Call log:
      - navigating to "/dashboard", waiting until "load"


      3 | test.describe("Healthcare Accessibility Compliance", () => {
      4 | 	test.beforeEach(async ({ page }) => {
    > 5 | 		await page.goto("/dashboard");
        | 		           ^
      6 | 	});
      7 |
      8 | 	test("should meet WCAG 2.1 AA standards for patient dashboard", async ({
        at D:\neonpro\tools\testing\e2e\tests\accessibility-healthcare.spec.ts:5:14

    attachment #1: trace (application/zip) ─────────────────────────────────────────────────────────
    ..\..\..\..\e2e\test-results\accessibility-healthcare-H-7ed37--for-ANVISA-compliance-data-chromium-desktop-retry1\trace.zip
    Usage:

        npx playwright show-trace ..\..\..\..\e2e\test-results\accessibility-healthcare-H-7ed37--for-ANVISA-compliance-data-chromium-desktop-retry1\trace.zip

    ────────────────────────────────────────────────────────────────────────────────────────────────
]]>
</failure>
<system-out>
<![CDATA[
[[ATTACHMENT|..\test-results\accessibility-healthcare-H-7ed37--for-ANVISA-compliance-data-chromium-desktop-retry1\trace.zip]]
]]>
</system-out>
</testcase>
<testcase name="[chromium-desktop] Healthcare Accessibility Compliance › should provide accessible CFM professional validation interface" classname="accessibility-healthcare.spec.ts" time="0.359">
<failure message="accessibility-healthcare.spec.ts:59:6 should provide accessible CFM professional validation interface" type="FAILURE">
<![CDATA[  [chromium-desktop] › accessibility-healthcare.spec.ts:59:6 › Healthcare Accessibility Compliance › should provide accessible CFM professional validation interface 

    Error: page.goto: Protocol error (Page.navigate): Cannot navigate to invalid URL
    Call log:
      - navigating to "/dashboard", waiting until "load"


      3 | test.describe("Healthcare Accessibility Compliance", () => {
      4 | 	test.beforeEach(async ({ page }) => {
    > 5 | 		await page.goto("/dashboard");
        | 		           ^
      6 | 	});
      7 |
      8 | 	test("should meet WCAG 2.1 AA standards for patient dashboard", async ({
        at D:\neonpro\tools\testing\e2e\tests\accessibility-healthcare.spec.ts:5:14

    Retry #1 ───────────────────────────────────────────────────────────────────────────────────────

    Error: page.goto: Protocol error (Page.navigate): Cannot navigate to invalid URL
    Call log:
      - navigating to "/dashboard", waiting until "load"


      3 | test.describe("Healthcare Accessibility Compliance", () => {
      4 | 	test.beforeEach(async ({ page }) => {
    > 5 | 		await page.goto("/dashboard");
        | 		           ^
      6 | 	});
      7 |
      8 | 	test("should meet WCAG 2.1 AA standards for patient dashboard", async ({
        at D:\neonpro\tools\testing\e2e\tests\accessibility-healthcare.spec.ts:5:14

    attachment #1: trace (application/zip) ─────────────────────────────────────────────────────────
    ..\..\..\..\e2e\test-results\accessibility-healthcare-H-509d9-sional-validation-interface-chromium-desktop-retry1\trace.zip
    Usage:

        npx playwright show-trace ..\..\..\..\e2e\test-results\accessibility-healthcare-H-509d9-sional-validation-interface-chromium-desktop-retry1\trace.zip

    ────────────────────────────────────────────────────────────────────────────────────────────────
]]>
</failure>
<system-out>
<![CDATA[
[[ATTACHMENT|..\test-results\accessibility-healthcare-H-509d9-sional-validation-interface-chromium-desktop-retry1\trace.zip]]
]]>
</system-out>
</testcase>
<testcase name="[chromium-desktop] Healthcare Accessibility Compliance › should maintain accessibility during data loading states" classname="accessibility-healthcare.spec.ts" time="0.275">
<failure message="accessibility-healthcare.spec.ts:77:6 should maintain accessibility during data loading states" type="FAILURE">
<![CDATA[  [chromium-desktop] › accessibility-healthcare.spec.ts:77:6 › Healthcare Accessibility Compliance › should maintain accessibility during data loading states 

    Error: page.goto: Protocol error (Page.navigate): Cannot navigate to invalid URL
    Call log:
      - navigating to "/dashboard", waiting until "load"


      3 | test.describe("Healthcare Accessibility Compliance", () => {
      4 | 	test.beforeEach(async ({ page }) => {
    > 5 | 		await page.goto("/dashboard");
        | 		           ^
      6 | 	});
      7 |
      8 | 	test("should meet WCAG 2.1 AA standards for patient dashboard", async ({
        at D:\neonpro\tools\testing\e2e\tests\accessibility-healthcare.spec.ts:5:14

    Retry #1 ───────────────────────────────────────────────────────────────────────────────────────

    Error: page.goto: Protocol error (Page.navigate): Cannot navigate to invalid URL
    Call log:
      - navigating to "/dashboard", waiting until "load"


      3 | test.describe("Healthcare Accessibility Compliance", () => {
      4 | 	test.beforeEach(async ({ page }) => {
    > 5 | 		await page.goto("/dashboard");
        | 		           ^
      6 | 	});
      7 |
      8 | 	test("should meet WCAG 2.1 AA standards for patient dashboard", async ({
        at D:\neonpro\tools\testing\e2e\tests\accessibility-healthcare.spec.ts:5:14

    attachment #1: trace (application/zip) ─────────────────────────────────────────────────────────
    ..\..\..\..\e2e\test-results\accessibility-healthcare-H-c18f5--during-data-loading-states-chromium-desktop-retry1\trace.zip
    Usage:

        npx playwright show-trace ..\..\..\..\e2e\test-results\accessibility-healthcare-H-c18f5--during-data-loading-states-chromium-desktop-retry1\trace.zip

    ────────────────────────────────────────────────────────────────────────────────────────────────
]]>
</failure>
<system-out>
<![CDATA[
[[ATTACHMENT|..\test-results\accessibility-healthcare-H-c18f5--during-data-loading-states-chromium-desktop-retry1\trace.zip]]
]]>
</system-out>
</testcase>
</testsuite>
<testsuite name="auth\authentication.spec.ts" timestamp="2025-08-23T06:21:35.562Z" hostname="chromium-desktop" tests="21" failures="21" skipped="0" time="5.973" errors="0">
<testcase name="[chromium-desktop] 🔐 Authentication Flow - Critical E2E › 🚪 Login/Logout Complete Flow › should complete full login flow with valid credentials" classname="auth\authentication.spec.ts" time="0.327">
<failure message="authentication.spec.ts:31:7 should complete full login flow with valid credentials" type="FAILURE">
<![CDATA[  [chromium-desktop] › auth\authentication.spec.ts:31:7 › 🔐 Authentication Flow - Critical E2E › 🚪 Login/Logout Complete Flow › should complete full login flow with valid credentials 

    Error: page.evaluate: SecurityError: Failed to read the 'localStorage' property from 'Window': Access is denied for this document.
        at UtilityScript.evaluate (<anonymous>:293:16)
        at UtilityScript.<anonymous> (<anonymous>:1:44)
        at UtilityScript.evaluate (<anonymous>:293:16)
        at UtilityScript.<anonymous> (<anonymous>:1:44)
        at D:\neonpro\tools\testing\e2e\tests\auth\authentication.spec.ts:25:14

    Retry #1 ───────────────────────────────────────────────────────────────────────────────────────

    Error: page.evaluate: SecurityError: Failed to read the 'localStorage' property from 'Window': Access is denied for this document.
        at UtilityScript.evaluate (<anonymous>:293:16)
        at UtilityScript.<anonymous> (<anonymous>:1:44)
        at UtilityScript.evaluate (<anonymous>:293:16)
        at UtilityScript.<anonymous> (<anonymous>:1:44)
        at D:\neonpro\tools\testing\e2e\tests\auth\authentication.spec.ts:25:14

    attachment #1: trace (application/zip) ─────────────────────────────────────────────────────────
    ..\..\..\..\e2e\test-results\auth-authentication-🔐-Aut-71c89-flow-with-valid-credentials-chromium-desktop-retry1\trace.zip
    Usage:

        npx playwright show-trace ..\..\..\..\e2e\test-results\auth-authentication-🔐-Aut-71c89-flow-with-valid-credentials-chromium-desktop-retry1\trace.zip

    ────────────────────────────────────────────────────────────────────────────────────────────────
]]>
</failure>
<system-out>
<![CDATA[
[[ATTACHMENT|..\test-results\auth-authentication-🔐-Aut-71c89-flow-with-valid-credentials-chromium-desktop-retry1\trace.zip]]
]]>
</system-out>
</testcase>
<testcase name="[chromium-desktop] 🔐 Authentication Flow - Critical E2E › 🚪 Login/Logout Complete Flow › should complete logout flow and clear session" classname="auth\authentication.spec.ts" time="0.333">
<failure message="authentication.spec.ts:79:7 should complete logout flow and clear session" type="FAILURE">
<![CDATA[  [chromium-desktop] › auth\authentication.spec.ts:79:7 › 🔐 Authentication Flow - Critical E2E › 🚪 Login/Logout Complete Flow › should complete logout flow and clear session 

    Error: page.evaluate: SecurityError: Failed to read the 'localStorage' property from 'Window': Access is denied for this document.
        at UtilityScript.evaluate (<anonymous>:293:16)
        at UtilityScript.<anonymous> (<anonymous>:1:44)
        at UtilityScript.evaluate (<anonymous>:293:16)
        at UtilityScript.<anonymous> (<anonymous>:1:44)
        at D:\neonpro\tools\testing\e2e\tests\auth\authentication.spec.ts:25:14

    Retry #1 ───────────────────────────────────────────────────────────────────────────────────────

    Error: page.evaluate: SecurityError: Failed to read the 'localStorage' property from 'Window': Access is denied for this document.
        at UtilityScript.evaluate (<anonymous>:293:16)
        at UtilityScript.<anonymous> (<anonymous>:1:44)
        at UtilityScript.evaluate (<anonymous>:293:16)
        at UtilityScript.<anonymous> (<anonymous>:1:44)
        at D:\neonpro\tools\testing\e2e\tests\auth\authentication.spec.ts:25:14

    attachment #1: trace (application/zip) ─────────────────────────────────────────────────────────
    ..\..\..\..\e2e\test-results\auth-authentication-🔐-Aut-3568f-gout-flow-and-clear-session-chromium-desktop-retry1\trace.zip
    Usage:

        npx playwright show-trace ..\..\..\..\e2e\test-results\auth-authentication-🔐-Aut-3568f-gout-flow-and-clear-session-chromium-desktop-retry1\trace.zip

    ────────────────────────────────────────────────────────────────────────────────────────────────
]]>
</failure>
<system-out>
<![CDATA[
[[ATTACHMENT|..\test-results\auth-authentication-🔐-Aut-3568f-gout-flow-and-clear-session-chromium-desktop-retry1\trace.zip]]
]]>
</system-out>
</testcase>
<testcase name="[chromium-desktop] 🔐 Authentication Flow - Critical E2E › 🚪 Login/Logout Complete Flow › should reject invalid credentials with proper error handling" classname="auth\authentication.spec.ts" time="0.313">
<failure message="authentication.spec.ts:113:7 should reject invalid credentials with proper error handling" type="FAILURE">
<![CDATA[  [chromium-desktop] › auth\authentication.spec.ts:113:7 › 🔐 Authentication Flow - Critical E2E › 🚪 Login/Logout Complete Flow › should reject invalid credentials with proper error handling 

    Error: page.evaluate: SecurityError: Failed to read the 'localStorage' property from 'Window': Access is denied for this document.
        at UtilityScript.evaluate (<anonymous>:293:16)
        at UtilityScript.<anonymous> (<anonymous>:1:44)
        at UtilityScript.evaluate (<anonymous>:293:16)
        at UtilityScript.<anonymous> (<anonymous>:1:44)
        at D:\neonpro\tools\testing\e2e\tests\auth\authentication.spec.ts:25:14

    Retry #1 ───────────────────────────────────────────────────────────────────────────────────────

    Error: page.evaluate: SecurityError: Failed to read the 'localStorage' property from 'Window': Access is denied for this document.
        at UtilityScript.evaluate (<anonymous>:293:16)
        at UtilityScript.<anonymous> (<anonymous>:1:44)
        at UtilityScript.evaluate (<anonymous>:293:16)
        at UtilityScript.<anonymous> (<anonymous>:1:44)
        at D:\neonpro\tools\testing\e2e\tests\auth\authentication.spec.ts:25:14

    attachment #1: trace (application/zip) ─────────────────────────────────────────────────────────
    ..\..\..\..\e2e\test-results\auth-authentication-🔐-Aut-5f190--with-proper-error-handling-chromium-desktop-retry1\trace.zip
    Usage:

        npx playwright show-trace ..\..\..\..\e2e\test-results\auth-authentication-🔐-Aut-5f190--with-proper-error-handling-chromium-desktop-retry1\trace.zip

    ────────────────────────────────────────────────────────────────────────────────────────────────
]]>
</failure>
<system-out>
<![CDATA[
[[ATTACHMENT|..\test-results\auth-authentication-🔐-Aut-5f190--with-proper-error-handling-chromium-desktop-retry1\trace.zip]]
]]>
</system-out>
</testcase>
<testcase name="[chromium-desktop] 🔐 Authentication Flow - Critical E2E › 🏥 Healthcare Professional Authentication › should display healthcare-specific login elements" classname="auth\authentication.spec.ts" time="0.322">
<failure message="authentication.spec.ts:145:7 should display healthcare-specific login elements" type="FAILURE">
<![CDATA[  [chromium-desktop] › auth\authentication.spec.ts:145:7 › 🔐 Authentication Flow - Critical E2E › 🏥 Healthcare Professional Authentication › should display healthcare-specific login elements 

    Error: page.evaluate: SecurityError: Failed to read the 'localStorage' property from 'Window': Access is denied for this document.
        at UtilityScript.evaluate (<anonymous>:293:16)
        at UtilityScript.<anonymous> (<anonymous>:1:44)
        at UtilityScript.evaluate (<anonymous>:293:16)
        at UtilityScript.<anonymous> (<anonymous>:1:44)
        at D:\neonpro\tools\testing\e2e\tests\auth\authentication.spec.ts:25:14

    Retry #1 ───────────────────────────────────────────────────────────────────────────────────────

    Error: page.evaluate: SecurityError: Failed to read the 'localStorage' property from 'Window': Access is denied for this document.
        at UtilityScript.evaluate (<anonymous>:293:16)
        at UtilityScript.<anonymous> (<anonymous>:1:44)
        at UtilityScript.evaluate (<anonymous>:293:16)
        at UtilityScript.<anonymous> (<anonymous>:1:44)
        at D:\neonpro\tools\testing\e2e\tests\auth\authentication.spec.ts:25:14

    attachment #1: trace (application/zip) ─────────────────────────────────────────────────────────
    ..\..\..\..\e2e\test-results\auth-authentication-🔐-Aut-6e912-are-specific-login-elements-chromium-desktop-retry1\trace.zip
    Usage:

        npx playwright show-trace ..\..\..\..\e2e\test-results\auth-authentication-🔐-Aut-6e912-are-specific-login-elements-chromium-desktop-retry1\trace.zip

    ────────────────────────────────────────────────────────────────────────────────────────────────
]]>
</failure>
<system-out>
<![CDATA[
[[ATTACHMENT|..\test-results\auth-authentication-🔐-Aut-6e912-are-specific-login-elements-chromium-desktop-retry1\trace.zip]]
]]>
</system-out>
</testcase>
<testcase name="[chromium-desktop] 🔐 Authentication Flow - Critical E2E › 🏥 Healthcare Professional Authentication › should validate professional credentials format" classname="auth\authentication.spec.ts" time="0.315">
<failure message="authentication.spec.ts:164:7 should validate professional credentials format" type="FAILURE">
<![CDATA[  [chromium-desktop] › auth\authentication.spec.ts:164:7 › 🔐 Authentication Flow - Critical E2E › 🏥 Healthcare Professional Authentication › should validate professional credentials format 

    Error: page.evaluate: SecurityError: Failed to read the 'localStorage' property from 'Window': Access is denied for this document.
        at UtilityScript.evaluate (<anonymous>:293:16)
        at UtilityScript.<anonymous> (<anonymous>:1:44)
        at UtilityScript.evaluate (<anonymous>:293:16)
        at UtilityScript.<anonymous> (<anonymous>:1:44)
        at D:\neonpro\tools\testing\e2e\tests\auth\authentication.spec.ts:25:14

    Retry #1 ───────────────────────────────────────────────────────────────────────────────────────

    Error: page.evaluate: SecurityError: Failed to read the 'localStorage' property from 'Window': Access is denied for this document.
        at UtilityScript.evaluate (<anonymous>:293:16)
        at UtilityScript.<anonymous> (<anonymous>:1:44)
        at UtilityScript.evaluate (<anonymous>:293:16)
        at UtilityScript.<anonymous> (<anonymous>:1:44)
        at D:\neonpro\tools\testing\e2e\tests\auth\authentication.spec.ts:25:14

    attachment #1: trace (application/zip) ─────────────────────────────────────────────────────────
    ..\..\..\..\e2e\test-results\auth-authentication-🔐-Aut-8a7cb-essional-credentials-format-chromium-desktop-retry1\trace.zip
    Usage:

        npx playwright show-trace ..\..\..\..\e2e\test-results\auth-authentication-🔐-Aut-8a7cb-essional-credentials-format-chromium-desktop-retry1\trace.zip

    ────────────────────────────────────────────────────────────────────────────────────────────────
]]>
</failure>
<system-out>
<![CDATA[
[[ATTACHMENT|..\test-results\auth-authentication-🔐-Aut-8a7cb-essional-credentials-format-chromium-desktop-retry1\trace.zip]]
]]>
</system-out>
</testcase>
<testcase name="[chromium-desktop] 🔐 Authentication Flow - Critical E2E › 🏥 Healthcare Professional Authentication › should authenticate healthcare professional with CRM validation" classname="auth\authentication.spec.ts" time="0.297">
<failure message="authentication.spec.ts:195:7 should authenticate healthcare professional with CRM validation" type="FAILURE">
<![CDATA[  [chromium-desktop] › auth\authentication.spec.ts:195:7 › 🔐 Authentication Flow - Critical E2E › 🏥 Healthcare Professional Authentication › should authenticate healthcare professional with CRM validation 

    Error: page.evaluate: SecurityError: Failed to read the 'localStorage' property from 'Window': Access is denied for this document.
        at UtilityScript.evaluate (<anonymous>:293:16)
        at UtilityScript.<anonymous> (<anonymous>:1:44)
        at UtilityScript.evaluate (<anonymous>:293:16)
        at UtilityScript.<anonymous> (<anonymous>:1:44)
        at D:\neonpro\tools\testing\e2e\tests\auth\authentication.spec.ts:25:14

    Retry #1 ───────────────────────────────────────────────────────────────────────────────────────

    Error: page.evaluate: SecurityError: Failed to read the 'localStorage' property from 'Window': Access is denied for this document.
        at UtilityScript.evaluate (<anonymous>:293:16)
        at UtilityScript.<anonymous> (<anonymous>:1:44)
        at UtilityScript.evaluate (<anonymous>:293:16)
        at UtilityScript.<anonymous> (<anonymous>:1:44)
        at D:\neonpro\tools\testing\e2e\tests\auth\authentication.spec.ts:25:14

    attachment #1: trace (application/zip) ─────────────────────────────────────────────────────────
    ..\..\..\..\e2e\test-results\auth-authentication-🔐-Aut-c9e8a-ssional-with-CRM-validation-chromium-desktop-retry1\trace.zip
    Usage:

        npx playwright show-trace ..\..\..\..\e2e\test-results\auth-authentication-🔐-Aut-c9e8a-ssional-with-CRM-validation-chromium-desktop-retry1\trace.zip

    ────────────────────────────────────────────────────────────────────────────────────────────────
]]>
</failure>
<system-out>
<![CDATA[
[[ATTACHMENT|..\test-results\auth-authentication-🔐-Aut-c9e8a-ssional-with-CRM-validation-chromium-desktop-retry1\trace.zip]]
]]>
</system-out>
</testcase>
<testcase name="[chromium-desktop] 🔐 Authentication Flow - Critical E2E › 🏥 Healthcare Professional Authentication › should handle expired professional license scenario" classname="auth\authentication.spec.ts" time="0.262">
<failure message="authentication.spec.ts:220:7 should handle expired professional license scenario" type="FAILURE">
<![CDATA[  [chromium-desktop] › auth\authentication.spec.ts:220:7 › 🔐 Authentication Flow - Critical E2E › 🏥 Healthcare Professional Authentication › should handle expired professional license scenario 

    Error: page.evaluate: SecurityError: Failed to read the 'localStorage' property from 'Window': Access is denied for this document.
        at UtilityScript.evaluate (<anonymous>:293:16)
        at UtilityScript.<anonymous> (<anonymous>:1:44)
        at UtilityScript.evaluate (<anonymous>:293:16)
        at UtilityScript.<anonymous> (<anonymous>:1:44)
        at D:\neonpro\tools\testing\e2e\tests\auth\authentication.spec.ts:25:14

    Retry #1 ───────────────────────────────────────────────────────────────────────────────────────

    Error: page.evaluate: SecurityError: Failed to read the 'localStorage' property from 'Window': Access is denied for this document.
        at UtilityScript.evaluate (<anonymous>:293:16)
        at UtilityScript.<anonymous> (<anonymous>:1:44)
        at UtilityScript.evaluate (<anonymous>:293:16)
        at UtilityScript.<anonymous> (<anonymous>:1:44)
        at D:\neonpro\tools\testing\e2e\tests\auth\authentication.spec.ts:25:14

    attachment #1: trace (application/zip) ─────────────────────────────────────────────────────────
    ..\..\..\..\e2e\test-results\auth-authentication-🔐-Aut-a3885-ofessional-license-scenario-chromium-desktop-retry1\trace.zip
    Usage:

        npx playwright show-trace ..\..\..\..\e2e\test-results\auth-authentication-🔐-Aut-a3885-ofessional-license-scenario-chromium-desktop-retry1\trace.zip

    ────────────────────────────────────────────────────────────────────────────────────────────────
]]>
</failure>
<system-out>
<![CDATA[
[[ATTACHMENT|..\test-results\auth-authentication-🔐-Aut-a3885-ofessional-license-scenario-chromium-desktop-retry1\trace.zip]]
]]>
</system-out>
</testcase>
<testcase name="[chromium-desktop] 🔐 Authentication Flow - Critical E2E › 🔒 Session Persistence &amp; Security › should maintain session across browser refresh" classname="auth\authentication.spec.ts" time="0.294">
<failure message="authentication.spec.ts:248:7 should maintain session across browser refresh" type="FAILURE">
<![CDATA[  [chromium-desktop] › auth\authentication.spec.ts:248:7 › 🔐 Authentication Flow - Critical E2E › 🔒 Session Persistence & Security › should maintain session across browser refresh 

    Error: page.evaluate: SecurityError: Failed to read the 'localStorage' property from 'Window': Access is denied for this document.
        at UtilityScript.evaluate (<anonymous>:293:16)
        at UtilityScript.<anonymous> (<anonymous>:1:44)
        at UtilityScript.evaluate (<anonymous>:293:16)
        at UtilityScript.<anonymous> (<anonymous>:1:44)
        at D:\neonpro\tools\testing\e2e\tests\auth\authentication.spec.ts:25:14

    Retry #1 ───────────────────────────────────────────────────────────────────────────────────────

    Error: page.evaluate: SecurityError: Failed to read the 'localStorage' property from 'Window': Access is denied for this document.
        at UtilityScript.evaluate (<anonymous>:293:16)
        at UtilityScript.<anonymous> (<anonymous>:1:44)
        at UtilityScript.evaluate (<anonymous>:293:16)
        at UtilityScript.<anonymous> (<anonymous>:1:44)
        at D:\neonpro\tools\testing\e2e\tests\auth\authentication.spec.ts:25:14

    attachment #1: trace (application/zip) ─────────────────────────────────────────────────────────
    ..\..\..\..\e2e\test-results\auth-authentication-🔐-Aut-d66a8-sion-across-browser-refresh-chromium-desktop-retry1\trace.zip
    Usage:

        npx playwright show-trace ..\..\..\..\e2e\test-results\auth-authentication-🔐-Aut-d66a8-sion-across-browser-refresh-chromium-desktop-retry1\trace.zip

    ────────────────────────────────────────────────────────────────────────────────────────────────
]]>
</failure>
<system-out>
<![CDATA[
[[ATTACHMENT|..\test-results\auth-authentication-🔐-Aut-d66a8-sion-across-browser-refresh-chromium-desktop-retry1\trace.zip]]
]]>
</system-out>
</testcase>
<testcase name="[chromium-desktop] 🔐 Authentication Flow - Critical E2E › 🔒 Session Persistence &amp; Security › should handle session timeout gracefully" classname="auth\authentication.spec.ts" time="0.296">
<failure message="authentication.spec.ts:273:7 should handle session timeout gracefully" type="FAILURE">
<![CDATA[  [chromium-desktop] › auth\authentication.spec.ts:273:7 › 🔐 Authentication Flow - Critical E2E › 🔒 Session Persistence & Security › should handle session timeout gracefully 

    Error: page.evaluate: SecurityError: Failed to read the 'localStorage' property from 'Window': Access is denied for this document.
        at UtilityScript.evaluate (<anonymous>:293:16)
        at UtilityScript.<anonymous> (<anonymous>:1:44)
        at UtilityScript.evaluate (<anonymous>:293:16)
        at UtilityScript.<anonymous> (<anonymous>:1:44)
        at D:\neonpro\tools\testing\e2e\tests\auth\authentication.spec.ts:25:14

    Retry #1 ───────────────────────────────────────────────────────────────────────────────────────

    Error: page.evaluate: SecurityError: Failed to read the 'localStorage' property from 'Window': Access is denied for this document.
        at UtilityScript.evaluate (<anonymous>:293:16)
        at UtilityScript.<anonymous> (<anonymous>:1:44)
        at UtilityScript.evaluate (<anonymous>:293:16)
        at UtilityScript.<anonymous> (<anonymous>:1:44)
        at D:\neonpro\tools\testing\e2e\tests\auth\authentication.spec.ts:25:14

    attachment #1: trace (application/zip) ─────────────────────────────────────────────────────────
    ..\..\..\..\e2e\test-results\auth-authentication-🔐-Aut-6715e--session-timeout-gracefully-chromium-desktop-retry1\trace.zip
    Usage:

        npx playwright show-trace ..\..\..\..\e2e\test-results\auth-authentication-🔐-Aut-6715e--session-timeout-gracefully-chromium-desktop-retry1\trace.zip

    ────────────────────────────────────────────────────────────────────────────────────────────────
]]>
</failure>
<system-out>
<![CDATA[
[[ATTACHMENT|..\test-results\auth-authentication-🔐-Aut-6715e--session-timeout-gracefully-chromium-desktop-retry1\trace.zip]]
]]>
</system-out>
</testcase>
<testcase name="[chromium-desktop] 🔐 Authentication Flow - Critical E2E › 🔒 Session Persistence &amp; Security › should enforce password policy for healthcare professionals" classname="auth\authentication.spec.ts" time="0.301">
<failure message="authentication.spec.ts:304:7 should enforce password policy for healthcare professionals" type="FAILURE">
<![CDATA[  [chromium-desktop] › auth\authentication.spec.ts:304:7 › 🔐 Authentication Flow - Critical E2E › 🔒 Session Persistence & Security › should enforce password policy for healthcare professionals 

    Error: page.evaluate: SecurityError: Failed to read the 'localStorage' property from 'Window': Access is denied for this document.
        at UtilityScript.evaluate (<anonymous>:293:16)
        at UtilityScript.<anonymous> (<anonymous>:1:44)
        at UtilityScript.evaluate (<anonymous>:293:16)
        at UtilityScript.<anonymous> (<anonymous>:1:44)
        at D:\neonpro\tools\testing\e2e\tests\auth\authentication.spec.ts:25:14

    Retry #1 ───────────────────────────────────────────────────────────────────────────────────────

    Error: page.evaluate: SecurityError: Failed to read the 'localStorage' property from 'Window': Access is denied for this document.
        at UtilityScript.evaluate (<anonymous>:293:16)
        at UtilityScript.<anonymous> (<anonymous>:1:44)
        at UtilityScript.evaluate (<anonymous>:293:16)
        at UtilityScript.<anonymous> (<anonymous>:1:44)
        at D:\neonpro\tools\testing\e2e\tests\auth\authentication.spec.ts:25:14

    attachment #1: trace (application/zip) ─────────────────────────────────────────────────────────
    ..\..\..\..\e2e\test-results\auth-authentication-🔐-Aut-825fe-or-healthcare-professionals-chromium-desktop-retry1\trace.zip
    Usage:

        npx playwright show-trace ..\..\..\..\e2e\test-results\auth-authentication-🔐-Aut-825fe-or-healthcare-professionals-chromium-desktop-retry1\trace.zip

    ────────────────────────────────────────────────────────────────────────────────────────────────
]]>
</failure>
<system-out>
<![CDATA[
[[ATTACHMENT|..\test-results\auth-authentication-🔐-Aut-825fe-or-healthcare-professionals-chromium-desktop-retry1\trace.zip]]
]]>
</system-out>
</testcase>
<testcase name="[chromium-desktop] 🔐 Authentication Flow - Critical E2E › 🔒 Session Persistence &amp; Security › should implement audit logging for authentication events" classname="auth\authentication.spec.ts" time="0.264">
<failure message="authentication.spec.ts:327:7 should implement audit logging for authentication events" type="FAILURE">
<![CDATA[  [chromium-desktop] › auth\authentication.spec.ts:327:7 › 🔐 Authentication Flow - Critical E2E › 🔒 Session Persistence & Security › should implement audit logging for authentication events 

    Error: page.evaluate: SecurityError: Failed to read the 'localStorage' property from 'Window': Access is denied for this document.
        at UtilityScript.evaluate (<anonymous>:293:16)
        at UtilityScript.<anonymous> (<anonymous>:1:44)
        at UtilityScript.evaluate (<anonymous>:293:16)
        at UtilityScript.<anonymous> (<anonymous>:1:44)
        at D:\neonpro\tools\testing\e2e\tests\auth\authentication.spec.ts:25:14

    Retry #1 ───────────────────────────────────────────────────────────────────────────────────────

    Error: page.evaluate: SecurityError: Failed to read the 'localStorage' property from 'Window': Access is denied for this document.
        at UtilityScript.evaluate (<anonymous>:293:16)
        at UtilityScript.<anonymous> (<anonymous>:1:44)
        at UtilityScript.evaluate (<anonymous>:293:16)
        at UtilityScript.<anonymous> (<anonymous>:1:44)
        at D:\neonpro\tools\testing\e2e\tests\auth\authentication.spec.ts:25:14

    attachment #1: trace (application/zip) ─────────────────────────────────────────────────────────
    ..\..\..\..\e2e\test-results\auth-authentication-🔐-Aut-6f265-g-for-authentication-events-chromium-desktop-retry1\trace.zip
    Usage:

        npx playwright show-trace ..\..\..\..\e2e\test-results\auth-authentication-🔐-Aut-6f265-g-for-authentication-events-chromium-desktop-retry1\trace.zip

    ────────────────────────────────────────────────────────────────────────────────────────────────
]]>
</failure>
<system-out>
<![CDATA[
[[ATTACHMENT|..\test-results\auth-authentication-🔐-Aut-6f265-g-for-authentication-events-chromium-desktop-retry1\trace.zip]]
]]>
</system-out>
</testcase>
<testcase name="[chromium-desktop] 🔐 Authentication Flow - Critical E2E › 👥 Role-based Access Control › should grant admin access to all areas" classname="auth\authentication.spec.ts" time="0.273">
<failure message="authentication.spec.ts:351:7 should grant admin access to all areas" type="FAILURE">
<![CDATA[  [chromium-desktop] › auth\authentication.spec.ts:351:7 › 🔐 Authentication Flow - Critical E2E › 👥 Role-based Access Control › should grant admin access to all areas 

    Error: page.evaluate: SecurityError: Failed to read the 'localStorage' property from 'Window': Access is denied for this document.
        at UtilityScript.evaluate (<anonymous>:293:16)
        at UtilityScript.<anonymous> (<anonymous>:1:44)
        at UtilityScript.evaluate (<anonymous>:293:16)
        at UtilityScript.<anonymous> (<anonymous>:1:44)
        at D:\neonpro\tools\testing\e2e\tests\auth\authentication.spec.ts:25:14

    Retry #1 ───────────────────────────────────────────────────────────────────────────────────────

    Error: page.evaluate: SecurityError: Failed to read the 'localStorage' property from 'Window': Access is denied for this document.
        at UtilityScript.evaluate (<anonymous>:293:16)
        at UtilityScript.<anonymous> (<anonymous>:1:44)
        at UtilityScript.evaluate (<anonymous>:293:16)
        at UtilityScript.<anonymous> (<anonymous>:1:44)
        at D:\neonpro\tools\testing\e2e\tests\auth\authentication.spec.ts:25:14

    attachment #1: trace (application/zip) ─────────────────────────────────────────────────────────
    ..\..\..\..\e2e\test-results\auth-authentication-🔐-Aut-1f55e-t-admin-access-to-all-areas-chromium-desktop-retry1\trace.zip
    Usage:

        npx playwright show-trace ..\..\..\..\e2e\test-results\auth-authentication-🔐-Aut-1f55e-t-admin-access-to-all-areas-chromium-desktop-retry1\trace.zip

    ────────────────────────────────────────────────────────────────────────────────────────────────
]]>
</failure>
<system-out>
<![CDATA[
[[ATTACHMENT|..\test-results\auth-authentication-🔐-Aut-1f55e-t-admin-access-to-all-areas-chromium-desktop-retry1\trace.zip]]
]]>
</system-out>
</testcase>
<testcase name="[chromium-desktop] 🔐 Authentication Flow - Critical E2E › 👥 Role-based Access Control › should restrict professional access appropriately" classname="auth\authentication.spec.ts" time="0.264">
<failure message="authentication.spec.ts:383:7 should restrict professional access appropriately" type="FAILURE">
<![CDATA[  [chromium-desktop] › auth\authentication.spec.ts:383:7 › 🔐 Authentication Flow - Critical E2E › 👥 Role-based Access Control › should restrict professional access appropriately 

    Error: page.evaluate: SecurityError: Failed to read the 'localStorage' property from 'Window': Access is denied for this document.
        at UtilityScript.evaluate (<anonymous>:293:16)
        at UtilityScript.<anonymous> (<anonymous>:1:44)
        at UtilityScript.evaluate (<anonymous>:293:16)
        at UtilityScript.<anonymous> (<anonymous>:1:44)
        at D:\neonpro\tools\testing\e2e\tests\auth\authentication.spec.ts:25:14

    Retry #1 ───────────────────────────────────────────────────────────────────────────────────────

    Error: page.evaluate: SecurityError: Failed to read the 'localStorage' property from 'Window': Access is denied for this document.
        at UtilityScript.evaluate (<anonymous>:293:16)
        at UtilityScript.<anonymous> (<anonymous>:1:44)
        at UtilityScript.evaluate (<anonymous>:293:16)
        at UtilityScript.<anonymous> (<anonymous>:1:44)
        at D:\neonpro\tools\testing\e2e\tests\auth\authentication.spec.ts:25:14

    attachment #1: trace (application/zip) ─────────────────────────────────────────────────────────
    ..\..\..\..\e2e\test-results\auth-authentication-🔐-Aut-324a3-sional-access-appropriately-chromium-desktop-retry1\trace.zip
    Usage:

        npx playwright show-trace ..\..\..\..\e2e\test-results\auth-authentication-🔐-Aut-324a3-sional-access-appropriately-chromium-desktop-retry1\trace.zip

    ────────────────────────────────────────────────────────────────────────────────────────────────
]]>
</failure>
<system-out>
<![CDATA[
[[ATTACHMENT|..\test-results\auth-authentication-🔐-Aut-324a3-sional-access-appropriately-chromium-desktop-retry1\trace.zip]]
]]>
</system-out>
</testcase>
<testcase name="[chromium-desktop] 🔐 Authentication Flow - Critical E2E › 👥 Role-based Access Control › should restrict staff access to basic functions" classname="auth\authentication.spec.ts" time="0.266">
<failure message="authentication.spec.ts:418:7 should restrict staff access to basic functions" type="FAILURE">
<![CDATA[  [chromium-desktop] › auth\authentication.spec.ts:418:7 › 🔐 Authentication Flow - Critical E2E › 👥 Role-based Access Control › should restrict staff access to basic functions 

    Error: page.evaluate: SecurityError: Failed to read the 'localStorage' property from 'Window': Access is denied for this document.
        at UtilityScript.evaluate (<anonymous>:293:16)
        at UtilityScript.<anonymous> (<anonymous>:1:44)
        at UtilityScript.evaluate (<anonymous>:293:16)
        at UtilityScript.<anonymous> (<anonymous>:1:44)
        at D:\neonpro\tools\testing\e2e\tests\auth\authentication.spec.ts:25:14

    Retry #1 ───────────────────────────────────────────────────────────────────────────────────────

    Error: page.evaluate: SecurityError: Failed to read the 'localStorage' property from 'Window': Access is denied for this document.
        at UtilityScript.evaluate (<anonymous>:293:16)
        at UtilityScript.<anonymous> (<anonymous>:1:44)
        at UtilityScript.evaluate (<anonymous>:293:16)
        at UtilityScript.<anonymous> (<anonymous>:1:44)
        at D:\neonpro\tools\testing\e2e\tests\auth\authentication.spec.ts:25:14

    attachment #1: trace (application/zip) ─────────────────────────────────────────────────────────
    ..\..\..\..\e2e\test-results\auth-authentication-🔐-Aut-e6c91-f-access-to-basic-functions-chromium-desktop-retry1\trace.zip
    Usage:

        npx playwright show-trace ..\..\..\..\e2e\test-results\auth-authentication-🔐-Aut-e6c91-f-access-to-basic-functions-chromium-desktop-retry1\trace.zip

    ────────────────────────────────────────────────────────────────────────────────────────────────
]]>
</failure>
<system-out>
<![CDATA[
[[ATTACHMENT|..\test-results\auth-authentication-🔐-Aut-e6c91-f-access-to-basic-functions-chromium-desktop-retry1\trace.zip]]
]]>
</system-out>
</testcase>
<testcase name="[chromium-desktop] 🔐 Authentication Flow - Critical E2E › 🔐 Security Validations &amp; Compliance › should validate form inputs and prevent injection" classname="auth\authentication.spec.ts" time="0.229">
<failure message="authentication.spec.ts:453:7 should validate form inputs and prevent injection" type="FAILURE">
<![CDATA[  [chromium-desktop] › auth\authentication.spec.ts:453:7 › 🔐 Authentication Flow - Critical E2E › 🔐 Security Validations & Compliance › should validate form inputs and prevent injection 

    Error: page.evaluate: SecurityError: Failed to read the 'localStorage' property from 'Window': Access is denied for this document.
        at UtilityScript.evaluate (<anonymous>:293:16)
        at UtilityScript.<anonymous> (<anonymous>:1:44)
        at UtilityScript.evaluate (<anonymous>:293:16)
        at UtilityScript.<anonymous> (<anonymous>:1:44)
        at D:\neonpro\tools\testing\e2e\tests\auth\authentication.spec.ts:25:14

    Retry #1 ───────────────────────────────────────────────────────────────────────────────────────

    Error: page.evaluate: SecurityError: Failed to read the 'localStorage' property from 'Window': Access is denied for this document.
        at UtilityScript.evaluate (<anonymous>:293:16)
        at UtilityScript.<anonymous> (<anonymous>:1:44)
        at UtilityScript.evaluate (<anonymous>:293:16)
        at UtilityScript.<anonymous> (<anonymous>:1:44)
        at D:\neonpro\tools\testing\e2e\tests\auth\authentication.spec.ts:25:14

    attachment #1: trace (application/zip) ─────────────────────────────────────────────────────────
    ..\..\..\..\e2e\test-results\auth-authentication-🔐-Aut-7b8c6-nputs-and-prevent-injection-chromium-desktop-retry1\trace.zip
    Usage:

        npx playwright show-trace ..\..\..\..\e2e\test-results\auth-authentication-🔐-Aut-7b8c6-nputs-and-prevent-injection-chromium-desktop-retry1\trace.zip

    ────────────────────────────────────────────────────────────────────────────────────────────────
]]>
</failure>
<system-out>
<![CDATA[
[[ATTACHMENT|..\test-results\auth-authentication-🔐-Aut-7b8c6-nputs-and-prevent-injection-chromium-desktop-retry1\trace.zip]]
]]>
</system-out>
</testcase>
<testcase name="[chromium-desktop] 🔐 Authentication Flow - Critical E2E › 🔐 Security Validations &amp; Compliance › should enforce rate limiting on failed attempts" classname="auth\authentication.spec.ts" time="0.255">
<failure message="authentication.spec.ts:469:7 should enforce rate limiting on failed attempts" type="FAILURE">
<![CDATA[  [chromium-desktop] › auth\authentication.spec.ts:469:7 › 🔐 Authentication Flow - Critical E2E › 🔐 Security Validations & Compliance › should enforce rate limiting on failed attempts 

    Error: page.evaluate: SecurityError: Failed to read the 'localStorage' property from 'Window': Access is denied for this document.
        at UtilityScript.evaluate (<anonymous>:293:16)
        at UtilityScript.<anonymous> (<anonymous>:1:44)
        at UtilityScript.evaluate (<anonymous>:293:16)
        at UtilityScript.<anonymous> (<anonymous>:1:44)
        at D:\neonpro\tools\testing\e2e\tests\auth\authentication.spec.ts:25:14

    Retry #1 ───────────────────────────────────────────────────────────────────────────────────────

    Error: page.evaluate: SecurityError: Failed to read the 'localStorage' property from 'Window': Access is denied for this document.
        at UtilityScript.evaluate (<anonymous>:293:16)
        at UtilityScript.<anonymous> (<anonymous>:1:44)
        at UtilityScript.evaluate (<anonymous>:293:16)
        at UtilityScript.<anonymous> (<anonymous>:1:44)
        at D:\neonpro\tools\testing\e2e\tests\auth\authentication.spec.ts:25:14

    attachment #1: trace (application/zip) ─────────────────────────────────────────────────────────
    ..\..\..\..\e2e\test-results\auth-authentication-🔐-Aut-580ab-limiting-on-failed-attempts-chromium-desktop-retry1\trace.zip
    Usage:

        npx playwright show-trace ..\..\..\..\e2e\test-results\auth-authentication-🔐-Aut-580ab-limiting-on-failed-attempts-chromium-desktop-retry1\trace.zip

    ────────────────────────────────────────────────────────────────────────────────────────────────
]]>
</failure>
<system-out>
<![CDATA[
[[ATTACHMENT|..\test-results\auth-authentication-🔐-Aut-580ab-limiting-on-failed-attempts-chromium-desktop-retry1\trace.zip]]
]]>
</system-out>
</testcase>
<testcase name="[chromium-desktop] 🔐 Authentication Flow - Critical E2E › 🔐 Security Validations &amp; Compliance › should handle password requirements validation" classname="auth\authentication.spec.ts" time="0.267">
<failure message="authentication.spec.ts:492:7 should handle password requirements validation" type="FAILURE">
<![CDATA[  [chromium-desktop] › auth\authentication.spec.ts:492:7 › 🔐 Authentication Flow - Critical E2E › 🔐 Security Validations & Compliance › should handle password requirements validation 

    Error: page.evaluate: SecurityError: Failed to read the 'localStorage' property from 'Window': Access is denied for this document.
        at UtilityScript.evaluate (<anonymous>:293:16)
        at UtilityScript.<anonymous> (<anonymous>:1:44)
        at UtilityScript.evaluate (<anonymous>:293:16)
        at UtilityScript.<anonymous> (<anonymous>:1:44)
        at D:\neonpro\tools\testing\e2e\tests\auth\authentication.spec.ts:25:14

    Retry #1 ───────────────────────────────────────────────────────────────────────────────────────

    Error: page.evaluate: SecurityError: Failed to read the 'localStorage' property from 'Window': Access is denied for this document.
        at UtilityScript.evaluate (<anonymous>:293:16)
        at UtilityScript.<anonymous> (<anonymous>:1:44)
        at UtilityScript.evaluate (<anonymous>:293:16)
        at UtilityScript.<anonymous> (<anonymous>:1:44)
        at D:\neonpro\tools\testing\e2e\tests\auth\authentication.spec.ts:25:14

    attachment #1: trace (application/zip) ─────────────────────────────────────────────────────────
    ..\..\..\..\e2e\test-results\auth-authentication-🔐-Aut-e7e41-ord-requirements-validation-chromium-desktop-retry1\trace.zip
    Usage:

        npx playwright show-trace ..\..\..\..\e2e\test-results\auth-authentication-🔐-Aut-e7e41-ord-requirements-validation-chromium-desktop-retry1\trace.zip

    ────────────────────────────────────────────────────────────────────────────────────────────────
]]>
</failure>
<system-out>
<![CDATA[
[[ATTACHMENT|..\test-results\auth-authentication-🔐-Aut-e7e41-ord-requirements-validation-chromium-desktop-retry1\trace.zip]]
]]>
</system-out>
</testcase>
<testcase name="[chromium-desktop] 🔐 Authentication Flow - Critical E2E › 🚨 Error Handling &amp; User Experience › should handle network errors gracefully" classname="auth\authentication.spec.ts" time="0.247">
<failure message="authentication.spec.ts:518:7 should handle network errors gracefully" type="FAILURE">
<![CDATA[  [chromium-desktop] › auth\authentication.spec.ts:518:7 › 🔐 Authentication Flow - Critical E2E › 🚨 Error Handling & User Experience › should handle network errors gracefully 

    Error: page.evaluate: SecurityError: Failed to read the 'localStorage' property from 'Window': Access is denied for this document.
        at UtilityScript.evaluate (<anonymous>:293:16)
        at UtilityScript.<anonymous> (<anonymous>:1:44)
        at UtilityScript.evaluate (<anonymous>:293:16)
        at UtilityScript.<anonymous> (<anonymous>:1:44)
        at D:\neonpro\tools\testing\e2e\tests\auth\authentication.spec.ts:25:14

    Retry #1 ───────────────────────────────────────────────────────────────────────────────────────

    Error: page.evaluate: SecurityError: Failed to read the 'localStorage' property from 'Window': Access is denied for this document.
        at UtilityScript.evaluate (<anonymous>:293:16)
        at UtilityScript.<anonymous> (<anonymous>:1:44)
        at UtilityScript.evaluate (<anonymous>:293:16)
        at UtilityScript.<anonymous> (<anonymous>:1:44)
        at D:\neonpro\tools\testing\e2e\tests\auth\authentication.spec.ts:25:14

    attachment #1: trace (application/zip) ─────────────────────────────────────────────────────────
    ..\..\..\..\e2e\test-results\auth-authentication-🔐-Aut-9b426-e-network-errors-gracefully-chromium-desktop-retry1\trace.zip
    Usage:

        npx playwright show-trace ..\..\..\..\e2e\test-results\auth-authentication-🔐-Aut-9b426-e-network-errors-gracefully-chromium-desktop-retry1\trace.zip

    ────────────────────────────────────────────────────────────────────────────────────────────────
]]>
</failure>
<system-out>
<![CDATA[
[[ATTACHMENT|..\test-results\auth-authentication-🔐-Aut-9b426-e-network-errors-gracefully-chromium-desktop-retry1\trace.zip]]
]]>
</system-out>
</testcase>
<testcase name="[chromium-desktop] 🔐 Authentication Flow - Critical E2E › 🚨 Error Handling &amp; User Experience › should show proper loading states during authentication" classname="auth\authentication.spec.ts" time="0.249">
<failure message="authentication.spec.ts:537:7 should show proper loading states during authentication" type="FAILURE">
<![CDATA[  [chromium-desktop] › auth\authentication.spec.ts:537:7 › 🔐 Authentication Flow - Critical E2E › 🚨 Error Handling & User Experience › should show proper loading states during authentication 

    Error: page.evaluate: SecurityError: Failed to read the 'localStorage' property from 'Window': Access is denied for this document.
        at UtilityScript.evaluate (<anonymous>:293:16)
        at UtilityScript.<anonymous> (<anonymous>:1:44)
        at UtilityScript.evaluate (<anonymous>:293:16)
        at UtilityScript.<anonymous> (<anonymous>:1:44)
        at D:\neonpro\tools\testing\e2e\tests\auth\authentication.spec.ts:25:14

    Retry #1 ───────────────────────────────────────────────────────────────────────────────────────

    Error: page.evaluate: SecurityError: Failed to read the 'localStorage' property from 'Window': Access is denied for this document.
        at UtilityScript.evaluate (<anonymous>:293:16)
        at UtilityScript.<anonymous> (<anonymous>:1:44)
        at UtilityScript.evaluate (<anonymous>:293:16)
        at UtilityScript.<anonymous> (<anonymous>:1:44)
        at D:\neonpro\tools\testing\e2e\tests\auth\authentication.spec.ts:25:14

    attachment #1: trace (application/zip) ─────────────────────────────────────────────────────────
    ..\..\..\..\e2e\test-results\auth-authentication-🔐-Aut-33162-tates-during-authentication-chromium-desktop-retry1\trace.zip
    Usage:

        npx playwright show-trace ..\..\..\..\e2e\test-results\auth-authentication-🔐-Aut-33162-tates-during-authentication-chromium-desktop-retry1\trace.zip

    ────────────────────────────────────────────────────────────────────────────────────────────────
]]>
</failure>
<system-out>
<![CDATA[
[[ATTACHMENT|..\test-results\auth-authentication-🔐-Aut-33162-tates-during-authentication-chromium-desktop-retry1\trace.zip]]
]]>
</system-out>
</testcase>
<testcase name="[chromium-desktop] 🔐 Authentication Flow - Critical E2E › ♿ Accessibility &amp; Performance › should be accessible for healthcare professionals with disabilities" classname="auth\authentication.spec.ts" time="0.291">
<failure message="authentication.spec.ts:559:7 should be accessible for healthcare professionals with disabilities" type="FAILURE">
<![CDATA[  [chromium-desktop] › auth\authentication.spec.ts:559:7 › 🔐 Authentication Flow - Critical E2E › ♿ Accessibility & Performance › should be accessible for healthcare professionals with disabilities 

    Error: page.evaluate: SecurityError: Failed to read the 'localStorage' property from 'Window': Access is denied for this document.
        at UtilityScript.evaluate (<anonymous>:293:16)
        at UtilityScript.<anonymous> (<anonymous>:1:44)
        at UtilityScript.evaluate (<anonymous>:293:16)
        at UtilityScript.<anonymous> (<anonymous>:1:44)
        at D:\neonpro\tools\testing\e2e\tests\auth\authentication.spec.ts:25:14

    Retry #1 ───────────────────────────────────────────────────────────────────────────────────────

    Error: page.evaluate: SecurityError: Failed to read the 'localStorage' property from 'Window': Access is denied for this document.
        at UtilityScript.evaluate (<anonymous>:293:16)
        at UtilityScript.<anonymous> (<anonymous>:1:44)
        at UtilityScript.evaluate (<anonymous>:293:16)
        at UtilityScript.<anonymous> (<anonymous>:1:44)
        at D:\neonpro\tools\testing\e2e\tests\auth\authentication.spec.ts:25:14

    attachment #1: trace (application/zip) ─────────────────────────────────────────────────────────
    ..\..\..\..\e2e\test-results\auth-authentication-🔐-Aut-0ba81-essionals-with-disabilities-chromium-desktop-retry1\trace.zip
    Usage:

        npx playwright show-trace ..\..\..\..\e2e\test-results\auth-authentication-🔐-Aut-0ba81-essionals-with-disabilities-chromium-desktop-retry1\trace.zip

    ────────────────────────────────────────────────────────────────────────────────────────────────
]]>
</failure>
<system-out>
<![CDATA[
[[ATTACHMENT|..\test-results\auth-authentication-🔐-Aut-0ba81-essionals-with-disabilities-chromium-desktop-retry1\trace.zip]]
]]>
</system-out>
</testcase>
<testcase name="[chromium-desktop] 🔐 Authentication Flow - Critical E2E › ♿ Accessibility &amp; Performance › should load within performance budget for healthcare environment" classname="auth\authentication.spec.ts" time="0.308">
<failure message="authentication.spec.ts:584:7 should load within performance budget for healthcare environment" type="FAILURE">
<![CDATA[  [chromium-desktop] › auth\authentication.spec.ts:584:7 › 🔐 Authentication Flow - Critical E2E › ♿ Accessibility & Performance › should load within performance budget for healthcare environment 

    Error: page.evaluate: SecurityError: Failed to read the 'localStorage' property from 'Window': Access is denied for this document.
        at UtilityScript.evaluate (<anonymous>:293:16)
        at UtilityScript.<anonymous> (<anonymous>:1:44)
        at UtilityScript.evaluate (<anonymous>:293:16)
        at UtilityScript.<anonymous> (<anonymous>:1:44)
        at D:\neonpro\tools\testing\e2e\tests\auth\authentication.spec.ts:25:14

    Retry #1 ───────────────────────────────────────────────────────────────────────────────────────

    Error: page.evaluate: SecurityError: Failed to read the 'localStorage' property from 'Window': Access is denied for this document.
        at UtilityScript.evaluate (<anonymous>:293:16)
        at UtilityScript.<anonymous> (<anonymous>:1:44)
        at UtilityScript.evaluate (<anonymous>:293:16)
        at UtilityScript.<anonymous> (<anonymous>:1:44)
        at D:\neonpro\tools\testing\e2e\tests\auth\authentication.spec.ts:25:14

    attachment #1: trace (application/zip) ─────────────────────────────────────────────────────────
    ..\..\..\..\e2e\test-results\auth-authentication-🔐-Aut-46ed6--for-healthcare-environment-chromium-desktop-retry1\trace.zip
    Usage:

        npx playwright show-trace ..\..\..\..\e2e\test-results\auth-authentication-🔐-Aut-46ed6--for-healthcare-environment-chromium-desktop-retry1\trace.zip

    ────────────────────────────────────────────────────────────────────────────────────────────────
]]>
</failure>
<system-out>
<![CDATA[
[[ATTACHMENT|..\test-results\auth-authentication-🔐-Aut-46ed6--for-healthcare-environment-chromium-desktop-retry1\trace.zip]]
]]>
</system-out>
</testcase>
</testsuite>
<testsuite name="auth\role-based-access.spec.ts" timestamp="2025-08-23T06:21:35.562Z" hostname="chromium-desktop" tests="19" failures="19" skipped="0" time="4.214" errors="0">
<testcase name="[chromium-desktop] Doctor Role Access Control › should have full access to patient medical records" classname="auth\role-based-access.spec.ts" time="0.274">
<failure message="role-based-access.spec.ts:50:6 should have full access to patient medical records" type="FAILURE">
<![CDATA[  [chromium-desktop] › auth\role-based-access.spec.ts:50:6 › Doctor Role Access Control › should have full access to patient medical records 

    Error: page.goto: Protocol error (Page.navigate): Cannot navigate to invalid URL
    Call log:
      - navigating to "/login", waiting until "load"


      37 | test.describe("Doctor Role Access Control", () => {
      38 | 	test.beforeEach(async ({ page }) => {
    > 39 | 		await page.goto("/login");
         | 		           ^
      40 |
      41 | 		// Login as doctor
      42 | 		await page.fill('input[type="email"]', testUsers.doctor.email);
        at D:\neonpro\tools\testing\e2e\tests\auth\role-based-access.spec.ts:39:14

    Retry #1 ───────────────────────────────────────────────────────────────────────────────────────

    Error: page.goto: Protocol error (Page.navigate): Cannot navigate to invalid URL
    Call log:
      - navigating to "/login", waiting until "load"


      37 | test.describe("Doctor Role Access Control", () => {
      38 | 	test.beforeEach(async ({ page }) => {
    > 39 | 		await page.goto("/login");
         | 		           ^
      40 |
      41 | 		// Login as doctor
      42 | 		await page.fill('input[type="email"]', testUsers.doctor.email);
        at D:\neonpro\tools\testing\e2e\tests\auth\role-based-access.spec.ts:39:14

    attachment #1: trace (application/zip) ─────────────────────────────────────────────────────────
    ..\..\..\..\e2e\test-results\auth-role-based-access-Doc-25b8d--to-patient-medical-records-chromium-desktop-retry1\trace.zip
    Usage:

        npx playwright show-trace ..\..\..\..\e2e\test-results\auth-role-based-access-Doc-25b8d--to-patient-medical-records-chromium-desktop-retry1\trace.zip

    ────────────────────────────────────────────────────────────────────────────────────────────────
]]>
</failure>
<system-out>
<![CDATA[
[[ATTACHMENT|..\test-results\auth-role-based-access-Doc-25b8d--to-patient-medical-records-chromium-desktop-retry1\trace.zip]]
]]>
</system-out>
</testcase>
<testcase name="[chromium-desktop] Doctor Role Access Control › should be able to create and modify prescriptions" classname="auth\role-based-access.spec.ts" time="0.228">
<failure message="role-based-access.spec.ts:84:6 should be able to create and modify prescriptions" type="FAILURE">
<![CDATA[  [chromium-desktop] › auth\role-based-access.spec.ts:84:6 › Doctor Role Access Control › should be able to create and modify prescriptions 

    Error: page.goto: Protocol error (Page.navigate): Cannot navigate to invalid URL
    Call log:
      - navigating to "/login", waiting until "load"


      37 | test.describe("Doctor Role Access Control", () => {
      38 | 	test.beforeEach(async ({ page }) => {
    > 39 | 		await page.goto("/login");
         | 		           ^
      40 |
      41 | 		// Login as doctor
      42 | 		await page.fill('input[type="email"]', testUsers.doctor.email);
        at D:\neonpro\tools\testing\e2e\tests\auth\role-based-access.spec.ts:39:14

    Retry #1 ───────────────────────────────────────────────────────────────────────────────────────

    Error: page.goto: Protocol error (Page.navigate): Cannot navigate to invalid URL
    Call log:
      - navigating to "/login", waiting until "load"


      37 | test.describe("Doctor Role Access Control", () => {
      38 | 	test.beforeEach(async ({ page }) => {
    > 39 | 		await page.goto("/login");
         | 		           ^
      40 |
      41 | 		// Login as doctor
      42 | 		await page.fill('input[type="email"]', testUsers.doctor.email);
        at D:\neonpro\tools\testing\e2e\tests\auth\role-based-access.spec.ts:39:14

    attachment #1: trace (application/zip) ─────────────────────────────────────────────────────────
    ..\..\..\..\e2e\test-results\auth-role-based-access-Doc-09678-te-and-modify-prescriptions-chromium-desktop-retry1\trace.zip
    Usage:

        npx playwright show-trace ..\..\..\..\e2e\test-results\auth-role-based-access-Doc-09678-te-and-modify-prescriptions-chromium-desktop-retry1\trace.zip

    ────────────────────────────────────────────────────────────────────────────────────────────────
]]>
</failure>
<system-out>
<![CDATA[
[[ATTACHMENT|..\test-results\auth-role-based-access-Doc-09678-te-and-modify-prescriptions-chromium-desktop-retry1\trace.zip]]
]]>
</system-out>
</testcase>
<testcase name="[chromium-desktop] Doctor Role Access Control › should access administrative functions for their patients" classname="auth\role-based-access.spec.ts" time="0.228">
<failure message="role-based-access.spec.ts:123:6 should access administrative functions for their patients" type="FAILURE">
<![CDATA[  [chromium-desktop] › auth\role-based-access.spec.ts:123:6 › Doctor Role Access Control › should access administrative functions for their patients 

    Error: page.goto: Protocol error (Page.navigate): Cannot navigate to invalid URL
    Call log:
      - navigating to "/login", waiting until "load"


      37 | test.describe("Doctor Role Access Control", () => {
      38 | 	test.beforeEach(async ({ page }) => {
    > 39 | 		await page.goto("/login");
         | 		           ^
      40 |
      41 | 		// Login as doctor
      42 | 		await page.fill('input[type="email"]', testUsers.doctor.email);
        at D:\neonpro\tools\testing\e2e\tests\auth\role-based-access.spec.ts:39:14

    Retry #1 ───────────────────────────────────────────────────────────────────────────────────────

    Error: page.goto: Protocol error (Page.navigate): Cannot navigate to invalid URL
    Call log:
      - navigating to "/login", waiting until "load"


      37 | test.describe("Doctor Role Access Control", () => {
      38 | 	test.beforeEach(async ({ page }) => {
    > 39 | 		await page.goto("/login");
         | 		           ^
      40 |
      41 | 		// Login as doctor
      42 | 		await page.fill('input[type="email"]', testUsers.doctor.email);
        at D:\neonpro\tools\testing\e2e\tests\auth\role-based-access.spec.ts:39:14

    attachment #1: trace (application/zip) ─────────────────────────────────────────────────────────
    ..\..\..\..\e2e\test-results\auth-role-based-access-Doc-d7a55-unctions-for-their-patients-chromium-desktop-retry1\trace.zip
    Usage:

        npx playwright show-trace ..\..\..\..\e2e\test-results\auth-role-based-access-Doc-d7a55-unctions-for-their-patients-chromium-desktop-retry1\trace.zip

    ────────────────────────────────────────────────────────────────────────────────────────────────
]]>
</failure>
<system-out>
<![CDATA[
[[ATTACHMENT|..\test-results\auth-role-based-access-Doc-d7a55-unctions-for-their-patients-chromium-desktop-retry1\trace.zip]]
]]>
</system-out>
</testcase>
<testcase name="[chromium-desktop] Doctor Role Access Control › should have emergency override capabilities" classname="auth\role-based-access.spec.ts" time="0.225">
<failure message="role-based-access.spec.ts:151:6 should have emergency override capabilities" type="FAILURE">
<![CDATA[  [chromium-desktop] › auth\role-based-access.spec.ts:151:6 › Doctor Role Access Control › should have emergency override capabilities 

    Error: page.goto: Protocol error (Page.navigate): Cannot navigate to invalid URL
    Call log:
      - navigating to "/login", waiting until "load"


      37 | test.describe("Doctor Role Access Control", () => {
      38 | 	test.beforeEach(async ({ page }) => {
    > 39 | 		await page.goto("/login");
         | 		           ^
      40 |
      41 | 		// Login as doctor
      42 | 		await page.fill('input[type="email"]', testUsers.doctor.email);
        at D:\neonpro\tools\testing\e2e\tests\auth\role-based-access.spec.ts:39:14

    Retry #1 ───────────────────────────────────────────────────────────────────────────────────────

    Error: page.goto: Protocol error (Page.navigate): Cannot navigate to invalid URL
    Call log:
      - navigating to "/login", waiting until "load"


      37 | test.describe("Doctor Role Access Control", () => {
      38 | 	test.beforeEach(async ({ page }) => {
    > 39 | 		await page.goto("/login");
         | 		           ^
      40 |
      41 | 		// Login as doctor
      42 | 		await page.fill('input[type="email"]', testUsers.doctor.email);
        at D:\neonpro\tools\testing\e2e\tests\auth\role-based-access.spec.ts:39:14

    attachment #1: trace (application/zip) ─────────────────────────────────────────────────────────
    ..\..\..\..\e2e\test-results\auth-role-based-access-Doc-2541f-gency-override-capabilities-chromium-desktop-retry1\trace.zip
    Usage:

        npx playwright show-trace ..\..\..\..\e2e\test-results\auth-role-based-access-Doc-2541f-gency-override-capabilities-chromium-desktop-retry1\trace.zip

    ────────────────────────────────────────────────────────────────────────────────────────────────
]]>
</failure>
<system-out>
<![CDATA[
[[ATTACHMENT|..\test-results\auth-role-based-access-Doc-2541f-gency-override-capabilities-chromium-desktop-retry1\trace.zip]]
]]>
</system-out>
</testcase>
<testcase name="[chromium-desktop] Nurse Role Access Control › should have limited access to patient medical records" classname="auth\role-based-access.spec.ts" time="0.229">
<failure message="role-based-access.spec.ts:194:6 should have limited access to patient medical records" type="FAILURE">
<![CDATA[  [chromium-desktop] › auth\role-based-access.spec.ts:194:6 › Nurse Role Access Control › should have limited access to patient medical records 

    Error: page.goto: Protocol error (Page.navigate): Cannot navigate to invalid URL
    Call log:
      - navigating to "/login", waiting until "load"


      181 | test.describe("Nurse Role Access Control", () => {
      182 | 	test.beforeEach(async ({ page }) => {
    > 183 | 		await page.goto("/login");
          | 		           ^
      184 |
      185 | 		// Login as nurse
      186 | 		await page.fill('input[type="email"]', testUsers.nurse.email);
        at D:\neonpro\tools\testing\e2e\tests\auth\role-based-access.spec.ts:183:14

    Retry #1 ───────────────────────────────────────────────────────────────────────────────────────

    Error: page.goto: Protocol error (Page.navigate): Cannot navigate to invalid URL
    Call log:
      - navigating to "/login", waiting until "load"


      181 | test.describe("Nurse Role Access Control", () => {
      182 | 	test.beforeEach(async ({ page }) => {
    > 183 | 		await page.goto("/login");
          | 		           ^
      184 |
      185 | 		// Login as nurse
      186 | 		await page.fill('input[type="email"]', testUsers.nurse.email);
        at D:\neonpro\tools\testing\e2e\tests\auth\role-based-access.spec.ts:183:14

    attachment #1: trace (application/zip) ─────────────────────────────────────────────────────────
    ..\..\..\..\e2e\test-results\auth-role-based-access-Nur-1e353--to-patient-medical-records-chromium-desktop-retry1\trace.zip
    Usage:

        npx playwright show-trace ..\..\..\..\e2e\test-results\auth-role-based-access-Nur-1e353--to-patient-medical-records-chromium-desktop-retry1\trace.zip

    ────────────────────────────────────────────────────────────────────────────────────────────────
]]>
</failure>
<system-out>
<![CDATA[
[[ATTACHMENT|..\test-results\auth-role-based-access-Nur-1e353--to-patient-medical-records-chromium-desktop-retry1\trace.zip]]
]]>
</system-out>
</testcase>
<testcase name="[chromium-desktop] Nurse Role Access Control › should be able to manage vital signs and nursing care" classname="auth\role-based-access.spec.ts" time="0.227">
<failure message="role-based-access.spec.ts:223:6 should be able to manage vital signs and nursing care" type="FAILURE">
<![CDATA[  [chromium-desktop] › auth\role-based-access.spec.ts:223:6 › Nurse Role Access Control › should be able to manage vital signs and nursing care 

    Error: page.goto: Protocol error (Page.navigate): Cannot navigate to invalid URL
    Call log:
      - navigating to "/login", waiting until "load"


      181 | test.describe("Nurse Role Access Control", () => {
      182 | 	test.beforeEach(async ({ page }) => {
    > 183 | 		await page.goto("/login");
          | 		           ^
      184 |
      185 | 		// Login as nurse
      186 | 		await page.fill('input[type="email"]', testUsers.nurse.email);
        at D:\neonpro\tools\testing\e2e\tests\auth\role-based-access.spec.ts:183:14

    Retry #1 ───────────────────────────────────────────────────────────────────────────────────────

    Error: page.goto: Protocol error (Page.navigate): Cannot navigate to invalid URL
    Call log:
      - navigating to "/login", waiting until "load"


      181 | test.describe("Nurse Role Access Control", () => {
      182 | 	test.beforeEach(async ({ page }) => {
    > 183 | 		await page.goto("/login");
          | 		           ^
      184 |
      185 | 		// Login as nurse
      186 | 		await page.fill('input[type="email"]', testUsers.nurse.email);
        at D:\neonpro\tools\testing\e2e\tests\auth\role-based-access.spec.ts:183:14

    attachment #1: trace (application/zip) ─────────────────────────────────────────────────────────
    ..\..\..\..\e2e\test-results\auth-role-based-access-Nur-4caf5-ital-signs-and-nursing-care-chromium-desktop-retry1\trace.zip
    Usage:

        npx playwright show-trace ..\..\..\..\e2e\test-results\auth-role-based-access-Nur-4caf5-ital-signs-and-nursing-care-chromium-desktop-retry1\trace.zip

    ────────────────────────────────────────────────────────────────────────────────────────────────
]]>
</failure>
<system-out>
<![CDATA[
[[ATTACHMENT|..\test-results\auth-role-based-access-Nur-4caf5-ital-signs-and-nursing-care-chromium-desktop-retry1\trace.zip]]
]]>
</system-out>
</testcase>
<testcase name="[chromium-desktop] Nurse Role Access Control › should NOT be able to create prescriptions" classname="auth\role-based-access.spec.ts" time="0.23">
<failure message="role-based-access.spec.ts:248:6 should NOT be able to create prescriptions" type="FAILURE">
<![CDATA[  [chromium-desktop] › auth\role-based-access.spec.ts:248:6 › Nurse Role Access Control › should NOT be able to create prescriptions 

    Error: page.goto: Protocol error (Page.navigate): Cannot navigate to invalid URL
    Call log:
      - navigating to "/login", waiting until "load"


      181 | test.describe("Nurse Role Access Control", () => {
      182 | 	test.beforeEach(async ({ page }) => {
    > 183 | 		await page.goto("/login");
          | 		           ^
      184 |
      185 | 		// Login as nurse
      186 | 		await page.fill('input[type="email"]', testUsers.nurse.email);
        at D:\neonpro\tools\testing\e2e\tests\auth\role-based-access.spec.ts:183:14

    Retry #1 ───────────────────────────────────────────────────────────────────────────────────────

    Error: page.goto: Protocol error (Page.navigate): Cannot navigate to invalid URL
    Call log:
      - navigating to "/login", waiting until "load"


      181 | test.describe("Nurse Role Access Control", () => {
      182 | 	test.beforeEach(async ({ page }) => {
    > 183 | 		await page.goto("/login");
          | 		           ^
      184 |
      185 | 		// Login as nurse
      186 | 		await page.fill('input[type="email"]', testUsers.nurse.email);
        at D:\neonpro\tools\testing\e2e\tests\auth\role-based-access.spec.ts:183:14

    attachment #1: trace (application/zip) ─────────────────────────────────────────────────────────
    ..\..\..\..\e2e\test-results\auth-role-based-access-Nur-aa6f1-ble-to-create-prescriptions-chromium-desktop-retry1\trace.zip
    Usage:

        npx playwright show-trace ..\..\..\..\e2e\test-results\auth-role-based-access-Nur-aa6f1-ble-to-create-prescriptions-chromium-desktop-retry1\trace.zip

    ────────────────────────────────────────────────────────────────────────────────────────────────
]]>
</failure>
<system-out>
<![CDATA[
[[ATTACHMENT|..\test-results\auth-role-based-access-Nur-aa6f1-ble-to-create-prescriptions-chromium-desktop-retry1\trace.zip]]
]]>
</system-out>
</testcase>
<testcase name="[chromium-desktop] Nurse Role Access Control › should be able to schedule appointments" classname="auth\role-based-access.spec.ts" time="0.237">
<failure message="role-based-access.spec.ts:262:6 should be able to schedule appointments" type="FAILURE">
<![CDATA[  [chromium-desktop] › auth\role-based-access.spec.ts:262:6 › Nurse Role Access Control › should be able to schedule appointments 

    Error: page.goto: Protocol error (Page.navigate): Cannot navigate to invalid URL
    Call log:
      - navigating to "/login", waiting until "load"


      181 | test.describe("Nurse Role Access Control", () => {
      182 | 	test.beforeEach(async ({ page }) => {
    > 183 | 		await page.goto("/login");
          | 		           ^
      184 |
      185 | 		// Login as nurse
      186 | 		await page.fill('input[type="email"]', testUsers.nurse.email);
        at D:\neonpro\tools\testing\e2e\tests\auth\role-based-access.spec.ts:183:14

    Retry #1 ───────────────────────────────────────────────────────────────────────────────────────

    Error: page.goto: Protocol error (Page.navigate): Cannot navigate to invalid URL
    Call log:
      - navigating to "/login", waiting until "load"


      181 | test.describe("Nurse Role Access Control", () => {
      182 | 	test.beforeEach(async ({ page }) => {
    > 183 | 		await page.goto("/login");
          | 		           ^
      184 |
      185 | 		// Login as nurse
      186 | 		await page.fill('input[type="email"]', testUsers.nurse.email);
        at D:\neonpro\tools\testing\e2e\tests\auth\role-based-access.spec.ts:183:14

    attachment #1: trace (application/zip) ─────────────────────────────────────────────────────────
    ..\..\..\..\e2e\test-results\auth-role-based-access-Nur-5ee68-le-to-schedule-appointments-chromium-desktop-retry1\trace.zip
    Usage:

        npx playwright show-trace ..\..\..\..\e2e\test-results\auth-role-based-access-Nur-5ee68-le-to-schedule-appointments-chromium-desktop-retry1\trace.zip

    ────────────────────────────────────────────────────────────────────────────────────────────────
]]>
</failure>
<system-out>
<![CDATA[
[[ATTACHMENT|..\test-results\auth-role-based-access-Nur-5ee68-le-to-schedule-appointments-chromium-desktop-retry1\trace.zip]]
]]>
</system-out>
</testcase>
<testcase name="[chromium-desktop] Administrator Role Access Control › should have full system administration access" classname="auth\role-based-access.spec.ts" time="0.236">
<failure message="role-based-access.spec.ts:303:6 should have full system administration access" type="FAILURE">
<![CDATA[  [chromium-desktop] › auth\role-based-access.spec.ts:303:6 › Administrator Role Access Control › should have full system administration access 

    Error: page.goto: Protocol error (Page.navigate): Cannot navigate to invalid URL
    Call log:
      - navigating to "/login", waiting until "load"


      291 | test.describe("Administrator Role Access Control", () => {
      292 | 	test.beforeEach(async ({ page }) => {
    > 293 | 		await page.goto("/login");
          | 		           ^
      294 |
      295 | 		// Login as admin
      296 | 		await page.fill('input[type="email"]', testUsers.admin.email);
        at D:\neonpro\tools\testing\e2e\tests\auth\role-based-access.spec.ts:293:14

    Retry #1 ───────────────────────────────────────────────────────────────────────────────────────

    Error: page.goto: Protocol error (Page.navigate): Cannot navigate to invalid URL
    Call log:
      - navigating to "/login", waiting until "load"


      291 | test.describe("Administrator Role Access Control", () => {
      292 | 	test.beforeEach(async ({ page }) => {
    > 293 | 		await page.goto("/login");
          | 		           ^
      294 |
      295 | 		// Login as admin
      296 | 		await page.fill('input[type="email"]', testUsers.admin.email);
        at D:\neonpro\tools\testing\e2e\tests\auth\role-based-access.spec.ts:293:14

    attachment #1: trace (application/zip) ─────────────────────────────────────────────────────────
    ..\..\..\..\e2e\test-results\auth-role-based-access-Adm-b4e57-ystem-administration-access-chromium-desktop-retry1\trace.zip
    Usage:

        npx playwright show-trace ..\..\..\..\e2e\test-results\auth-role-based-access-Adm-b4e57-ystem-administration-access-chromium-desktop-retry1\trace.zip

    ────────────────────────────────────────────────────────────────────────────────────────────────
]]>
</failure>
<system-out>
<![CDATA[
[[ATTACHMENT|..\test-results\auth-role-based-access-Adm-b4e57-ystem-administration-access-chromium-desktop-retry1\trace.zip]]
]]>
</system-out>
</testcase>
<testcase name="[chromium-desktop] Administrator Role Access Control › should manage healthcare professional accounts" classname="auth\role-based-access.spec.ts" time="0.208">
<failure message="role-based-access.spec.ts:319:6 should manage healthcare professional accounts" type="FAILURE">
<![CDATA[  [chromium-desktop] › auth\role-based-access.spec.ts:319:6 › Administrator Role Access Control › should manage healthcare professional accounts 

    Error: page.goto: Protocol error (Page.navigate): Cannot navigate to invalid URL
    Call log:
      - navigating to "/login", waiting until "load"


      291 | test.describe("Administrator Role Access Control", () => {
      292 | 	test.beforeEach(async ({ page }) => {
    > 293 | 		await page.goto("/login");
          | 		           ^
      294 |
      295 | 		// Login as admin
      296 | 		await page.fill('input[type="email"]', testUsers.admin.email);
        at D:\neonpro\tools\testing\e2e\tests\auth\role-based-access.spec.ts:293:14

    Retry #1 ───────────────────────────────────────────────────────────────────────────────────────

    Error: page.goto: Protocol error (Page.navigate): Cannot navigate to invalid URL
    Call log:
      - navigating to "/login", waiting until "load"


      291 | test.describe("Administrator Role Access Control", () => {
      292 | 	test.beforeEach(async ({ page }) => {
    > 293 | 		await page.goto("/login");
          | 		           ^
      294 |
      295 | 		// Login as admin
      296 | 		await page.fill('input[type="email"]', testUsers.admin.email);
        at D:\neonpro\tools\testing\e2e\tests\auth\role-based-access.spec.ts:293:14

    attachment #1: trace (application/zip) ─────────────────────────────────────────────────────────
    ..\..\..\..\e2e\test-results\auth-role-based-access-Adm-7f8ec-hcare-professional-accounts-chromium-desktop-retry1\trace.zip
    Usage:

        npx playwright show-trace ..\..\..\..\e2e\test-results\auth-role-based-access-Adm-7f8ec-hcare-professional-accounts-chromium-desktop-retry1\trace.zip

    ────────────────────────────────────────────────────────────────────────────────────────────────
]]>
</failure>
<system-out>
<![CDATA[
[[ATTACHMENT|..\test-results\auth-role-based-access-Adm-7f8ec-hcare-professional-accounts-chromium-desktop-retry1\trace.zip]]
]]>
</system-out>
</testcase>
<testcase name="[chromium-desktop] Administrator Role Access Control › should access comprehensive audit logs" classname="auth\role-based-access.spec.ts" time="0.209">
<failure message="role-based-access.spec.ts:347:6 should access comprehensive audit logs" type="FAILURE">
<![CDATA[  [chromium-desktop] › auth\role-based-access.spec.ts:347:6 › Administrator Role Access Control › should access comprehensive audit logs 

    Error: page.goto: Protocol error (Page.navigate): Cannot navigate to invalid URL
    Call log:
      - navigating to "/login", waiting until "load"


      291 | test.describe("Administrator Role Access Control", () => {
      292 | 	test.beforeEach(async ({ page }) => {
    > 293 | 		await page.goto("/login");
          | 		           ^
      294 |
      295 | 		// Login as admin
      296 | 		await page.fill('input[type="email"]', testUsers.admin.email);
        at D:\neonpro\tools\testing\e2e\tests\auth\role-based-access.spec.ts:293:14

    Retry #1 ───────────────────────────────────────────────────────────────────────────────────────

    Error: page.goto: Protocol error (Page.navigate): Cannot navigate to invalid URL
    Call log:
      - navigating to "/login", waiting until "load"


      291 | test.describe("Administrator Role Access Control", () => {
      292 | 	test.beforeEach(async ({ page }) => {
    > 293 | 		await page.goto("/login");
          | 		           ^
      294 |
      295 | 		// Login as admin
      296 | 		await page.fill('input[type="email"]', testUsers.admin.email);
        at D:\neonpro\tools\testing\e2e\tests\auth\role-based-access.spec.ts:293:14

    attachment #1: trace (application/zip) ─────────────────────────────────────────────────────────
    ..\..\..\..\e2e\test-results\auth-role-based-access-Adm-f6719-ss-comprehensive-audit-logs-chromium-desktop-retry1\trace.zip
    Usage:

        npx playwright show-trace ..\..\..\..\e2e\test-results\auth-role-based-access-Adm-f6719-ss-comprehensive-audit-logs-chromium-desktop-retry1\trace.zip

    ────────────────────────────────────────────────────────────────────────────────────────────────
]]>
</failure>
<system-out>
<![CDATA[
[[ATTACHMENT|..\test-results\auth-role-based-access-Adm-f6719-ss-comprehensive-audit-logs-chromium-desktop-retry1\trace.zip]]
]]>
</system-out>
</testcase>
<testcase name="[chromium-desktop] Administrator Role Access Control › should NOT access patient medical records directly" classname="auth\role-based-access.spec.ts" time="0.226">
<failure message="role-based-access.spec.ts:371:6 should NOT access patient medical records directly" type="FAILURE">
<![CDATA[  [chromium-desktop] › auth\role-based-access.spec.ts:371:6 › Administrator Role Access Control › should NOT access patient medical records directly 

    Error: page.goto: Protocol error (Page.navigate): Cannot navigate to invalid URL
    Call log:
      - navigating to "/login", waiting until "load"


      291 | test.describe("Administrator Role Access Control", () => {
      292 | 	test.beforeEach(async ({ page }) => {
    > 293 | 		await page.goto("/login");
          | 		           ^
      294 |
      295 | 		// Login as admin
      296 | 		await page.fill('input[type="email"]', testUsers.admin.email);
        at D:\neonpro\tools\testing\e2e\tests\auth\role-based-access.spec.ts:293:14

    Retry #1 ───────────────────────────────────────────────────────────────────────────────────────

    Error: page.goto: Protocol error (Page.navigate): Cannot navigate to invalid URL
    Call log:
      - navigating to "/login", waiting until "load"


      291 | test.describe("Administrator Role Access Control", () => {
      292 | 	test.beforeEach(async ({ page }) => {
    > 293 | 		await page.goto("/login");
          | 		           ^
      294 |
      295 | 		// Login as admin
      296 | 		await page.fill('input[type="email"]', testUsers.admin.email);
        at D:\neonpro\tools\testing\e2e\tests\auth\role-based-access.spec.ts:293:14

    attachment #1: trace (application/zip) ─────────────────────────────────────────────────────────
    ..\..\..\..\e2e\test-results\auth-role-based-access-Adm-e2f70-nt-medical-records-directly-chromium-desktop-retry1\trace.zip
    Usage:

        npx playwright show-trace ..\..\..\..\e2e\test-results\auth-role-based-access-Adm-e2f70-nt-medical-records-directly-chromium-desktop-retry1\trace.zip

    ────────────────────────────────────────────────────────────────────────────────────────────────
]]>
</failure>
<system-out>
<![CDATA[
[[ATTACHMENT|..\test-results\auth-role-based-access-Adm-e2f70-nt-medical-records-directly-chromium-desktop-retry1\trace.zip]]
]]>
</system-out>
</testcase>
<testcase name="[chromium-desktop] Secretary Role Access Control › should manage appointments and scheduling" classname="auth\role-based-access.spec.ts" time="0.208">
<failure message="role-based-access.spec.ts:403:6 should manage appointments and scheduling" type="FAILURE">
<![CDATA[  [chromium-desktop] › auth\role-based-access.spec.ts:403:6 › Secretary Role Access Control › should manage appointments and scheduling 

    Error: page.goto: Protocol error (Page.navigate): Cannot navigate to invalid URL
    Call log:
      - navigating to "/login", waiting until "load"


      391 | test.describe("Secretary Role Access Control", () => {
      392 | 	test.beforeEach(async ({ page }) => {
    > 393 | 		await page.goto("/login");
          | 		           ^
      394 |
      395 | 		// Login as secretary
      396 | 		await page.fill('input[type="email"]', testUsers.secretary.email);
        at D:\neonpro\tools\testing\e2e\tests\auth\role-based-access.spec.ts:393:14

    Retry #1 ───────────────────────────────────────────────────────────────────────────────────────

    Error: page.goto: Protocol error (Page.navigate): Cannot navigate to invalid URL
    Call log:
      - navigating to "/login", waiting until "load"


      391 | test.describe("Secretary Role Access Control", () => {
      392 | 	test.beforeEach(async ({ page }) => {
    > 393 | 		await page.goto("/login");
          | 		           ^
      394 |
      395 | 		// Login as secretary
      396 | 		await page.fill('input[type="email"]', testUsers.secretary.email);
        at D:\neonpro\tools\testing\e2e\tests\auth\role-based-access.spec.ts:393:14

    attachment #1: trace (application/zip) ─────────────────────────────────────────────────────────
    ..\..\..\..\e2e\test-results\auth-role-based-access-Sec-7f960-appointments-and-scheduling-chromium-desktop-retry1\trace.zip
    Usage:

        npx playwright show-trace ..\..\..\..\e2e\test-results\auth-role-based-access-Sec-7f960-appointments-and-scheduling-chromium-desktop-retry1\trace.zip

    ────────────────────────────────────────────────────────────────────────────────────────────────
]]>
</failure>
<system-out>
<![CDATA[
[[ATTACHMENT|..\test-results\auth-role-based-access-Sec-7f960-appointments-and-scheduling-chromium-desktop-retry1\trace.zip]]
]]>
</system-out>
</testcase>
<testcase name="[chromium-desktop] Secretary Role Access Control › should access basic patient contact information only" classname="auth\role-based-access.spec.ts" time="0.189">
<failure message="role-based-access.spec.ts:429:6 should access basic patient contact information only" type="FAILURE">
<![CDATA[  [chromium-desktop] › auth\role-based-access.spec.ts:429:6 › Secretary Role Access Control › should access basic patient contact information only 

    Error: page.goto: Protocol error (Page.navigate): Cannot navigate to invalid URL
    Call log:
      - navigating to "/login", waiting until "load"


      391 | test.describe("Secretary Role Access Control", () => {
      392 | 	test.beforeEach(async ({ page }) => {
    > 393 | 		await page.goto("/login");
          | 		           ^
      394 |
      395 | 		// Login as secretary
      396 | 		await page.fill('input[type="email"]', testUsers.secretary.email);
        at D:\neonpro\tools\testing\e2e\tests\auth\role-based-access.spec.ts:393:14

    Retry #1 ───────────────────────────────────────────────────────────────────────────────────────

    Error: page.goto: Protocol error (Page.navigate): Cannot navigate to invalid URL
    Call log:
      - navigating to "/login", waiting until "load"


      391 | test.describe("Secretary Role Access Control", () => {
      392 | 	test.beforeEach(async ({ page }) => {
    > 393 | 		await page.goto("/login");
          | 		           ^
      394 |
      395 | 		// Login as secretary
      396 | 		await page.fill('input[type="email"]', testUsers.secretary.email);
        at D:\neonpro\tools\testing\e2e\tests\auth\role-based-access.spec.ts:393:14

    attachment #1: trace (application/zip) ─────────────────────────────────────────────────────────
    ..\..\..\..\e2e\test-results\auth-role-based-access-Sec-eb910-nt-contact-information-only-chromium-desktop-retry1\trace.zip
    Usage:

        npx playwright show-trace ..\..\..\..\e2e\test-results\auth-role-based-access-Sec-eb910-nt-contact-information-only-chromium-desktop-retry1\trace.zip

    ────────────────────────────────────────────────────────────────────────────────────────────────
]]>
</failure>
<system-out>
<![CDATA[
[[ATTACHMENT|..\test-results\auth-role-based-access-Sec-eb910-nt-contact-information-only-chromium-desktop-retry1\trace.zip]]
]]>
</system-out>
</testcase>
<testcase name="[chromium-desktop] Secretary Role Access Control › should manage financial and billing information" classname="auth\role-based-access.spec.ts" time="0.194">
<failure message="role-based-access.spec.ts:456:6 should manage financial and billing information" type="FAILURE">
<![CDATA[  [chromium-desktop] › auth\role-based-access.spec.ts:456:6 › Secretary Role Access Control › should manage financial and billing information 

    Error: page.goto: Protocol error (Page.navigate): Cannot navigate to invalid URL
    Call log:
      - navigating to "/login", waiting until "load"


      391 | test.describe("Secretary Role Access Control", () => {
      392 | 	test.beforeEach(async ({ page }) => {
    > 393 | 		await page.goto("/login");
          | 		           ^
      394 |
      395 | 		// Login as secretary
      396 | 		await page.fill('input[type="email"]', testUsers.secretary.email);
        at D:\neonpro\tools\testing\e2e\tests\auth\role-based-access.spec.ts:393:14

    Retry #1 ───────────────────────────────────────────────────────────────────────────────────────

    Error: page.goto: Protocol error (Page.navigate): Cannot navigate to invalid URL
    Call log:
      - navigating to "/login", waiting until "load"


      391 | test.describe("Secretary Role Access Control", () => {
      392 | 	test.beforeEach(async ({ page }) => {
    > 393 | 		await page.goto("/login");
          | 		           ^
      394 |
      395 | 		// Login as secretary
      396 | 		await page.fill('input[type="email"]', testUsers.secretary.email);
        at D:\neonpro\tools\testing\e2e\tests\auth\role-based-access.spec.ts:393:14

    attachment #1: trace (application/zip) ─────────────────────────────────────────────────────────
    ..\..\..\..\e2e\test-results\auth-role-based-access-Sec-23fdc-ial-and-billing-information-chromium-desktop-retry1\trace.zip
    Usage:

        npx playwright show-trace ..\..\..\..\e2e\test-results\auth-role-based-access-Sec-23fdc-ial-and-billing-information-chromium-desktop-retry1\trace.zip

    ────────────────────────────────────────────────────────────────────────────────────────────────
]]>
</failure>
<system-out>
<![CDATA[
[[ATTACHMENT|..\test-results\auth-role-based-access-Sec-23fdc-ial-and-billing-information-chromium-desktop-retry1\trace.zip]]
]]>
</system-out>
</testcase>
<testcase name="[chromium-desktop] Secretary Role Access Control › should NOT access prescription or medical diagnosis features" classname="auth\role-based-access.spec.ts" time="0.228">
<failure message="role-based-access.spec.ts:480:6 should NOT access prescription or medical diagnosis features" type="FAILURE">
<![CDATA[  [chromium-desktop] › auth\role-based-access.spec.ts:480:6 › Secretary Role Access Control › should NOT access prescription or medical diagnosis features 

    Error: page.goto: Protocol error (Page.navigate): Cannot navigate to invalid URL
    Call log:
      - navigating to "/login", waiting until "load"


      391 | test.describe("Secretary Role Access Control", () => {
      392 | 	test.beforeEach(async ({ page }) => {
    > 393 | 		await page.goto("/login");
          | 		           ^
      394 |
      395 | 		// Login as secretary
      396 | 		await page.fill('input[type="email"]', testUsers.secretary.email);
        at D:\neonpro\tools\testing\e2e\tests\auth\role-based-access.spec.ts:393:14

    Retry #1 ───────────────────────────────────────────────────────────────────────────────────────

    Error: page.goto: Protocol error (Page.navigate): Cannot navigate to invalid URL
    Call log:
      - navigating to "/login", waiting until "load"


      391 | test.describe("Secretary Role Access Control", () => {
      392 | 	test.beforeEach(async ({ page }) => {
    > 393 | 		await page.goto("/login");
          | 		           ^
      394 |
      395 | 		// Login as secretary
      396 | 		await page.fill('input[type="email"]', testUsers.secretary.email);
        at D:\neonpro\tools\testing\e2e\tests\auth\role-based-access.spec.ts:393:14

    attachment #1: trace (application/zip) ─────────────────────────────────────────────────────────
    ..\..\..\..\e2e\test-results\auth-role-based-access-Sec-889e9--medical-diagnosis-features-chromium-desktop-retry1\trace.zip
    Usage:

        npx playwright show-trace ..\..\..\..\e2e\test-results\auth-role-based-access-Sec-889e9--medical-diagnosis-features-chromium-desktop-retry1\trace.zip

    ────────────────────────────────────────────────────────────────────────────────────────────────
]]>
</failure>
<system-out>
<![CDATA[
[[ATTACHMENT|..\test-results\auth-role-based-access-Sec-889e9--medical-diagnosis-features-chromium-desktop-retry1\trace.zip]]
]]>
</system-out>
</testcase>
<testcase name="[chromium-desktop] Cross-Role Permissions and Escalation › should handle role escalation requests" classname="auth\role-based-access.spec.ts" time="0.215">
<failure message="role-based-access.spec.ts:501:6 should handle role escalation requests" type="FAILURE">
<![CDATA[  [chromium-desktop] › auth\role-based-access.spec.ts:501:6 › Cross-Role Permissions and Escalation › should handle role escalation requests 

    Error: page.goto: Protocol error (Page.navigate): Cannot navigate to invalid URL
    Call log:
      - navigating to "/login", waiting until "load"


      501 | 	test("should handle role escalation requests", async ({ page }) => {
      502 | 		// Login as nurse
    > 503 | 		await page.goto("/login");
          | 		           ^
      504 | 		await page.fill('input[type="email"]', testUsers.nurse.email);
      505 | 		await page.fill('input[type="password"]', testUsers.nurse.password);
      506 | 		await page.fill('[data-testid="coren-number"]', testUsers.nurse.coren);
        at D:\neonpro\tools\testing\e2e\tests\auth\role-based-access.spec.ts:503:14

    Retry #1 ───────────────────────────────────────────────────────────────────────────────────────

    Error: page.goto: Protocol error (Page.navigate): Cannot navigate to invalid URL
    Call log:
      - navigating to "/login", waiting until "load"


      501 | 	test("should handle role escalation requests", async ({ page }) => {
      502 | 		// Login as nurse
    > 503 | 		await page.goto("/login");
          | 		           ^
      504 | 		await page.fill('input[type="email"]', testUsers.nurse.email);
      505 | 		await page.fill('input[type="password"]', testUsers.nurse.password);
      506 | 		await page.fill('[data-testid="coren-number"]', testUsers.nurse.coren);
        at D:\neonpro\tools\testing\e2e\tests\auth\role-based-access.spec.ts:503:14

    attachment #1: trace (application/zip) ─────────────────────────────────────────────────────────
    ..\..\..\..\e2e\test-results\auth-role-based-access-Cro-2d084-le-role-escalation-requests-chromium-desktop-retry1\trace.zip
    Usage:

        npx playwright show-trace ..\..\..\..\e2e\test-results\auth-role-based-access-Cro-2d084-le-role-escalation-requests-chromium-desktop-retry1\trace.zip

    ────────────────────────────────────────────────────────────────────────────────────────────────
]]>
</failure>
<system-out>
<![CDATA[
[[ATTACHMENT|..\test-results\auth-role-based-access-Cro-2d084-le-role-escalation-requests-chromium-desktop-retry1\trace.zip]]
]]>
</system-out>
</testcase>
<testcase name="[chromium-desktop] Cross-Role Permissions and Escalation › should audit all role-based access attempts" classname="auth\role-based-access.spec.ts" time="0.2">
<failure message="role-based-access.spec.ts:534:6 should audit all role-based access attempts" type="FAILURE">
<![CDATA[  [chromium-desktop] › auth\role-based-access.spec.ts:534:6 › Cross-Role Permissions and Escalation › should audit all role-based access attempts 

    Error: page.goto: Protocol error (Page.navigate): Cannot navigate to invalid URL
    Call log:
      - navigating to "/login", waiting until "load"


      534 | 	test("should audit all role-based access attempts", async ({ page }) => {
      535 | 		// Login as admin to check audit logs
    > 536 | 		await page.goto("/login");
          | 		           ^
      537 | 		await page.fill('input[type="email"]', testUsers.admin.email);
      538 | 		await page.fill('input[type="password"]', testUsers.admin.password);
      539 | 		await page.click('button[type="submit"]');
        at D:\neonpro\tools\testing\e2e\tests\auth\role-based-access.spec.ts:536:14

    Retry #1 ───────────────────────────────────────────────────────────────────────────────────────

    Error: page.goto: Protocol error (Page.navigate): Cannot navigate to invalid URL
    Call log:
      - navigating to "/login", waiting until "load"


      534 | 	test("should audit all role-based access attempts", async ({ page }) => {
      535 | 		// Login as admin to check audit logs
    > 536 | 		await page.goto("/login");
          | 		           ^
      537 | 		await page.fill('input[type="email"]', testUsers.admin.email);
      538 | 		await page.fill('input[type="password"]', testUsers.admin.password);
      539 | 		await page.click('button[type="submit"]');
        at D:\neonpro\tools\testing\e2e\tests\auth\role-based-access.spec.ts:536:14

    attachment #1: trace (application/zip) ─────────────────────────────────────────────────────────
    ..\..\..\..\e2e\test-results\auth-role-based-access-Cro-4e24c--role-based-access-attempts-chromium-desktop-retry1\trace.zip
    Usage:

        npx playwright show-trace ..\..\..\..\e2e\test-results\auth-role-based-access-Cro-4e24c--role-based-access-attempts-chromium-desktop-retry1\trace.zip

    ────────────────────────────────────────────────────────────────────────────────────────────────
]]>
</failure>
<system-out>
<![CDATA[
[[ATTACHMENT|..\test-results\auth-role-based-access-Cro-4e24c--role-based-access-attempts-chromium-desktop-retry1\trace.zip]]
]]>
</system-out>
</testcase>
<testcase name="[chromium-desktop] Cross-Role Permissions and Escalation › should enforce time-based role restrictions" classname="auth\role-based-access.spec.ts" time="0.223">
<failure message="role-based-access.spec.ts:557:6 should enforce time-based role restrictions" type="FAILURE">
<![CDATA[  [chromium-desktop] › auth\role-based-access.spec.ts:557:6 › Cross-Role Permissions and Escalation › should enforce time-based role restrictions 

    Error: page.goto: Protocol error (Page.navigate): Cannot navigate to invalid URL
    Call log:
      - navigating to "/login", waiting until "load"


      557 | 	test("should enforce time-based role restrictions", async ({ page }) => {
      558 | 		// Login as doctor
    > 559 | 		await page.goto("/login");
          | 		           ^
      560 | 		await page.fill('input[type="email"]', testUsers.doctor.email);
      561 | 		await page.fill('input[type="password"]', testUsers.doctor.password);
      562 | 		await page.fill('[data-testid="crm-number"]', testUsers.doctor.crm);
        at D:\neonpro\tools\testing\e2e\tests\auth\role-based-access.spec.ts:559:14

    Retry #1 ───────────────────────────────────────────────────────────────────────────────────────

    Error: page.goto: Protocol error (Page.navigate): Cannot navigate to invalid URL
    Call log:
      - navigating to "/login", waiting until "load"


      557 | 	test("should enforce time-based role restrictions", async ({ page }) => {
      558 | 		// Login as doctor
    > 559 | 		await page.goto("/login");
          | 		           ^
      560 | 		await page.fill('input[type="email"]', testUsers.doctor.email);
      561 | 		await page.fill('input[type="password"]', testUsers.doctor.password);
      562 | 		await page.fill('[data-testid="crm-number"]', testUsers.doctor.crm);
        at D:\neonpro\tools\testing\e2e\tests\auth\role-based-access.spec.ts:559:14

    attachment #1: trace (application/zip) ─────────────────────────────────────────────────────────
    ..\..\..\..\e2e\test-results\auth-role-based-access-Cro-32690-ime-based-role-restrictions-chromium-desktop-retry1\trace.zip
    Usage:

        npx playwright show-trace ..\..\..\..\e2e\test-results\auth-role-based-access-Cro-32690-ime-based-role-restrictions-chromium-desktop-retry1\trace.zip

    ────────────────────────────────────────────────────────────────────────────────────────────────
]]>
</failure>
<system-out>
<![CDATA[
[[ATTACHMENT|..\test-results\auth-role-based-access-Cro-32690-ime-based-role-restrictions-chromium-desktop-retry1\trace.zip]]
]]>
</system-out>
</testcase>
</testsuite>
<testsuite name="core\basic-functionality.spec.ts" timestamp="2025-08-23T06:21:35.562Z" hostname="chromium-desktop" tests="6" failures="6" skipped="0" time="1.443" errors="0">
<testcase name="[chromium-desktop] NeonPro Healthcare Platform - Core E2E › should load the homepage successfully" classname="core\basic-functionality.spec.ts" time="0.258">
<failure message="basic-functionality.spec.ts:14:6 should load the homepage successfully" type="FAILURE">
<![CDATA[  [chromium-desktop] › core\basic-functionality.spec.ts:14:6 › NeonPro Healthcare Platform - Core E2E › should load the homepage successfully 

    Error: page.goto: Protocol error (Page.navigate): Cannot navigate to invalid URL
    Call log:
      - navigating to "/", waiting until "load"


       9 | 	test.beforeEach(async ({ page }) => {
      10 | 		// Navigate to the home page
    > 11 | 		await page.goto("/");
         | 		           ^
      12 | 	});
      13 |
      14 | 	test("should load the homepage successfully", async ({ page }) => {
        at D:\neonpro\tools\testing\e2e\tests\core\basic-functionality.spec.ts:11:14

    Retry #1 ───────────────────────────────────────────────────────────────────────────────────────

    Error: page.goto: Protocol error (Page.navigate): Cannot navigate to invalid URL
    Call log:
      - navigating to "/", waiting until "load"


       9 | 	test.beforeEach(async ({ page }) => {
      10 | 		// Navigate to the home page
    > 11 | 		await page.goto("/");
         | 		           ^
      12 | 	});
      13 |
      14 | 	test("should load the homepage successfully", async ({ page }) => {
        at D:\neonpro\tools\testing\e2e\tests\core\basic-functionality.spec.ts:11:14

    attachment #1: trace (application/zip) ─────────────────────────────────────────────────────────
    ..\..\..\..\e2e\test-results\core-basic-functionality-N-a6bae-d-the-homepage-successfully-chromium-desktop-retry1\trace.zip
    Usage:

        npx playwright show-trace ..\..\..\..\e2e\test-results\core-basic-functionality-N-a6bae-d-the-homepage-successfully-chromium-desktop-retry1\trace.zip

    ────────────────────────────────────────────────────────────────────────────────────────────────
]]>
</failure>
<system-out>
<![CDATA[
[[ATTACHMENT|..\test-results\core-basic-functionality-N-a6bae-d-the-homepage-successfully-chromium-desktop-retry1\trace.zip]]
]]>
</system-out>
</testcase>
<testcase name="[chromium-desktop] NeonPro Healthcare Platform - Core E2E › should have proper navigation elements" classname="core\basic-functionality.spec.ts" time="0.254">
<failure message="basic-functionality.spec.ts:26:6 should have proper navigation elements" type="FAILURE">
<![CDATA[  [chromium-desktop] › core\basic-functionality.spec.ts:26:6 › NeonPro Healthcare Platform - Core E2E › should have proper navigation elements 

    Error: page.goto: Protocol error (Page.navigate): Cannot navigate to invalid URL
    Call log:
      - navigating to "/", waiting until "load"


       9 | 	test.beforeEach(async ({ page }) => {
      10 | 		// Navigate to the home page
    > 11 | 		await page.goto("/");
         | 		           ^
      12 | 	});
      13 |
      14 | 	test("should load the homepage successfully", async ({ page }) => {
        at D:\neonpro\tools\testing\e2e\tests\core\basic-functionality.spec.ts:11:14

    Retry #1 ───────────────────────────────────────────────────────────────────────────────────────

    Error: page.goto: Protocol error (Page.navigate): Cannot navigate to invalid URL
    Call log:
      - navigating to "/", waiting until "load"


       9 | 	test.beforeEach(async ({ page }) => {
      10 | 		// Navigate to the home page
    > 11 | 		await page.goto("/");
         | 		           ^
      12 | 	});
      13 |
      14 | 	test("should load the homepage successfully", async ({ page }) => {
        at D:\neonpro\tools\testing\e2e\tests\core\basic-functionality.spec.ts:11:14

    attachment #1: trace (application/zip) ─────────────────────────────────────────────────────────
    ..\..\..\..\e2e\test-results\core-basic-functionality-N-d5b1d--proper-navigation-elements-chromium-desktop-retry1\trace.zip
    Usage:

        npx playwright show-trace ..\..\..\..\e2e\test-results\core-basic-functionality-N-d5b1d--proper-navigation-elements-chromium-desktop-retry1\trace.zip

    ────────────────────────────────────────────────────────────────────────────────────────────────
]]>
</failure>
<system-out>
<![CDATA[
[[ATTACHMENT|..\test-results\core-basic-functionality-N-d5b1d--proper-navigation-elements-chromium-desktop-retry1\trace.zip]]
]]>
</system-out>
</testcase>
<testcase name="[chromium-desktop] NeonPro Healthcare Platform - Core E2E › should be accessible via keyboard navigation" classname="core\basic-functionality.spec.ts" time="0.196">
<failure message="basic-functionality.spec.ts:45:6 should be accessible via keyboard navigation" type="FAILURE">
<![CDATA[  [chromium-desktop] › core\basic-functionality.spec.ts:45:6 › NeonPro Healthcare Platform - Core E2E › should be accessible via keyboard navigation 

    Error: page.goto: Protocol error (Page.navigate): Cannot navigate to invalid URL
    Call log:
      - navigating to "/", waiting until "load"


       9 | 	test.beforeEach(async ({ page }) => {
      10 | 		// Navigate to the home page
    > 11 | 		await page.goto("/");
         | 		           ^
      12 | 	});
      13 |
      14 | 	test("should load the homepage successfully", async ({ page }) => {
        at D:\neonpro\tools\testing\e2e\tests\core\basic-functionality.spec.ts:11:14

    Retry #1 ───────────────────────────────────────────────────────────────────────────────────────

    Error: page.goto: Protocol error (Page.navigate): Cannot navigate to invalid URL
    Call log:
      - navigating to "/", waiting until "load"


       9 | 	test.beforeEach(async ({ page }) => {
      10 | 		// Navigate to the home page
    > 11 | 		await page.goto("/");
         | 		           ^
      12 | 	});
      13 |
      14 | 	test("should load the homepage successfully", async ({ page }) => {
        at D:\neonpro\tools\testing\e2e\tests\core\basic-functionality.spec.ts:11:14

    attachment #1: trace (application/zip) ─────────────────────────────────────────────────────────
    ..\..\..\..\e2e\test-results\core-basic-functionality-N-787c1-ble-via-keyboard-navigation-chromium-desktop-retry1\trace.zip
    Usage:

        npx playwright show-trace ..\..\..\..\e2e\test-results\core-basic-functionality-N-787c1-ble-via-keyboard-navigation-chromium-desktop-retry1\trace.zip

    ────────────────────────────────────────────────────────────────────────────────────────────────
]]>
</failure>
<system-out>
<![CDATA[
[[ATTACHMENT|..\test-results\core-basic-functionality-N-787c1-ble-via-keyboard-navigation-chromium-desktop-retry1\trace.zip]]
]]>
</system-out>
</testcase>
<testcase name="[chromium-desktop] NeonPro Healthcare Platform - Core E2E › should handle page errors gracefully" classname="core\basic-functionality.spec.ts" time="0.231">
<failure message="basic-functionality.spec.ts:60:6 should handle page errors gracefully" type="FAILURE">
<![CDATA[  [chromium-desktop] › core\basic-functionality.spec.ts:60:6 › NeonPro Healthcare Platform - Core E2E › should handle page errors gracefully 

    Error: page.goto: Protocol error (Page.navigate): Cannot navigate to invalid URL
    Call log:
      - navigating to "/", waiting until "load"


       9 | 	test.beforeEach(async ({ page }) => {
      10 | 		// Navigate to the home page
    > 11 | 		await page.goto("/");
         | 		           ^
      12 | 	});
      13 |
      14 | 	test("should load the homepage successfully", async ({ page }) => {
        at D:\neonpro\tools\testing\e2e\tests\core\basic-functionality.spec.ts:11:14

    Retry #1 ───────────────────────────────────────────────────────────────────────────────────────

    Error: page.goto: Protocol error (Page.navigate): Cannot navigate to invalid URL
    Call log:
      - navigating to "/", waiting until "load"


       9 | 	test.beforeEach(async ({ page }) => {
      10 | 		// Navigate to the home page
    > 11 | 		await page.goto("/");
         | 		           ^
      12 | 	});
      13 |
      14 | 	test("should load the homepage successfully", async ({ page }) => {
        at D:\neonpro\tools\testing\e2e\tests\core\basic-functionality.spec.ts:11:14

    attachment #1: trace (application/zip) ─────────────────────────────────────────────────────────
    ..\..\..\..\e2e\test-results\core-basic-functionality-N-b3e5e-ndle-page-errors-gracefully-chromium-desktop-retry1\trace.zip
    Usage:

        npx playwright show-trace ..\..\..\..\e2e\test-results\core-basic-functionality-N-b3e5e-ndle-page-errors-gracefully-chromium-desktop-retry1\trace.zip

    ────────────────────────────────────────────────────────────────────────────────────────────────
]]>
</failure>
<system-out>
<![CDATA[
[[ATTACHMENT|..\test-results\core-basic-functionality-N-b3e5e-ndle-page-errors-gracefully-chromium-desktop-retry1\trace.zip]]
]]>
</system-out>
</testcase>
<testcase name="[chromium-desktop] NeonPro Healthcare Platform - Responsive Design › should work on mobile viewport" classname="core\basic-functionality.spec.ts" time="0.252">
<failure message="basic-functionality.spec.ts:75:6 should work on mobile viewport" type="FAILURE">
<![CDATA[  [chromium-desktop] › core\basic-functionality.spec.ts:75:6 › NeonPro Healthcare Platform - Responsive Design › should work on mobile viewport 

    Error: page.goto: Protocol error (Page.navigate): Cannot navigate to invalid URL
    Call log:
      - navigating to "/", waiting until "load"


      78 |
      79 | 		// Navigate to home page
    > 80 | 		await page.goto("/");
         | 		           ^
      81 | 		await page.waitForLoadState("networkidle");
      82 |
      83 | 		// Basic mobile responsiveness check
        at D:\neonpro\tools\testing\e2e\tests\core\basic-functionality.spec.ts:80:14

    Retry #1 ───────────────────────────────────────────────────────────────────────────────────────

    Error: page.goto: Protocol error (Page.navigate): Cannot navigate to invalid URL
    Call log:
      - navigating to "/", waiting until "load"


      78 |
      79 | 		// Navigate to home page
    > 80 | 		await page.goto("/");
         | 		           ^
      81 | 		await page.waitForLoadState("networkidle");
      82 |
      83 | 		// Basic mobile responsiveness check
        at D:\neonpro\tools\testing\e2e\tests\core\basic-functionality.spec.ts:80:14

    attachment #1: trace (application/zip) ─────────────────────────────────────────────────────────
    ..\..\..\..\e2e\test-results\core-basic-functionality-N-383af-uld-work-on-mobile-viewport-chromium-desktop-retry1\trace.zip
    Usage:

        npx playwright show-trace ..\..\..\..\e2e\test-results\core-basic-functionality-N-383af-uld-work-on-mobile-viewport-chromium-desktop-retry1\trace.zip

    ────────────────────────────────────────────────────────────────────────────────────────────────
]]>
</failure>
<system-out>
<![CDATA[
[[ATTACHMENT|..\test-results\core-basic-functionality-N-383af-uld-work-on-mobile-viewport-chromium-desktop-retry1\trace.zip]]
]]>
</system-out>
</testcase>
<testcase name="[chromium-desktop] NeonPro Healthcare Platform - Responsive Design › should work on tablet viewport" classname="core\basic-functionality.spec.ts" time="0.252">
<failure message="basic-functionality.spec.ts:94:6 should work on tablet viewport" type="FAILURE">
<![CDATA[  [chromium-desktop] › core\basic-functionality.spec.ts:94:6 › NeonPro Healthcare Platform - Responsive Design › should work on tablet viewport 

    Error: page.goto: Protocol error (Page.navigate): Cannot navigate to invalid URL
    Call log:
      - navigating to "/", waiting until "load"


       97 |
       98 | 		// Navigate to home page
    >  99 | 		await page.goto("/");
          | 		           ^
      100 | 		await page.waitForLoadState("networkidle");
      101 |
      102 | 		// Basic tablet responsiveness check
        at D:\neonpro\tools\testing\e2e\tests\core\basic-functionality.spec.ts:99:14

    Retry #1 ───────────────────────────────────────────────────────────────────────────────────────

    Error: page.goto: Protocol error (Page.navigate): Cannot navigate to invalid URL
    Call log:
      - navigating to "/", waiting until "load"


       97 |
       98 | 		// Navigate to home page
    >  99 | 		await page.goto("/");
          | 		           ^
      100 | 		await page.waitForLoadState("networkidle");
      101 |
      102 | 		// Basic tablet responsiveness check
        at D:\neonpro\tools\testing\e2e\tests\core\basic-functionality.spec.ts:99:14

    attachment #1: trace (application/zip) ─────────────────────────────────────────────────────────
    ..\..\..\..\e2e\test-results\core-basic-functionality-N-faf34-uld-work-on-tablet-viewport-chromium-desktop-retry1\trace.zip
    Usage:

        npx playwright show-trace ..\..\..\..\e2e\test-results\core-basic-functionality-N-faf34-uld-work-on-tablet-viewport-chromium-desktop-retry1\trace.zip

    ────────────────────────────────────────────────────────────────────────────────────────────────
]]>
</failure>
<system-out>
<![CDATA[
[[ATTACHMENT|..\test-results\core-basic-functionality-N-faf34-uld-work-on-tablet-viewport-chromium-desktop-retry1\trace.zip]]
]]>
</system-out>
</testcase>
</testsuite>
<testsuite name="example.spec.ts" timestamp="2025-08-23T06:21:35.562Z" hostname="chromium-desktop" tests="2" failures="0" skipped="0" time="7.732" errors="0">
<testcase name="[chromium-desktop] has title" classname="example.spec.ts" time="4.266">
</testcase>
<testcase name="[chromium-desktop] get started link" classname="example.spec.ts" time="3.466">
</testcase>
</testsuite>
<testsuite name="healthcare\appointment-booking.spec.ts" timestamp="2025-08-23T06:21:35.562Z" hostname="chromium-desktop" tests="15" failures="15" skipped="0" time="3.254" errors="0">
<testcase name="[chromium-desktop] 📅 Appointment Booking - Critical E2E › 🔍 Search Availability &amp; Booking Flow › should display available appointment slots with healthcare context" classname="healthcare\appointment-booking.spec.ts" time="0.242">
<failure message="appointment-booking.spec.ts:53:7 should display available appointment slots with healthcare context" type="FAILURE">
<![CDATA[  [chromium-desktop] › healthcare\appointment-booking.spec.ts:53:7 › 📅 Appointment Booking - Critical E2E › 🔍 Search Availability & Booking Flow › should display available appointment slots with healthcare context 

    Error: page.evaluate: SecurityError: Failed to read the 'localStorage' property from 'Window': Access is denied for this document.
        at UtilityScript.evaluate (<anonymous>:293:16)
        at UtilityScript.<anonymous> (<anonymous>:1:44)
        at UtilityScript.evaluate (<anonymous>:293:16)
        at UtilityScript.<anonymous> (<anonymous>:1:44)
        at D:\neonpro\tools\testing\e2e\tests\healthcare\appointment-booking.spec.ts:26:14

    Retry #1 ───────────────────────────────────────────────────────────────────────────────────────

    Error: page.evaluate: SecurityError: Failed to read the 'localStorage' property from 'Window': Access is denied for this document.
        at UtilityScript.evaluate (<anonymous>:293:16)
        at UtilityScript.<anonymous> (<anonymous>:1:44)
        at UtilityScript.evaluate (<anonymous>:293:16)
        at UtilityScript.<anonymous> (<anonymous>:1:44)
        at D:\neonpro\tools\testing\e2e\tests\healthcare\appointment-booking.spec.ts:26:14

    attachment #1: trace (application/zip) ─────────────────────────────────────────────────────────
    ..\..\..\..\e2e\test-results\healthcare-appointment-boo-15244-ots-with-healthcare-context-chromium-desktop-retry1\trace.zip
    Usage:

        npx playwright show-trace ..\..\..\..\e2e\test-results\healthcare-appointment-boo-15244-ots-with-healthcare-context-chromium-desktop-retry1\trace.zip

    ────────────────────────────────────────────────────────────────────────────────────────────────
]]>
</failure>
<system-out>
<![CDATA[
[[ATTACHMENT|..\test-results\healthcare-appointment-boo-15244-ots-with-healthcare-context-chromium-desktop-retry1\trace.zip]]
]]>
</system-out>
</testcase>
<testcase name="[chromium-desktop] 📅 Appointment Booking - Critical E2E › 🔍 Search Availability &amp; Booking Flow › should book new appointment with complete healthcare workflow" classname="healthcare\appointment-booking.spec.ts" time="0.233">
<failure message="appointment-booking.spec.ts:130:7 should book new appointment with complete healthcare workflow" type="FAILURE">
<![CDATA[  [chromium-desktop] › healthcare\appointment-booking.spec.ts:130:7 › 📅 Appointment Booking - Critical E2E › 🔍 Search Availability & Booking Flow › should book new appointment with complete healthcare workflow 

    Error: page.evaluate: SecurityError: Failed to read the 'localStorage' property from 'Window': Access is denied for this document.
        at UtilityScript.evaluate (<anonymous>:293:16)
        at UtilityScript.<anonymous> (<anonymous>:1:44)
        at UtilityScript.evaluate (<anonymous>:293:16)
        at UtilityScript.<anonymous> (<anonymous>:1:44)
        at D:\neonpro\tools\testing\e2e\tests\healthcare\appointment-booking.spec.ts:26:14

    Retry #1 ───────────────────────────────────────────────────────────────────────────────────────

    Error: page.evaluate: SecurityError: Failed to read the 'localStorage' property from 'Window': Access is denied for this document.
        at UtilityScript.evaluate (<anonymous>:293:16)
        at UtilityScript.<anonymous> (<anonymous>:1:44)
        at UtilityScript.evaluate (<anonymous>:293:16)
        at UtilityScript.<anonymous> (<anonymous>:1:44)
        at D:\neonpro\tools\testing\e2e\tests\healthcare\appointment-booking.spec.ts:26:14

    attachment #1: trace (application/zip) ─────────────────────────────────────────────────────────
    ..\..\..\..\e2e\test-results\healthcare-appointment-boo-9139d-omplete-healthcare-workflow-chromium-desktop-retry1\trace.zip
    Usage:

        npx playwright show-trace ..\..\..\..\e2e\test-results\healthcare-appointment-boo-9139d-omplete-healthcare-workflow-chromium-desktop-retry1\trace.zip

    ────────────────────────────────────────────────────────────────────────────────────────────────
]]>
</failure>
<system-out>
<![CDATA[
[[ATTACHMENT|..\test-results\healthcare-appointment-boo-9139d-omplete-healthcare-workflow-chromium-desktop-retry1\trace.zip]]
]]>
</system-out>
</testcase>
<testcase name="[chromium-desktop] 📅 Appointment Booking - Critical E2E › 🔍 Search Availability &amp; Booking Flow › should handle appointment conflicts and availability checks" classname="healthcare\appointment-booking.spec.ts" time="0.212">
<failure message="appointment-booking.spec.ts:217:7 should handle appointment conflicts and availability checks" type="FAILURE">
<![CDATA[  [chromium-desktop] › healthcare\appointment-booking.spec.ts:217:7 › 📅 Appointment Booking - Critical E2E › 🔍 Search Availability & Booking Flow › should handle appointment conflicts and availability checks 

    Error: page.evaluate: SecurityError: Failed to read the 'localStorage' property from 'Window': Access is denied for this document.
        at UtilityScript.evaluate (<anonymous>:293:16)
        at UtilityScript.<anonymous> (<anonymous>:1:44)
        at UtilityScript.evaluate (<anonymous>:293:16)
        at UtilityScript.<anonymous> (<anonymous>:1:44)
        at D:\neonpro\tools\testing\e2e\tests\healthcare\appointment-booking.spec.ts:26:14

    Retry #1 ───────────────────────────────────────────────────────────────────────────────────────

    Error: page.evaluate: SecurityError: Failed to read the 'localStorage' property from 'Window': Access is denied for this document.
        at UtilityScript.evaluate (<anonymous>:293:16)
        at UtilityScript.<anonymous> (<anonymous>:1:44)
        at UtilityScript.evaluate (<anonymous>:293:16)
        at UtilityScript.<anonymous> (<anonymous>:1:44)
        at D:\neonpro\tools\testing\e2e\tests\healthcare\appointment-booking.spec.ts:26:14

    attachment #1: trace (application/zip) ─────────────────────────────────────────────────────────
    ..\..\..\..\e2e\test-results\healthcare-appointment-boo-0385c-cts-and-availability-checks-chromium-desktop-retry1\trace.zip
    Usage:

        npx playwright show-trace ..\..\..\..\e2e\test-results\healthcare-appointment-boo-0385c-cts-and-availability-checks-chromium-desktop-retry1\trace.zip

    ────────────────────────────────────────────────────────────────────────────────────────────────
]]>
</failure>
<system-out>
<![CDATA[
[[ATTACHMENT|..\test-results\healthcare-appointment-boo-0385c-cts-and-availability-checks-chromium-desktop-retry1\trace.zip]]
]]>
</system-out>
</testcase>
<testcase name="[chromium-desktop] 📅 Appointment Booking - Critical E2E › 🔍 Search Availability &amp; Booking Flow › should validate required fields in appointment form" classname="healthcare\appointment-booking.spec.ts" time="0.212">
<failure message="appointment-booking.spec.ts:250:7 should validate required fields in appointment form" type="FAILURE">
<![CDATA[  [chromium-desktop] › healthcare\appointment-booking.spec.ts:250:7 › 📅 Appointment Booking - Critical E2E › 🔍 Search Availability & Booking Flow › should validate required fields in appointment form 

    Error: page.evaluate: SecurityError: Failed to read the 'localStorage' property from 'Window': Access is denied for this document.
        at UtilityScript.evaluate (<anonymous>:293:16)
        at UtilityScript.<anonymous> (<anonymous>:1:44)
        at UtilityScript.evaluate (<anonymous>:293:16)
        at UtilityScript.<anonymous> (<anonymous>:1:44)
        at D:\neonpro\tools\testing\e2e\tests\healthcare\appointment-booking.spec.ts:26:14

    Retry #1 ───────────────────────────────────────────────────────────────────────────────────────

    Error: page.evaluate: SecurityError: Failed to read the 'localStorage' property from 'Window': Access is denied for this document.
        at UtilityScript.evaluate (<anonymous>:293:16)
        at UtilityScript.<anonymous> (<anonymous>:1:44)
        at UtilityScript.evaluate (<anonymous>:293:16)
        at UtilityScript.<anonymous> (<anonymous>:1:44)
        at D:\neonpro\tools\testing\e2e\tests\healthcare\appointment-booking.spec.ts:26:14

    attachment #1: trace (application/zip) ─────────────────────────────────────────────────────────
    ..\..\..\..\e2e\test-results\healthcare-appointment-boo-bc485--fields-in-appointment-form-chromium-desktop-retry1\trace.zip
    Usage:

        npx playwright show-trace ..\..\..\..\e2e\test-results\healthcare-appointment-boo-bc485--fields-in-appointment-form-chromium-desktop-retry1\trace.zip

    ────────────────────────────────────────────────────────────────────────────────────────────────
]]>
</failure>
<system-out>
<![CDATA[
[[ATTACHMENT|..\test-results\healthcare-appointment-boo-bc485--fields-in-appointment-form-chromium-desktop-retry1\trace.zip]]
]]>
</system-out>
</testcase>
<testcase name="[chromium-desktop] 📅 Appointment Booking - Critical E2E › 📋 Appointment Management › should display existing appointments in calendar view" classname="healthcare\appointment-booking.spec.ts" time="0.223">
<failure message="appointment-booking.spec.ts:288:7 should display existing appointments in calendar view" type="FAILURE">
<![CDATA[  [chromium-desktop] › healthcare\appointment-booking.spec.ts:288:7 › 📅 Appointment Booking - Critical E2E › 📋 Appointment Management › should display existing appointments in calendar view 

    Error: page.evaluate: SecurityError: Failed to read the 'localStorage' property from 'Window': Access is denied for this document.
        at UtilityScript.evaluate (<anonymous>:293:16)
        at UtilityScript.<anonymous> (<anonymous>:1:44)
        at UtilityScript.evaluate (<anonymous>:293:16)
        at UtilityScript.<anonymous> (<anonymous>:1:44)
        at D:\neonpro\tools\testing\e2e\tests\healthcare\appointment-booking.spec.ts:26:14

    Retry #1 ───────────────────────────────────────────────────────────────────────────────────────

    Error: page.evaluate: SecurityError: Failed to read the 'localStorage' property from 'Window': Access is denied for this document.
        at UtilityScript.evaluate (<anonymous>:293:16)
        at UtilityScript.<anonymous> (<anonymous>:1:44)
        at UtilityScript.evaluate (<anonymous>:293:16)
        at UtilityScript.<anonymous> (<anonymous>:1:44)
        at D:\neonpro\tools\testing\e2e\tests\healthcare\appointment-booking.spec.ts:26:14

    attachment #1: trace (application/zip) ─────────────────────────────────────────────────────────
    ..\..\..\..\e2e\test-results\healthcare-appointment-boo-f8981-pointments-in-calendar-view-chromium-desktop-retry1\trace.zip
    Usage:

        npx playwright show-trace ..\..\..\..\e2e\test-results\healthcare-appointment-boo-f8981-pointments-in-calendar-view-chromium-desktop-retry1\trace.zip

    ────────────────────────────────────────────────────────────────────────────────────────────────
]]>
</failure>
<system-out>
<![CDATA[
[[ATTACHMENT|..\test-results\healthcare-appointment-boo-f8981-pointments-in-calendar-view-chromium-desktop-retry1\trace.zip]]
]]>
</system-out>
</testcase>
<testcase name="[chromium-desktop] 📅 Appointment Booking - Critical E2E › 📋 Appointment Management › should reschedule existing appointment" classname="healthcare\appointment-booking.spec.ts" time="0.227">
<failure message="appointment-booking.spec.ts:317:7 should reschedule existing appointment" type="FAILURE">
<![CDATA[  [chromium-desktop] › healthcare\appointment-booking.spec.ts:317:7 › 📅 Appointment Booking - Critical E2E › 📋 Appointment Management › should reschedule existing appointment 

    Error: page.evaluate: SecurityError: Failed to read the 'localStorage' property from 'Window': Access is denied for this document.
        at UtilityScript.evaluate (<anonymous>:293:16)
        at UtilityScript.<anonymous> (<anonymous>:1:44)
        at UtilityScript.evaluate (<anonymous>:293:16)
        at UtilityScript.<anonymous> (<anonymous>:1:44)
        at D:\neonpro\tools\testing\e2e\tests\healthcare\appointment-booking.spec.ts:26:14

    Retry #1 ───────────────────────────────────────────────────────────────────────────────────────

    Error: page.evaluate: SecurityError: Failed to read the 'localStorage' property from 'Window': Access is denied for this document.
        at UtilityScript.evaluate (<anonymous>:293:16)
        at UtilityScript.<anonymous> (<anonymous>:1:44)
        at UtilityScript.evaluate (<anonymous>:293:16)
        at UtilityScript.<anonymous> (<anonymous>:1:44)
        at D:\neonpro\tools\testing\e2e\tests\healthcare\appointment-booking.spec.ts:26:14

    attachment #1: trace (application/zip) ─────────────────────────────────────────────────────────
    ..\..\..\..\e2e\test-results\healthcare-appointment-boo-a0f1c-hedule-existing-appointment-chromium-desktop-retry1\trace.zip
    Usage:

        npx playwright show-trace ..\..\..\..\e2e\test-results\healthcare-appointment-boo-a0f1c-hedule-existing-appointment-chromium-desktop-retry1\trace.zip

    ────────────────────────────────────────────────────────────────────────────────────────────────
]]>
</failure>
<system-out>
<![CDATA[
[[ATTACHMENT|..\test-results\healthcare-appointment-boo-a0f1c-hedule-existing-appointment-chromium-desktop-retry1\trace.zip]]
]]>
</system-out>
</testcase>
<testcase name="[chromium-desktop] 📅 Appointment Booking - Critical E2E › 📋 Appointment Management › should cancel appointment with proper confirmation" classname="healthcare\appointment-booking.spec.ts" time="0.196">
<failure message="appointment-booking.spec.ts:374:7 should cancel appointment with proper confirmation" type="FAILURE">
<![CDATA[  [chromium-desktop] › healthcare\appointment-booking.spec.ts:374:7 › 📅 Appointment Booking - Critical E2E › 📋 Appointment Management › should cancel appointment with proper confirmation 

    Error: page.evaluate: SecurityError: Failed to read the 'localStorage' property from 'Window': Access is denied for this document.
        at UtilityScript.evaluate (<anonymous>:293:16)
        at UtilityScript.<anonymous> (<anonymous>:1:44)
        at UtilityScript.evaluate (<anonymous>:293:16)
        at UtilityScript.<anonymous> (<anonymous>:1:44)
        at D:\neonpro\tools\testing\e2e\tests\healthcare\appointment-booking.spec.ts:26:14

    Retry #1 ───────────────────────────────────────────────────────────────────────────────────────

    Error: page.evaluate: SecurityError: Failed to read the 'localStorage' property from 'Window': Access is denied for this document.
        at UtilityScript.evaluate (<anonymous>:293:16)
        at UtilityScript.<anonymous> (<anonymous>:1:44)
        at UtilityScript.evaluate (<anonymous>:293:16)
        at UtilityScript.<anonymous> (<anonymous>:1:44)
        at D:\neonpro\tools\testing\e2e\tests\healthcare\appointment-booking.spec.ts:26:14

    attachment #1: trace (application/zip) ─────────────────────────────────────────────────────────
    ..\..\..\..\e2e\test-results\healthcare-appointment-boo-a52a2-nt-with-proper-confirmation-chromium-desktop-retry1\trace.zip
    Usage:

        npx playwright show-trace ..\..\..\..\e2e\test-results\healthcare-appointment-boo-a52a2-nt-with-proper-confirmation-chromium-desktop-retry1\trace.zip

    ────────────────────────────────────────────────────────────────────────────────────────────────
]]>
</failure>
<system-out>
<![CDATA[
[[ATTACHMENT|..\test-results\healthcare-appointment-boo-a52a2-nt-with-proper-confirmation-chromium-desktop-retry1\trace.zip]]
]]>
</system-out>
</testcase>
<testcase name="[chromium-desktop] 📅 Appointment Booking - Critical E2E › 🏥 Healthcare-Specific Features › should support medical procedure scheduling" classname="healthcare\appointment-booking.spec.ts" time="0.209">
<failure message="appointment-booking.spec.ts:428:7 should support medical procedure scheduling" type="FAILURE">
<![CDATA[  [chromium-desktop] › healthcare\appointment-booking.spec.ts:428:7 › 📅 Appointment Booking - Critical E2E › 🏥 Healthcare-Specific Features › should support medical procedure scheduling 

    Error: page.evaluate: SecurityError: Failed to read the 'localStorage' property from 'Window': Access is denied for this document.
        at UtilityScript.evaluate (<anonymous>:293:16)
        at UtilityScript.<anonymous> (<anonymous>:1:44)
        at UtilityScript.evaluate (<anonymous>:293:16)
        at UtilityScript.<anonymous> (<anonymous>:1:44)
        at D:\neonpro\tools\testing\e2e\tests\healthcare\appointment-booking.spec.ts:26:14

    Retry #1 ───────────────────────────────────────────────────────────────────────────────────────

    Error: page.evaluate: SecurityError: Failed to read the 'localStorage' property from 'Window': Access is denied for this document.
        at UtilityScript.evaluate (<anonymous>:293:16)
        at UtilityScript.<anonymous> (<anonymous>:1:44)
        at UtilityScript.evaluate (<anonymous>:293:16)
        at UtilityScript.<anonymous> (<anonymous>:1:44)
        at D:\neonpro\tools\testing\e2e\tests\healthcare\appointment-booking.spec.ts:26:14

    attachment #1: trace (application/zip) ─────────────────────────────────────────────────────────
    ..\..\..\..\e2e\test-results\healthcare-appointment-boo-8d948-edical-procedure-scheduling-chromium-desktop-retry1\trace.zip
    Usage:

        npx playwright show-trace ..\..\..\..\e2e\test-results\healthcare-appointment-boo-8d948-edical-procedure-scheduling-chromium-desktop-retry1\trace.zip

    ────────────────────────────────────────────────────────────────────────────────────────────────
]]>
</failure>
<system-out>
<![CDATA[
[[ATTACHMENT|..\test-results\healthcare-appointment-boo-8d948-edical-procedure-scheduling-chromium-desktop-retry1\trace.zip]]
]]>
</system-out>
</testcase>
<testcase name="[chromium-desktop] 📅 Appointment Booking - Critical E2E › 🏥 Healthcare-Specific Features › should handle emergency appointment scheduling" classname="healthcare\appointment-booking.spec.ts" time="0.237">
<failure message="appointment-booking.spec.ts:460:7 should handle emergency appointment scheduling" type="FAILURE">
<![CDATA[  [chromium-desktop] › healthcare\appointment-booking.spec.ts:460:7 › 📅 Appointment Booking - Critical E2E › 🏥 Healthcare-Specific Features › should handle emergency appointment scheduling 

    Error: page.evaluate: SecurityError: Failed to read the 'localStorage' property from 'Window': Access is denied for this document.
        at UtilityScript.evaluate (<anonymous>:293:16)
        at UtilityScript.<anonymous> (<anonymous>:1:44)
        at UtilityScript.evaluate (<anonymous>:293:16)
        at UtilityScript.<anonymous> (<anonymous>:1:44)
        at D:\neonpro\tools\testing\e2e\tests\healthcare\appointment-booking.spec.ts:26:14

    Retry #1 ───────────────────────────────────────────────────────────────────────────────────────

    Error: page.evaluate: SecurityError: Failed to read the 'localStorage' property from 'Window': Access is denied for this document.
        at UtilityScript.evaluate (<anonymous>:293:16)
        at UtilityScript.<anonymous> (<anonymous>:1:44)
        at UtilityScript.evaluate (<anonymous>:293:16)
        at UtilityScript.<anonymous> (<anonymous>:1:44)
        at D:\neonpro\tools\testing\e2e\tests\healthcare\appointment-booking.spec.ts:26:14

    attachment #1: trace (application/zip) ─────────────────────────────────────────────────────────
    ..\..\..\..\e2e\test-results\healthcare-appointment-boo-ad117-ency-appointment-scheduling-chromium-desktop-retry1\trace.zip
    Usage:

        npx playwright show-trace ..\..\..\..\e2e\test-results\healthcare-appointment-boo-ad117-ency-appointment-scheduling-chromium-desktop-retry1\trace.zip

    ────────────────────────────────────────────────────────────────────────────────────────────────
]]>
</failure>
<system-out>
<![CDATA[
[[ATTACHMENT|..\test-results\healthcare-appointment-boo-ad117-ency-appointment-scheduling-chromium-desktop-retry1\trace.zip]]
]]>
</system-out>
</testcase>
<testcase name="[chromium-desktop] 📅 Appointment Booking - Critical E2E › 🏥 Healthcare-Specific Features › should validate professional availability and credentials" classname="healthcare\appointment-booking.spec.ts" time="0.213">
<failure message="appointment-booking.spec.ts:485:7 should validate professional availability and credentials" type="FAILURE">
<![CDATA[  [chromium-desktop] › healthcare\appointment-booking.spec.ts:485:7 › 📅 Appointment Booking - Critical E2E › 🏥 Healthcare-Specific Features › should validate professional availability and credentials 

    Error: page.evaluate: SecurityError: Failed to read the 'localStorage' property from 'Window': Access is denied for this document.
        at UtilityScript.evaluate (<anonymous>:293:16)
        at UtilityScript.<anonymous> (<anonymous>:1:44)
        at UtilityScript.evaluate (<anonymous>:293:16)
        at UtilityScript.<anonymous> (<anonymous>:1:44)
        at D:\neonpro\tools\testing\e2e\tests\healthcare\appointment-booking.spec.ts:26:14

    Retry #1 ───────────────────────────────────────────────────────────────────────────────────────

    Error: page.evaluate: SecurityError: Failed to read the 'localStorage' property from 'Window': Access is denied for this document.
        at UtilityScript.evaluate (<anonymous>:293:16)
        at UtilityScript.<anonymous> (<anonymous>:1:44)
        at UtilityScript.evaluate (<anonymous>:293:16)
        at UtilityScript.<anonymous> (<anonymous>:1:44)
        at D:\neonpro\tools\testing\e2e\tests\healthcare\appointment-booking.spec.ts:26:14

    attachment #1: trace (application/zip) ─────────────────────────────────────────────────────────
    ..\..\..\..\e2e\test-results\healthcare-appointment-boo-39933-vailability-and-credentials-chromium-desktop-retry1\trace.zip
    Usage:

        npx playwright show-trace ..\..\..\..\e2e\test-results\healthcare-appointment-boo-39933-vailability-and-credentials-chromium-desktop-retry1\trace.zip

    ────────────────────────────────────────────────────────────────────────────────────────────────
]]>
</failure>
<system-out>
<![CDATA[
[[ATTACHMENT|..\test-results\healthcare-appointment-boo-39933-vailability-and-credentials-chromium-desktop-retry1\trace.zip]]
]]>
</system-out>
</testcase>
<testcase name="[chromium-desktop] 📅 Appointment Booking - Critical E2E › 📱 Patient Notifications &amp; Communication › should send appointment confirmation notifications" classname="healthcare\appointment-booking.spec.ts" time="0.218">
<failure message="appointment-booking.spec.ts:518:7 should send appointment confirmation notifications" type="FAILURE">
<![CDATA[  [chromium-desktop] › healthcare\appointment-booking.spec.ts:518:7 › 📅 Appointment Booking - Critical E2E › 📱 Patient Notifications & Communication › should send appointment confirmation notifications 

    Error: page.evaluate: SecurityError: Failed to read the 'localStorage' property from 'Window': Access is denied for this document.
        at UtilityScript.evaluate (<anonymous>:293:16)
        at UtilityScript.<anonymous> (<anonymous>:1:44)
        at UtilityScript.evaluate (<anonymous>:293:16)
        at UtilityScript.<anonymous> (<anonymous>:1:44)
        at D:\neonpro\tools\testing\e2e\tests\healthcare\appointment-booking.spec.ts:26:14

    Retry #1 ───────────────────────────────────────────────────────────────────────────────────────

    Error: page.evaluate: SecurityError: Failed to read the 'localStorage' property from 'Window': Access is denied for this document.
        at UtilityScript.evaluate (<anonymous>:293:16)
        at UtilityScript.<anonymous> (<anonymous>:1:44)
        at UtilityScript.evaluate (<anonymous>:293:16)
        at UtilityScript.<anonymous> (<anonymous>:1:44)
        at D:\neonpro\tools\testing\e2e\tests\healthcare\appointment-booking.spec.ts:26:14

    attachment #1: trace (application/zip) ─────────────────────────────────────────────────────────
    ..\..\..\..\e2e\test-results\healthcare-appointment-boo-1baf1--confirmation-notifications-chromium-desktop-retry1\trace.zip
    Usage:

        npx playwright show-trace ..\..\..\..\e2e\test-results\healthcare-appointment-boo-1baf1--confirmation-notifications-chromium-desktop-retry1\trace.zip

    ────────────────────────────────────────────────────────────────────────────────────────────────
]]>
</failure>
<system-out>
<![CDATA[
[[ATTACHMENT|..\test-results\healthcare-appointment-boo-1baf1--confirmation-notifications-chromium-desktop-retry1\trace.zip]]
]]>
</system-out>
</testcase>
<testcase name="[chromium-desktop] 📅 Appointment Booking - Critical E2E › 📱 Patient Notifications &amp; Communication › should handle appointment reminders configuration" classname="healthcare\appointment-booking.spec.ts" time="0.238">
<failure message="appointment-booking.spec.ts:552:7 should handle appointment reminders configuration" type="FAILURE">
<![CDATA[  [chromium-desktop] › healthcare\appointment-booking.spec.ts:552:7 › 📅 Appointment Booking - Critical E2E › 📱 Patient Notifications & Communication › should handle appointment reminders configuration 

    Error: page.evaluate: SecurityError: Failed to read the 'localStorage' property from 'Window': Access is denied for this document.
        at UtilityScript.evaluate (<anonymous>:293:16)
        at UtilityScript.<anonymous> (<anonymous>:1:44)
        at UtilityScript.evaluate (<anonymous>:293:16)
        at UtilityScript.<anonymous> (<anonymous>:1:44)
        at D:\neonpro\tools\testing\e2e\tests\healthcare\appointment-booking.spec.ts:26:14

    Retry #1 ───────────────────────────────────────────────────────────────────────────────────────

    Error: page.evaluate: SecurityError: Failed to read the 'localStorage' property from 'Window': Access is denied for this document.
        at UtilityScript.evaluate (<anonymous>:293:16)
        at UtilityScript.<anonymous> (<anonymous>:1:44)
        at UtilityScript.evaluate (<anonymous>:293:16)
        at UtilityScript.<anonymous> (<anonymous>:1:44)
        at D:\neonpro\tools\testing\e2e\tests\healthcare\appointment-booking.spec.ts:26:14

    attachment #1: trace (application/zip) ─────────────────────────────────────────────────────────
    ..\..\..\..\e2e\test-results\healthcare-appointment-boo-605b1-ent-reminders-configuration-chromium-desktop-retry1\trace.zip
    Usage:

        npx playwright show-trace ..\..\..\..\e2e\test-results\healthcare-appointment-boo-605b1-ent-reminders-configuration-chromium-desktop-retry1\trace.zip

    ────────────────────────────────────────────────────────────────────────────────────────────────
]]>
</failure>
<system-out>
<![CDATA[
[[ATTACHMENT|..\test-results\healthcare-appointment-boo-605b1-ent-reminders-configuration-chromium-desktop-retry1\trace.zip]]
]]>
</system-out>
</testcase>
<testcase name="[chromium-desktop] 📅 Appointment Booking - Critical E2E › 📊 Reporting &amp; Analytics › should display appointment statistics for healthcare professionals" classname="healthcare\appointment-booking.spec.ts" time="0.21">
<failure message="appointment-booking.spec.ts:578:7 should display appointment statistics for healthcare professionals" type="FAILURE">
<![CDATA[  [chromium-desktop] › healthcare\appointment-booking.spec.ts:578:7 › 📅 Appointment Booking - Critical E2E › 📊 Reporting & Analytics › should display appointment statistics for healthcare professionals 

    Error: page.evaluate: SecurityError: Failed to read the 'localStorage' property from 'Window': Access is denied for this document.
        at UtilityScript.evaluate (<anonymous>:293:16)
        at UtilityScript.<anonymous> (<anonymous>:1:44)
        at UtilityScript.evaluate (<anonymous>:293:16)
        at UtilityScript.<anonymous> (<anonymous>:1:44)
        at D:\neonpro\tools\testing\e2e\tests\healthcare\appointment-booking.spec.ts:26:14

    Retry #1 ───────────────────────────────────────────────────────────────────────────────────────

    Error: page.evaluate: SecurityError: Failed to read the 'localStorage' property from 'Window': Access is denied for this document.
        at UtilityScript.evaluate (<anonymous>:293:16)
        at UtilityScript.<anonymous> (<anonymous>:1:44)
        at UtilityScript.evaluate (<anonymous>:293:16)
        at UtilityScript.<anonymous> (<anonymous>:1:44)
        at D:\neonpro\tools\testing\e2e\tests\healthcare\appointment-booking.spec.ts:26:14

    attachment #1: trace (application/zip) ─────────────────────────────────────────────────────────
    ..\..\..\..\e2e\test-results\healthcare-appointment-boo-43ea0-or-healthcare-professionals-chromium-desktop-retry1\trace.zip
    Usage:

        npx playwright show-trace ..\..\..\..\e2e\test-results\healthcare-appointment-boo-43ea0-or-healthcare-professionals-chromium-desktop-retry1\trace.zip

    ────────────────────────────────────────────────────────────────────────────────────────────────
]]>
</failure>
<system-out>
<![CDATA[
[[ATTACHMENT|..\test-results\healthcare-appointment-boo-43ea0-or-healthcare-professionals-chromium-desktop-retry1\trace.zip]]
]]>
</system-out>
</testcase>
<testcase name="[chromium-desktop] 📅 Appointment Booking - Critical E2E › ♿ Accessibility &amp; Performance › should be accessible for users with disabilities" classname="healthcare\appointment-booking.spec.ts" time="0.197">
<failure message="appointment-booking.spec.ts:612:7 should be accessible for users with disabilities" type="FAILURE">
<![CDATA[  [chromium-desktop] › healthcare\appointment-booking.spec.ts:612:7 › 📅 Appointment Booking - Critical E2E › ♿ Accessibility & Performance › should be accessible for users with disabilities 

    Error: page.evaluate: SecurityError: Failed to read the 'localStorage' property from 'Window': Access is denied for this document.
        at UtilityScript.evaluate (<anonymous>:293:16)
        at UtilityScript.<anonymous> (<anonymous>:1:44)
        at UtilityScript.evaluate (<anonymous>:293:16)
        at UtilityScript.<anonymous> (<anonymous>:1:44)
        at D:\neonpro\tools\testing\e2e\tests\healthcare\appointment-booking.spec.ts:26:14

    Retry #1 ───────────────────────────────────────────────────────────────────────────────────────

    Error: page.evaluate: SecurityError: Failed to read the 'localStorage' property from 'Window': Access is denied for this document.
        at UtilityScript.evaluate (<anonymous>:293:16)
        at UtilityScript.<anonymous> (<anonymous>:1:44)
        at UtilityScript.evaluate (<anonymous>:293:16)
        at UtilityScript.<anonymous> (<anonymous>:1:44)
        at D:\neonpro\tools\testing\e2e\tests\healthcare\appointment-booking.spec.ts:26:14

    attachment #1: trace (application/zip) ─────────────────────────────────────────────────────────
    ..\..\..\..\e2e\test-results\healthcare-appointment-boo-4fdbb-for-users-with-disabilities-chromium-desktop-retry1\trace.zip
    Usage:

        npx playwright show-trace ..\..\..\..\e2e\test-results\healthcare-appointment-boo-4fdbb-for-users-with-disabilities-chromium-desktop-retry1\trace.zip

    ────────────────────────────────────────────────────────────────────────────────────────────────
]]>
</failure>
<system-out>
<![CDATA[
[[ATTACHMENT|..\test-results\healthcare-appointment-boo-4fdbb-for-users-with-disabilities-chromium-desktop-retry1\trace.zip]]
]]>
</system-out>
</testcase>
<testcase name="[chromium-desktop] 📅 Appointment Booking - Critical E2E › ♿ Accessibility &amp; Performance › should load appointment calendar within performance budget" classname="healthcare\appointment-booking.spec.ts" time="0.187">
<failure message="appointment-booking.spec.ts:632:7 should load appointment calendar within performance budget" type="FAILURE">
<![CDATA[  [chromium-desktop] › healthcare\appointment-booking.spec.ts:632:7 › 📅 Appointment Booking - Critical E2E › ♿ Accessibility & Performance › should load appointment calendar within performance budget 

    Error: page.evaluate: SecurityError: Failed to read the 'localStorage' property from 'Window': Access is denied for this document.
        at UtilityScript.evaluate (<anonymous>:293:16)
        at UtilityScript.<anonymous> (<anonymous>:1:44)
        at UtilityScript.evaluate (<anonymous>:293:16)
        at UtilityScript.<anonymous> (<anonymous>:1:44)
        at D:\neonpro\tools\testing\e2e\tests\healthcare\appointment-booking.spec.ts:26:14

    Retry #1 ───────────────────────────────────────────────────────────────────────────────────────

    Error: page.evaluate: SecurityError: Failed to read the 'localStorage' property from 'Window': Access is denied for this document.
        at UtilityScript.evaluate (<anonymous>:293:16)
        at UtilityScript.<anonymous> (<anonymous>:1:44)
        at UtilityScript.evaluate (<anonymous>:293:16)
        at UtilityScript.<anonymous> (<anonymous>:1:44)
        at D:\neonpro\tools\testing\e2e\tests\healthcare\appointment-booking.spec.ts:26:14

    attachment #1: trace (application/zip) ─────────────────────────────────────────────────────────
    ..\..\..\..\e2e\test-results\healthcare-appointment-boo-9aaaf-r-within-performance-budget-chromium-desktop-retry1\trace.zip
    Usage:

        npx playwright show-trace ..\..\..\..\e2e\test-results\healthcare-appointment-boo-9aaaf-r-within-performance-budget-chromium-desktop-retry1\trace.zip

    ────────────────────────────────────────────────────────────────────────────────────────────────
]]>
</failure>
<system-out>
<![CDATA[
[[ATTACHMENT|..\test-results\healthcare-appointment-boo-9aaaf-r-within-performance-budget-chromium-desktop-retry1\trace.zip]]
]]>
</system-out>
</testcase>
</testsuite>
<testsuite name="healthcare\basic-healthcare.spec.ts" timestamp="2025-08-23T06:21:35.562Z" hostname="chromium-desktop" tests="2" failures="0" skipped="0" time="2.443" errors="0">
<testcase name="[chromium-desktop] Healthcare Platform Basic Tests › should load homepage" classname="healthcare\basic-healthcare.spec.ts" time="0.684">
</testcase>
<testcase name="[chromium-desktop] Healthcare Platform Basic Tests › should have working form elements" classname="healthcare\basic-healthcare.spec.ts" time="1.759">
</testcase>
</testsuite>
<testsuite name="healthcare\compliance-workflows.spec.ts" timestamp="2025-08-23T06:21:35.562Z" hostname="chromium-desktop" tests="6" failures="6" skipped="0" time="1.119" errors="0">
<testcase name="[chromium-desktop] 🏥 Healthcare Compliance Workflows › LGPD Compliance: Data consent management" classname="healthcare\compliance-workflows.spec.ts" time="0.173">
<failure message="compliance-workflows.spec.ts:9:6 LGPD Compliance: Data consent management" type="FAILURE">
<![CDATA[  [chromium-desktop] › healthcare\compliance-workflows.spec.ts:9:6 › 🏥 Healthcare Compliance Workflows › LGPD Compliance: Data consent management 

    Error: page.goto: Protocol error (Page.navigate): Cannot navigate to invalid URL
    Call log:
      - navigating to "/", waiting until "load"


      3 | test.describe("🏥 Healthcare Compliance Workflows", () => {
      4 | 	test.beforeEach(async ({ page }) => {
    > 5 | 		await page.goto("/");
        | 		           ^
      6 | 		await page.waitForLoadState("networkidle");
      7 | 	});
      8 |
        at D:\neonpro\tools\testing\e2e\tests\healthcare\compliance-workflows.spec.ts:5:14

    Retry #1 ───────────────────────────────────────────────────────────────────────────────────────

    Error: page.goto: Protocol error (Page.navigate): Cannot navigate to invalid URL
    Call log:
      - navigating to "/", waiting until "load"


      3 | test.describe("🏥 Healthcare Compliance Workflows", () => {
      4 | 	test.beforeEach(async ({ page }) => {
    > 5 | 		await page.goto("/");
        | 		           ^
      6 | 		await page.waitForLoadState("networkidle");
      7 | 	});
      8 |
        at D:\neonpro\tools\testing\e2e\tests\healthcare\compliance-workflows.spec.ts:5:14

    attachment #1: trace (application/zip) ─────────────────────────────────────────────────────────
    ..\..\..\..\e2e\test-results\healthcare-compliance-work-cd090-nce-Data-consent-management-chromium-desktop-retry1\trace.zip
    Usage:

        npx playwright show-trace ..\..\..\..\e2e\test-results\healthcare-compliance-work-cd090-nce-Data-consent-management-chromium-desktop-retry1\trace.zip

    ────────────────────────────────────────────────────────────────────────────────────────────────
]]>
</failure>
<system-out>
<![CDATA[
[[ATTACHMENT|..\test-results\healthcare-compliance-work-cd090-nce-Data-consent-management-chromium-desktop-retry1\trace.zip]]
]]>
</system-out>
</testcase>
<testcase name="[chromium-desktop] 🏥 Healthcare Compliance Workflows › ANVISA Compliance: Professional registration validation" classname="healthcare\compliance-workflows.spec.ts" time="0.174">
<failure message="compliance-workflows.spec.ts:40:6 ANVISA Compliance: Professional registration validation" type="FAILURE">
<![CDATA[  [chromium-desktop] › healthcare\compliance-workflows.spec.ts:40:6 › 🏥 Healthcare Compliance Workflows › ANVISA Compliance: Professional registration validation 

    Error: page.goto: Protocol error (Page.navigate): Cannot navigate to invalid URL
    Call log:
      - navigating to "/", waiting until "load"


      3 | test.describe("🏥 Healthcare Compliance Workflows", () => {
      4 | 	test.beforeEach(async ({ page }) => {
    > 5 | 		await page.goto("/");
        | 		           ^
      6 | 		await page.waitForLoadState("networkidle");
      7 | 	});
      8 |
        at D:\neonpro\tools\testing\e2e\tests\healthcare\compliance-workflows.spec.ts:5:14

    Retry #1 ───────────────────────────────────────────────────────────────────────────────────────

    Error: page.goto: Protocol error (Page.navigate): Cannot navigate to invalid URL
    Call log:
      - navigating to "/", waiting until "load"


      3 | test.describe("🏥 Healthcare Compliance Workflows", () => {
      4 | 	test.beforeEach(async ({ page }) => {
    > 5 | 		await page.goto("/");
        | 		           ^
      6 | 		await page.waitForLoadState("networkidle");
      7 | 	});
      8 |
        at D:\neonpro\tools\testing\e2e\tests\healthcare\compliance-workflows.spec.ts:5:14

    attachment #1: trace (application/zip) ─────────────────────────────────────────────────────────
    ..\..\..\..\e2e\test-results\healthcare-compliance-work-0ef0b-nal-registration-validation-chromium-desktop-retry1\trace.zip
    Usage:

        npx playwright show-trace ..\..\..\..\e2e\test-results\healthcare-compliance-work-0ef0b-nal-registration-validation-chromium-desktop-retry1\trace.zip

    ────────────────────────────────────────────────────────────────────────────────────────────────
]]>
</failure>
<system-out>
<![CDATA[
[[ATTACHMENT|..\test-results\healthcare-compliance-work-0ef0b-nal-registration-validation-chromium-desktop-retry1\trace.zip]]
]]>
</system-out>
</testcase>
<testcase name="[chromium-desktop] 🏥 Healthcare Compliance Workflows › CFM Compliance: Medical procedure documentation" classname="healthcare\compliance-workflows.spec.ts" time="0.155">
<failure message="compliance-workflows.spec.ts:79:6 CFM Compliance: Medical procedure documentation" type="FAILURE">
<![CDATA[  [chromium-desktop] › healthcare\compliance-workflows.spec.ts:79:6 › 🏥 Healthcare Compliance Workflows › CFM Compliance: Medical procedure documentation 

    Error: page.goto: Protocol error (Page.navigate): Cannot navigate to invalid URL
    Call log:
      - navigating to "/", waiting until "load"


      3 | test.describe("🏥 Healthcare Compliance Workflows", () => {
      4 | 	test.beforeEach(async ({ page }) => {
    > 5 | 		await page.goto("/");
        | 		           ^
      6 | 		await page.waitForLoadState("networkidle");
      7 | 	});
      8 |
        at D:\neonpro\tools\testing\e2e\tests\healthcare\compliance-workflows.spec.ts:5:14

    Retry #1 ───────────────────────────────────────────────────────────────────────────────────────

    Error: page.goto: Protocol error (Page.navigate): Cannot navigate to invalid URL
    Call log:
      - navigating to "/", waiting until "load"


      3 | test.describe("🏥 Healthcare Compliance Workflows", () => {
      4 | 	test.beforeEach(async ({ page }) => {
    > 5 | 		await page.goto("/");
        | 		           ^
      6 | 		await page.waitForLoadState("networkidle");
      7 | 	});
      8 |
        at D:\neonpro\tools\testing\e2e\tests\healthcare\compliance-workflows.spec.ts:5:14

    attachment #1: trace (application/zip) ─────────────────────────────────────────────────────────
    ..\..\..\..\e2e\test-results\healthcare-compliance-work-c36ed-cal-procedure-documentation-chromium-desktop-retry1\trace.zip
    Usage:

        npx playwright show-trace ..\..\..\..\e2e\test-results\healthcare-compliance-work-c36ed-cal-procedure-documentation-chromium-desktop-retry1\trace.zip

    ────────────────────────────────────────────────────────────────────────────────────────────────
]]>
</failure>
<system-out>
<![CDATA[
[[ATTACHMENT|..\test-results\healthcare-compliance-work-c36ed-cal-procedure-documentation-chromium-desktop-retry1\trace.zip]]
]]>
</system-out>
</testcase>
<testcase name="[chromium-desktop] 🏥 Healthcare Compliance Workflows › Data Security: Patient data access controls" classname="healthcare\compliance-workflows.spec.ts" time="0.206">
<failure message="compliance-workflows.spec.ts:122:6 Data Security: Patient data access controls" type="FAILURE">
<![CDATA[  [chromium-desktop] › healthcare\compliance-workflows.spec.ts:122:6 › 🏥 Healthcare Compliance Workflows › Data Security: Patient data access controls 

    Error: page.goto: Protocol error (Page.navigate): Cannot navigate to invalid URL
    Call log:
      - navigating to "/", waiting until "load"


      3 | test.describe("🏥 Healthcare Compliance Workflows", () => {
      4 | 	test.beforeEach(async ({ page }) => {
    > 5 | 		await page.goto("/");
        | 		           ^
      6 | 		await page.waitForLoadState("networkidle");
      7 | 	});
      8 |
        at D:\neonpro\tools\testing\e2e\tests\healthcare\compliance-workflows.spec.ts:5:14

    Retry #1 ───────────────────────────────────────────────────────────────────────────────────────

    Error: page.goto: Protocol error (Page.navigate): Cannot navigate to invalid URL
    Call log:
      - navigating to "/", waiting until "load"


      3 | test.describe("🏥 Healthcare Compliance Workflows", () => {
      4 | 	test.beforeEach(async ({ page }) => {
    > 5 | 		await page.goto("/");
        | 		           ^
      6 | 		await page.waitForLoadState("networkidle");
      7 | 	});
      8 |
        at D:\neonpro\tools\testing\e2e\tests\healthcare\compliance-workflows.spec.ts:5:14

    attachment #1: trace (application/zip) ─────────────────────────────────────────────────────────
    ..\..\..\..\e2e\test-results\healthcare-compliance-work-0ac67-atient-data-access-controls-chromium-desktop-retry1\trace.zip
    Usage:

        npx playwright show-trace ..\..\..\..\e2e\test-results\healthcare-compliance-work-0ac67-atient-data-access-controls-chromium-desktop-retry1\trace.zip

    ────────────────────────────────────────────────────────────────────────────────────────────────
]]>
</failure>
<system-out>
<![CDATA[
[[ATTACHMENT|..\test-results\healthcare-compliance-work-0ac67-atient-data-access-controls-chromium-desktop-retry1\trace.zip]]
]]>
</system-out>
</testcase>
<testcase name="[chromium-desktop] 🏥 Healthcare Compliance Workflows › Emergency Access: Override procedures" classname="healthcare\compliance-workflows.spec.ts" time="0.182">
<failure message="compliance-workflows.spec.ts:151:6 Emergency Access: Override procedures" type="FAILURE">
<![CDATA[  [chromium-desktop] › healthcare\compliance-workflows.spec.ts:151:6 › 🏥 Healthcare Compliance Workflows › Emergency Access: Override procedures 

    Error: page.goto: Protocol error (Page.navigate): Cannot navigate to invalid URL
    Call log:
      - navigating to "/", waiting until "load"


      3 | test.describe("🏥 Healthcare Compliance Workflows", () => {
      4 | 	test.beforeEach(async ({ page }) => {
    > 5 | 		await page.goto("/");
        | 		           ^
      6 | 		await page.waitForLoadState("networkidle");
      7 | 	});
      8 |
        at D:\neonpro\tools\testing\e2e\tests\healthcare\compliance-workflows.spec.ts:5:14

    Retry #1 ───────────────────────────────────────────────────────────────────────────────────────

    Error: page.goto: Protocol error (Page.navigate): Cannot navigate to invalid URL
    Call log:
      - navigating to "/", waiting until "load"


      3 | test.describe("🏥 Healthcare Compliance Workflows", () => {
      4 | 	test.beforeEach(async ({ page }) => {
    > 5 | 		await page.goto("/");
        | 		           ^
      6 | 		await page.waitForLoadState("networkidle");
      7 | 	});
      8 |
        at D:\neonpro\tools\testing\e2e\tests\healthcare\compliance-workflows.spec.ts:5:14

    attachment #1: trace (application/zip) ─────────────────────────────────────────────────────────
    ..\..\..\..\e2e\test-results\healthcare-compliance-work-44806--Access-Override-procedures-chromium-desktop-retry1\trace.zip
    Usage:

        npx playwright show-trace ..\..\..\..\e2e\test-results\healthcare-compliance-work-44806--Access-Override-procedures-chromium-desktop-retry1\trace.zip

    ────────────────────────────────────────────────────────────────────────────────────────────────
]]>
</failure>
<system-out>
<![CDATA[
[[ATTACHMENT|..\test-results\healthcare-compliance-work-44806--Access-Override-procedures-chromium-desktop-retry1\trace.zip]]
]]>
</system-out>
</testcase>
<testcase name="[chromium-desktop] 🏥 Healthcare Compliance Workflows › Appointment Workflow: Complete healthcare journey" classname="healthcare\compliance-workflows.spec.ts" time="0.229">
<failure message="compliance-workflows.spec.ts:190:6 Appointment Workflow: Complete healthcare journey" type="FAILURE">
<![CDATA[  [chromium-desktop] › healthcare\compliance-workflows.spec.ts:190:6 › 🏥 Healthcare Compliance Workflows › Appointment Workflow: Complete healthcare journey 

    Error: page.goto: Protocol error (Page.navigate): Cannot navigate to invalid URL
    Call log:
      - navigating to "/", waiting until "load"


      3 | test.describe("🏥 Healthcare Compliance Workflows", () => {
      4 | 	test.beforeEach(async ({ page }) => {
    > 5 | 		await page.goto("/");
        | 		           ^
      6 | 		await page.waitForLoadState("networkidle");
      7 | 	});
      8 |
        at D:\neonpro\tools\testing\e2e\tests\healthcare\compliance-workflows.spec.ts:5:14

    Retry #1 ───────────────────────────────────────────────────────────────────────────────────────

    Error: page.goto: Protocol error (Page.navigate): Cannot navigate to invalid URL
    Call log:
      - navigating to "/", waiting until "load"


      3 | test.describe("🏥 Healthcare Compliance Workflows", () => {
      4 | 	test.beforeEach(async ({ page }) => {
    > 5 | 		await page.goto("/");
        | 		           ^
      6 | 		await page.waitForLoadState("networkidle");
      7 | 	});
      8 |
        at D:\neonpro\tools\testing\e2e\tests\healthcare\compliance-workflows.spec.ts:5:14

    attachment #1: trace (application/zip) ─────────────────────────────────────────────────────────
    ..\..\..\..\e2e\test-results\healthcare-compliance-work-9dd27-Complete-healthcare-journey-chromium-desktop-retry1\trace.zip
    Usage:

        npx playwright show-trace ..\..\..\..\e2e\test-results\healthcare-compliance-work-9dd27-Complete-healthcare-journey-chromium-desktop-retry1\trace.zip

    ────────────────────────────────────────────────────────────────────────────────────────────────
]]>
</failure>
<system-out>
<![CDATA[
[[ATTACHMENT|..\test-results\healthcare-compliance-work-9dd27-Complete-healthcare-journey-chromium-desktop-retry1\trace.zip]]
]]>
</system-out>
</testcase>
</testsuite>
<testsuite name="healthcare\emergency-access.spec.ts" timestamp="2025-08-23T06:21:35.562Z" hostname="chromium-desktop" tests="20" failures="20" skipped="0" time="4.288" errors="0">
<testcase name="[chromium-desktop] 🚨 Emergency Access - Critical E2E › ⚡ Emergency Login (&lt;10s) › should complete emergency login within 10 seconds" classname="healthcare\emergency-access.spec.ts" time="0.187">
<failure message="emergency-access.spec.ts:24:7 should complete emergency login within 10 seconds" type="FAILURE">
<![CDATA[  [chromium-desktop] › healthcare\emergency-access.spec.ts:24:7 › 🚨 Emergency Access - Critical E2E › ⚡ Emergency Login (<10s) › should complete emergency login within 10 seconds 

    Error: page.evaluate: SecurityError: Failed to read the 'localStorage' property from 'Window': Access is denied for this document.
        at UtilityScript.evaluate (<anonymous>:293:16)
        at UtilityScript.<anonymous> (<anonymous>:1:44)
        at UtilityScript.evaluate (<anonymous>:293:16)
        at UtilityScript.<anonymous> (<anonymous>:1:44)
        at D:\neonpro\tools\testing\e2e\tests\healthcare\emergency-access.spec.ts:18:14

    Retry #1 ───────────────────────────────────────────────────────────────────────────────────────

    Error: page.evaluate: SecurityError: Failed to read the 'localStorage' property from 'Window': Access is denied for this document.
        at UtilityScript.evaluate (<anonymous>:293:16)
        at UtilityScript.<anonymous> (<anonymous>:1:44)
        at UtilityScript.evaluate (<anonymous>:293:16)
        at UtilityScript.<anonymous> (<anonymous>:1:44)
        at D:\neonpro\tools\testing\e2e\tests\healthcare\emergency-access.spec.ts:18:14

    attachment #1: trace (application/zip) ─────────────────────────────────────────────────────────
    ..\..\..\..\e2e\test-results\healthcare-emergency-acces-72149-ncy-login-within-10-seconds-chromium-desktop-retry1\trace.zip
    Usage:

        npx playwright show-trace ..\..\..\..\e2e\test-results\healthcare-emergency-acces-72149-ncy-login-within-10-seconds-chromium-desktop-retry1\trace.zip

    ────────────────────────────────────────────────────────────────────────────────────────────────
]]>
</failure>
<system-out>
<![CDATA[
[[ATTACHMENT|..\test-results\healthcare-emergency-acces-72149-ncy-login-within-10-seconds-chromium-desktop-retry1\trace.zip]]
]]>
</system-out>
</testcase>
<testcase name="[chromium-desktop] 🚨 Emergency Access - Critical E2E › ⚡ Emergency Login (&lt;10s) › should handle life-threatening emergency access bypass" classname="healthcare\emergency-access.spec.ts" time="0.202">
<failure message="emergency-access.spec.ts:78:7 should handle life-threatening emergency access bypass" type="FAILURE">
<![CDATA[  [chromium-desktop] › healthcare\emergency-access.spec.ts:78:7 › 🚨 Emergency Access - Critical E2E › ⚡ Emergency Login (<10s) › should handle life-threatening emergency access bypass 

    Error: page.evaluate: SecurityError: Failed to read the 'localStorage' property from 'Window': Access is denied for this document.
        at UtilityScript.evaluate (<anonymous>:293:16)
        at UtilityScript.<anonymous> (<anonymous>:1:44)
        at UtilityScript.evaluate (<anonymous>:293:16)
        at UtilityScript.<anonymous> (<anonymous>:1:44)
        at D:\neonpro\tools\testing\e2e\tests\healthcare\emergency-access.spec.ts:18:14

    Retry #1 ───────────────────────────────────────────────────────────────────────────────────────

    Error: page.evaluate: SecurityError: Failed to read the 'localStorage' property from 'Window': Access is denied for this document.
        at UtilityScript.evaluate (<anonymous>:293:16)
        at UtilityScript.<anonymous> (<anonymous>:1:44)
        at UtilityScript.evaluate (<anonymous>:293:16)
        at UtilityScript.<anonymous> (<anonymous>:1:44)
        at D:\neonpro\tools\testing\e2e\tests\healthcare\emergency-access.spec.ts:18:14

    attachment #1: trace (application/zip) ─────────────────────────────────────────────────────────
    ..\..\..\..\e2e\test-results\healthcare-emergency-acces-44e14-ing-emergency-access-bypass-chromium-desktop-retry1\trace.zip
    Usage:

        npx playwright show-trace ..\..\..\..\e2e\test-results\healthcare-emergency-acces-44e14-ing-emergency-access-bypass-chromium-desktop-retry1\trace.zip

    ────────────────────────────────────────────────────────────────────────────────────────────────
]]>
</failure>
<system-out>
<![CDATA[
[[ATTACHMENT|..\test-results\healthcare-emergency-acces-44e14-ing-emergency-access-bypass-chromium-desktop-retry1\trace.zip]]
]]>
</system-out>
</testcase>
<testcase name="[chromium-desktop] 🚨 Emergency Access - Critical E2E › ⚡ Emergency Login (&lt;10s) › should bypass normal authentication restrictions in emergency mode" classname="healthcare\emergency-access.spec.ts" time="0.195">
<failure message="emergency-access.spec.ts:132:7 should bypass normal authentication restrictions in emergency mode" type="FAILURE">
<![CDATA[  [chromium-desktop] › healthcare\emergency-access.spec.ts:132:7 › 🚨 Emergency Access - Critical E2E › ⚡ Emergency Login (<10s) › should bypass normal authentication restrictions in emergency mode 

    Error: page.evaluate: SecurityError: Failed to read the 'localStorage' property from 'Window': Access is denied for this document.
        at UtilityScript.evaluate (<anonymous>:293:16)
        at UtilityScript.<anonymous> (<anonymous>:1:44)
        at UtilityScript.evaluate (<anonymous>:293:16)
        at UtilityScript.<anonymous> (<anonymous>:1:44)
        at D:\neonpro\tools\testing\e2e\tests\healthcare\emergency-access.spec.ts:18:14

    Retry #1 ───────────────────────────────────────────────────────────────────────────────────────

    Error: page.evaluate: SecurityError: Failed to read the 'localStorage' property from 'Window': Access is denied for this document.
        at UtilityScript.evaluate (<anonymous>:293:16)
        at UtilityScript.<anonymous> (<anonymous>:1:44)
        at UtilityScript.evaluate (<anonymous>:293:16)
        at UtilityScript.<anonymous> (<anonymous>:1:44)
        at D:\neonpro\tools\testing\e2e\tests\healthcare\emergency-access.spec.ts:18:14

    attachment #1: trace (application/zip) ─────────────────────────────────────────────────────────
    ..\..\..\..\e2e\test-results\healthcare-emergency-acces-38287-trictions-in-emergency-mode-chromium-desktop-retry1\trace.zip
    Usage:

        npx playwright show-trace ..\..\..\..\e2e\test-results\healthcare-emergency-acces-38287-trictions-in-emergency-mode-chromium-desktop-retry1\trace.zip

    ────────────────────────────────────────────────────────────────────────────────────────────────
]]>
</failure>
<system-out>
<![CDATA[
[[ATTACHMENT|..\test-results\healthcare-emergency-acces-38287-trictions-in-emergency-mode-chromium-desktop-retry1\trace.zip]]
]]>
</system-out>
</testcase>
<testcase name="[chromium-desktop] 🚨 Emergency Access - Critical E2E › ⚡ Emergency Login (&lt;10s) › should validate emergency credentials and prevent abuse" classname="healthcare\emergency-access.spec.ts" time="0.247">
<failure message="emergency-access.spec.ts:167:7 should validate emergency credentials and prevent abuse" type="FAILURE">
<![CDATA[  [chromium-desktop] › healthcare\emergency-access.spec.ts:167:7 › 🚨 Emergency Access - Critical E2E › ⚡ Emergency Login (<10s) › should validate emergency credentials and prevent abuse 

    Error: page.evaluate: SecurityError: Failed to read the 'localStorage' property from 'Window': Access is denied for this document.
        at UtilityScript.evaluate (<anonymous>:293:16)
        at UtilityScript.<anonymous> (<anonymous>:1:44)
        at UtilityScript.evaluate (<anonymous>:293:16)
        at UtilityScript.<anonymous> (<anonymous>:1:44)
        at D:\neonpro\tools\testing\e2e\tests\healthcare\emergency-access.spec.ts:18:14

    Retry #1 ───────────────────────────────────────────────────────────────────────────────────────

    Error: page.evaluate: SecurityError: Failed to read the 'localStorage' property from 'Window': Access is denied for this document.
        at UtilityScript.evaluate (<anonymous>:293:16)
        at UtilityScript.<anonymous> (<anonymous>:1:44)
        at UtilityScript.evaluate (<anonymous>:293:16)
        at UtilityScript.<anonymous> (<anonymous>:1:44)
        at D:\neonpro\tools\testing\e2e\tests\healthcare\emergency-access.spec.ts:18:14

    attachment #1: trace (application/zip) ─────────────────────────────────────────────────────────
    ..\..\..\..\e2e\test-results\healthcare-emergency-acces-c7987-edentials-and-prevent-abuse-chromium-desktop-retry1\trace.zip
    Usage:

        npx playwright show-trace ..\..\..\..\e2e\test-results\healthcare-emergency-acces-c7987-edentials-and-prevent-abuse-chromium-desktop-retry1\trace.zip

    ────────────────────────────────────────────────────────────────────────────────────────────────
]]>
</failure>
<system-out>
<![CDATA[
[[ATTACHMENT|..\test-results\healthcare-emergency-acces-c7987-edentials-and-prevent-abuse-chromium-desktop-retry1\trace.zip]]
]]>
</system-out>
</testcase>
<testcase name="[chromium-desktop] 🚨 Emergency Access - Critical E2E › 🔍 Critical Data Access › should provide immediate access to critical patient data" classname="healthcare\emergency-access.spec.ts" time="0.228">
<failure message="emergency-access.spec.ts:205:7 should provide immediate access to critical patient data" type="FAILURE">
<![CDATA[  [chromium-desktop] › healthcare\emergency-access.spec.ts:205:7 › 🚨 Emergency Access - Critical E2E › 🔍 Critical Data Access › should provide immediate access to critical patient data 

    Error: page.evaluate: SecurityError: Failed to read the 'localStorage' property from 'Window': Access is denied for this document.
        at UtilityScript.evaluate (<anonymous>:293:16)
        at UtilityScript.<anonymous> (<anonymous>:1:44)
        at UtilityScript.evaluate (<anonymous>:293:16)
        at UtilityScript.<anonymous> (<anonymous>:1:44)
        at D:\neonpro\tools\testing\e2e\tests\healthcare\emergency-access.spec.ts:18:14

    Retry #1 ───────────────────────────────────────────────────────────────────────────────────────

    Error: page.evaluate: SecurityError: Failed to read the 'localStorage' property from 'Window': Access is denied for this document.
        at UtilityScript.evaluate (<anonymous>:293:16)
        at UtilityScript.<anonymous> (<anonymous>:1:44)
        at UtilityScript.evaluate (<anonymous>:293:16)
        at UtilityScript.<anonymous> (<anonymous>:1:44)
        at D:\neonpro\tools\testing\e2e\tests\healthcare\emergency-access.spec.ts:18:14

    attachment #1: trace (application/zip) ─────────────────────────────────────────────────────────
    ..\..\..\..\e2e\test-results\healthcare-emergency-acces-9472f-ss-to-critical-patient-data-chromium-desktop-retry1\trace.zip
    Usage:

        npx playwright show-trace ..\..\..\..\e2e\test-results\healthcare-emergency-acces-9472f-ss-to-critical-patient-data-chromium-desktop-retry1\trace.zip

    ────────────────────────────────────────────────────────────────────────────────────────────────
]]>
</failure>
<system-out>
<![CDATA[
[[ATTACHMENT|..\test-results\healthcare-emergency-acces-9472f-ss-to-critical-patient-data-chromium-desktop-retry1\trace.zip]]
]]>
</system-out>
</testcase>
<testcase name="[chromium-desktop] 🚨 Emergency Access - Critical E2E › 🔍 Critical Data Access › should provide rapid patient data access in emergency mode" classname="healthcare\emergency-access.spec.ts" time="0.208">
<failure message="emergency-access.spec.ts:260:7 should provide rapid patient data access in emergency mode" type="FAILURE">
<![CDATA[  [chromium-desktop] › healthcare\emergency-access.spec.ts:260:7 › 🚨 Emergency Access - Critical E2E › 🔍 Critical Data Access › should provide rapid patient data access in emergency mode 

    Error: page.evaluate: SecurityError: Failed to read the 'localStorage' property from 'Window': Access is denied for this document.
        at UtilityScript.evaluate (<anonymous>:293:16)
        at UtilityScript.<anonymous> (<anonymous>:1:44)
        at UtilityScript.evaluate (<anonymous>:293:16)
        at UtilityScript.<anonymous> (<anonymous>:1:44)
        at D:\neonpro\tools\testing\e2e\tests\healthcare\emergency-access.spec.ts:18:14

    Retry #1 ───────────────────────────────────────────────────────────────────────────────────────

    Error: page.evaluate: SecurityError: Failed to read the 'localStorage' property from 'Window': Access is denied for this document.
        at UtilityScript.evaluate (<anonymous>:293:16)
        at UtilityScript.<anonymous> (<anonymous>:1:44)
        at UtilityScript.evaluate (<anonymous>:293:16)
        at UtilityScript.<anonymous> (<anonymous>:1:44)
        at D:\neonpro\tools\testing\e2e\tests\healthcare\emergency-access.spec.ts:18:14

    attachment #1: trace (application/zip) ─────────────────────────────────────────────────────────
    ..\..\..\..\e2e\test-results\healthcare-emergency-acces-270b8-ta-access-in-emergency-mode-chromium-desktop-retry1\trace.zip
    Usage:

        npx playwright show-trace ..\..\..\..\e2e\test-results\healthcare-emergency-acces-270b8-ta-access-in-emergency-mode-chromium-desktop-retry1\trace.zip

    ────────────────────────────────────────────────────────────────────────────────────────────────
]]>
</failure>
<system-out>
<![CDATA[
[[ATTACHMENT|..\test-results\healthcare-emergency-acces-270b8-ta-access-in-emergency-mode-chromium-desktop-retry1\trace.zip]]
]]>
</system-out>
</testcase>
<testcase name="[chromium-desktop] 🚨 Emergency Access - Critical E2E › 🔍 Critical Data Access › should display patient allergies and contraindications prominently" classname="healthcare\emergency-access.spec.ts" time="0.19">
<failure message="emergency-access.spec.ts:326:7 should display patient allergies and contraindications prominently" type="FAILURE">
<![CDATA[  [chromium-desktop] › healthcare\emergency-access.spec.ts:326:7 › 🚨 Emergency Access - Critical E2E › 🔍 Critical Data Access › should display patient allergies and contraindications prominently 

    Error: page.evaluate: SecurityError: Failed to read the 'localStorage' property from 'Window': Access is denied for this document.
        at UtilityScript.evaluate (<anonymous>:293:16)
        at UtilityScript.<anonymous> (<anonymous>:1:44)
        at UtilityScript.evaluate (<anonymous>:293:16)
        at UtilityScript.<anonymous> (<anonymous>:1:44)
        at D:\neonpro\tools\testing\e2e\tests\healthcare\emergency-access.spec.ts:18:14

    Retry #1 ───────────────────────────────────────────────────────────────────────────────────────

    Error: page.evaluate: SecurityError: Failed to read the 'localStorage' property from 'Window': Access is denied for this document.
        at UtilityScript.evaluate (<anonymous>:293:16)
        at UtilityScript.<anonymous> (<anonymous>:1:44)
        at UtilityScript.evaluate (<anonymous>:293:16)
        at UtilityScript.<anonymous> (<anonymous>:1:44)
        at D:\neonpro\tools\testing\e2e\tests\healthcare\emergency-access.spec.ts:18:14

    attachment #1: trace (application/zip) ─────────────────────────────────────────────────────────
    ..\..\..\..\e2e\test-results\healthcare-emergency-acces-cd67f-ntraindications-prominently-chromium-desktop-retry1\trace.zip
    Usage:

        npx playwright show-trace ..\..\..\..\e2e\test-results\healthcare-emergency-acces-cd67f-ntraindications-prominently-chromium-desktop-retry1\trace.zip

    ────────────────────────────────────────────────────────────────────────────────────────────────
]]>
</failure>
<system-out>
<![CDATA[
[[ATTACHMENT|..\test-results\healthcare-emergency-acces-cd67f-ntraindications-prominently-chromium-desktop-retry1\trace.zip]]
]]>
</system-out>
</testcase>
<testcase name="[chromium-desktop] 🚨 Emergency Access - Critical E2E › 🔍 Critical Data Access › should show current medications and dosages" classname="healthcare\emergency-access.spec.ts" time="0.222">
<failure message="emergency-access.spec.ts:372:7 should show current medications and dosages" type="FAILURE">
<![CDATA[  [chromium-desktop] › healthcare\emergency-access.spec.ts:372:7 › 🚨 Emergency Access - Critical E2E › 🔍 Critical Data Access › should show current medications and dosages 

    Error: page.evaluate: SecurityError: Failed to read the 'localStorage' property from 'Window': Access is denied for this document.
        at UtilityScript.evaluate (<anonymous>:293:16)
        at UtilityScript.<anonymous> (<anonymous>:1:44)
        at UtilityScript.evaluate (<anonymous>:293:16)
        at UtilityScript.<anonymous> (<anonymous>:1:44)
        at D:\neonpro\tools\testing\e2e\tests\healthcare\emergency-access.spec.ts:18:14

    Retry #1 ───────────────────────────────────────────────────────────────────────────────────────

    Error: page.evaluate: SecurityError: Failed to read the 'localStorage' property from 'Window': Access is denied for this document.
        at UtilityScript.evaluate (<anonymous>:293:16)
        at UtilityScript.<anonymous> (<anonymous>:1:44)
        at UtilityScript.evaluate (<anonymous>:293:16)
        at UtilityScript.<anonymous> (<anonymous>:1:44)
        at D:\neonpro\tools\testing\e2e\tests\healthcare\emergency-access.spec.ts:18:14

    attachment #1: trace (application/zip) ─────────────────────────────────────────────────────────
    ..\..\..\..\e2e\test-results\healthcare-emergency-acces-9b4b6-ent-medications-and-dosages-chromium-desktop-retry1\trace.zip
    Usage:

        npx playwright show-trace ..\..\..\..\e2e\test-results\healthcare-emergency-acces-9b4b6-ent-medications-and-dosages-chromium-desktop-retry1\trace.zip

    ────────────────────────────────────────────────────────────────────────────────────────────────
]]>
</failure>
<system-out>
<![CDATA[
[[ATTACHMENT|..\test-results\healthcare-emergency-acces-9b4b6-ent-medications-and-dosages-chromium-desktop-retry1\trace.zip]]
]]>
</system-out>
</testcase>
<testcase name="[chromium-desktop] 🚨 Emergency Access - Critical E2E › 💊 Emergency Prescription Authorization › should handle emergency prescription authorization" classname="healthcare\emergency-access.spec.ts" time="0.216">
<failure message="emergency-access.spec.ts:423:7 should handle emergency prescription authorization" type="FAILURE">
<![CDATA[  [chromium-desktop] › healthcare\emergency-access.spec.ts:423:7 › 🚨 Emergency Access - Critical E2E › 💊 Emergency Prescription Authorization › should handle emergency prescription authorization 

    Error: page.evaluate: SecurityError: Failed to read the 'localStorage' property from 'Window': Access is denied for this document.
        at UtilityScript.evaluate (<anonymous>:293:16)
        at UtilityScript.<anonymous> (<anonymous>:1:44)
        at UtilityScript.evaluate (<anonymous>:293:16)
        at UtilityScript.<anonymous> (<anonymous>:1:44)
        at D:\neonpro\tools\testing\e2e\tests\healthcare\emergency-access.spec.ts:18:14

    Retry #1 ───────────────────────────────────────────────────────────────────────────────────────

    Error: page.evaluate: SecurityError: Failed to read the 'localStorage' property from 'Window': Access is denied for this document.
        at UtilityScript.evaluate (<anonymous>:293:16)
        at UtilityScript.<anonymous> (<anonymous>:1:44)
        at UtilityScript.evaluate (<anonymous>:293:16)
        at UtilityScript.<anonymous> (<anonymous>:1:44)
        at D:\neonpro\tools\testing\e2e\tests\healthcare\emergency-access.spec.ts:18:14

    attachment #1: trace (application/zip) ─────────────────────────────────────────────────────────
    ..\..\..\..\e2e\test-results\healthcare-emergency-acces-41ffb--prescription-authorization-chromium-desktop-retry1\trace.zip
    Usage:

        npx playwright show-trace ..\..\..\..\e2e\test-results\healthcare-emergency-acces-41ffb--prescription-authorization-chromium-desktop-retry1\trace.zip

    ────────────────────────────────────────────────────────────────────────────────────────────────
]]>
</failure>
<system-out>
<![CDATA[
[[ATTACHMENT|..\test-results\healthcare-emergency-acces-41ffb--prescription-authorization-chromium-desktop-retry1\trace.zip]]
]]>
</system-out>
</testcase>
<testcase name="[chromium-desktop] 🚨 Emergency Access - Critical E2E › 📋 Audit Trail Logging › should log all emergency access events" classname="healthcare\emergency-access.spec.ts" time="0.211">
<failure message="emergency-access.spec.ts:507:7 should log all emergency access events" type="FAILURE">
<![CDATA[  [chromium-desktop] › healthcare\emergency-access.spec.ts:507:7 › 🚨 Emergency Access - Critical E2E › 📋 Audit Trail Logging › should log all emergency access events 

    Error: page.evaluate: SecurityError: Failed to read the 'localStorage' property from 'Window': Access is denied for this document.
        at UtilityScript.evaluate (<anonymous>:293:16)
        at UtilityScript.<anonymous> (<anonymous>:1:44)
        at UtilityScript.evaluate (<anonymous>:293:16)
        at UtilityScript.<anonymous> (<anonymous>:1:44)
        at D:\neonpro\tools\testing\e2e\tests\healthcare\emergency-access.spec.ts:18:14

    Retry #1 ───────────────────────────────────────────────────────────────────────────────────────

    Error: page.evaluate: SecurityError: Failed to read the 'localStorage' property from 'Window': Access is denied for this document.
        at UtilityScript.evaluate (<anonymous>:293:16)
        at UtilityScript.<anonymous> (<anonymous>:1:44)
        at UtilityScript.evaluate (<anonymous>:293:16)
        at UtilityScript.<anonymous> (<anonymous>:1:44)
        at D:\neonpro\tools\testing\e2e\tests\healthcare\emergency-access.spec.ts:18:14

    attachment #1: trace (application/zip) ─────────────────────────────────────────────────────────
    ..\..\..\..\e2e\test-results\healthcare-emergency-acces-3940c-all-emergency-access-events-chromium-desktop-retry1\trace.zip
    Usage:

        npx playwright show-trace ..\..\..\..\e2e\test-results\healthcare-emergency-acces-3940c-all-emergency-access-events-chromium-desktop-retry1\trace.zip

    ────────────────────────────────────────────────────────────────────────────────────────────────
]]>
</failure>
<system-out>
<![CDATA[
[[ATTACHMENT|..\test-results\healthcare-emergency-acces-3940c-all-emergency-access-events-chromium-desktop-retry1\trace.zip]]
]]>
</system-out>
</testcase>
<testcase name="[chromium-desktop] 🚨 Emergency Access - Critical E2E › 📋 Audit Trail Logging › should require justification for emergency access" classname="healthcare\emergency-access.spec.ts" time="0.21">
<failure message="emergency-access.spec.ts:546:7 should require justification for emergency access" type="FAILURE">
<![CDATA[  [chromium-desktop] › healthcare\emergency-access.spec.ts:546:7 › 🚨 Emergency Access - Critical E2E › 📋 Audit Trail Logging › should require justification for emergency access 

    Error: page.evaluate: SecurityError: Failed to read the 'localStorage' property from 'Window': Access is denied for this document.
        at UtilityScript.evaluate (<anonymous>:293:16)
        at UtilityScript.<anonymous> (<anonymous>:1:44)
        at UtilityScript.evaluate (<anonymous>:293:16)
        at UtilityScript.<anonymous> (<anonymous>:1:44)
        at D:\neonpro\tools\testing\e2e\tests\healthcare\emergency-access.spec.ts:18:14

    Retry #1 ───────────────────────────────────────────────────────────────────────────────────────

    Error: page.evaluate: SecurityError: Failed to read the 'localStorage' property from 'Window': Access is denied for this document.
        at UtilityScript.evaluate (<anonymous>:293:16)
        at UtilityScript.<anonymous> (<anonymous>:1:44)
        at UtilityScript.evaluate (<anonymous>:293:16)
        at UtilityScript.<anonymous> (<anonymous>:1:44)
        at D:\neonpro\tools\testing\e2e\tests\healthcare\emergency-access.spec.ts:18:14

    attachment #1: trace (application/zip) ─────────────────────────────────────────────────────────
    ..\..\..\..\e2e\test-results\healthcare-emergency-acces-a376c-cation-for-emergency-access-chromium-desktop-retry1\trace.zip
    Usage:

        npx playwright show-trace ..\..\..\..\e2e\test-results\healthcare-emergency-acces-a376c-cation-for-emergency-access-chromium-desktop-retry1\trace.zip

    ────────────────────────────────────────────────────────────────────────────────────────────────
]]>
</failure>
<system-out>
<![CDATA[
[[ATTACHMENT|..\test-results\healthcare-emergency-acces-a376c-cation-for-emergency-access-chromium-desktop-retry1\trace.zip]]
]]>
</system-out>
</testcase>
<testcase name="[chromium-desktop] 🚨 Emergency Access - Critical E2E › 📋 Audit Trail Logging › should generate comprehensive emergency audit logs" classname="healthcare\emergency-access.spec.ts" time="0.246">
<failure message="emergency-access.spec.ts:599:7 should generate comprehensive emergency audit logs" type="FAILURE">
<![CDATA[  [chromium-desktop] › healthcare\emergency-access.spec.ts:599:7 › 🚨 Emergency Access - Critical E2E › 📋 Audit Trail Logging › should generate comprehensive emergency audit logs 

    Error: page.evaluate: SecurityError: Failed to read the 'localStorage' property from 'Window': Access is denied for this document.
        at UtilityScript.evaluate (<anonymous>:293:16)
        at UtilityScript.<anonymous> (<anonymous>:1:44)
        at UtilityScript.evaluate (<anonymous>:293:16)
        at UtilityScript.<anonymous> (<anonymous>:1:44)
        at D:\neonpro\tools\testing\e2e\tests\healthcare\emergency-access.spec.ts:18:14

    Retry #1 ───────────────────────────────────────────────────────────────────────────────────────

    Error: page.evaluate: SecurityError: Failed to read the 'localStorage' property from 'Window': Access is denied for this document.
        at UtilityScript.evaluate (<anonymous>:293:16)
        at UtilityScript.<anonymous> (<anonymous>:1:44)
        at UtilityScript.evaluate (<anonymous>:293:16)
        at UtilityScript.<anonymous> (<anonymous>:1:44)
        at D:\neonpro\tools\testing\e2e\tests\healthcare\emergency-access.spec.ts:18:14

    attachment #1: trace (application/zip) ─────────────────────────────────────────────────────────
    ..\..\..\..\e2e\test-results\healthcare-emergency-acces-206f2-ensive-emergency-audit-logs-chromium-desktop-retry1\trace.zip
    Usage:

        npx playwright show-trace ..\..\..\..\e2e\test-results\healthcare-emergency-acces-206f2-ensive-emergency-audit-logs-chromium-desktop-retry1\trace.zip

    ────────────────────────────────────────────────────────────────────────────────────────────────
]]>
</failure>
<system-out>
<![CDATA[
[[ATTACHMENT|..\test-results\healthcare-emergency-acces-206f2-ensive-emergency-audit-logs-chromium-desktop-retry1\trace.zip]]
]]>
</system-out>
</testcase>
<testcase name="[chromium-desktop] 🚨 Emergency Access - Critical E2E › 📋 Audit Trail Logging › should maintain audit integrity and prevent tampering" classname="healthcare\emergency-access.spec.ts" time="0.233">
<failure message="emergency-access.spec.ts:676:7 should maintain audit integrity and prevent tampering" type="FAILURE">
<![CDATA[  [chromium-desktop] › healthcare\emergency-access.spec.ts:676:7 › 🚨 Emergency Access - Critical E2E › 📋 Audit Trail Logging › should maintain audit integrity and prevent tampering 

    Error: page.evaluate: SecurityError: Failed to read the 'localStorage' property from 'Window': Access is denied for this document.
        at UtilityScript.evaluate (<anonymous>:293:16)
        at UtilityScript.<anonymous> (<anonymous>:1:44)
        at UtilityScript.evaluate (<anonymous>:293:16)
        at UtilityScript.<anonymous> (<anonymous>:1:44)
        at D:\neonpro\tools\testing\e2e\tests\healthcare\emergency-access.spec.ts:18:14

    Retry #1 ───────────────────────────────────────────────────────────────────────────────────────

    Error: page.evaluate: SecurityError: Failed to read the 'localStorage' property from 'Window': Access is denied for this document.
        at UtilityScript.evaluate (<anonymous>:293:16)
        at UtilityScript.<anonymous> (<anonymous>:1:44)
        at UtilityScript.evaluate (<anonymous>:293:16)
        at UtilityScript.<anonymous> (<anonymous>:1:44)
        at D:\neonpro\tools\testing\e2e\tests\healthcare\emergency-access.spec.ts:18:14

    attachment #1: trace (application/zip) ─────────────────────────────────────────────────────────
    ..\..\..\..\e2e\test-results\healthcare-emergency-acces-659e0-grity-and-prevent-tampering-chromium-desktop-retry1\trace.zip
    Usage:

        npx playwright show-trace ..\..\..\..\e2e\test-results\healthcare-emergency-acces-659e0-grity-and-prevent-tampering-chromium-desktop-retry1\trace.zip

    ────────────────────────────────────────────────────────────────────────────────────────────────
]]>
</failure>
<system-out>
<![CDATA[
[[ATTACHMENT|..\test-results\healthcare-emergency-acces-659e0-grity-and-prevent-tampering-chromium-desktop-retry1\trace.zip]]
]]>
</system-out>
</testcase>
<testcase name="[chromium-desktop] 🚨 Emergency Access - Critical E2E › ⏱️ Performance &amp; Reliability › should handle concurrent emergency access requests" classname="healthcare\emergency-access.spec.ts" time="0.203">
<failure message="emergency-access.spec.ts:738:7 should handle concurrent emergency access requests" type="FAILURE">
<![CDATA[  [chromium-desktop] › healthcare\emergency-access.spec.ts:738:7 › 🚨 Emergency Access - Critical E2E › ⏱️ Performance & Reliability › should handle concurrent emergency access requests 

    Error: page.evaluate: SecurityError: Failed to read the 'localStorage' property from 'Window': Access is denied for this document.
        at UtilityScript.evaluate (<anonymous>:293:16)
        at UtilityScript.<anonymous> (<anonymous>:1:44)
        at UtilityScript.evaluate (<anonymous>:293:16)
        at UtilityScript.<anonymous> (<anonymous>:1:44)
        at D:\neonpro\tools\testing\e2e\tests\healthcare\emergency-access.spec.ts:18:14

    Retry #1 ───────────────────────────────────────────────────────────────────────────────────────

    Error: page.evaluate: SecurityError: Failed to read the 'localStorage' property from 'Window': Access is denied for this document.
        at UtilityScript.evaluate (<anonymous>:293:16)
        at UtilityScript.<anonymous> (<anonymous>:1:44)
        at UtilityScript.evaluate (<anonymous>:293:16)
        at UtilityScript.<anonymous> (<anonymous>:1:44)
        at D:\neonpro\tools\testing\e2e\tests\healthcare\emergency-access.spec.ts:18:14

    attachment #1: trace (application/zip) ─────────────────────────────────────────────────────────
    ..\..\..\..\e2e\test-results\healthcare-emergency-acces-4f0c2-t-emergency-access-requests-chromium-desktop-retry1\trace.zip
    Usage:

        npx playwright show-trace ..\..\..\..\e2e\test-results\healthcare-emergency-acces-4f0c2-t-emergency-access-requests-chromium-desktop-retry1\trace.zip

    ────────────────────────────────────────────────────────────────────────────────────────────────
]]>
</failure>
<system-out>
<![CDATA[
[[ATTACHMENT|..\test-results\healthcare-emergency-acces-4f0c2-t-emergency-access-requests-chromium-desktop-retry1\trace.zip]]
]]>
</system-out>
</testcase>
<testcase name="[chromium-desktop] 🚨 Emergency Access - Critical E2E › ⏱️ Performance &amp; Reliability › should maintain performance under emergency conditions" classname="healthcare\emergency-access.spec.ts" time="0.209">
<failure message="emergency-access.spec.ts:788:7 should maintain performance under emergency conditions" type="FAILURE">
<![CDATA[  [chromium-desktop] › healthcare\emergency-access.spec.ts:788:7 › 🚨 Emergency Access - Critical E2E › ⏱️ Performance & Reliability › should maintain performance under emergency conditions 

    Error: page.evaluate: SecurityError: Failed to read the 'localStorage' property from 'Window': Access is denied for this document.
        at UtilityScript.evaluate (<anonymous>:293:16)
        at UtilityScript.<anonymous> (<anonymous>:1:44)
        at UtilityScript.evaluate (<anonymous>:293:16)
        at UtilityScript.<anonymous> (<anonymous>:1:44)
        at D:\neonpro\tools\testing\e2e\tests\healthcare\emergency-access.spec.ts:18:14

    Retry #1 ───────────────────────────────────────────────────────────────────────────────────────

    Error: page.evaluate: SecurityError: Failed to read the 'localStorage' property from 'Window': Access is denied for this document.
        at UtilityScript.evaluate (<anonymous>:293:16)
        at UtilityScript.<anonymous> (<anonymous>:1:44)
        at UtilityScript.evaluate (<anonymous>:293:16)
        at UtilityScript.<anonymous> (<anonymous>:1:44)
        at D:\neonpro\tools\testing\e2e\tests\healthcare\emergency-access.spec.ts:18:14

    attachment #1: trace (application/zip) ─────────────────────────────────────────────────────────
    ..\..\..\..\e2e\test-results\healthcare-emergency-acces-4c374--under-emergency-conditions-chromium-desktop-retry1\trace.zip
    Usage:

        npx playwright show-trace ..\..\..\..\e2e\test-results\healthcare-emergency-acces-4c374--under-emergency-conditions-chromium-desktop-retry1\trace.zip

    ────────────────────────────────────────────────────────────────────────────────────────────────
]]>
</failure>
<system-out>
<![CDATA[
[[ATTACHMENT|..\test-results\healthcare-emergency-acces-4c374--under-emergency-conditions-chromium-desktop-retry1\trace.zip]]
]]>
</system-out>
</testcase>
<testcase name="[chromium-desktop] 🚨 Emergency Access - Critical E2E › ⏱️ Performance &amp; Reliability › should handle system failures gracefully in emergency mode" classname="healthcare\emergency-access.spec.ts" time="0.229">
<failure message="emergency-access.spec.ts:851:7 should handle system failures gracefully in emergency mode" type="FAILURE">
<![CDATA[  [chromium-desktop] › healthcare\emergency-access.spec.ts:851:7 › 🚨 Emergency Access - Critical E2E › ⏱️ Performance & Reliability › should handle system failures gracefully in emergency mode 

    Error: page.evaluate: SecurityError: Failed to read the 'localStorage' property from 'Window': Access is denied for this document.
        at UtilityScript.evaluate (<anonymous>:293:16)
        at UtilityScript.<anonymous> (<anonymous>:1:44)
        at UtilityScript.evaluate (<anonymous>:293:16)
        at UtilityScript.<anonymous> (<anonymous>:1:44)
        at D:\neonpro\tools\testing\e2e\tests\healthcare\emergency-access.spec.ts:18:14

    Retry #1 ───────────────────────────────────────────────────────────────────────────────────────

    Error: page.evaluate: SecurityError: Failed to read the 'localStorage' property from 'Window': Access is denied for this document.
        at UtilityScript.evaluate (<anonymous>:293:16)
        at UtilityScript.<anonymous> (<anonymous>:1:44)
        at UtilityScript.evaluate (<anonymous>:293:16)
        at UtilityScript.<anonymous> (<anonymous>:1:44)
        at D:\neonpro\tools\testing\e2e\tests\healthcare\emergency-access.spec.ts:18:14

    attachment #1: trace (application/zip) ─────────────────────────────────────────────────────────
    ..\..\..\..\e2e\test-results\healthcare-emergency-acces-9e0cc-racefully-in-emergency-mode-chromium-desktop-retry1\trace.zip
    Usage:

        npx playwright show-trace ..\..\..\..\e2e\test-results\healthcare-emergency-acces-9e0cc-racefully-in-emergency-mode-chromium-desktop-retry1\trace.zip

    ────────────────────────────────────────────────────────────────────────────────────────────────
]]>
</failure>
<system-out>
<![CDATA[
[[ATTACHMENT|..\test-results\healthcare-emergency-acces-9e0cc-racefully-in-emergency-mode-chromium-desktop-retry1\trace.zip]]
]]>
</system-out>
</testcase>
<testcase name="[chromium-desktop] 🚨 Emergency Access - Critical E2E › 🔒 Security &amp; Compliance › should enforce emergency access time limits" classname="healthcare\emergency-access.spec.ts" time="0.221">
<failure message="emergency-access.spec.ts:906:7 should enforce emergency access time limits" type="FAILURE">
<![CDATA[  [chromium-desktop] › healthcare\emergency-access.spec.ts:906:7 › 🚨 Emergency Access - Critical E2E › 🔒 Security & Compliance › should enforce emergency access time limits 

    Error: page.evaluate: SecurityError: Failed to read the 'localStorage' property from 'Window': Access is denied for this document.
        at UtilityScript.evaluate (<anonymous>:293:16)
        at UtilityScript.<anonymous> (<anonymous>:1:44)
        at UtilityScript.evaluate (<anonymous>:293:16)
        at UtilityScript.<anonymous> (<anonymous>:1:44)
        at D:\neonpro\tools\testing\e2e\tests\healthcare\emergency-access.spec.ts:18:14

    Retry #1 ───────────────────────────────────────────────────────────────────────────────────────

    Error: page.evaluate: SecurityError: Failed to read the 'localStorage' property from 'Window': Access is denied for this document.
        at UtilityScript.evaluate (<anonymous>:293:16)
        at UtilityScript.<anonymous> (<anonymous>:1:44)
        at UtilityScript.evaluate (<anonymous>:293:16)
        at UtilityScript.<anonymous> (<anonymous>:1:44)
        at D:\neonpro\tools\testing\e2e\tests\healthcare\emergency-access.spec.ts:18:14

    attachment #1: trace (application/zip) ─────────────────────────────────────────────────────────
    ..\..\..\..\e2e\test-results\healthcare-emergency-acces-f46c7-mergency-access-time-limits-chromium-desktop-retry1\trace.zip
    Usage:

        npx playwright show-trace ..\..\..\..\e2e\test-results\healthcare-emergency-acces-f46c7-mergency-access-time-limits-chromium-desktop-retry1\trace.zip

    ────────────────────────────────────────────────────────────────────────────────────────────────
]]>
</failure>
<system-out>
<![CDATA[
[[ATTACHMENT|..\test-results\healthcare-emergency-acces-f46c7-mergency-access-time-limits-chromium-desktop-retry1\trace.zip]]
]]>
</system-out>
</testcase>
<testcase name="[chromium-desktop] 🚨 Emergency Access - Critical E2E › 🔒 Security &amp; Compliance › should enforce emergency session time limits and auto-logout" classname="healthcare\emergency-access.spec.ts" time="0.201">
<failure message="emergency-access.spec.ts:937:7 should enforce emergency session time limits and auto-logout" type="FAILURE">
<![CDATA[  [chromium-desktop] › healthcare\emergency-access.spec.ts:937:7 › 🚨 Emergency Access - Critical E2E › 🔒 Security & Compliance › should enforce emergency session time limits and auto-logout 

    Error: page.evaluate: SecurityError: Failed to read the 'localStorage' property from 'Window': Access is denied for this document.
        at UtilityScript.evaluate (<anonymous>:293:16)
        at UtilityScript.<anonymous> (<anonymous>:1:44)
        at UtilityScript.evaluate (<anonymous>:293:16)
        at UtilityScript.<anonymous> (<anonymous>:1:44)
        at D:\neonpro\tools\testing\e2e\tests\healthcare\emergency-access.spec.ts:18:14

    Retry #1 ───────────────────────────────────────────────────────────────────────────────────────

    Error: page.evaluate: SecurityError: Failed to read the 'localStorage' property from 'Window': Access is denied for this document.
        at UtilityScript.evaluate (<anonymous>:293:16)
        at UtilityScript.<anonymous> (<anonymous>:1:44)
        at UtilityScript.evaluate (<anonymous>:293:16)
        at UtilityScript.<anonymous> (<anonymous>:1:44)
        at D:\neonpro\tools\testing\e2e\tests\healthcare\emergency-access.spec.ts:18:14

    attachment #1: trace (application/zip) ─────────────────────────────────────────────────────────
    ..\..\..\..\e2e\test-results\healthcare-emergency-acces-fb593-time-limits-and-auto-logout-chromium-desktop-retry1\trace.zip
    Usage:

        npx playwright show-trace ..\..\..\..\e2e\test-results\healthcare-emergency-acces-fb593-time-limits-and-auto-logout-chromium-desktop-retry1\trace.zip

    ────────────────────────────────────────────────────────────────────────────────────────────────
]]>
</failure>
<system-out>
<![CDATA[
[[ATTACHMENT|..\test-results\healthcare-emergency-acces-fb593-time-limits-and-auto-logout-chromium-desktop-retry1\trace.zip]]
]]>
</system-out>
</testcase>
<testcase name="[chromium-desktop] 🚨 Emergency Access - Critical E2E › 🔒 Security &amp; Compliance › should automatically log out after emergency session expires" classname="healthcare\emergency-access.spec.ts" time="0.2">
<failure message="emergency-access.spec.ts:996:7 should automatically log out after emergency session expires" type="FAILURE">
<![CDATA[  [chromium-desktop] › healthcare\emergency-access.spec.ts:996:7 › 🚨 Emergency Access - Critical E2E › 🔒 Security & Compliance › should automatically log out after emergency session expires 

    Error: page.evaluate: SecurityError: Failed to read the 'localStorage' property from 'Window': Access is denied for this document.
        at UtilityScript.evaluate (<anonymous>:293:16)
        at UtilityScript.<anonymous> (<anonymous>:1:44)
        at UtilityScript.evaluate (<anonymous>:293:16)
        at UtilityScript.<anonymous> (<anonymous>:1:44)
        at D:\neonpro\tools\testing\e2e\tests\healthcare\emergency-access.spec.ts:18:14

    Retry #1 ───────────────────────────────────────────────────────────────────────────────────────

    Error: page.evaluate: SecurityError: Failed to read the 'localStorage' property from 'Window': Access is denied for this document.
        at UtilityScript.evaluate (<anonymous>:293:16)
        at UtilityScript.<anonymous> (<anonymous>:1:44)
        at UtilityScript.evaluate (<anonymous>:293:16)
        at UtilityScript.<anonymous> (<anonymous>:1:44)
        at D:\neonpro\tools\testing\e2e\tests\healthcare\emergency-access.spec.ts:18:14

    attachment #1: trace (application/zip) ─────────────────────────────────────────────────────────
    ..\..\..\..\e2e\test-results\healthcare-emergency-acces-c3616-r-emergency-session-expires-chromium-desktop-retry1\trace.zip
    Usage:

        npx playwright show-trace ..\..\..\..\e2e\test-results\healthcare-emergency-acces-c3616-r-emergency-session-expires-chromium-desktop-retry1\trace.zip

    ────────────────────────────────────────────────────────────────────────────────────────────────
]]>
</failure>
<system-out>
<![CDATA[
[[ATTACHMENT|..\test-results\healthcare-emergency-acces-c3616-r-emergency-session-expires-chromium-desktop-retry1\trace.zip]]
]]>
</system-out>
</testcase>
<testcase name="[chromium-desktop] 🚨 Emergency Access - Critical E2E › 🔒 Security &amp; Compliance › should handle multiple concurrent emergency sessions" classname="healthcare\emergency-access.spec.ts" time="0.23">
<failure message="emergency-access.spec.ts:1039:7 should handle multiple concurrent emergency sessions" type="FAILURE">
<![CDATA[  [chromium-desktop] › healthcare\emergency-access.spec.ts:1039:7 › 🚨 Emergency Access - Critical E2E › 🔒 Security & Compliance › should handle multiple concurrent emergency sessions 

    Error: page.evaluate: SecurityError: Failed to read the 'localStorage' property from 'Window': Access is denied for this document.
        at UtilityScript.evaluate (<anonymous>:293:16)
        at UtilityScript.<anonymous> (<anonymous>:1:44)
        at UtilityScript.evaluate (<anonymous>:293:16)
        at UtilityScript.<anonymous> (<anonymous>:1:44)
        at D:\neonpro\tools\testing\e2e\tests\healthcare\emergency-access.spec.ts:18:14

    Retry #1 ───────────────────────────────────────────────────────────────────────────────────────

    Error: page.evaluate: SecurityError: Failed to read the 'localStorage' property from 'Window': Access is denied for this document.
        at UtilityScript.evaluate (<anonymous>:293:16)
        at UtilityScript.<anonymous> (<anonymous>:1:44)
        at UtilityScript.evaluate (<anonymous>:293:16)
        at UtilityScript.<anonymous> (<anonymous>:1:44)
        at D:\neonpro\tools\testing\e2e\tests\healthcare\emergency-access.spec.ts:18:14

    attachment #1: trace (application/zip) ─────────────────────────────────────────────────────────
    ..\..\..\..\e2e\test-results\healthcare-emergency-acces-acbe8-ncurrent-emergency-sessions-chromium-desktop-retry1\trace.zip
    Usage:

        npx playwright show-trace ..\..\..\..\e2e\test-results\healthcare-emergency-acces-acbe8-ncurrent-emergency-sessions-chromium-desktop-retry1\trace.zip

    ────────────────────────────────────────────────────────────────────────────────────────────────
]]>
</failure>
<system-out>
<![CDATA[
[[ATTACHMENT|..\test-results\healthcare-emergency-acces-acbe8-ncurrent-emergency-sessions-chromium-desktop-retry1\trace.zip]]
]]>
</system-out>
</testcase>
</testsuite>
<testsuite name="healthcare\patient-registration.spec.ts" timestamp="2025-08-23T06:21:35.562Z" hostname="chromium-desktop" tests="19" failures="19" skipped="0" time="4.045" errors="0">
<testcase name="[chromium-desktop] 👥 Patient Registration - Critical E2E › 📝 Complete Registration with CPF Validation › should complete full patient registration with valid data" classname="healthcare\patient-registration.spec.ts" time="0.207">
<failure message="patient-registration.spec.ts:26:7 should complete full patient registration with valid data" type="FAILURE">
<![CDATA[  [chromium-desktop] › healthcare\patient-registration.spec.ts:26:7 › 👥 Patient Registration - Critical E2E › 📝 Complete Registration with CPF Validation › should complete full patient registration with valid data 

    Error: page.goto: Protocol error (Page.navigate): Cannot navigate to invalid URL
    Call log:
      - navigating to "/login", waiting until "load"


       9 | 	test.beforeEach(async ({ page }) => {
      10 | 		// Login as healthcare staff with patient registration permissions
    > 11 | 		await page.goto("/login");
         | 		           ^
      12 | 		await page.fill(
      13 | 			'[data-testid="email"], input[type="email"]',
      14 | 			"recepcionista@neonpro.com.br",
        at D:\neonpro\tools\testing\e2e\tests\healthcare\patient-registration.spec.ts:11:14

    Retry #1 ───────────────────────────────────────────────────────────────────────────────────────

    Error: page.goto: Protocol error (Page.navigate): Cannot navigate to invalid URL
    Call log:
      - navigating to "/login", waiting until "load"


       9 | 	test.beforeEach(async ({ page }) => {
      10 | 		// Login as healthcare staff with patient registration permissions
    > 11 | 		await page.goto("/login");
         | 		           ^
      12 | 		await page.fill(
      13 | 			'[data-testid="email"], input[type="email"]',
      14 | 			"recepcionista@neonpro.com.br",
        at D:\neonpro\tools\testing\e2e\tests\healthcare\patient-registration.spec.ts:11:14

    attachment #1: trace (application/zip) ─────────────────────────────────────────────────────────
    ..\..\..\..\e2e\test-results\healthcare-patient-registr-66e1d-egistration-with-valid-data-chromium-desktop-retry1\trace.zip
    Usage:

        npx playwright show-trace ..\..\..\..\e2e\test-results\healthcare-patient-registr-66e1d-egistration-with-valid-data-chromium-desktop-retry1\trace.zip

    ────────────────────────────────────────────────────────────────────────────────────────────────
]]>
</failure>
<system-out>
<![CDATA[
[[ATTACHMENT|..\test-results\healthcare-patient-registr-66e1d-egistration-with-valid-data-chromium-desktop-retry1\trace.zip]]
]]>
</system-out>
</testcase>
<testcase name="[chromium-desktop] 👥 Patient Registration - Critical E2E › 📝 Complete Registration with CPF Validation › should validate CPF format and prevent invalid CPF registration" classname="healthcare\patient-registration.spec.ts" time="0.189">
<failure message="patient-registration.spec.ts:127:7 should validate CPF format and prevent invalid CPF registration" type="FAILURE">
<![CDATA[  [chromium-desktop] › healthcare\patient-registration.spec.ts:127:7 › 👥 Patient Registration - Critical E2E › 📝 Complete Registration with CPF Validation › should validate CPF format and prevent invalid CPF registration 

    Error: page.goto: Protocol error (Page.navigate): Cannot navigate to invalid URL
    Call log:
      - navigating to "/login", waiting until "load"


       9 | 	test.beforeEach(async ({ page }) => {
      10 | 		// Login as healthcare staff with patient registration permissions
    > 11 | 		await page.goto("/login");
         | 		           ^
      12 | 		await page.fill(
      13 | 			'[data-testid="email"], input[type="email"]',
      14 | 			"recepcionista@neonpro.com.br",
        at D:\neonpro\tools\testing\e2e\tests\healthcare\patient-registration.spec.ts:11:14

    Retry #1 ───────────────────────────────────────────────────────────────────────────────────────

    Error: page.goto: Protocol error (Page.navigate): Cannot navigate to invalid URL
    Call log:
      - navigating to "/login", waiting until "load"


       9 | 	test.beforeEach(async ({ page }) => {
      10 | 		// Login as healthcare staff with patient registration permissions
    > 11 | 		await page.goto("/login");
         | 		           ^
      12 | 		await page.fill(
      13 | 			'[data-testid="email"], input[type="email"]',
      14 | 			"recepcionista@neonpro.com.br",
        at D:\neonpro\tools\testing\e2e\tests\healthcare\patient-registration.spec.ts:11:14

    attachment #1: trace (application/zip) ─────────────────────────────────────────────────────────
    ..\..\..\..\e2e\test-results\healthcare-patient-registr-44fea-nt-invalid-CPF-registration-chromium-desktop-retry1\trace.zip
    Usage:

        npx playwright show-trace ..\..\..\..\e2e\test-results\healthcare-patient-registr-44fea-nt-invalid-CPF-registration-chromium-desktop-retry1\trace.zip

    ────────────────────────────────────────────────────────────────────────────────────────────────
]]>
</failure>
<system-out>
<![CDATA[
[[ATTACHMENT|..\test-results\healthcare-patient-registr-44fea-nt-invalid-CPF-registration-chromium-desktop-retry1\trace.zip]]
]]>
</system-out>
</testcase>
<testcase name="[chromium-desktop] 👥 Patient Registration - Critical E2E › 📝 Complete Registration with CPF Validation › should prevent duplicate CPF registration" classname="healthcare\patient-registration.spec.ts" time="0.208">
<failure message="patient-registration.spec.ts:163:7 should prevent duplicate CPF registration" type="FAILURE">
<![CDATA[  [chromium-desktop] › healthcare\patient-registration.spec.ts:163:7 › 👥 Patient Registration - Critical E2E › 📝 Complete Registration with CPF Validation › should prevent duplicate CPF registration 

    Error: page.goto: Protocol error (Page.navigate): Cannot navigate to invalid URL
    Call log:
      - navigating to "/login", waiting until "load"


       9 | 	test.beforeEach(async ({ page }) => {
      10 | 		// Login as healthcare staff with patient registration permissions
    > 11 | 		await page.goto("/login");
         | 		           ^
      12 | 		await page.fill(
      13 | 			'[data-testid="email"], input[type="email"]',
      14 | 			"recepcionista@neonpro.com.br",
        at D:\neonpro\tools\testing\e2e\tests\healthcare\patient-registration.spec.ts:11:14

    Retry #1 ───────────────────────────────────────────────────────────────────────────────────────

    Error: page.goto: Protocol error (Page.navigate): Cannot navigate to invalid URL
    Call log:
      - navigating to "/login", waiting until "load"


       9 | 	test.beforeEach(async ({ page }) => {
      10 | 		// Login as healthcare staff with patient registration permissions
    > 11 | 		await page.goto("/login");
         | 		           ^
      12 | 		await page.fill(
      13 | 			'[data-testid="email"], input[type="email"]',
      14 | 			"recepcionista@neonpro.com.br",
        at D:\neonpro\tools\testing\e2e\tests\healthcare\patient-registration.spec.ts:11:14

    attachment #1: trace (application/zip) ─────────────────────────────────────────────────────────
    ..\..\..\..\e2e\test-results\healthcare-patient-registr-7d325--duplicate-CPF-registration-chromium-desktop-retry1\trace.zip
    Usage:

        npx playwright show-trace ..\..\..\..\e2e\test-results\healthcare-patient-registr-7d325--duplicate-CPF-registration-chromium-desktop-retry1\trace.zip

    ────────────────────────────────────────────────────────────────────────────────────────────────
]]>
</failure>
<system-out>
<![CDATA[
[[ATTACHMENT|..\test-results\healthcare-patient-registr-7d325--duplicate-CPF-registration-chromium-desktop-retry1\trace.zip]]
]]>
</system-out>
</testcase>
<testcase name="[chromium-desktop] 👥 Patient Registration - Critical E2E › 📝 Complete Registration with CPF Validation › should validate required fields before proceeding" classname="healthcare\patient-registration.spec.ts" time="0.228">
<failure message="patient-registration.spec.ts:190:7 should validate required fields before proceeding" type="FAILURE">
<![CDATA[  [chromium-desktop] › healthcare\patient-registration.spec.ts:190:7 › 👥 Patient Registration - Critical E2E › 📝 Complete Registration with CPF Validation › should validate required fields before proceeding 

    Error: page.goto: Protocol error (Page.navigate): Cannot navigate to invalid URL
    Call log:
      - navigating to "/login", waiting until "load"


       9 | 	test.beforeEach(async ({ page }) => {
      10 | 		// Login as healthcare staff with patient registration permissions
    > 11 | 		await page.goto("/login");
         | 		           ^
      12 | 		await page.fill(
      13 | 			'[data-testid="email"], input[type="email"]',
      14 | 			"recepcionista@neonpro.com.br",
        at D:\neonpro\tools\testing\e2e\tests\healthcare\patient-registration.spec.ts:11:14

    Retry #1 ───────────────────────────────────────────────────────────────────────────────────────

    Error: page.goto: Protocol error (Page.navigate): Cannot navigate to invalid URL
    Call log:
      - navigating to "/login", waiting until "load"


       9 | 	test.beforeEach(async ({ page }) => {
      10 | 		// Login as healthcare staff with patient registration permissions
    > 11 | 		await page.goto("/login");
         | 		           ^
      12 | 		await page.fill(
      13 | 			'[data-testid="email"], input[type="email"]',
      14 | 			"recepcionista@neonpro.com.br",
        at D:\neonpro\tools\testing\e2e\tests\healthcare\patient-registration.spec.ts:11:14

    attachment #1: trace (application/zip) ─────────────────────────────────────────────────────────
    ..\..\..\..\e2e\test-results\healthcare-patient-registr-87884-ed-fields-before-proceeding-chromium-desktop-retry1\trace.zip
    Usage:

        npx playwright show-trace ..\..\..\..\e2e\test-results\healthcare-patient-registr-87884-ed-fields-before-proceeding-chromium-desktop-retry1\trace.zip

    ────────────────────────────────────────────────────────────────────────────────────────────────
]]>
</failure>
<system-out>
<![CDATA[
[[ATTACHMENT|..\test-results\healthcare-patient-registr-87884-ed-fields-before-proceeding-chromium-desktop-retry1\trace.zip]]
]]>
</system-out>
</testcase>
<testcase name="[chromium-desktop] 👥 Patient Registration - Critical E2E › 🔒 LGPD Consent Capture › should capture comprehensive LGPD consent with detailed explanations" classname="healthcare\patient-registration.spec.ts" time="0.211">
<failure message="patient-registration.spec.ts:222:7 should capture comprehensive LGPD consent with detailed explanations" type="FAILURE">
<![CDATA[  [chromium-desktop] › healthcare\patient-registration.spec.ts:222:7 › 👥 Patient Registration - Critical E2E › 🔒 LGPD Consent Capture › should capture comprehensive LGPD consent with detailed explanations 

    Error: page.goto: Protocol error (Page.navigate): Cannot navigate to invalid URL
    Call log:
      - navigating to "/login", waiting until "load"


       9 | 	test.beforeEach(async ({ page }) => {
      10 | 		// Login as healthcare staff with patient registration permissions
    > 11 | 		await page.goto("/login");
         | 		           ^
      12 | 		await page.fill(
      13 | 			'[data-testid="email"], input[type="email"]',
      14 | 			"recepcionista@neonpro.com.br",
        at D:\neonpro\tools\testing\e2e\tests\healthcare\patient-registration.spec.ts:11:14

    Retry #1 ───────────────────────────────────────────────────────────────────────────────────────

    Error: page.goto: Protocol error (Page.navigate): Cannot navigate to invalid URL
    Call log:
      - navigating to "/login", waiting until "load"


       9 | 	test.beforeEach(async ({ page }) => {
      10 | 		// Login as healthcare staff with patient registration permissions
    > 11 | 		await page.goto("/login");
         | 		           ^
      12 | 		await page.fill(
      13 | 			'[data-testid="email"], input[type="email"]',
      14 | 			"recepcionista@neonpro.com.br",
        at D:\neonpro\tools\testing\e2e\tests\healthcare\patient-registration.spec.ts:11:14

    attachment #1: trace (application/zip) ─────────────────────────────────────────────────────────
    ..\..\..\..\e2e\test-results\healthcare-patient-registr-5dd62--with-detailed-explanations-chromium-desktop-retry1\trace.zip
    Usage:

        npx playwright show-trace ..\..\..\..\e2e\test-results\healthcare-patient-registr-5dd62--with-detailed-explanations-chromium-desktop-retry1\trace.zip

    ────────────────────────────────────────────────────────────────────────────────────────────────
]]>
</failure>
<system-out>
<![CDATA[
[[ATTACHMENT|..\test-results\healthcare-patient-registr-5dd62--with-detailed-explanations-chromium-desktop-retry1\trace.zip]]
]]>
</system-out>
</testcase>
<testcase name="[chromium-desktop] 👥 Patient Registration - Critical E2E › 🔒 LGPD Consent Capture › should require mandatory LGPD consents for registration" classname="healthcare\patient-registration.spec.ts" time="0.206">
<failure message="patient-registration.spec.ts:298:7 should require mandatory LGPD consents for registration" type="FAILURE">
<![CDATA[  [chromium-desktop] › healthcare\patient-registration.spec.ts:298:7 › 👥 Patient Registration - Critical E2E › 🔒 LGPD Consent Capture › should require mandatory LGPD consents for registration 

    Error: page.goto: Protocol error (Page.navigate): Cannot navigate to invalid URL
    Call log:
      - navigating to "/login", waiting until "load"


       9 | 	test.beforeEach(async ({ page }) => {
      10 | 		// Login as healthcare staff with patient registration permissions
    > 11 | 		await page.goto("/login");
         | 		           ^
      12 | 		await page.fill(
      13 | 			'[data-testid="email"], input[type="email"]',
      14 | 			"recepcionista@neonpro.com.br",
        at D:\neonpro\tools\testing\e2e\tests\healthcare\patient-registration.spec.ts:11:14

    Retry #1 ───────────────────────────────────────────────────────────────────────────────────────

    Error: page.goto: Protocol error (Page.navigate): Cannot navigate to invalid URL
    Call log:
      - navigating to "/login", waiting until "load"


       9 | 	test.beforeEach(async ({ page }) => {
      10 | 		// Login as healthcare staff with patient registration permissions
    > 11 | 		await page.goto("/login");
         | 		           ^
      12 | 		await page.fill(
      13 | 			'[data-testid="email"], input[type="email"]',
      14 | 			"recepcionista@neonpro.com.br",
        at D:\neonpro\tools\testing\e2e\tests\healthcare\patient-registration.spec.ts:11:14

    attachment #1: trace (application/zip) ─────────────────────────────────────────────────────────
    ..\..\..\..\e2e\test-results\healthcare-patient-registr-ee334-D-consents-for-registration-chromium-desktop-retry1\trace.zip
    Usage:

        npx playwright show-trace ..\..\..\..\e2e\test-results\healthcare-patient-registr-ee334-D-consents-for-registration-chromium-desktop-retry1\trace.zip

    ────────────────────────────────────────────────────────────────────────────────────────────────
]]>
</failure>
<system-out>
<![CDATA[
[[ATTACHMENT|..\test-results\healthcare-patient-registr-ee334-D-consents-for-registration-chromium-desktop-retry1\trace.zip]]
]]>
</system-out>
</testcase>
<testcase name="[chromium-desktop] 👥 Patient Registration - Critical E2E › 🔒 LGPD Consent Capture › should provide consent withdrawal options" classname="healthcare\patient-registration.spec.ts" time="0.216">
<failure message="patient-registration.spec.ts:348:7 should provide consent withdrawal options" type="FAILURE">
<![CDATA[  [chromium-desktop] › healthcare\patient-registration.spec.ts:348:7 › 👥 Patient Registration - Critical E2E › 🔒 LGPD Consent Capture › should provide consent withdrawal options 

    Error: page.goto: Protocol error (Page.navigate): Cannot navigate to invalid URL
    Call log:
      - navigating to "/login", waiting until "load"


       9 | 	test.beforeEach(async ({ page }) => {
      10 | 		// Login as healthcare staff with patient registration permissions
    > 11 | 		await page.goto("/login");
         | 		           ^
      12 | 		await page.fill(
      13 | 			'[data-testid="email"], input[type="email"]',
      14 | 			"recepcionista@neonpro.com.br",
        at D:\neonpro\tools\testing\e2e\tests\healthcare\patient-registration.spec.ts:11:14

    Retry #1 ───────────────────────────────────────────────────────────────────────────────────────

    Error: page.goto: Protocol error (Page.navigate): Cannot navigate to invalid URL
    Call log:
      - navigating to "/login", waiting until "load"


       9 | 	test.beforeEach(async ({ page }) => {
      10 | 		// Login as healthcare staff with patient registration permissions
    > 11 | 		await page.goto("/login");
         | 		           ^
      12 | 		await page.fill(
      13 | 			'[data-testid="email"], input[type="email"]',
      14 | 			"recepcionista@neonpro.com.br",
        at D:\neonpro\tools\testing\e2e\tests\healthcare\patient-registration.spec.ts:11:14

    attachment #1: trace (application/zip) ─────────────────────────────────────────────────────────
    ..\..\..\..\e2e\test-results\healthcare-patient-registr-d771e--consent-withdrawal-options-chromium-desktop-retry1\trace.zip
    Usage:

        npx playwright show-trace ..\..\..\..\e2e\test-results\healthcare-patient-registr-d771e--consent-withdrawal-options-chromium-desktop-retry1\trace.zip

    ────────────────────────────────────────────────────────────────────────────────────────────────
]]>
</failure>
<system-out>
<![CDATA[
[[ATTACHMENT|..\test-results\healthcare-patient-registr-d771e--consent-withdrawal-options-chromium-desktop-retry1\trace.zip]]
]]>
</system-out>
</testcase>
<testcase name="[chromium-desktop] 👥 Patient Registration - Critical E2E › 🔒 LGPD Consent Capture › should create audit trail for LGPD consent events" classname="healthcare\patient-registration.spec.ts" time="0.236">
<failure message="patient-registration.spec.ts:390:7 should create audit trail for LGPD consent events" type="FAILURE">
<![CDATA[  [chromium-desktop] › healthcare\patient-registration.spec.ts:390:7 › 👥 Patient Registration - Critical E2E › 🔒 LGPD Consent Capture › should create audit trail for LGPD consent events 

    Error: page.goto: Protocol error (Page.navigate): Cannot navigate to invalid URL
    Call log:
      - navigating to "/login", waiting until "load"


       9 | 	test.beforeEach(async ({ page }) => {
      10 | 		// Login as healthcare staff with patient registration permissions
    > 11 | 		await page.goto("/login");
         | 		           ^
      12 | 		await page.fill(
      13 | 			'[data-testid="email"], input[type="email"]',
      14 | 			"recepcionista@neonpro.com.br",
        at D:\neonpro\tools\testing\e2e\tests\healthcare\patient-registration.spec.ts:11:14

    Retry #1 ───────────────────────────────────────────────────────────────────────────────────────

    Error: page.goto: Protocol error (Page.navigate): Cannot navigate to invalid URL
    Call log:
      - navigating to "/login", waiting until "load"


       9 | 	test.beforeEach(async ({ page }) => {
      10 | 		// Login as healthcare staff with patient registration permissions
    > 11 | 		await page.goto("/login");
         | 		           ^
      12 | 		await page.fill(
      13 | 			'[data-testid="email"], input[type="email"]',
      14 | 			"recepcionista@neonpro.com.br",
        at D:\neonpro\tools\testing\e2e\tests\healthcare\patient-registration.spec.ts:11:14

    attachment #1: trace (application/zip) ─────────────────────────────────────────────────────────
    ..\..\..\..\e2e\test-results\healthcare-patient-registr-550d7-ail-for-LGPD-consent-events-chromium-desktop-retry1\trace.zip
    Usage:

        npx playwright show-trace ..\..\..\..\e2e\test-results\healthcare-patient-registr-550d7-ail-for-LGPD-consent-events-chromium-desktop-retry1\trace.zip

    ────────────────────────────────────────────────────────────────────────────────────────────────
]]>
</failure>
<system-out>
<![CDATA[
[[ATTACHMENT|..\test-results\healthcare-patient-registr-550d7-ail-for-LGPD-consent-events-chromium-desktop-retry1\trace.zip]]
]]>
</system-out>
</testcase>
<testcase name="[chromium-desktop] 👥 Patient Registration - Critical E2E › 🏥 Medical History and Allergies › should capture comprehensive medical history" classname="healthcare\patient-registration.spec.ts" time="0.269">
<failure message="patient-registration.spec.ts:440:7 should capture comprehensive medical history" type="FAILURE">
<![CDATA[  [chromium-desktop] › healthcare\patient-registration.spec.ts:440:7 › 👥 Patient Registration - Critical E2E › 🏥 Medical History and Allergies › should capture comprehensive medical history 

    Error: page.goto: Protocol error (Page.navigate): Cannot navigate to invalid URL
    Call log:
      - navigating to "/login", waiting until "load"


       9 | 	test.beforeEach(async ({ page }) => {
      10 | 		// Login as healthcare staff with patient registration permissions
    > 11 | 		await page.goto("/login");
         | 		           ^
      12 | 		await page.fill(
      13 | 			'[data-testid="email"], input[type="email"]',
      14 | 			"recepcionista@neonpro.com.br",
        at D:\neonpro\tools\testing\e2e\tests\healthcare\patient-registration.spec.ts:11:14

    Retry #1 ───────────────────────────────────────────────────────────────────────────────────────

    Error: page.goto: Protocol error (Page.navigate): Cannot navigate to invalid URL
    Call log:
      - navigating to "/login", waiting until "load"


       9 | 	test.beforeEach(async ({ page }) => {
      10 | 		// Login as healthcare staff with patient registration permissions
    > 11 | 		await page.goto("/login");
         | 		           ^
      12 | 		await page.fill(
      13 | 			'[data-testid="email"], input[type="email"]',
      14 | 			"recepcionista@neonpro.com.br",
        at D:\neonpro\tools\testing\e2e\tests\healthcare\patient-registration.spec.ts:11:14

    attachment #1: trace (application/zip) ─────────────────────────────────────────────────────────
    ..\..\..\..\e2e\test-results\healthcare-patient-registr-d8ca0-mprehensive-medical-history-chromium-desktop-retry1\trace.zip
    Usage:

        npx playwright show-trace ..\..\..\..\e2e\test-results\healthcare-patient-registr-d8ca0-mprehensive-medical-history-chromium-desktop-retry1\trace.zip

    ────────────────────────────────────────────────────────────────────────────────────────────────
]]>
</failure>
<system-out>
<![CDATA[
[[ATTACHMENT|..\test-results\healthcare-patient-registr-d8ca0-mprehensive-medical-history-chromium-desktop-retry1\trace.zip]]
]]>
</system-out>
</testcase>
<testcase name="[chromium-desktop] 👥 Patient Registration - Critical E2E › 🏥 Medical History and Allergies › should capture and validate allergy information with severity levels" classname="healthcare\patient-registration.spec.ts" time="0.214">
<failure message="patient-registration.spec.ts:522:7 should capture and validate allergy information with severity levels" type="FAILURE">
<![CDATA[  [chromium-desktop] › healthcare\patient-registration.spec.ts:522:7 › 👥 Patient Registration - Critical E2E › 🏥 Medical History and Allergies › should capture and validate allergy information with severity levels 

    Error: page.goto: Protocol error (Page.navigate): Cannot navigate to invalid URL
    Call log:
      - navigating to "/login", waiting until "load"


       9 | 	test.beforeEach(async ({ page }) => {
      10 | 		// Login as healthcare staff with patient registration permissions
    > 11 | 		await page.goto("/login");
         | 		           ^
      12 | 		await page.fill(
      13 | 			'[data-testid="email"], input[type="email"]',
      14 | 			"recepcionista@neonpro.com.br",
        at D:\neonpro\tools\testing\e2e\tests\healthcare\patient-registration.spec.ts:11:14

    Retry #1 ───────────────────────────────────────────────────────────────────────────────────────

    Error: page.goto: Protocol error (Page.navigate): Cannot navigate to invalid URL
    Call log:
      - navigating to "/login", waiting until "load"


       9 | 	test.beforeEach(async ({ page }) => {
      10 | 		// Login as healthcare staff with patient registration permissions
    > 11 | 		await page.goto("/login");
         | 		           ^
      12 | 		await page.fill(
      13 | 			'[data-testid="email"], input[type="email"]',
      14 | 			"recepcionista@neonpro.com.br",
        at D:\neonpro\tools\testing\e2e\tests\healthcare\patient-registration.spec.ts:11:14

    attachment #1: trace (application/zip) ─────────────────────────────────────────────────────────
    ..\..\..\..\e2e\test-results\healthcare-patient-registr-11491-mation-with-severity-levels-chromium-desktop-retry1\trace.zip
    Usage:

        npx playwright show-trace ..\..\..\..\e2e\test-results\healthcare-patient-registr-11491-mation-with-severity-levels-chromium-desktop-retry1\trace.zip

    ────────────────────────────────────────────────────────────────────────────────────────────────
]]>
</failure>
<system-out>
<![CDATA[
[[ATTACHMENT|..\test-results\healthcare-patient-registr-11491-mation-with-severity-levels-chromium-desktop-retry1\trace.zip]]
]]>
</system-out>
</testcase>
<testcase name="[chromium-desktop] 👥 Patient Registration - Critical E2E › 🏥 Medical History and Allergies › should handle patients with no known allergies properly" classname="healthcare\patient-registration.spec.ts" time="0.22">
<failure message="patient-registration.spec.ts:597:7 should handle patients with no known allergies properly" type="FAILURE">
<![CDATA[  [chromium-desktop] › healthcare\patient-registration.spec.ts:597:7 › 👥 Patient Registration - Critical E2E › 🏥 Medical History and Allergies › should handle patients with no known allergies properly 

    Error: page.goto: Protocol error (Page.navigate): Cannot navigate to invalid URL
    Call log:
      - navigating to "/login", waiting until "load"


       9 | 	test.beforeEach(async ({ page }) => {
      10 | 		// Login as healthcare staff with patient registration permissions
    > 11 | 		await page.goto("/login");
         | 		           ^
      12 | 		await page.fill(
      13 | 			'[data-testid="email"], input[type="email"]',
      14 | 			"recepcionista@neonpro.com.br",
        at D:\neonpro\tools\testing\e2e\tests\healthcare\patient-registration.spec.ts:11:14

    Retry #1 ───────────────────────────────────────────────────────────────────────────────────────

    Error: page.goto: Protocol error (Page.navigate): Cannot navigate to invalid URL
    Call log:
      - navigating to "/login", waiting until "load"


       9 | 	test.beforeEach(async ({ page }) => {
      10 | 		// Login as healthcare staff with patient registration permissions
    > 11 | 		await page.goto("/login");
         | 		           ^
      12 | 		await page.fill(
      13 | 			'[data-testid="email"], input[type="email"]',
      14 | 			"recepcionista@neonpro.com.br",
        at D:\neonpro\tools\testing\e2e\tests\healthcare\patient-registration.spec.ts:11:14

    attachment #1: trace (application/zip) ─────────────────────────────────────────────────────────
    ..\..\..\..\e2e\test-results\healthcare-patient-registr-46023-no-known-allergies-properly-chromium-desktop-retry1\trace.zip
    Usage:

        npx playwright show-trace ..\..\..\..\e2e\test-results\healthcare-patient-registr-46023-no-known-allergies-properly-chromium-desktop-retry1\trace.zip

    ────────────────────────────────────────────────────────────────────────────────────────────────
]]>
</failure>
<system-out>
<![CDATA[
[[ATTACHMENT|..\test-results\healthcare-patient-registr-46023-no-known-allergies-properly-chromium-desktop-retry1\trace.zip]]
]]>
</system-out>
</testcase>
<testcase name="[chromium-desktop] 👥 Patient Registration - Critical E2E › 🏥 Medical History and Allergies › should validate critical allergy information completeness" classname="healthcare\patient-registration.spec.ts" time="0.208">
<failure message="patient-registration.spec.ts:632:7 should validate critical allergy information completeness" type="FAILURE">
<![CDATA[  [chromium-desktop] › healthcare\patient-registration.spec.ts:632:7 › 👥 Patient Registration - Critical E2E › 🏥 Medical History and Allergies › should validate critical allergy information completeness 

    Error: page.goto: Protocol error (Page.navigate): Cannot navigate to invalid URL
    Call log:
      - navigating to "/login", waiting until "load"


       9 | 	test.beforeEach(async ({ page }) => {
      10 | 		// Login as healthcare staff with patient registration permissions
    > 11 | 		await page.goto("/login");
         | 		           ^
      12 | 		await page.fill(
      13 | 			'[data-testid="email"], input[type="email"]',
      14 | 			"recepcionista@neonpro.com.br",
        at D:\neonpro\tools\testing\e2e\tests\healthcare\patient-registration.spec.ts:11:14

    Retry #1 ───────────────────────────────────────────────────────────────────────────────────────

    Error: page.goto: Protocol error (Page.navigate): Cannot navigate to invalid URL
    Call log:
      - navigating to "/login", waiting until "load"


       9 | 	test.beforeEach(async ({ page }) => {
      10 | 		// Login as healthcare staff with patient registration permissions
    > 11 | 		await page.goto("/login");
         | 		           ^
      12 | 		await page.fill(
      13 | 			'[data-testid="email"], input[type="email"]',
      14 | 			"recepcionista@neonpro.com.br",
        at D:\neonpro\tools\testing\e2e\tests\healthcare\patient-registration.spec.ts:11:14

    attachment #1: trace (application/zip) ─────────────────────────────────────────────────────────
    ..\..\..\..\e2e\test-results\healthcare-patient-registr-700ef-gy-information-completeness-chromium-desktop-retry1\trace.zip
    Usage:

        npx playwright show-trace ..\..\..\..\e2e\test-results\healthcare-patient-registr-700ef-gy-information-completeness-chromium-desktop-retry1\trace.zip

    ────────────────────────────────────────────────────────────────────────────────────────────────
]]>
</failure>
<system-out>
<![CDATA[
[[ATTACHMENT|..\test-results\healthcare-patient-registr-700ef-gy-information-completeness-chromium-desktop-retry1\trace.zip]]
]]>
</system-out>
</testcase>
<testcase name="[chromium-desktop] 👥 Patient Registration - Critical E2E › ✅ Complete Registration Workflow › should complete end-to-end patient registration with all components" classname="healthcare\patient-registration.spec.ts" time="0.22">
<failure message="patient-registration.spec.ts:691:7 should complete end-to-end patient registration with all components" type="FAILURE">
<![CDATA[  [chromium-desktop] › healthcare\patient-registration.spec.ts:691:7 › 👥 Patient Registration - Critical E2E › ✅ Complete Registration Workflow › should complete end-to-end patient registration with all components 

    Error: page.goto: Protocol error (Page.navigate): Cannot navigate to invalid URL
    Call log:
      - navigating to "/login", waiting until "load"


       9 | 	test.beforeEach(async ({ page }) => {
      10 | 		// Login as healthcare staff with patient registration permissions
    > 11 | 		await page.goto("/login");
         | 		           ^
      12 | 		await page.fill(
      13 | 			'[data-testid="email"], input[type="email"]',
      14 | 			"recepcionista@neonpro.com.br",
        at D:\neonpro\tools\testing\e2e\tests\healthcare\patient-registration.spec.ts:11:14

    Retry #1 ───────────────────────────────────────────────────────────────────────────────────────

    Error: page.goto: Protocol error (Page.navigate): Cannot navigate to invalid URL
    Call log:
      - navigating to "/login", waiting until "load"


       9 | 	test.beforeEach(async ({ page }) => {
      10 | 		// Login as healthcare staff with patient registration permissions
    > 11 | 		await page.goto("/login");
         | 		           ^
      12 | 		await page.fill(
      13 | 			'[data-testid="email"], input[type="email"]',
      14 | 			"recepcionista@neonpro.com.br",
        at D:\neonpro\tools\testing\e2e\tests\healthcare\patient-registration.spec.ts:11:14

    attachment #1: trace (application/zip) ─────────────────────────────────────────────────────────
    ..\..\..\..\e2e\test-results\healthcare-patient-registr-1045d-tration-with-all-components-chromium-desktop-retry1\trace.zip
    Usage:

        npx playwright show-trace ..\..\..\..\e2e\test-results\healthcare-patient-registr-1045d-tration-with-all-components-chromium-desktop-retry1\trace.zip

    ────────────────────────────────────────────────────────────────────────────────────────────────
]]>
</failure>
<system-out>
<![CDATA[
[[ATTACHMENT|..\test-results\healthcare-patient-registr-1045d-tration-with-all-components-chromium-desktop-retry1\trace.zip]]
]]>
</system-out>
</testcase>
<testcase name="[chromium-desktop] 👥 Patient Registration - Critical E2E › ✅ Complete Registration Workflow › should generate patient ID and medical record number" classname="healthcare\patient-registration.spec.ts" time="0.205">
<failure message="patient-registration.spec.ts:824:7 should generate patient ID and medical record number" type="FAILURE">
<![CDATA[  [chromium-desktop] › healthcare\patient-registration.spec.ts:824:7 › 👥 Patient Registration - Critical E2E › ✅ Complete Registration Workflow › should generate patient ID and medical record number 

    Error: page.goto: Protocol error (Page.navigate): Cannot navigate to invalid URL
    Call log:
      - navigating to "/login", waiting until "load"


       9 | 	test.beforeEach(async ({ page }) => {
      10 | 		// Login as healthcare staff with patient registration permissions
    > 11 | 		await page.goto("/login");
         | 		           ^
      12 | 		await page.fill(
      13 | 			'[data-testid="email"], input[type="email"]',
      14 | 			"recepcionista@neonpro.com.br",
        at D:\neonpro\tools\testing\e2e\tests\healthcare\patient-registration.spec.ts:11:14

    Retry #1 ───────────────────────────────────────────────────────────────────────────────────────

    Error: page.goto: Protocol error (Page.navigate): Cannot navigate to invalid URL
    Call log:
      - navigating to "/login", waiting until "load"


       9 | 	test.beforeEach(async ({ page }) => {
      10 | 		// Login as healthcare staff with patient registration permissions
    > 11 | 		await page.goto("/login");
         | 		           ^
      12 | 		await page.fill(
      13 | 			'[data-testid="email"], input[type="email"]',
      14 | 			"recepcionista@neonpro.com.br",
        at D:\neonpro\tools\testing\e2e\tests\healthcare\patient-registration.spec.ts:11:14

    attachment #1: trace (application/zip) ─────────────────────────────────────────────────────────
    ..\..\..\..\e2e\test-results\healthcare-patient-registr-166db-D-and-medical-record-number-chromium-desktop-retry1\trace.zip
    Usage:

        npx playwright show-trace ..\..\..\..\e2e\test-results\healthcare-patient-registr-166db-D-and-medical-record-number-chromium-desktop-retry1\trace.zip

    ────────────────────────────────────────────────────────────────────────────────────────────────
]]>
</failure>
<system-out>
<![CDATA[
[[ATTACHMENT|..\test-results\healthcare-patient-registr-166db-D-and-medical-record-number-chromium-desktop-retry1\trace.zip]]
]]>
</system-out>
</testcase>
<testcase name="[chromium-desktop] 👥 Patient Registration - Critical E2E › ✅ Complete Registration Workflow › should integrate with appointment scheduling system" classname="healthcare\patient-registration.spec.ts" time="0.219">
<failure message="patient-registration.spec.ts:874:7 should integrate with appointment scheduling system" type="FAILURE">
<![CDATA[  [chromium-desktop] › healthcare\patient-registration.spec.ts:874:7 › 👥 Patient Registration - Critical E2E › ✅ Complete Registration Workflow › should integrate with appointment scheduling system 

    Error: page.goto: Protocol error (Page.navigate): Cannot navigate to invalid URL
    Call log:
      - navigating to "/login", waiting until "load"


       9 | 	test.beforeEach(async ({ page }) => {
      10 | 		// Login as healthcare staff with patient registration permissions
    > 11 | 		await page.goto("/login");
         | 		           ^
      12 | 		await page.fill(
      13 | 			'[data-testid="email"], input[type="email"]',
      14 | 			"recepcionista@neonpro.com.br",
        at D:\neonpro\tools\testing\e2e\tests\healthcare\patient-registration.spec.ts:11:14

    Retry #1 ───────────────────────────────────────────────────────────────────────────────────────

    Error: page.goto: Protocol error (Page.navigate): Cannot navigate to invalid URL
    Call log:
      - navigating to "/login", waiting until "load"


       9 | 	test.beforeEach(async ({ page }) => {
      10 | 		// Login as healthcare staff with patient registration permissions
    > 11 | 		await page.goto("/login");
         | 		           ^
      12 | 		await page.fill(
      13 | 			'[data-testid="email"], input[type="email"]',
      14 | 			"recepcionista@neonpro.com.br",
        at D:\neonpro\tools\testing\e2e\tests\healthcare\patient-registration.spec.ts:11:14

    attachment #1: trace (application/zip) ─────────────────────────────────────────────────────────
    ..\..\..\..\e2e\test-results\healthcare-patient-registr-6d35f-pointment-scheduling-system-chromium-desktop-retry1\trace.zip
    Usage:

        npx playwright show-trace ..\..\..\..\e2e\test-results\healthcare-patient-registr-6d35f-pointment-scheduling-system-chromium-desktop-retry1\trace.zip

    ────────────────────────────────────────────────────────────────────────────────────────────────
]]>
</failure>
<system-out>
<![CDATA[
[[ATTACHMENT|..\test-results\healthcare-patient-registr-6d35f-pointment-scheduling-system-chromium-desktop-retry1\trace.zip]]
]]>
</system-out>
</testcase>
<testcase name="[chromium-desktop] 👥 Patient Registration - Critical E2E › ✅ Complete Registration Workflow › should handle registration errors gracefully" classname="healthcare\patient-registration.spec.ts" time="0.205">
<failure message="patient-registration.spec.ts:922:7 should handle registration errors gracefully" type="FAILURE">
<![CDATA[  [chromium-desktop] › healthcare\patient-registration.spec.ts:922:7 › 👥 Patient Registration - Critical E2E › ✅ Complete Registration Workflow › should handle registration errors gracefully 

    Error: page.goto: Protocol error (Page.navigate): Cannot navigate to invalid URL
    Call log:
      - navigating to "/login", waiting until "load"


       9 | 	test.beforeEach(async ({ page }) => {
      10 | 		// Login as healthcare staff with patient registration permissions
    > 11 | 		await page.goto("/login");
         | 		           ^
      12 | 		await page.fill(
      13 | 			'[data-testid="email"], input[type="email"]',
      14 | 			"recepcionista@neonpro.com.br",
        at D:\neonpro\tools\testing\e2e\tests\healthcare\patient-registration.spec.ts:11:14

    Retry #1 ───────────────────────────────────────────────────────────────────────────────────────

    Error: page.goto: Protocol error (Page.navigate): Cannot navigate to invalid URL
    Call log:
      - navigating to "/login", waiting until "load"


       9 | 	test.beforeEach(async ({ page }) => {
      10 | 		// Login as healthcare staff with patient registration permissions
    > 11 | 		await page.goto("/login");
         | 		           ^
      12 | 		await page.fill(
      13 | 			'[data-testid="email"], input[type="email"]',
      14 | 			"recepcionista@neonpro.com.br",
        at D:\neonpro\tools\testing\e2e\tests\healthcare\patient-registration.spec.ts:11:14

    attachment #1: trace (application/zip) ─────────────────────────────────────────────────────────
    ..\..\..\..\e2e\test-results\healthcare-patient-registr-0401e-istration-errors-gracefully-chromium-desktop-retry1\trace.zip
    Usage:

        npx playwright show-trace ..\..\..\..\e2e\test-results\healthcare-patient-registr-0401e-istration-errors-gracefully-chromium-desktop-retry1\trace.zip

    ────────────────────────────────────────────────────────────────────────────────────────────────
]]>
</failure>
<system-out>
<![CDATA[
[[ATTACHMENT|..\test-results\healthcare-patient-registr-0401e-istration-errors-gracefully-chromium-desktop-retry1\trace.zip]]
]]>
</system-out>
</testcase>
<testcase name="[chromium-desktop] 👥 Patient Registration - Critical E2E › 🚀 Performance &amp; Validation › should complete registration within performance targets" classname="healthcare\patient-registration.spec.ts" time="0.201">
<failure message="patient-registration.spec.ts:973:7 should complete registration within performance targets" type="FAILURE">
<![CDATA[  [chromium-desktop] › healthcare\patient-registration.spec.ts:973:7 › 👥 Patient Registration - Critical E2E › 🚀 Performance & Validation › should complete registration within performance targets 

    Error: page.goto: Protocol error (Page.navigate): Cannot navigate to invalid URL
    Call log:
      - navigating to "/login", waiting until "load"


       9 | 	test.beforeEach(async ({ page }) => {
      10 | 		// Login as healthcare staff with patient registration permissions
    > 11 | 		await page.goto("/login");
         | 		           ^
      12 | 		await page.fill(
      13 | 			'[data-testid="email"], input[type="email"]',
      14 | 			"recepcionista@neonpro.com.br",
        at D:\neonpro\tools\testing\e2e\tests\healthcare\patient-registration.spec.ts:11:14

    Retry #1 ───────────────────────────────────────────────────────────────────────────────────────

    Error: page.goto: Protocol error (Page.navigate): Cannot navigate to invalid URL
    Call log:
      - navigating to "/login", waiting until "load"


       9 | 	test.beforeEach(async ({ page }) => {
      10 | 		// Login as healthcare staff with patient registration permissions
    > 11 | 		await page.goto("/login");
         | 		           ^
      12 | 		await page.fill(
      13 | 			'[data-testid="email"], input[type="email"]',
      14 | 			"recepcionista@neonpro.com.br",
        at D:\neonpro\tools\testing\e2e\tests\healthcare\patient-registration.spec.ts:11:14

    attachment #1: trace (application/zip) ─────────────────────────────────────────────────────────
    ..\..\..\..\e2e\test-results\healthcare-patient-registr-bf735--within-performance-targets-chromium-desktop-retry1\trace.zip
    Usage:

        npx playwright show-trace ..\..\..\..\e2e\test-results\healthcare-patient-registr-bf735--within-performance-targets-chromium-desktop-retry1\trace.zip

    ────────────────────────────────────────────────────────────────────────────────────────────────
]]>
</failure>
<system-out>
<![CDATA[
[[ATTACHMENT|..\test-results\healthcare-patient-registr-bf735--within-performance-targets-chromium-desktop-retry1\trace.zip]]
]]>
</system-out>
</testcase>
<testcase name="[chromium-desktop] 👥 Patient Registration - Critical E2E › 🚀 Performance &amp; Validation › should provide accessibility compliance in registration form" classname="healthcare\patient-registration.spec.ts" time="0.186">
<failure message="patient-registration.spec.ts:1008:7 should provide accessibility compliance in registration form" type="FAILURE">
<![CDATA[  [chromium-desktop] › healthcare\patient-registration.spec.ts:1008:7 › 👥 Patient Registration - Critical E2E › 🚀 Performance & Validation › should provide accessibility compliance in registration form 

    Error: page.goto: Protocol error (Page.navigate): Cannot navigate to invalid URL
    Call log:
      - navigating to "/login", waiting until "load"


       9 | 	test.beforeEach(async ({ page }) => {
      10 | 		// Login as healthcare staff with patient registration permissions
    > 11 | 		await page.goto("/login");
         | 		           ^
      12 | 		await page.fill(
      13 | 			'[data-testid="email"], input[type="email"]',
      14 | 			"recepcionista@neonpro.com.br",
        at D:\neonpro\tools\testing\e2e\tests\healthcare\patient-registration.spec.ts:11:14

    Retry #1 ───────────────────────────────────────────────────────────────────────────────────────

    Error: page.goto: Protocol error (Page.navigate): Cannot navigate to invalid URL
    Call log:
      - navigating to "/login", waiting until "load"


       9 | 	test.beforeEach(async ({ page }) => {
      10 | 		// Login as healthcare staff with patient registration permissions
    > 11 | 		await page.goto("/login");
         | 		           ^
      12 | 		await page.fill(
      13 | 			'[data-testid="email"], input[type="email"]',
      14 | 			"recepcionista@neonpro.com.br",
        at D:\neonpro\tools\testing\e2e\tests\healthcare\patient-registration.spec.ts:11:14

    attachment #1: trace (application/zip) ─────────────────────────────────────────────────────────
    ..\..\..\..\e2e\test-results\healthcare-patient-registr-791b9-liance-in-registration-form-chromium-desktop-retry1\trace.zip
    Usage:

        npx playwright show-trace ..\..\..\..\e2e\test-results\healthcare-patient-registr-791b9-liance-in-registration-form-chromium-desktop-retry1\trace.zip

    ────────────────────────────────────────────────────────────────────────────────────────────────
]]>
</failure>
<system-out>
<![CDATA[
[[ATTACHMENT|..\test-results\healthcare-patient-registr-791b9-liance-in-registration-form-chromium-desktop-retry1\trace.zip]]
]]>
</system-out>
</testcase>
<testcase name="[chromium-desktop] 👥 Patient Registration - Critical E2E › 🚀 Performance &amp; Validation › should handle concurrent registration attempts" classname="healthcare\patient-registration.spec.ts" time="0.197">
<failure message="patient-registration.spec.ts:1049:7 should handle concurrent registration attempts" type="FAILURE">
<![CDATA[  [chromium-desktop] › healthcare\patient-registration.spec.ts:1049:7 › 👥 Patient Registration - Critical E2E › 🚀 Performance & Validation › should handle concurrent registration attempts 

    Error: page.goto: Protocol error (Page.navigate): Cannot navigate to invalid URL
    Call log:
      - navigating to "/login", waiting until "load"


       9 | 	test.beforeEach(async ({ page }) => {
      10 | 		// Login as healthcare staff with patient registration permissions
    > 11 | 		await page.goto("/login");
         | 		           ^
      12 | 		await page.fill(
      13 | 			'[data-testid="email"], input[type="email"]',
      14 | 			"recepcionista@neonpro.com.br",
        at D:\neonpro\tools\testing\e2e\tests\healthcare\patient-registration.spec.ts:11:14

    Retry #1 ───────────────────────────────────────────────────────────────────────────────────────

    Error: page.goto: Protocol error (Page.navigate): Cannot navigate to invalid URL
    Call log:
      - navigating to "/login", waiting until "load"


       9 | 	test.beforeEach(async ({ page }) => {
      10 | 		// Login as healthcare staff with patient registration permissions
    > 11 | 		await page.goto("/login");
         | 		           ^
      12 | 		await page.fill(
      13 | 			'[data-testid="email"], input[type="email"]',
      14 | 			"recepcionista@neonpro.com.br",
        at D:\neonpro\tools\testing\e2e\tests\healthcare\patient-registration.spec.ts:11:14

    attachment #1: trace (application/zip) ─────────────────────────────────────────────────────────
    ..\..\..\..\e2e\test-results\healthcare-patient-registr-fa3dc-rrent-registration-attempts-chromium-desktop-retry1\trace.zip
    Usage:

        npx playwright show-trace ..\..\..\..\e2e\test-results\healthcare-patient-registr-fa3dc-rrent-registration-attempts-chromium-desktop-retry1\trace.zip

    ────────────────────────────────────────────────────────────────────────────────────────────────
]]>
</failure>
<system-out>
<![CDATA[
[[ATTACHMENT|..\test-results\healthcare-patient-registr-fa3dc-rrent-registration-attempts-chromium-desktop-retry1\trace.zip]]
]]>
</system-out>
</testcase>
</testsuite>
<testsuite name="healthcare\simple.spec.ts" timestamp="2025-08-23T06:21:35.562Z" hostname="chromium-desktop" tests="1" failures="0" skipped="0" time="0.667" errors="0">
<testcase name="[chromium-desktop] Simple health test" classname="healthcare\simple.spec.ts" time="0.667">
</testcase>
</testsuite>
<testsuite name="homepage.spec.ts" timestamp="2025-08-23T06:21:35.562Z" hostname="chromium-desktop" tests="3" failures="3" skipped="0" time="0.602" errors="0">
<testcase name="[chromium-desktop] NeonPro Application › should load the homepage" classname="homepage.spec.ts" time="0.202">
<failure message="homepage.spec.ts:4:6 should load the homepage" type="FAILURE">
<![CDATA[  [chromium-desktop] › homepage.spec.ts:4:6 › NeonPro Application › should load the homepage ───────

    Error: page.goto: Protocol error (Page.navigate): Cannot navigate to invalid URL
    Call log:
      - navigating to "/", waiting until "load"


      3 | test.describe("NeonPro Application", () => {
      4 | 	test("should load the homepage", async ({ page }) => {
    > 5 | 		await page.goto("/");
        | 		           ^
      6 |
      7 | 		// Wait for the page to load
      8 | 		await page.waitForLoadState("networkidle");
        at D:\neonpro\tools\testing\e2e\tests\homepage.spec.ts:5:14

    Retry #1 ───────────────────────────────────────────────────────────────────────────────────────

    Error: page.goto: Protocol error (Page.navigate): Cannot navigate to invalid URL
    Call log:
      - navigating to "/", waiting until "load"


      3 | test.describe("NeonPro Application", () => {
      4 | 	test("should load the homepage", async ({ page }) => {
    > 5 | 		await page.goto("/");
        | 		           ^
      6 |
      7 | 		// Wait for the page to load
      8 | 		await page.waitForLoadState("networkidle");
        at D:\neonpro\tools\testing\e2e\tests\homepage.spec.ts:5:14

    attachment #1: trace (application/zip) ─────────────────────────────────────────────────────────
    ..\..\..\..\e2e\test-results\homepage-NeonPro-Application-should-load-the-homepage-chromium-desktop-retry1\trace.zip
    Usage:

        npx playwright show-trace ..\..\..\..\e2e\test-results\homepage-NeonPro-Application-should-load-the-homepage-chromium-desktop-retry1\trace.zip

    ────────────────────────────────────────────────────────────────────────────────────────────────
]]>
</failure>
<system-out>
<![CDATA[
[[ATTACHMENT|..\test-results\homepage-NeonPro-Application-should-load-the-homepage-chromium-desktop-retry1\trace.zip]]
]]>
</system-out>
</testcase>
<testcase name="[chromium-desktop] NeonPro Application › should have navigation menu" classname="homepage.spec.ts" time="0.197">
<failure message="homepage.spec.ts:17:6 should have navigation menu" type="FAILURE">
<![CDATA[  [chromium-desktop] › homepage.spec.ts:17:6 › NeonPro Application › should have navigation menu ───

    Error: page.goto: Protocol error (Page.navigate): Cannot navigate to invalid URL
    Call log:
      - navigating to "/", waiting until "load"


      16 |
      17 | 	test("should have navigation menu", async ({ page }) => {
    > 18 | 		await page.goto("/");
         | 		           ^
      19 |
      20 | 		// Wait for navigation to be visible
      21 | 		await page.waitForSelector("nav", { timeout: 10_000 });
        at D:\neonpro\tools\testing\e2e\tests\homepage.spec.ts:18:14

    Retry #1 ───────────────────────────────────────────────────────────────────────────────────────

    Error: page.goto: Protocol error (Page.navigate): Cannot navigate to invalid URL
    Call log:
      - navigating to "/", waiting until "load"


      16 |
      17 | 	test("should have navigation menu", async ({ page }) => {
    > 18 | 		await page.goto("/");
         | 		           ^
      19 |
      20 | 		// Wait for navigation to be visible
      21 | 		await page.waitForSelector("nav", { timeout: 10_000 });
        at D:\neonpro\tools\testing\e2e\tests\homepage.spec.ts:18:14

    attachment #1: trace (application/zip) ─────────────────────────────────────────────────────────
    ..\..\..\..\e2e\test-results\homepage-NeonPro-Application-should-have-navigation-menu-chromium-desktop-retry1\trace.zip
    Usage:

        npx playwright show-trace ..\..\..\..\e2e\test-results\homepage-NeonPro-Application-should-have-navigation-menu-chromium-desktop-retry1\trace.zip

    ────────────────────────────────────────────────────────────────────────────────────────────────
]]>
</failure>
<system-out>
<![CDATA[
[[ATTACHMENT|..\test-results\homepage-NeonPro-Application-should-have-navigation-menu-chromium-desktop-retry1\trace.zip]]
]]>
</system-out>
</testcase>
<testcase name="[chromium-desktop] NeonPro Application › should be responsive on mobile" classname="homepage.spec.ts" time="0.203">
<failure message="homepage.spec.ts:28:6 should be responsive on mobile" type="FAILURE">
<![CDATA[  [chromium-desktop] › homepage.spec.ts:28:6 › NeonPro Application › should be responsive on mobile 

    Error: page.goto: Protocol error (Page.navigate): Cannot navigate to invalid URL
    Call log:
      - navigating to "/", waiting until "load"


      29 | 		// Set mobile viewport
      30 | 		await page.setViewportSize({ width: 375, height: 667 });
    > 31 | 		await page.goto("/");
         | 		           ^
      32 |
      33 | 		// Wait for page to load
      34 | 		await page.waitForLoadState("networkidle");
        at D:\neonpro\tools\testing\e2e\tests\homepage.spec.ts:31:14

    Retry #1 ───────────────────────────────────────────────────────────────────────────────────────

    Error: page.goto: Protocol error (Page.navigate): Cannot navigate to invalid URL
    Call log:
      - navigating to "/", waiting until "load"


      29 | 		// Set mobile viewport
      30 | 		await page.setViewportSize({ width: 375, height: 667 });
    > 31 | 		await page.goto("/");
         | 		           ^
      32 |
      33 | 		// Wait for page to load
      34 | 		await page.waitForLoadState("networkidle");
        at D:\neonpro\tools\testing\e2e\tests\homepage.spec.ts:31:14

    attachment #1: trace (application/zip) ─────────────────────────────────────────────────────────
    ..\..\..\..\e2e\test-results\homepage-NeonPro-Application-should-be-responsive-on-mobile-chromium-desktop-retry1\trace.zip
    Usage:

        npx playwright show-trace ..\..\..\..\e2e\test-results\homepage-NeonPro-Application-should-be-responsive-on-mobile-chromium-desktop-retry1\trace.zip

    ────────────────────────────────────────────────────────────────────────────────────────────────
]]>
</failure>
<system-out>
<![CDATA[
[[ATTACHMENT|..\test-results\homepage-NeonPro-Application-should-be-responsive-on-mobile-chromium-desktop-retry1\trace.zip]]
]]>
</system-out>
</testcase>
</testsuite>
<testsuite name="performance\performance-security.spec.ts" timestamp="2025-08-23T06:21:35.562Z" hostname="chromium-desktop" tests="11" failures="11" skipped="0" time="2.378" errors="0">
<testcase name="[chromium-desktop] ⚡ Performance &amp; Security E2E Tests › Performance: Page load times under 3 seconds" classname="performance\performance-security.spec.ts" time="0.237">
<failure message="performance-security.spec.ts:8:6 Performance: Page load times under 3 seconds" type="FAILURE">
<![CDATA[  [chromium-desktop] › performance\performance-security.spec.ts:8:6 › ⚡ Performance & Security E2E Tests › Performance: Page load times under 3 seconds 

    Error: page.goto: Protocol error (Page.navigate): Cannot navigate to invalid URL
    Call log:
      - navigating to "/", waiting until "load"


      3 | test.describe("⚡ Performance & Security E2E Tests", () => {
      4 | 	test.beforeEach(async ({ page }) => {
    > 5 | 		await page.goto("/");
        | 		           ^
      6 | 	});
      7 |
      8 | 	test("Performance: Page load times under 3 seconds", async ({ page }) => {
        at D:\neonpro\tools\testing\e2e\tests\performance\performance-security.spec.ts:5:14

    Retry #1 ───────────────────────────────────────────────────────────────────────────────────────

    Error: page.goto: Protocol error (Page.navigate): Cannot navigate to invalid URL
    Call log:
      - navigating to "/", waiting until "load"


      3 | test.describe("⚡ Performance & Security E2E Tests", () => {
      4 | 	test.beforeEach(async ({ page }) => {
    > 5 | 		await page.goto("/");
        | 		           ^
      6 | 	});
      7 |
      8 | 	test("Performance: Page load times under 3 seconds", async ({ page }) => {
        at D:\neonpro\tools\testing\e2e\tests\performance\performance-security.spec.ts:5:14

    attachment #1: trace (application/zip) ─────────────────────────────────────────────────────────
    ..\..\..\..\e2e\test-results\performance-performance-se-2d466--load-times-under-3-seconds-chromium-desktop-retry1\trace.zip
    Usage:

        npx playwright show-trace ..\..\..\..\e2e\test-results\performance-performance-se-2d466--load-times-under-3-seconds-chromium-desktop-retry1\trace.zip

    ────────────────────────────────────────────────────────────────────────────────────────────────
]]>
</failure>
<system-out>
<![CDATA[
[[ATTACHMENT|..\test-results\performance-performance-se-2d466--load-times-under-3-seconds-chromium-desktop-retry1\trace.zip]]
]]>
</system-out>
</testcase>
<testcase name="[chromium-desktop] ⚡ Performance &amp; Security E2E Tests › Performance: API response times under 500ms" classname="performance\performance-security.spec.ts" time="0.205">
<failure message="performance-security.spec.ts:32:6 Performance: API response times under 500ms" type="FAILURE">
<![CDATA[  [chromium-desktop] › performance\performance-security.spec.ts:32:6 › ⚡ Performance & Security E2E Tests › Performance: API response times under 500ms 

    Error: page.goto: Protocol error (Page.navigate): Cannot navigate to invalid URL
    Call log:
      - navigating to "/", waiting until "load"


      3 | test.describe("⚡ Performance & Security E2E Tests", () => {
      4 | 	test.beforeEach(async ({ page }) => {
    > 5 | 		await page.goto("/");
        | 		           ^
      6 | 	});
      7 |
      8 | 	test("Performance: Page load times under 3 seconds", async ({ page }) => {
        at D:\neonpro\tools\testing\e2e\tests\performance\performance-security.spec.ts:5:14

    Retry #1 ───────────────────────────────────────────────────────────────────────────────────────

    Error: page.goto: Protocol error (Page.navigate): Cannot navigate to invalid URL
    Call log:
      - navigating to "/", waiting until "load"


      3 | test.describe("⚡ Performance & Security E2E Tests", () => {
      4 | 	test.beforeEach(async ({ page }) => {
    > 5 | 		await page.goto("/");
        | 		           ^
      6 | 	});
      7 |
      8 | 	test("Performance: Page load times under 3 seconds", async ({ page }) => {
        at D:\neonpro\tools\testing\e2e\tests\performance\performance-security.spec.ts:5:14

    attachment #1: trace (application/zip) ─────────────────────────────────────────────────────────
    ..\..\..\..\e2e\test-results\performance-performance-se-73aeb--response-times-under-500ms-chromium-desktop-retry1\trace.zip
    Usage:

        npx playwright show-trace ..\..\..\..\e2e\test-results\performance-performance-se-73aeb--response-times-under-500ms-chromium-desktop-retry1\trace.zip

    ────────────────────────────────────────────────────────────────────────────────────────────────
]]>
</failure>
<system-out>
<![CDATA[
[[ATTACHMENT|..\test-results\performance-performance-se-73aeb--response-times-under-500ms-chromium-desktop-retry1\trace.zip]]
]]>
</system-out>
</testcase>
<testcase name="[chromium-desktop] ⚡ Performance &amp; Security E2E Tests › Security: XSS protection" classname="performance\performance-security.spec.ts" time="0.218">
<failure message="performance-security.spec.ts:66:6 Security: XSS protection" type="FAILURE">
<![CDATA[  [chromium-desktop] › performance\performance-security.spec.ts:66:6 › ⚡ Performance & Security E2E Tests › Security: XSS protection 

    Error: page.goto: Protocol error (Page.navigate): Cannot navigate to invalid URL
    Call log:
      - navigating to "/", waiting until "load"


      3 | test.describe("⚡ Performance & Security E2E Tests", () => {
      4 | 	test.beforeEach(async ({ page }) => {
    > 5 | 		await page.goto("/");
        | 		           ^
      6 | 	});
      7 |
      8 | 	test("Performance: Page load times under 3 seconds", async ({ page }) => {
        at D:\neonpro\tools\testing\e2e\tests\performance\performance-security.spec.ts:5:14

    Retry #1 ───────────────────────────────────────────────────────────────────────────────────────

    Error: page.goto: Protocol error (Page.navigate): Cannot navigate to invalid URL
    Call log:
      - navigating to "/", waiting until "load"


      3 | test.describe("⚡ Performance & Security E2E Tests", () => {
      4 | 	test.beforeEach(async ({ page }) => {
    > 5 | 		await page.goto("/");
        | 		           ^
      6 | 	});
      7 |
      8 | 	test("Performance: Page load times under 3 seconds", async ({ page }) => {
        at D:\neonpro\tools\testing\e2e\tests\performance\performance-security.spec.ts:5:14

    attachment #1: trace (application/zip) ─────────────────────────────────────────────────────────
    ..\..\..\..\e2e\test-results\performance-performance-se-c2dae-sts-Security-XSS-protection-chromium-desktop-retry1\trace.zip
    Usage:

        npx playwright show-trace ..\..\..\..\e2e\test-results\performance-performance-se-c2dae-sts-Security-XSS-protection-chromium-desktop-retry1\trace.zip

    ────────────────────────────────────────────────────────────────────────────────────────────────
]]>
</failure>
<system-out>
<![CDATA[
[[ATTACHMENT|..\test-results\performance-performance-se-c2dae-sts-Security-XSS-protection-chromium-desktop-retry1\trace.zip]]
]]>
</system-out>
</testcase>
<testcase name="[chromium-desktop] ⚡ Performance &amp; Security E2E Tests › Security: SQL injection protection" classname="performance\performance-security.spec.ts" time="0.201">
<failure message="performance-security.spec.ts:92:6 Security: SQL injection protection" type="FAILURE">
<![CDATA[  [chromium-desktop] › performance\performance-security.spec.ts:92:6 › ⚡ Performance & Security E2E Tests › Security: SQL injection protection 

    Error: page.goto: Protocol error (Page.navigate): Cannot navigate to invalid URL
    Call log:
      - navigating to "/", waiting until "load"


      3 | test.describe("⚡ Performance & Security E2E Tests", () => {
      4 | 	test.beforeEach(async ({ page }) => {
    > 5 | 		await page.goto("/");
        | 		           ^
      6 | 	});
      7 |
      8 | 	test("Performance: Page load times under 3 seconds", async ({ page }) => {
        at D:\neonpro\tools\testing\e2e\tests\performance\performance-security.spec.ts:5:14

    Retry #1 ───────────────────────────────────────────────────────────────────────────────────────

    Error: page.goto: Protocol error (Page.navigate): Cannot navigate to invalid URL
    Call log:
      - navigating to "/", waiting until "load"


      3 | test.describe("⚡ Performance & Security E2E Tests", () => {
      4 | 	test.beforeEach(async ({ page }) => {
    > 5 | 		await page.goto("/");
        | 		           ^
      6 | 	});
      7 |
      8 | 	test("Performance: Page load times under 3 seconds", async ({ page }) => {
        at D:\neonpro\tools\testing\e2e\tests\performance\performance-security.spec.ts:5:14

    attachment #1: trace (application/zip) ─────────────────────────────────────────────────────────
    ..\..\..\..\e2e\test-results\performance-performance-se-07108-ty-SQL-injection-protection-chromium-desktop-retry1\trace.zip
    Usage:

        npx playwright show-trace ..\..\..\..\e2e\test-results\performance-performance-se-07108-ty-SQL-injection-protection-chromium-desktop-retry1\trace.zip

    ────────────────────────────────────────────────────────────────────────────────────────────────
]]>
</failure>
<system-out>
<![CDATA[
[[ATTACHMENT|..\test-results\performance-performance-se-07108-ty-SQL-injection-protection-chromium-desktop-retry1\trace.zip]]
]]>
</system-out>
</testcase>
<testcase name="[chromium-desktop] ⚡ Performance &amp; Security E2E Tests › Security: Authentication bypass attempts" classname="performance\performance-security.spec.ts" time="0.222">
<failure message="performance-security.spec.ts:113:6 Security: Authentication bypass attempts" type="FAILURE">
<![CDATA[  [chromium-desktop] › performance\performance-security.spec.ts:113:6 › ⚡ Performance & Security E2E Tests › Security: Authentication bypass attempts 

    Error: page.goto: Protocol error (Page.navigate): Cannot navigate to invalid URL
    Call log:
      - navigating to "/", waiting until "load"


      3 | test.describe("⚡ Performance & Security E2E Tests", () => {
      4 | 	test.beforeEach(async ({ page }) => {
    > 5 | 		await page.goto("/");
        | 		           ^
      6 | 	});
      7 |
      8 | 	test("Performance: Page load times under 3 seconds", async ({ page }) => {
        at D:\neonpro\tools\testing\e2e\tests\performance\performance-security.spec.ts:5:14

    Retry #1 ───────────────────────────────────────────────────────────────────────────────────────

    Error: page.goto: Protocol error (Page.navigate): Cannot navigate to invalid URL
    Call log:
      - navigating to "/", waiting until "load"


      3 | test.describe("⚡ Performance & Security E2E Tests", () => {
      4 | 	test.beforeEach(async ({ page }) => {
    > 5 | 		await page.goto("/");
        | 		           ^
      6 | 	});
      7 |
      8 | 	test("Performance: Page load times under 3 seconds", async ({ page }) => {
        at D:\neonpro\tools\testing\e2e\tests\performance\performance-security.spec.ts:5:14

    attachment #1: trace (application/zip) ─────────────────────────────────────────────────────────
    ..\..\..\..\e2e\test-results\performance-performance-se-16994-hentication-bypass-attempts-chromium-desktop-retry1\trace.zip
    Usage:

        npx playwright show-trace ..\..\..\..\e2e\test-results\performance-performance-se-16994-hentication-bypass-attempts-chromium-desktop-retry1\trace.zip

    ────────────────────────────────────────────────────────────────────────────────────────────────
]]>
</failure>
<system-out>
<![CDATA[
[[ATTACHMENT|..\test-results\performance-performance-se-16994-hentication-bypass-attempts-chromium-desktop-retry1\trace.zip]]
]]>
</system-out>
</testcase>
<testcase name="[chromium-desktop] ⚡ Performance &amp; Security E2E Tests › Security: Session management" classname="performance\performance-security.spec.ts" time="0.194">
<failure message="performance-security.spec.ts:132:6 Security: Session management" type="FAILURE">
<![CDATA[  [chromium-desktop] › performance\performance-security.spec.ts:132:6 › ⚡ Performance & Security E2E Tests › Security: Session management 

    Error: page.goto: Protocol error (Page.navigate): Cannot navigate to invalid URL
    Call log:
      - navigating to "/", waiting until "load"


      3 | test.describe("⚡ Performance & Security E2E Tests", () => {
      4 | 	test.beforeEach(async ({ page }) => {
    > 5 | 		await page.goto("/");
        | 		           ^
      6 | 	});
      7 |
      8 | 	test("Performance: Page load times under 3 seconds", async ({ page }) => {
        at D:\neonpro\tools\testing\e2e\tests\performance\performance-security.spec.ts:5:14

    Retry #1 ───────────────────────────────────────────────────────────────────────────────────────

    Error: page.goto: Protocol error (Page.navigate): Cannot navigate to invalid URL
    Call log:
      - navigating to "/", waiting until "load"


      3 | test.describe("⚡ Performance & Security E2E Tests", () => {
      4 | 	test.beforeEach(async ({ page }) => {
    > 5 | 		await page.goto("/");
        | 		           ^
      6 | 	});
      7 |
      8 | 	test("Performance: Page load times under 3 seconds", async ({ page }) => {
        at D:\neonpro\tools\testing\e2e\tests\performance\performance-security.spec.ts:5:14

    attachment #1: trace (application/zip) ─────────────────────────────────────────────────────────
    ..\..\..\..\e2e\test-results\performance-performance-se-69fe0-Security-Session-management-chromium-desktop-retry1\trace.zip
    Usage:

        npx playwright show-trace ..\..\..\..\e2e\test-results\performance-performance-se-69fe0-Security-Session-management-chromium-desktop-retry1\trace.zip

    ────────────────────────────────────────────────────────────────────────────────────────────────
]]>
</failure>
<system-out>
<![CDATA[
[[ATTACHMENT|..\test-results\performance-performance-se-69fe0-Security-Session-management-chromium-desktop-retry1\trace.zip]]
]]>
</system-out>
</testcase>
<testcase name="[chromium-desktop] ⚡ Performance &amp; Security E2E Tests › Performance: Large dataset handling" classname="performance\performance-security.spec.ts" time="0.243">
<failure message="performance-security.spec.ts:159:6 Performance: Large dataset handling" type="FAILURE">
<![CDATA[  [chromium-desktop] › performance\performance-security.spec.ts:159:6 › ⚡ Performance & Security E2E Tests › Performance: Large dataset handling 

    Error: page.goto: Protocol error (Page.navigate): Cannot navigate to invalid URL
    Call log:
      - navigating to "/", waiting until "load"


      3 | test.describe("⚡ Performance & Security E2E Tests", () => {
      4 | 	test.beforeEach(async ({ page }) => {
    > 5 | 		await page.goto("/");
        | 		           ^
      6 | 	});
      7 |
      8 | 	test("Performance: Page load times under 3 seconds", async ({ page }) => {
        at D:\neonpro\tools\testing\e2e\tests\performance\performance-security.spec.ts:5:14

    Retry #1 ───────────────────────────────────────────────────────────────────────────────────────

    Error: page.goto: Protocol error (Page.navigate): Cannot navigate to invalid URL
    Call log:
      - navigating to "/", waiting until "load"


      3 | test.describe("⚡ Performance & Security E2E Tests", () => {
      4 | 	test.beforeEach(async ({ page }) => {
    > 5 | 		await page.goto("/");
        | 		           ^
      6 | 	});
      7 |
      8 | 	test("Performance: Page load times under 3 seconds", async ({ page }) => {
        at D:\neonpro\tools\testing\e2e\tests\performance\performance-security.spec.ts:5:14

    attachment #1: trace (application/zip) ─────────────────────────────────────────────────────────
    ..\..\..\..\e2e\test-results\performance-performance-se-fd495-ance-Large-dataset-handling-chromium-desktop-retry1\trace.zip
    Usage:

        npx playwright show-trace ..\..\..\..\e2e\test-results\performance-performance-se-fd495-ance-Large-dataset-handling-chromium-desktop-retry1\trace.zip

    ────────────────────────────────────────────────────────────────────────────────────────────────
]]>
</failure>
<system-out>
<![CDATA[
[[ATTACHMENT|..\test-results\performance-performance-se-fd495-ance-Large-dataset-handling-chromium-desktop-retry1\trace.zip]]
]]>
</system-out>
</testcase>
<testcase name="[chromium-desktop] ⚡ Performance &amp; Security E2E Tests › Accessibility: Keyboard navigation" classname="performance\performance-security.spec.ts" time="0.231">
<failure message="performance-security.spec.ts:194:6 Accessibility: Keyboard navigation" type="FAILURE">
<![CDATA[  [chromium-desktop] › performance\performance-security.spec.ts:194:6 › ⚡ Performance & Security E2E Tests › Accessibility: Keyboard navigation 

    Error: page.goto: Protocol error (Page.navigate): Cannot navigate to invalid URL
    Call log:
      - navigating to "/", waiting until "load"


      3 | test.describe("⚡ Performance & Security E2E Tests", () => {
      4 | 	test.beforeEach(async ({ page }) => {
    > 5 | 		await page.goto("/");
        | 		           ^
      6 | 	});
      7 |
      8 | 	test("Performance: Page load times under 3 seconds", async ({ page }) => {
        at D:\neonpro\tools\testing\e2e\tests\performance\performance-security.spec.ts:5:14

    Retry #1 ───────────────────────────────────────────────────────────────────────────────────────

    Error: page.goto: Protocol error (Page.navigate): Cannot navigate to invalid URL
    Call log:
      - navigating to "/", waiting until "load"


      3 | test.describe("⚡ Performance & Security E2E Tests", () => {
      4 | 	test.beforeEach(async ({ page }) => {
    > 5 | 		await page.goto("/");
        | 		           ^
      6 | 	});
      7 |
      8 | 	test("Performance: Page load times under 3 seconds", async ({ page }) => {
        at D:\neonpro\tools\testing\e2e\tests\performance\performance-security.spec.ts:5:14

    attachment #1: trace (application/zip) ─────────────────────────────────────────────────────────
    ..\..\..\..\e2e\test-results\performance-performance-se-6f8b4-ibility-Keyboard-navigation-chromium-desktop-retry1\trace.zip
    Usage:

        npx playwright show-trace ..\..\..\..\e2e\test-results\performance-performance-se-6f8b4-ibility-Keyboard-navigation-chromium-desktop-retry1\trace.zip

    ────────────────────────────────────────────────────────────────────────────────────────────────
]]>
</failure>
<system-out>
<![CDATA[
[[ATTACHMENT|..\test-results\performance-performance-se-6f8b4-ibility-Keyboard-navigation-chromium-desktop-retry1\trace.zip]]
]]>
</system-out>
</testcase>
<testcase name="[chromium-desktop] ⚡ Performance &amp; Security E2E Tests › Accessibility: Screen reader compatibility" classname="performance\performance-security.spec.ts" time="0.223">
<failure message="performance-security.spec.ts:216:6 Accessibility: Screen reader compatibility" type="FAILURE">
<![CDATA[  [chromium-desktop] › performance\performance-security.spec.ts:216:6 › ⚡ Performance & Security E2E Tests › Accessibility: Screen reader compatibility 

    Error: page.goto: Protocol error (Page.navigate): Cannot navigate to invalid URL
    Call log:
      - navigating to "/", waiting until "load"


      3 | test.describe("⚡ Performance & Security E2E Tests", () => {
      4 | 	test.beforeEach(async ({ page }) => {
    > 5 | 		await page.goto("/");
        | 		           ^
      6 | 	});
      7 |
      8 | 	test("Performance: Page load times under 3 seconds", async ({ page }) => {
        at D:\neonpro\tools\testing\e2e\tests\performance\performance-security.spec.ts:5:14

    Retry #1 ───────────────────────────────────────────────────────────────────────────────────────

    Error: page.goto: Protocol error (Page.navigate): Cannot navigate to invalid URL
    Call log:
      - navigating to "/", waiting until "load"


      3 | test.describe("⚡ Performance & Security E2E Tests", () => {
      4 | 	test.beforeEach(async ({ page }) => {
    > 5 | 		await page.goto("/");
        | 		           ^
      6 | 	});
      7 |
      8 | 	test("Performance: Page load times under 3 seconds", async ({ page }) => {
        at D:\neonpro\tools\testing\e2e\tests\performance\performance-security.spec.ts:5:14

    attachment #1: trace (application/zip) ─────────────────────────────────────────────────────────
    ..\..\..\..\e2e\test-results\performance-performance-se-a1f89-Screen-reader-compatibility-chromium-desktop-retry1\trace.zip
    Usage:

        npx playwright show-trace ..\..\..\..\e2e\test-results\performance-performance-se-a1f89-Screen-reader-compatibility-chromium-desktop-retry1\trace.zip

    ────────────────────────────────────────────────────────────────────────────────────────────────
]]>
</failure>
<system-out>
<![CDATA[
[[ATTACHMENT|..\test-results\performance-performance-se-a1f89-Screen-reader-compatibility-chromium-desktop-retry1\trace.zip]]
]]>
</system-out>
</testcase>
<testcase name="[chromium-desktop] ⚡ Performance &amp; Security E2E Tests › Mobile Responsiveness: Touch interactions" classname="performance\performance-security.spec.ts" time="0.187">
<failure message="performance-security.spec.ts:251:6 Mobile Responsiveness: Touch interactions" type="FAILURE">
<![CDATA[  [chromium-desktop] › performance\performance-security.spec.ts:251:6 › ⚡ Performance & Security E2E Tests › Mobile Responsiveness: Touch interactions 

    Error: page.goto: Protocol error (Page.navigate): Cannot navigate to invalid URL
    Call log:
      - navigating to "/", waiting until "load"


      3 | test.describe("⚡ Performance & Security E2E Tests", () => {
      4 | 	test.beforeEach(async ({ page }) => {
    > 5 | 		await page.goto("/");
        | 		           ^
      6 | 	});
      7 |
      8 | 	test("Performance: Page load times under 3 seconds", async ({ page }) => {
        at D:\neonpro\tools\testing\e2e\tests\performance\performance-security.spec.ts:5:14

    Retry #1 ───────────────────────────────────────────────────────────────────────────────────────

    Error: page.goto: Protocol error (Page.navigate): Cannot navigate to invalid URL
    Call log:
      - navigating to "/", waiting until "load"


      3 | test.describe("⚡ Performance & Security E2E Tests", () => {
      4 | 	test.beforeEach(async ({ page }) => {
    > 5 | 		await page.goto("/");
        | 		           ^
      6 | 	});
      7 |
      8 | 	test("Performance: Page load times under 3 seconds", async ({ page }) => {
        at D:\neonpro\tools\testing\e2e\tests\performance\performance-security.spec.ts:5:14

    attachment #1: trace (application/zip) ─────────────────────────────────────────────────────────
    ..\..\..\..\e2e\test-results\performance-performance-se-cfbec-siveness-Touch-interactions-chromium-desktop-retry1\trace.zip
    Usage:

        npx playwright show-trace ..\..\..\..\e2e\test-results\performance-performance-se-cfbec-siveness-Touch-interactions-chromium-desktop-retry1\trace.zip

    ────────────────────────────────────────────────────────────────────────────────────────────────
]]>
</failure>
<system-out>
<![CDATA[
[[ATTACHMENT|..\test-results\performance-performance-se-cfbec-siveness-Touch-interactions-chromium-desktop-retry1\trace.zip]]
]]>
</system-out>
</testcase>
<testcase name="[chromium-desktop] ⚡ Performance &amp; Security E2E Tests › Error Handling: Network failures" classname="performance\performance-security.spec.ts" time="0.217">
<failure message="performance-security.spec.ts:280:6 Error Handling: Network failures" type="FAILURE">
<![CDATA[  [chromium-desktop] › performance\performance-security.spec.ts:280:6 › ⚡ Performance & Security E2E Tests › Error Handling: Network failures 

    Error: page.goto: Protocol error (Page.navigate): Cannot navigate to invalid URL
    Call log:
      - navigating to "/", waiting until "load"


      3 | test.describe("⚡ Performance & Security E2E Tests", () => {
      4 | 	test.beforeEach(async ({ page }) => {
    > 5 | 		await page.goto("/");
        | 		           ^
      6 | 	});
      7 |
      8 | 	test("Performance: Page load times under 3 seconds", async ({ page }) => {
        at D:\neonpro\tools\testing\e2e\tests\performance\performance-security.spec.ts:5:14

    Retry #1 ───────────────────────────────────────────────────────────────────────────────────────

    Error: page.goto: Protocol error (Page.navigate): Cannot navigate to invalid URL
    Call log:
      - navigating to "/", waiting until "load"


      3 | test.describe("⚡ Performance & Security E2E Tests", () => {
      4 | 	test.beforeEach(async ({ page }) => {
    > 5 | 		await page.goto("/");
        | 		           ^
      6 | 	});
      7 |
      8 | 	test("Performance: Page load times under 3 seconds", async ({ page }) => {
        at D:\neonpro\tools\testing\e2e\tests\performance\performance-security.spec.ts:5:14

    attachment #1: trace (application/zip) ─────────────────────────────────────────────────────────
    ..\..\..\..\e2e\test-results\performance-performance-se-8e89c-r-Handling-Network-failures-chromium-desktop-retry1\trace.zip
    Usage:

        npx playwright show-trace ..\..\..\..\e2e\test-results\performance-performance-se-8e89c-r-Handling-Network-failures-chromium-desktop-retry1\trace.zip

    ────────────────────────────────────────────────────────────────────────────────────────────────
]]>
</failure>
<system-out>
<![CDATA[
[[ATTACHMENT|..\test-results\performance-performance-se-8e89c-r-Handling-Network-failures-chromium-desktop-retry1\trace.zip]]
]]>
</system-out>
</testcase>
</testsuite>
<testsuite name="playwright-setup-validation.spec.ts" timestamp="2025-08-23T06:21:35.562Z" hostname="chromium-desktop" tests="3" failures="0" skipped="0" time="1.908" errors="0">
<testcase name="[chromium-desktop] Playwright Configuration Validation › should have working Playwright installation" classname="playwright-setup-validation.spec.ts" time="0.672">
</testcase>
<testcase name="[chromium-desktop] Playwright Configuration Validation › should support modern browser features" classname="playwright-setup-validation.spec.ts" time="0.678">
</testcase>
<testcase name="[chromium-desktop] Playwright Configuration Validation › should handle network requests correctly" classname="playwright-setup-validation.spec.ts" time="0.558">
</testcase>
</testsuite>
<testsuite name="security\security-compliance.spec.ts" timestamp="2025-08-23T06:21:35.562Z" hostname="chromium-desktop" tests="7" failures="7" skipped="0" time="1.459" errors="0">
<testcase name="[chromium-desktop] 🔒 Security &amp; Compliance Testing › 🛡️ Authentication Security Tests" classname="security\security-compliance.spec.ts" time="0.228">
<failure message="security-compliance.spec.ts:17:6 🛡️ Authentication Security Tests" type="FAILURE">
<![CDATA[  [chromium-desktop] › security\security-compliance.spec.ts:17:6 › 🔒 Security & Compliance Testing › 🛡️ Authentication Security Tests › Verify redirect to login for protected routes 

    Error: page.goto: Protocol error (Page.navigate): Cannot navigate to invalid URL
    Call log:
      - navigating to "/dashboard", waiting until "load"


      20 | 		await test.step("Verify redirect to login for protected routes", async () => {
      21 | 			// Try to access protected route without authentication
    > 22 | 			await page.goto("/dashboard");
         | 			           ^
      23 |
      24 | 			// Should redirect to login
      25 | 			await expect(page).toHaveURL(/.*\/login/);
        at D:\neonpro\tools\testing\e2e\tests\security\security-compliance.spec.ts:22:15
        at D:\neonpro\tools\testing\e2e\tests\security\security-compliance.spec.ts:20:14

    Retry #1 ───────────────────────────────────────────────────────────────────────────────────────

    Error: page.goto: Protocol error (Page.navigate): Cannot navigate to invalid URL
    Call log:
      - navigating to "/dashboard", waiting until "load"


      20 | 		await test.step("Verify redirect to login for protected routes", async () => {
      21 | 			// Try to access protected route without authentication
    > 22 | 			await page.goto("/dashboard");
         | 			           ^
      23 |
      24 | 			// Should redirect to login
      25 | 			await expect(page).toHaveURL(/.*\/login/);
        at D:\neonpro\tools\testing\e2e\tests\security\security-compliance.spec.ts:22:15
        at D:\neonpro\tools\testing\e2e\tests\security\security-compliance.spec.ts:20:14

    attachment #1: trace (application/zip) ─────────────────────────────────────────────────────────
    ..\..\..\..\e2e\test-results\security-security-complian-28b0a-thentication-Security-Tests-chromium-desktop-retry1\trace.zip
    Usage:

        npx playwright show-trace ..\..\..\..\e2e\test-results\security-security-complian-28b0a-thentication-Security-Tests-chromium-desktop-retry1\trace.zip

    ────────────────────────────────────────────────────────────────────────────────────────────────
]]>
</failure>
<system-out>
<![CDATA[
[[ATTACHMENT|..\test-results\security-security-complian-28b0a-thentication-Security-Tests-chromium-desktop-retry1\trace.zip]]
]]>
</system-out>
</testcase>
<testcase name="[chromium-desktop] 🔒 Security &amp; Compliance Testing › 🔐 Authorization Enforcement Tests" classname="security\security-compliance.spec.ts" time="0.174">
<failure message="security-compliance.spec.ts:66:6 🔐 Authorization Enforcement Tests" type="FAILURE">
<![CDATA[  [chromium-desktop] › security\security-compliance.spec.ts:66:6 › 🔒 Security & Compliance Testing › 🔐 Authorization Enforcement Tests › Test API endpoint authorization 

    TypeError: apiRequestContext.get: Invalid URL

      69 | 		await test.step("Test API endpoint authorization", async () => {
      70 | 			// Test unauthorized API access
    > 71 | 			const response = await page.request.get("/api/v1/patients");
         | 			                                    ^
      72 | 			expect(response.status()).toBe(401);
      73 |
      74 | 			const responseBody = await response.json();
        at D:\neonpro\tools\testing\e2e\tests\security\security-compliance.spec.ts:71:40
        at D:\neonpro\tools\testing\e2e\tests\security\security-compliance.spec.ts:69:14

    Retry #1 ───────────────────────────────────────────────────────────────────────────────────────

    TypeError: apiRequestContext.get: Invalid URL

      69 | 		await test.step("Test API endpoint authorization", async () => {
      70 | 			// Test unauthorized API access
    > 71 | 			const response = await page.request.get("/api/v1/patients");
         | 			                                    ^
      72 | 			expect(response.status()).toBe(401);
      73 |
      74 | 			const responseBody = await response.json();
        at D:\neonpro\tools\testing\e2e\tests\security\security-compliance.spec.ts:71:40
        at D:\neonpro\tools\testing\e2e\tests\security\security-compliance.spec.ts:69:14

    attachment #1: trace (application/zip) ─────────────────────────────────────────────────────────
    ..\..\..\..\e2e\test-results\security-security-complian-bb65d-orization-Enforcement-Tests-chromium-desktop-retry1\trace.zip
    Usage:

        npx playwright show-trace ..\..\..\..\e2e\test-results\security-security-complian-bb65d-orization-Enforcement-Tests-chromium-desktop-retry1\trace.zip

    ────────────────────────────────────────────────────────────────────────────────────────────────
]]>
</failure>
<system-out>
<![CDATA[
[[ATTACHMENT|..\test-results\security-security-complian-bb65d-orization-Enforcement-Tests-chromium-desktop-retry1\trace.zip]]
]]>
</system-out>
</testcase>
<testcase name="[chromium-desktop] 🔒 Security &amp; Compliance Testing › 📋 LGPD Compliance Tests" classname="security\security-compliance.spec.ts" time="0.195">
<failure message="security-compliance.spec.ts:93:6 📋 LGPD Compliance Tests" type="FAILURE">
<![CDATA[  [chromium-desktop] › security\security-compliance.spec.ts:93:6 › 🔒 Security & Compliance Testing › 📋 LGPD Compliance Tests › Verify consent collection 

    Error: page.goto: Protocol error (Page.navigate): Cannot navigate to invalid URL
    Call log:
      - navigating to "/patients/new", waiting until "load"


       95 |
       96 | 		await test.step("Verify consent collection", async () => {
    >  97 | 			await page.goto("/patients/new");
          | 			           ^
       98 |
       99 | 			// LGPD consent should be required
      100 | 			await expect(
        at D:\neonpro\tools\testing\e2e\tests\security\security-compliance.spec.ts:97:15
        at D:\neonpro\tools\testing\e2e\tests\security\security-compliance.spec.ts:96:14

    Retry #1 ───────────────────────────────────────────────────────────────────────────────────────

    Error: page.goto: Protocol error (Page.navigate): Cannot navigate to invalid URL
    Call log:
      - navigating to "/patients/new", waiting until "load"


       95 |
       96 | 		await test.step("Verify consent collection", async () => {
    >  97 | 			await page.goto("/patients/new");
          | 			           ^
       98 |
       99 | 			// LGPD consent should be required
      100 | 			await expect(
        at D:\neonpro\tools\testing\e2e\tests\security\security-compliance.spec.ts:97:15
        at D:\neonpro\tools\testing\e2e\tests\security\security-compliance.spec.ts:96:14

    attachment #1: trace (application/zip) ─────────────────────────────────────────────────────────
    ..\..\..\..\e2e\test-results\security-security-complian-5fee0-ng-📋-LGPD-Compliance-Tests-chromium-desktop-retry1\trace.zip
    Usage:

        npx playwright show-trace ..\..\..\..\e2e\test-results\security-security-complian-5fee0-ng-📋-LGPD-Compliance-Tests-chromium-desktop-retry1\trace.zip

    ────────────────────────────────────────────────────────────────────────────────────────────────
]]>
</failure>
<system-out>
<![CDATA[
[[ATTACHMENT|..\test-results\security-security-complian-5fee0-ng-📋-LGPD-Compliance-Tests-chromium-desktop-retry1\trace.zip]]
]]>
</system-out>
</testcase>
<testcase name="[chromium-desktop] 🔒 Security &amp; Compliance Testing › 🌐 Security Headers Tests" classname="security\security-compliance.spec.ts" time="0.206">
<failure message="security-compliance.spec.ts:137:6 🌐 Security Headers Tests" type="FAILURE">
<![CDATA[  [chromium-desktop] › security\security-compliance.spec.ts:137:6 › 🔒 Security & Compliance Testing › 🌐 Security Headers Tests › Verify security headers presence 

    TypeError: apiRequestContext.get: Invalid URL

      139 |
      140 | 		await test.step("Verify security headers presence", async () => {
    > 141 | 			const response = await page.request.get("/");
          | 			                                    ^
      142 |
      143 | 			// Check for critical security headers
      144 | 			expect(response.headers()["x-frame-options"]).toBeTruthy();
        at D:\neonpro\tools\testing\e2e\tests\security\security-compliance.spec.ts:141:40
        at D:\neonpro\tools\testing\e2e\tests\security\security-compliance.spec.ts:140:14

    Retry #1 ───────────────────────────────────────────────────────────────────────────────────────

    TypeError: apiRequestContext.get: Invalid URL

      139 |
      140 | 		await test.step("Verify security headers presence", async () => {
    > 141 | 			const response = await page.request.get("/");
          | 			                                    ^
      142 |
      143 | 			// Check for critical security headers
      144 | 			expect(response.headers()["x-frame-options"]).toBeTruthy();
        at D:\neonpro\tools\testing\e2e\tests\security\security-compliance.spec.ts:141:40
        at D:\neonpro\tools\testing\e2e\tests\security\security-compliance.spec.ts:140:14

    attachment #1: trace (application/zip) ─────────────────────────────────────────────────────────
    ..\..\..\..\e2e\test-results\security-security-complian-25384-g-🌐-Security-Headers-Tests-chromium-desktop-retry1\trace.zip
    Usage:

        npx playwright show-trace ..\..\..\..\e2e\test-results\security-security-complian-25384-g-🌐-Security-Headers-Tests-chromium-desktop-retry1\trace.zip

    ────────────────────────────────────────────────────────────────────────────────────────────────
]]>
</failure>
<system-out>
<![CDATA[
[[ATTACHMENT|..\test-results\security-security-complian-25384-g-🌐-Security-Headers-Tests-chromium-desktop-retry1\trace.zip]]
]]>
</system-out>
</testcase>
<testcase name="[chromium-desktop] 🔒 Security &amp; Compliance Testing › 💉 Input Validation &amp; Injection Tests" classname="security\security-compliance.spec.ts" time="0.193">
<failure message="security-compliance.spec.ts:170:6 💉 Input Validation &amp; Injection Tests" type="FAILURE">
<![CDATA[  [chromium-desktop] › security\security-compliance.spec.ts:170:6 › 🔒 Security & Compliance Testing › 💉 Input Validation & Injection Tests › Test SQL injection prevention 

    Error: page.goto: Protocol error (Page.navigate): Cannot navigate to invalid URL
    Call log:
      - navigating to "/login", waiting until "load"


      172 |
      173 | 		await test.step("Test SQL injection prevention", async () => {
    > 174 | 			await page.goto("/login");
          | 			           ^
      175 |
      176 | 			// Try SQL injection in login form
      177 | 			await page.fill('[name="email"]', "admin'; DROP TABLE users; --");
        at D:\neonpro\tools\testing\e2e\tests\security\security-compliance.spec.ts:174:15
        at D:\neonpro\tools\testing\e2e\tests\security\security-compliance.spec.ts:173:14

    Retry #1 ───────────────────────────────────────────────────────────────────────────────────────

    Error: page.goto: Protocol error (Page.navigate): Cannot navigate to invalid URL
    Call log:
      - navigating to "/login", waiting until "load"


      172 |
      173 | 		await test.step("Test SQL injection prevention", async () => {
    > 174 | 			await page.goto("/login");
          | 			           ^
      175 |
      176 | 			// Try SQL injection in login form
      177 | 			await page.fill('[name="email"]', "admin'; DROP TABLE users; --");
        at D:\neonpro\tools\testing\e2e\tests\security\security-compliance.spec.ts:174:15
        at D:\neonpro\tools\testing\e2e\tests\security\security-compliance.spec.ts:173:14

    attachment #1: trace (application/zip) ─────────────────────────────────────────────────────────
    ..\..\..\..\e2e\test-results\security-security-complian-b5166--Validation-Injection-Tests-chromium-desktop-retry1\trace.zip
    Usage:

        npx playwright show-trace ..\..\..\..\e2e\test-results\security-security-complian-b5166--Validation-Injection-Tests-chromium-desktop-retry1\trace.zip

    ────────────────────────────────────────────────────────────────────────────────────────────────
]]>
</failure>
<system-out>
<![CDATA[
[[ATTACHMENT|..\test-results\security-security-complian-b5166--Validation-Injection-Tests-chromium-desktop-retry1\trace.zip]]
]]>
</system-out>
</testcase>
<testcase name="[chromium-desktop] 🔒 Security &amp; Compliance Testing › 🏥 Healthcare-Specific Security Tests" classname="security\security-compliance.spec.ts" time="0.224">
<failure message="security-compliance.spec.ts:233:6 🏥 Healthcare-Specific Security Tests" type="FAILURE">
<![CDATA[  [chromium-desktop] › security\security-compliance.spec.ts:233:6 › 🔒 Security & Compliance Testing › 🏥 Healthcare-Specific Security Tests › Test patient data access controls 

    Error: page.goto: Protocol error (Page.navigate): Cannot navigate to invalid URL
    Call log:
      - navigating to "/login", waiting until "load"


      236 | 		await test.step("Test patient data access controls", async () => {
      237 | 			// Login as healthcare professional
    > 238 | 			await page.goto("/login");
          | 			           ^
      239 | 			await page.fill('[name="email"]', "doctor@neonpro.com");
      240 | 			await page.fill('[name="password"]', "SecurePassword123!");
      241 | 			await page.click('button[type="submit"]');
        at D:\neonpro\tools\testing\e2e\tests\security\security-compliance.spec.ts:238:15
        at D:\neonpro\tools\testing\e2e\tests\security\security-compliance.spec.ts:236:14

    Retry #1 ───────────────────────────────────────────────────────────────────────────────────────

    Error: page.goto: Protocol error (Page.navigate): Cannot navigate to invalid URL
    Call log:
      - navigating to "/login", waiting until "load"


      236 | 		await test.step("Test patient data access controls", async () => {
      237 | 			// Login as healthcare professional
    > 238 | 			await page.goto("/login");
          | 			           ^
      239 | 			await page.fill('[name="email"]', "doctor@neonpro.com");
      240 | 			await page.fill('[name="password"]', "SecurePassword123!");
      241 | 			await page.click('button[type="submit"]');
        at D:\neonpro\tools\testing\e2e\tests\security\security-compliance.spec.ts:238:15
        at D:\neonpro\tools\testing\e2e\tests\security\security-compliance.spec.ts:236:14

    attachment #1: trace (application/zip) ─────────────────────────────────────────────────────────
    ..\..\..\..\e2e\test-results\security-security-complian-5455f-are-Specific-Security-Tests-chromium-desktop-retry1\trace.zip
    Usage:

        npx playwright show-trace ..\..\..\..\e2e\test-results\security-security-complian-5455f-are-Specific-Security-Tests-chromium-desktop-retry1\trace.zip

    ────────────────────────────────────────────────────────────────────────────────────────────────
]]>
</failure>
<system-out>
<![CDATA[
[[ATTACHMENT|..\test-results\security-security-complian-5455f-are-Specific-Security-Tests-chromium-desktop-retry1\trace.zip]]
]]>
</system-out>
</testcase>
<testcase name="[chromium-desktop] 🔒 Security &amp; Compliance Testing › 🔍 API Security Testing" classname="security\security-compliance.spec.ts" time="0.239">
<failure message="security-compliance.spec.ts:291:6 🔍 API Security Testing" type="FAILURE">
<![CDATA[  [chromium-desktop] › security\security-compliance.spec.ts:291:6 › 🔒 Security & Compliance Testing › 🔍 API Security Testing › Test API rate limiting 

    TypeError: apiRequestContext.get: Invalid URL

      296 | 			const requests = [];
      297 | 			for (let i = 0; i < 10; i++) {
    > 298 | 				requests.push(page.request.get("/api/v1/health"));
          | 				                           ^
      299 | 			}
      300 |
      301 | 			const responses = await Promise.all(requests);
        at D:\neonpro\tools\testing\e2e\tests\security\security-compliance.spec.ts:298:32
        at D:\neonpro\tools\testing\e2e\tests\security\security-compliance.spec.ts:294:14

    Retry #1 ───────────────────────────────────────────────────────────────────────────────────────

    TypeError: apiRequestContext.get: Invalid URL

      296 | 			const requests = [];
      297 | 			for (let i = 0; i < 10; i++) {
    > 298 | 				requests.push(page.request.get("/api/v1/health"));
          | 				                           ^
      299 | 			}
      300 |
      301 | 			const responses = await Promise.all(requests);
        at D:\neonpro\tools\testing\e2e\tests\security\security-compliance.spec.ts:298:32
        at D:\neonpro\tools\testing\e2e\tests\security\security-compliance.spec.ts:294:14

    attachment #1: trace (application/zip) ─────────────────────────────────────────────────────────
    ..\..\..\..\e2e\test-results\security-security-complian-a1a5e-ing-🔍-API-Security-Testing-chromium-desktop-retry1\trace.zip
    Usage:

        npx playwright show-trace ..\..\..\..\e2e\test-results\security-security-complian-a1a5e-ing-🔍-API-Security-Testing-chromium-desktop-retry1\trace.zip

    ────────────────────────────────────────────────────────────────────────────────────────────────
]]>
</failure>
<system-out>
<![CDATA[
[[ATTACHMENT|..\test-results\security-security-complian-a1a5e-ing-🔍-API-Security-Testing-chromium-desktop-retry1\trace.zip]]
]]>
</system-out>
</testcase>
</testsuite>
<testsuite name="security\security-healthcare-specific.spec.ts" timestamp="2025-08-23T06:21:35.562Z" hostname="chromium-desktop" tests="5" failures="5" skipped="0" time="1.041" errors="0">
<testcase name="[chromium-desktop] 🏥 Healthcare Security Compliance › should enforce LGPD data protection in patient views" classname="security\security-healthcare-specific.spec.ts" time="0.204">
<failure message="security-healthcare-specific.spec.ts:23:6 should enforce LGPD data protection in patient views" type="FAILURE">
<![CDATA[  [chromium-desktop] › security\security-healthcare-specific.spec.ts:23:6 › 🏥 Healthcare Security Compliance › should enforce LGPD data protection in patient views 

    Error: page.goto: Protocol error (Page.navigate): Cannot navigate to invalid URL
    Call log:
      - navigating to "/login", waiting until "load"


      13 | test.describe("🏥 Healthcare Security Compliance", () => {
      14 | 	test.beforeEach(async ({ page }) => {
    > 15 | 		await page.goto("/login");
         | 		           ^
      16 | 		// Login with test credentials
      17 | 		await page.fill('[data-testid="email"]', "test@neonpro.com");
      18 | 		await page.fill('[data-testid="password"]', "testpassword");
        at D:\neonpro\tools\testing\e2e\tests\security\security-healthcare-specific.spec.ts:15:14

    Retry #1 ───────────────────────────────────────────────────────────────────────────────────────

    Error: page.goto: Protocol error (Page.navigate): Cannot navigate to invalid URL
    Call log:
      - navigating to "/login", waiting until "load"


      13 | test.describe("🏥 Healthcare Security Compliance", () => {
      14 | 	test.beforeEach(async ({ page }) => {
    > 15 | 		await page.goto("/login");
         | 		           ^
      16 | 		// Login with test credentials
      17 | 		await page.fill('[data-testid="email"]', "test@neonpro.com");
      18 | 		await page.fill('[data-testid="password"]', "testpassword");
        at D:\neonpro\tools\testing\e2e\tests\security\security-healthcare-specific.spec.ts:15:14

    attachment #1: trace (application/zip) ─────────────────────────────────────────────────────────
    ..\..\..\..\e2e\test-results\security-security-healthca-63be1-protection-in-patient-views-chromium-desktop-retry1\trace.zip
    Usage:

        npx playwright show-trace ..\..\..\..\e2e\test-results\security-security-healthca-63be1-protection-in-patient-views-chromium-desktop-retry1\trace.zip

    ────────────────────────────────────────────────────────────────────────────────────────────────
]]>
</failure>
<system-out>
<![CDATA[
[[ATTACHMENT|..\test-results\security-security-healthca-63be1-protection-in-patient-views-chromium-desktop-retry1\trace.zip]]
]]>
</system-out>
</testcase>
<testcase name="[chromium-desktop] 🏥 Healthcare Security Compliance › should validate ANVISA device security requirements" classname="security\security-healthcare-specific.spec.ts" time="0.206">
<failure message="security-healthcare-specific.spec.ts:41:6 should validate ANVISA device security requirements" type="FAILURE">
<![CDATA[  [chromium-desktop] › security\security-healthcare-specific.spec.ts:41:6 › 🏥 Healthcare Security Compliance › should validate ANVISA device security requirements 

    Error: page.goto: Protocol error (Page.navigate): Cannot navigate to invalid URL
    Call log:
      - navigating to "/login", waiting until "load"


      13 | test.describe("🏥 Healthcare Security Compliance", () => {
      14 | 	test.beforeEach(async ({ page }) => {
    > 15 | 		await page.goto("/login");
         | 		           ^
      16 | 		// Login with test credentials
      17 | 		await page.fill('[data-testid="email"]', "test@neonpro.com");
      18 | 		await page.fill('[data-testid="password"]', "testpassword");
        at D:\neonpro\tools\testing\e2e\tests\security\security-healthcare-specific.spec.ts:15:14

    Retry #1 ───────────────────────────────────────────────────────────────────────────────────────

    Error: page.goto: Protocol error (Page.navigate): Cannot navigate to invalid URL
    Call log:
      - navigating to "/login", waiting until "load"


      13 | test.describe("🏥 Healthcare Security Compliance", () => {
      14 | 	test.beforeEach(async ({ page }) => {
    > 15 | 		await page.goto("/login");
         | 		           ^
      16 | 		// Login with test credentials
      17 | 		await page.fill('[data-testid="email"]', "test@neonpro.com");
      18 | 		await page.fill('[data-testid="password"]', "testpassword");
        at D:\neonpro\tools\testing\e2e\tests\security\security-healthcare-specific.spec.ts:15:14

    attachment #1: trace (application/zip) ─────────────────────────────────────────────────────────
    ..\..\..\..\e2e\test-results\security-security-healthca-745b6-evice-security-requirements-chromium-desktop-retry1\trace.zip
    Usage:

        npx playwright show-trace ..\..\..\..\e2e\test-results\security-security-healthca-745b6-evice-security-requirements-chromium-desktop-retry1\trace.zip

    ────────────────────────────────────────────────────────────────────────────────────────────────
]]>
</failure>
<system-out>
<![CDATA[
[[ATTACHMENT|..\test-results\security-security-healthca-745b6-evice-security-requirements-chromium-desktop-retry1\trace.zip]]
]]>
</system-out>
</testcase>
<testcase name="[chromium-desktop] 🏥 Healthcare Security Compliance › should enforce CFM professional authentication" classname="security\security-healthcare-specific.spec.ts" time="0.227">
<failure message="security-healthcare-specific.spec.ts:63:6 should enforce CFM professional authentication" type="FAILURE">
<![CDATA[  [chromium-desktop] › security\security-healthcare-specific.spec.ts:63:6 › 🏥 Healthcare Security Compliance › should enforce CFM professional authentication 

    Error: page.goto: Protocol error (Page.navigate): Cannot navigate to invalid URL
    Call log:
      - navigating to "/login", waiting until "load"


      13 | test.describe("🏥 Healthcare Security Compliance", () => {
      14 | 	test.beforeEach(async ({ page }) => {
    > 15 | 		await page.goto("/login");
         | 		           ^
      16 | 		// Login with test credentials
      17 | 		await page.fill('[data-testid="email"]', "test@neonpro.com");
      18 | 		await page.fill('[data-testid="password"]', "testpassword");
        at D:\neonpro\tools\testing\e2e\tests\security\security-healthcare-specific.spec.ts:15:14

    Retry #1 ───────────────────────────────────────────────────────────────────────────────────────

    Error: page.goto: Protocol error (Page.navigate): Cannot navigate to invalid URL
    Call log:
      - navigating to "/login", waiting until "load"


      13 | test.describe("🏥 Healthcare Security Compliance", () => {
      14 | 	test.beforeEach(async ({ page }) => {
    > 15 | 		await page.goto("/login");
         | 		           ^
      16 | 		// Login with test credentials
      17 | 		await page.fill('[data-testid="email"]', "test@neonpro.com");
      18 | 		await page.fill('[data-testid="password"]', "testpassword");
        at D:\neonpro\tools\testing\e2e\tests\security\security-healthcare-specific.spec.ts:15:14

    attachment #1: trace (application/zip) ─────────────────────────────────────────────────────────
    ..\..\..\..\e2e\test-results\security-security-healthca-4d46b-professional-authentication-chromium-desktop-retry1\trace.zip
    Usage:

        npx playwright show-trace ..\..\..\..\e2e\test-results\security-security-healthca-4d46b-professional-authentication-chromium-desktop-retry1\trace.zip

    ────────────────────────────────────────────────────────────────────────────────────────────────
]]>
</failure>
<system-out>
<![CDATA[
[[ATTACHMENT|..\test-results\security-security-healthca-4d46b-professional-authentication-chromium-desktop-retry1\trace.zip]]
]]>
</system-out>
</testcase>
<testcase name="[chromium-desktop] 🏥 Healthcare Security Compliance › should maintain audit trail for all healthcare actions" classname="security\security-healthcare-specific.spec.ts" time="0.206">
<failure message="security-healthcare-specific.spec.ts:78:6 should maintain audit trail for all healthcare actions" type="FAILURE">
<![CDATA[  [chromium-desktop] › security\security-healthcare-specific.spec.ts:78:6 › 🏥 Healthcare Security Compliance › should maintain audit trail for all healthcare actions 

    Error: page.goto: Protocol error (Page.navigate): Cannot navigate to invalid URL
    Call log:
      - navigating to "/login", waiting until "load"


      13 | test.describe("🏥 Healthcare Security Compliance", () => {
      14 | 	test.beforeEach(async ({ page }) => {
    > 15 | 		await page.goto("/login");
         | 		           ^
      16 | 		// Login with test credentials
      17 | 		await page.fill('[data-testid="email"]', "test@neonpro.com");
      18 | 		await page.fill('[data-testid="password"]', "testpassword");
        at D:\neonpro\tools\testing\e2e\tests\security\security-healthcare-specific.spec.ts:15:14

    Retry #1 ───────────────────────────────────────────────────────────────────────────────────────

    Error: page.goto: Protocol error (Page.navigate): Cannot navigate to invalid URL
    Call log:
      - navigating to "/login", waiting until "load"


      13 | test.describe("🏥 Healthcare Security Compliance", () => {
      14 | 	test.beforeEach(async ({ page }) => {
    > 15 | 		await page.goto("/login");
         | 		           ^
      16 | 		// Login with test credentials
      17 | 		await page.fill('[data-testid="email"]', "test@neonpro.com");
      18 | 		await page.fill('[data-testid="password"]', "testpassword");
        at D:\neonpro\tools\testing\e2e\tests\security\security-healthcare-specific.spec.ts:15:14

    attachment #1: trace (application/zip) ─────────────────────────────────────────────────────────
    ..\..\..\..\e2e\test-results\security-security-healthca-74e74--for-all-healthcare-actions-chromium-desktop-retry1\trace.zip
    Usage:

        npx playwright show-trace ..\..\..\..\e2e\test-results\security-security-healthca-74e74--for-all-healthcare-actions-chromium-desktop-retry1\trace.zip

    ────────────────────────────────────────────────────────────────────────────────────────────────
]]>
</failure>
<system-out>
<![CDATA[
[[ATTACHMENT|..\test-results\security-security-healthca-74e74--for-all-healthcare-actions-chromium-desktop-retry1\trace.zip]]
]]>
</system-out>
</testcase>
<testcase name="[chromium-desktop] 🏥 Healthcare Security Compliance › should protect against unauthorized data access" classname="security\security-healthcare-specific.spec.ts" time="0.198">
<failure message="security-healthcare-specific.spec.ts:96:6 should protect against unauthorized data access" type="FAILURE">
<![CDATA[  [chromium-desktop] › security\security-healthcare-specific.spec.ts:96:6 › 🏥 Healthcare Security Compliance › should protect against unauthorized data access 

    Error: page.goto: Protocol error (Page.navigate): Cannot navigate to invalid URL
    Call log:
      - navigating to "/login", waiting until "load"


      13 | test.describe("🏥 Healthcare Security Compliance", () => {
      14 | 	test.beforeEach(async ({ page }) => {
    > 15 | 		await page.goto("/login");
         | 		           ^
      16 | 		// Login with test credentials
      17 | 		await page.fill('[data-testid="email"]', "test@neonpro.com");
      18 | 		await page.fill('[data-testid="password"]', "testpassword");
        at D:\neonpro\tools\testing\e2e\tests\security\security-healthcare-specific.spec.ts:15:14

    Retry #1 ───────────────────────────────────────────────────────────────────────────────────────

    Error: page.goto: Protocol error (Page.navigate): Cannot navigate to invalid URL
    Call log:
      - navigating to "/login", waiting until "load"


      13 | test.describe("🏥 Healthcare Security Compliance", () => {
      14 | 	test.beforeEach(async ({ page }) => {
    > 15 | 		await page.goto("/login");
         | 		           ^
      16 | 		// Login with test credentials
      17 | 		await page.fill('[data-testid="email"]', "test@neonpro.com");
      18 | 		await page.fill('[data-testid="password"]', "testpassword");
        at D:\neonpro\tools\testing\e2e\tests\security\security-healthcare-specific.spec.ts:15:14

    attachment #1: trace (application/zip) ─────────────────────────────────────────────────────────
    ..\..\..\..\e2e\test-results\security-security-healthca-45e79-st-unauthorized-data-access-chromium-desktop-retry1\trace.zip
    Usage:

        npx playwright show-trace ..\..\..\..\e2e\test-results\security-security-healthca-45e79-st-unauthorized-data-access-chromium-desktop-retry1\trace.zip

    ────────────────────────────────────────────────────────────────────────────────────────────────
]]>
</failure>
<system-out>
<![CDATA[
[[ATTACHMENT|..\test-results\security-security-healthca-45e79-st-unauthorized-data-access-chromium-desktop-retry1\trace.zip]]
]]>
</system-out>
</testcase>
</testsuite>
<testsuite name="accessibility-healthcare.spec.ts" timestamp="2025-08-23T06:21:35.562Z" hostname="webkit-desktop" tests="5" failures="5" skipped="0" time="2.24" errors="0">
<testcase name="[webkit-desktop] Healthcare Accessibility Compliance › should meet WCAG 2.1 AA standards for patient dashboard" classname="accessibility-healthcare.spec.ts" time="0.439">
<failure message="accessibility-healthcare.spec.ts:8:6 should meet WCAG 2.1 AA standards for patient dashboard" type="FAILURE">
<![CDATA[  [webkit-desktop] › accessibility-healthcare.spec.ts:8:6 › Healthcare Accessibility Compliance › should meet WCAG 2.1 AA standards for patient dashboard 

    Error: page.goto: Protocol error (Playwright.navigate): Cannot navigate to invalid URL
    Call log:
      - navigating to "/dashboard", waiting until "load"


      3 | test.describe("Healthcare Accessibility Compliance", () => {
      4 | 	test.beforeEach(async ({ page }) => {
    > 5 | 		await page.goto("/dashboard");
        | 		           ^
      6 | 	});
      7 |
      8 | 	test("should meet WCAG 2.1 AA standards for patient dashboard", async ({
        at D:\neonpro\tools\testing\e2e\tests\accessibility-healthcare.spec.ts:5:14

    Retry #1 ───────────────────────────────────────────────────────────────────────────────────────

    Error: page.goto: Protocol error (Playwright.navigate): Cannot navigate to invalid URL
    Call log:
      - navigating to "/dashboard", waiting until "load"


      3 | test.describe("Healthcare Accessibility Compliance", () => {
      4 | 	test.beforeEach(async ({ page }) => {
    > 5 | 		await page.goto("/dashboard");
        | 		           ^
      6 | 	});
      7 |
      8 | 	test("should meet WCAG 2.1 AA standards for patient dashboard", async ({
        at D:\neonpro\tools\testing\e2e\tests\accessibility-healthcare.spec.ts:5:14

    attachment #1: trace (application/zip) ─────────────────────────────────────────────────────────
    ..\..\..\..\e2e\test-results\accessibility-healthcare-H-6f47a-dards-for-patient-dashboard-webkit-desktop-retry1\trace.zip
    Usage:

        npx playwright show-trace ..\..\..\..\e2e\test-results\accessibility-healthcare-H-6f47a-dards-for-patient-dashboard-webkit-desktop-retry1\trace.zip

    ────────────────────────────────────────────────────────────────────────────────────────────────
]]>
</failure>
<system-out>
<![CDATA[
[[ATTACHMENT|..\test-results\accessibility-healthcare-H-6f47a-dards-for-patient-dashboard-webkit-desktop-retry1\trace.zip]]
]]>
</system-out>
</testcase>
<testcase name="[webkit-desktop] Healthcare Accessibility Compliance › should provide accessible forms for LGPD consent" classname="accessibility-healthcare.spec.ts" time="0.519">
<failure message="accessibility-healthcare.spec.ts:28:6 should provide accessible forms for LGPD consent" type="FAILURE">
<![CDATA[  [webkit-desktop] › accessibility-healthcare.spec.ts:28:6 › Healthcare Accessibility Compliance › should provide accessible forms for LGPD consent 

    Error: page.goto: Protocol error (Playwright.navigate): Cannot navigate to invalid URL
    Call log:
      - navigating to "/dashboard", waiting until "load"


      3 | test.describe("Healthcare Accessibility Compliance", () => {
      4 | 	test.beforeEach(async ({ page }) => {
    > 5 | 		await page.goto("/dashboard");
        | 		           ^
      6 | 	});
      7 |
      8 | 	test("should meet WCAG 2.1 AA standards for patient dashboard", async ({
        at D:\neonpro\tools\testing\e2e\tests\accessibility-healthcare.spec.ts:5:14

    Retry #1 ───────────────────────────────────────────────────────────────────────────────────────

    Error: page.goto: Protocol error (Playwright.navigate): Cannot navigate to invalid URL
    Call log:
      - navigating to "/dashboard", waiting until "load"


      3 | test.describe("Healthcare Accessibility Compliance", () => {
      4 | 	test.beforeEach(async ({ page }) => {
    > 5 | 		await page.goto("/dashboard");
        | 		           ^
      6 | 	});
      7 |
      8 | 	test("should meet WCAG 2.1 AA standards for patient dashboard", async ({
        at D:\neonpro\tools\testing\e2e\tests\accessibility-healthcare.spec.ts:5:14

    attachment #1: trace (application/zip) ─────────────────────────────────────────────────────────
    ..\..\..\..\e2e\test-results\accessibility-healthcare-H-fa924-ible-forms-for-LGPD-consent-webkit-desktop-retry1\trace.zip
    Usage:

        npx playwright show-trace ..\..\..\..\e2e\test-results\accessibility-healthcare-H-fa924-ible-forms-for-LGPD-consent-webkit-desktop-retry1\trace.zip

    ────────────────────────────────────────────────────────────────────────────────────────────────
]]>
</failure>
<system-out>
<![CDATA[
[[ATTACHMENT|..\test-results\accessibility-healthcare-H-fa924-ible-forms-for-LGPD-consent-webkit-desktop-retry1\trace.zip]]
]]>
</system-out>
</testcase>
<testcase name="[webkit-desktop] Healthcare Accessibility Compliance › should support screen readers for ANVISA compliance data" classname="accessibility-healthcare.spec.ts" time="0.501">
<failure message="accessibility-healthcare.spec.ts:45:6 should support screen readers for ANVISA compliance data" type="FAILURE">
<![CDATA[  [webkit-desktop] › accessibility-healthcare.spec.ts:45:6 › Healthcare Accessibility Compliance › should support screen readers for ANVISA compliance data 

    Error: page.goto: Protocol error (Playwright.navigate): Cannot navigate to invalid URL
    Call log:
      - navigating to "/dashboard", waiting until "load"


      3 | test.describe("Healthcare Accessibility Compliance", () => {
      4 | 	test.beforeEach(async ({ page }) => {
    > 5 | 		await page.goto("/dashboard");
        | 		           ^
      6 | 	});
      7 |
      8 | 	test("should meet WCAG 2.1 AA standards for patient dashboard", async ({
        at D:\neonpro\tools\testing\e2e\tests\accessibility-healthcare.spec.ts:5:14

    Retry #1 ───────────────────────────────────────────────────────────────────────────────────────

    Error: page.goto: Protocol error (Playwright.navigate): Cannot navigate to invalid URL
    Call log:
      - navigating to "/dashboard", waiting until "load"


      3 | test.describe("Healthcare Accessibility Compliance", () => {
      4 | 	test.beforeEach(async ({ page }) => {
    > 5 | 		await page.goto("/dashboard");
        | 		           ^
      6 | 	});
      7 |
      8 | 	test("should meet WCAG 2.1 AA standards for patient dashboard", async ({
        at D:\neonpro\tools\testing\e2e\tests\accessibility-healthcare.spec.ts:5:14

    attachment #1: trace (application/zip) ─────────────────────────────────────────────────────────
    ..\..\..\..\e2e\test-results\accessibility-healthcare-H-7ed37--for-ANVISA-compliance-data-webkit-desktop-retry1\trace.zip
    Usage:

        npx playwright show-trace ..\..\..\..\e2e\test-results\accessibility-healthcare-H-7ed37--for-ANVISA-compliance-data-webkit-desktop-retry1\trace.zip

    ────────────────────────────────────────────────────────────────────────────────────────────────
]]>
</failure>
<system-out>
<![CDATA[
[[ATTACHMENT|..\test-results\accessibility-healthcare-H-7ed37--for-ANVISA-compliance-data-webkit-desktop-retry1\trace.zip]]
]]>
</system-out>
</testcase>
<testcase name="[webkit-desktop] Healthcare Accessibility Compliance › should provide accessible CFM professional validation interface" classname="accessibility-healthcare.spec.ts" time="0.436">
<failure message="accessibility-healthcare.spec.ts:59:6 should provide accessible CFM professional validation interface" type="FAILURE">
<![CDATA[  [webkit-desktop] › accessibility-healthcare.spec.ts:59:6 › Healthcare Accessibility Compliance › should provide accessible CFM professional validation interface 

    Error: page.goto: Protocol error (Playwright.navigate): Cannot navigate to invalid URL
    Call log:
      - navigating to "/dashboard", waiting until "load"


      3 | test.describe("Healthcare Accessibility Compliance", () => {
      4 | 	test.beforeEach(async ({ page }) => {
    > 5 | 		await page.goto("/dashboard");
        | 		           ^
      6 | 	});
      7 |
      8 | 	test("should meet WCAG 2.1 AA standards for patient dashboard", async ({
        at D:\neonpro\tools\testing\e2e\tests\accessibility-healthcare.spec.ts:5:14

    Retry #1 ───────────────────────────────────────────────────────────────────────────────────────

    Error: page.goto: Protocol error (Playwright.navigate): Cannot navigate to invalid URL
    Call log:
      - navigating to "/dashboard", waiting until "load"


      3 | test.describe("Healthcare Accessibility Compliance", () => {
      4 | 	test.beforeEach(async ({ page }) => {
    > 5 | 		await page.goto("/dashboard");
        | 		           ^
      6 | 	});
      7 |
      8 | 	test("should meet WCAG 2.1 AA standards for patient dashboard", async ({
        at D:\neonpro\tools\testing\e2e\tests\accessibility-healthcare.spec.ts:5:14

    attachment #1: trace (application/zip) ─────────────────────────────────────────────────────────
    ..\..\..\..\e2e\test-results\accessibility-healthcare-H-509d9-sional-validation-interface-webkit-desktop-retry1\trace.zip
    Usage:

        npx playwright show-trace ..\..\..\..\e2e\test-results\accessibility-healthcare-H-509d9-sional-validation-interface-webkit-desktop-retry1\trace.zip

    ────────────────────────────────────────────────────────────────────────────────────────────────
]]>
</failure>
<system-out>
<![CDATA[
[[ATTACHMENT|..\test-results\accessibility-healthcare-H-509d9-sional-validation-interface-webkit-desktop-retry1\trace.zip]]
]]>
</system-out>
</testcase>
<testcase name="[webkit-desktop] Healthcare Accessibility Compliance › should maintain accessibility during data loading states" classname="accessibility-healthcare.spec.ts" time="0.345">
<failure message="accessibility-healthcare.spec.ts:77:6 should maintain accessibility during data loading states" type="FAILURE">
<![CDATA[  [webkit-desktop] › accessibility-healthcare.spec.ts:77:6 › Healthcare Accessibility Compliance › should maintain accessibility during data loading states 

    Error: page.goto: Protocol error (Playwright.navigate): Cannot navigate to invalid URL
    Call log:
      - navigating to "/dashboard", waiting until "load"


      3 | test.describe("Healthcare Accessibility Compliance", () => {
      4 | 	test.beforeEach(async ({ page }) => {
    > 5 | 		await page.goto("/dashboard");
        | 		           ^
      6 | 	});
      7 |
      8 | 	test("should meet WCAG 2.1 AA standards for patient dashboard", async ({
        at D:\neonpro\tools\testing\e2e\tests\accessibility-healthcare.spec.ts:5:14

    Retry #1 ───────────────────────────────────────────────────────────────────────────────────────

    Error: page.goto: Protocol error (Playwright.navigate): Cannot navigate to invalid URL
    Call log:
      - navigating to "/dashboard", waiting until "load"


      3 | test.describe("Healthcare Accessibility Compliance", () => {
      4 | 	test.beforeEach(async ({ page }) => {
    > 5 | 		await page.goto("/dashboard");
        | 		           ^
      6 | 	});
      7 |
      8 | 	test("should meet WCAG 2.1 AA standards for patient dashboard", async ({
        at D:\neonpro\tools\testing\e2e\tests\accessibility-healthcare.spec.ts:5:14

    attachment #1: trace (application/zip) ─────────────────────────────────────────────────────────
    ..\..\..\..\e2e\test-results\accessibility-healthcare-H-c18f5--during-data-loading-states-webkit-desktop-retry1\trace.zip
    Usage:

        npx playwright show-trace ..\..\..\..\e2e\test-results\accessibility-healthcare-H-c18f5--during-data-loading-states-webkit-desktop-retry1\trace.zip

    ────────────────────────────────────────────────────────────────────────────────────────────────
]]>
</failure>
<system-out>
<![CDATA[
[[ATTACHMENT|..\test-results\accessibility-healthcare-H-c18f5--during-data-loading-states-webkit-desktop-retry1\trace.zip]]
]]>
</system-out>
</testcase>
</testsuite>
<testsuite name="auth\authentication.spec.ts" timestamp="2025-08-23T06:21:35.562Z" hostname="webkit-desktop" tests="21" failures="21" skipped="0" time="10.247" errors="0">
<testcase name="[webkit-desktop] 🔐 Authentication Flow - Critical E2E › 🚪 Login/Logout Complete Flow › should complete full login flow with valid credentials" classname="auth\authentication.spec.ts" time="0.501">
<failure message="authentication.spec.ts:31:7 should complete full login flow with valid credentials" type="FAILURE">
<![CDATA[  [webkit-desktop] › auth\authentication.spec.ts:31:7 › 🔐 Authentication Flow - Critical E2E › 🚪 Login/Logout Complete Flow › should complete full login flow with valid credentials 

    Error: page.evaluate: SecurityError: The operation is insecure.

      23 | 		// Clear any existing authentication state for clean testing
      24 | 		await page.context().clearCookies();
    > 25 | 		await page.evaluate(() => localStorage.clear());
         | 		           ^
      26 | 		await page.goto("/");
      27 | 		await page.waitForLoadState("networkidle");
      28 | 	});
        at D:\neonpro\tools\testing\e2e\tests\auth\authentication.spec.ts:25:14

    Retry #1 ───────────────────────────────────────────────────────────────────────────────────────

    Error: page.evaluate: SecurityError: The operation is insecure.

      23 | 		// Clear any existing authentication state for clean testing
      24 | 		await page.context().clearCookies();
    > 25 | 		await page.evaluate(() => localStorage.clear());
         | 		           ^
      26 | 		await page.goto("/");
      27 | 		await page.waitForLoadState("networkidle");
      28 | 	});
        at D:\neonpro\tools\testing\e2e\tests\auth\authentication.spec.ts:25:14

    attachment #1: trace (application/zip) ─────────────────────────────────────────────────────────
    ..\..\..\..\e2e\test-results\auth-authentication-🔐-Aut-71c89-flow-with-valid-credentials-webkit-desktop-retry1\trace.zip
    Usage:

        npx playwright show-trace ..\..\..\..\e2e\test-results\auth-authentication-🔐-Aut-71c89-flow-with-valid-credentials-webkit-desktop-retry1\trace.zip

    ────────────────────────────────────────────────────────────────────────────────────────────────
]]>
</failure>
<system-out>
<![CDATA[
[[ATTACHMENT|..\test-results\auth-authentication-🔐-Aut-71c89-flow-with-valid-credentials-webkit-desktop-retry1\trace.zip]]
]]>
</system-out>
</testcase>
<testcase name="[webkit-desktop] 🔐 Authentication Flow - Critical E2E › 🚪 Login/Logout Complete Flow › should complete logout flow and clear session" classname="auth\authentication.spec.ts" time="0.497">
<failure message="authentication.spec.ts:79:7 should complete logout flow and clear session" type="FAILURE">
<![CDATA[  [webkit-desktop] › auth\authentication.spec.ts:79:7 › 🔐 Authentication Flow - Critical E2E › 🚪 Login/Logout Complete Flow › should complete logout flow and clear session 

    Error: page.evaluate: SecurityError: The operation is insecure.

      23 | 		// Clear any existing authentication state for clean testing
      24 | 		await page.context().clearCookies();
    > 25 | 		await page.evaluate(() => localStorage.clear());
         | 		           ^
      26 | 		await page.goto("/");
      27 | 		await page.waitForLoadState("networkidle");
      28 | 	});
        at D:\neonpro\tools\testing\e2e\tests\auth\authentication.spec.ts:25:14

    Retry #1 ───────────────────────────────────────────────────────────────────────────────────────

    Error: page.evaluate: SecurityError: The operation is insecure.

      23 | 		// Clear any existing authentication state for clean testing
      24 | 		await page.context().clearCookies();
    > 25 | 		await page.evaluate(() => localStorage.clear());
         | 		           ^
      26 | 		await page.goto("/");
      27 | 		await page.waitForLoadState("networkidle");
      28 | 	});
        at D:\neonpro\tools\testing\e2e\tests\auth\authentication.spec.ts:25:14

    attachment #1: trace (application/zip) ─────────────────────────────────────────────────────────
    ..\..\..\..\e2e\test-results\auth-authentication-🔐-Aut-3568f-gout-flow-and-clear-session-webkit-desktop-retry1\trace.zip
    Usage:

        npx playwright show-trace ..\..\..\..\e2e\test-results\auth-authentication-🔐-Aut-3568f-gout-flow-and-clear-session-webkit-desktop-retry1\trace.zip

    ────────────────────────────────────────────────────────────────────────────────────────────────
]]>
</failure>
<system-out>
<![CDATA[
[[ATTACHMENT|..\test-results\auth-authentication-🔐-Aut-3568f-gout-flow-and-clear-session-webkit-desktop-retry1\trace.zip]]
]]>
</system-out>
</testcase>
<testcase name="[webkit-desktop] 🔐 Authentication Flow - Critical E2E › 🚪 Login/Logout Complete Flow › should reject invalid credentials with proper error handling" classname="auth\authentication.spec.ts" time="0.427">
<failure message="authentication.spec.ts:113:7 should reject invalid credentials with proper error handling" type="FAILURE">
<![CDATA[  [webkit-desktop] › auth\authentication.spec.ts:113:7 › 🔐 Authentication Flow - Critical E2E › 🚪 Login/Logout Complete Flow › should reject invalid credentials with proper error handling 

    Error: page.evaluate: SecurityError: The operation is insecure.

      23 | 		// Clear any existing authentication state for clean testing
      24 | 		await page.context().clearCookies();
    > 25 | 		await page.evaluate(() => localStorage.clear());
         | 		           ^
      26 | 		await page.goto("/");
      27 | 		await page.waitForLoadState("networkidle");
      28 | 	});
        at D:\neonpro\tools\testing\e2e\tests\auth\authentication.spec.ts:25:14

    Retry #1 ───────────────────────────────────────────────────────────────────────────────────────

    Error: page.evaluate: SecurityError: The operation is insecure.

      23 | 		// Clear any existing authentication state for clean testing
      24 | 		await page.context().clearCookies();
    > 25 | 		await page.evaluate(() => localStorage.clear());
         | 		           ^
      26 | 		await page.goto("/");
      27 | 		await page.waitForLoadState("networkidle");
      28 | 	});
        at D:\neonpro\tools\testing\e2e\tests\auth\authentication.spec.ts:25:14

    attachment #1: trace (application/zip) ─────────────────────────────────────────────────────────
    ..\..\..\..\e2e\test-results\auth-authentication-🔐-Aut-5f190--with-proper-error-handling-webkit-desktop-retry1\trace.zip
    Usage:

        npx playwright show-trace ..\..\..\..\e2e\test-results\auth-authentication-🔐-Aut-5f190--with-proper-error-handling-webkit-desktop-retry1\trace.zip

    ────────────────────────────────────────────────────────────────────────────────────────────────
]]>
</failure>
<system-out>
<![CDATA[
[[ATTACHMENT|..\test-results\auth-authentication-🔐-Aut-5f190--with-proper-error-handling-webkit-desktop-retry1\trace.zip]]
]]>
</system-out>
</testcase>
<testcase name="[webkit-desktop] 🔐 Authentication Flow - Critical E2E › 🏥 Healthcare Professional Authentication › should display healthcare-specific login elements" classname="auth\authentication.spec.ts" time="0.353">
<failure message="authentication.spec.ts:145:7 should display healthcare-specific login elements" type="FAILURE">
<![CDATA[  [webkit-desktop] › auth\authentication.spec.ts:145:7 › 🔐 Authentication Flow - Critical E2E › 🏥 Healthcare Professional Authentication › should display healthcare-specific login elements 

    Error: page.evaluate: SecurityError: The operation is insecure.

      23 | 		// Clear any existing authentication state for clean testing
      24 | 		await page.context().clearCookies();
    > 25 | 		await page.evaluate(() => localStorage.clear());
         | 		           ^
      26 | 		await page.goto("/");
      27 | 		await page.waitForLoadState("networkidle");
      28 | 	});
        at D:\neonpro\tools\testing\e2e\tests\auth\authentication.spec.ts:25:14

    Retry #1 ───────────────────────────────────────────────────────────────────────────────────────

    Error: page.evaluate: SecurityError: The operation is insecure.

      23 | 		// Clear any existing authentication state for clean testing
      24 | 		await page.context().clearCookies();
    > 25 | 		await page.evaluate(() => localStorage.clear());
         | 		           ^
      26 | 		await page.goto("/");
      27 | 		await page.waitForLoadState("networkidle");
      28 | 	});
        at D:\neonpro\tools\testing\e2e\tests\auth\authentication.spec.ts:25:14

    attachment #1: trace (application/zip) ─────────────────────────────────────────────────────────
    ..\..\..\..\e2e\test-results\auth-authentication-🔐-Aut-6e912-are-specific-login-elements-webkit-desktop-retry1\trace.zip
    Usage:

        npx playwright show-trace ..\..\..\..\e2e\test-results\auth-authentication-🔐-Aut-6e912-are-specific-login-elements-webkit-desktop-retry1\trace.zip

    ────────────────────────────────────────────────────────────────────────────────────────────────
]]>
</failure>
<system-out>
<![CDATA[
[[ATTACHMENT|..\test-results\auth-authentication-🔐-Aut-6e912-are-specific-login-elements-webkit-desktop-retry1\trace.zip]]
]]>
</system-out>
</testcase>
<testcase name="[webkit-desktop] 🔐 Authentication Flow - Critical E2E › 🏥 Healthcare Professional Authentication › should validate professional credentials format" classname="auth\authentication.spec.ts" time="0.514">
<failure message="authentication.spec.ts:164:7 should validate professional credentials format" type="FAILURE">
<![CDATA[  [webkit-desktop] › auth\authentication.spec.ts:164:7 › 🔐 Authentication Flow - Critical E2E › 🏥 Healthcare Professional Authentication › should validate professional credentials format 

    Error: page.evaluate: SecurityError: The operation is insecure.

      23 | 		// Clear any existing authentication state for clean testing
      24 | 		await page.context().clearCookies();
    > 25 | 		await page.evaluate(() => localStorage.clear());
         | 		           ^
      26 | 		await page.goto("/");
      27 | 		await page.waitForLoadState("networkidle");
      28 | 	});
        at D:\neonpro\tools\testing\e2e\tests\auth\authentication.spec.ts:25:14

    Retry #1 ───────────────────────────────────────────────────────────────────────────────────────

    Error: page.evaluate: SecurityError: The operation is insecure.

      23 | 		// Clear any existing authentication state for clean testing
      24 | 		await page.context().clearCookies();
    > 25 | 		await page.evaluate(() => localStorage.clear());
         | 		           ^
      26 | 		await page.goto("/");
      27 | 		await page.waitForLoadState("networkidle");
      28 | 	});
        at D:\neonpro\tools\testing\e2e\tests\auth\authentication.spec.ts:25:14

    attachment #1: trace (application/zip) ─────────────────────────────────────────────────────────
    ..\..\..\..\e2e\test-results\auth-authentication-🔐-Aut-8a7cb-essional-credentials-format-webkit-desktop-retry1\trace.zip
    Usage:

        npx playwright show-trace ..\..\..\..\e2e\test-results\auth-authentication-🔐-Aut-8a7cb-essional-credentials-format-webkit-desktop-retry1\trace.zip

    ────────────────────────────────────────────────────────────────────────────────────────────────
]]>
</failure>
<system-out>
<![CDATA[
[[ATTACHMENT|..\test-results\auth-authentication-🔐-Aut-8a7cb-essional-credentials-format-webkit-desktop-retry1\trace.zip]]
]]>
</system-out>
</testcase>
<testcase name="[webkit-desktop] 🔐 Authentication Flow - Critical E2E › 🏥 Healthcare Professional Authentication › should authenticate healthcare professional with CRM validation" classname="auth\authentication.spec.ts" time="0.537">
<failure message="authentication.spec.ts:195:7 should authenticate healthcare professional with CRM validation" type="FAILURE">
<![CDATA[  [webkit-desktop] › auth\authentication.spec.ts:195:7 › 🔐 Authentication Flow - Critical E2E › 🏥 Healthcare Professional Authentication › should authenticate healthcare professional with CRM validation 

    Error: page.evaluate: SecurityError: The operation is insecure.

      23 | 		// Clear any existing authentication state for clean testing
      24 | 		await page.context().clearCookies();
    > 25 | 		await page.evaluate(() => localStorage.clear());
         | 		           ^
      26 | 		await page.goto("/");
      27 | 		await page.waitForLoadState("networkidle");
      28 | 	});
        at D:\neonpro\tools\testing\e2e\tests\auth\authentication.spec.ts:25:14

    Retry #1 ───────────────────────────────────────────────────────────────────────────────────────

    Error: page.evaluate: SecurityError: The operation is insecure.

      23 | 		// Clear any existing authentication state for clean testing
      24 | 		await page.context().clearCookies();
    > 25 | 		await page.evaluate(() => localStorage.clear());
         | 		           ^
      26 | 		await page.goto("/");
      27 | 		await page.waitForLoadState("networkidle");
      28 | 	});
        at D:\neonpro\tools\testing\e2e\tests\auth\authentication.spec.ts:25:14

    attachment #1: trace (application/zip) ─────────────────────────────────────────────────────────
    ..\..\..\..\e2e\test-results\auth-authentication-🔐-Aut-c9e8a-ssional-with-CRM-validation-webkit-desktop-retry1\trace.zip
    Usage:

        npx playwright show-trace ..\..\..\..\e2e\test-results\auth-authentication-🔐-Aut-c9e8a-ssional-with-CRM-validation-webkit-desktop-retry1\trace.zip

    ────────────────────────────────────────────────────────────────────────────────────────────────
]]>
</failure>
<system-out>
<![CDATA[
[[ATTACHMENT|..\test-results\auth-authentication-🔐-Aut-c9e8a-ssional-with-CRM-validation-webkit-desktop-retry1\trace.zip]]
]]>
</system-out>
</testcase>
<testcase name="[webkit-desktop] 🔐 Authentication Flow - Critical E2E › 🏥 Healthcare Professional Authentication › should handle expired professional license scenario" classname="auth\authentication.spec.ts" time="0.547">
<failure message="authentication.spec.ts:220:7 should handle expired professional license scenario" type="FAILURE">
<![CDATA[  [webkit-desktop] › auth\authentication.spec.ts:220:7 › 🔐 Authentication Flow - Critical E2E › 🏥 Healthcare Professional Authentication › should handle expired professional license scenario 

    Error: page.evaluate: SecurityError: The operation is insecure.

      23 | 		// Clear any existing authentication state for clean testing
      24 | 		await page.context().clearCookies();
    > 25 | 		await page.evaluate(() => localStorage.clear());
         | 		           ^
      26 | 		await page.goto("/");
      27 | 		await page.waitForLoadState("networkidle");
      28 | 	});
        at D:\neonpro\tools\testing\e2e\tests\auth\authentication.spec.ts:25:14

    Retry #1 ───────────────────────────────────────────────────────────────────────────────────────

    Error: page.evaluate: SecurityError: The operation is insecure.

      23 | 		// Clear any existing authentication state for clean testing
      24 | 		await page.context().clearCookies();
    > 25 | 		await page.evaluate(() => localStorage.clear());
         | 		           ^
      26 | 		await page.goto("/");
      27 | 		await page.waitForLoadState("networkidle");
      28 | 	});
        at D:\neonpro\tools\testing\e2e\tests\auth\authentication.spec.ts:25:14

    attachment #1: trace (application/zip) ─────────────────────────────────────────────────────────
    ..\..\..\..\e2e\test-results\auth-authentication-🔐-Aut-a3885-ofessional-license-scenario-webkit-desktop-retry1\trace.zip
    Usage:

        npx playwright show-trace ..\..\..\..\e2e\test-results\auth-authentication-🔐-Aut-a3885-ofessional-license-scenario-webkit-desktop-retry1\trace.zip

    ────────────────────────────────────────────────────────────────────────────────────────────────
]]>
</failure>
<system-out>
<![CDATA[
[[ATTACHMENT|..\test-results\auth-authentication-🔐-Aut-a3885-ofessional-license-scenario-webkit-desktop-retry1\trace.zip]]
]]>
</system-out>
</testcase>
<testcase name="[webkit-desktop] 🔐 Authentication Flow - Critical E2E › 🔒 Session Persistence &amp; Security › should maintain session across browser refresh" classname="auth\authentication.spec.ts" time="0.397">
<failure message="authentication.spec.ts:248:7 should maintain session across browser refresh" type="FAILURE">
<![CDATA[  [webkit-desktop] › auth\authentication.spec.ts:248:7 › 🔐 Authentication Flow - Critical E2E › 🔒 Session Persistence & Security › should maintain session across browser refresh 

    Error: page.evaluate: SecurityError: The operation is insecure.

      23 | 		// Clear any existing authentication state for clean testing
      24 | 		await page.context().clearCookies();
    > 25 | 		await page.evaluate(() => localStorage.clear());
         | 		           ^
      26 | 		await page.goto("/");
      27 | 		await page.waitForLoadState("networkidle");
      28 | 	});
        at D:\neonpro\tools\testing\e2e\tests\auth\authentication.spec.ts:25:14

    Retry #1 ───────────────────────────────────────────────────────────────────────────────────────

    Error: page.evaluate: SecurityError: The operation is insecure.

      23 | 		// Clear any existing authentication state for clean testing
      24 | 		await page.context().clearCookies();
    > 25 | 		await page.evaluate(() => localStorage.clear());
         | 		           ^
      26 | 		await page.goto("/");
      27 | 		await page.waitForLoadState("networkidle");
      28 | 	});
        at D:\neonpro\tools\testing\e2e\tests\auth\authentication.spec.ts:25:14

    attachment #1: trace (application/zip) ─────────────────────────────────────────────────────────
    ..\..\..\..\e2e\test-results\auth-authentication-🔐-Aut-d66a8-sion-across-browser-refresh-webkit-desktop-retry1\trace.zip
    Usage:

        npx playwright show-trace ..\..\..\..\e2e\test-results\auth-authentication-🔐-Aut-d66a8-sion-across-browser-refresh-webkit-desktop-retry1\trace.zip

    ────────────────────────────────────────────────────────────────────────────────────────────────
]]>
</failure>
<system-out>
<![CDATA[
[[ATTACHMENT|..\test-results\auth-authentication-🔐-Aut-d66a8-sion-across-browser-refresh-webkit-desktop-retry1\trace.zip]]
]]>
</system-out>
</testcase>
<testcase name="[webkit-desktop] 🔐 Authentication Flow - Critical E2E › 🔒 Session Persistence &amp; Security › should handle session timeout gracefully" classname="auth\authentication.spec.ts" time="0.67">
<failure message="authentication.spec.ts:273:7 should handle session timeout gracefully" type="FAILURE">
<![CDATA[  [webkit-desktop] › auth\authentication.spec.ts:273:7 › 🔐 Authentication Flow - Critical E2E › 🔒 Session Persistence & Security › should handle session timeout gracefully 

    Error: page.evaluate: SecurityError: The operation is insecure.

      23 | 		// Clear any existing authentication state for clean testing
      24 | 		await page.context().clearCookies();
    > 25 | 		await page.evaluate(() => localStorage.clear());
         | 		           ^
      26 | 		await page.goto("/");
      27 | 		await page.waitForLoadState("networkidle");
      28 | 	});
        at D:\neonpro\tools\testing\e2e\tests\auth\authentication.spec.ts:25:14

    Retry #1 ───────────────────────────────────────────────────────────────────────────────────────

    Error: page.evaluate: SecurityError: The operation is insecure.

      23 | 		// Clear any existing authentication state for clean testing
      24 | 		await page.context().clearCookies();
    > 25 | 		await page.evaluate(() => localStorage.clear());
         | 		           ^
      26 | 		await page.goto("/");
      27 | 		await page.waitForLoadState("networkidle");
      28 | 	});
        at D:\neonpro\tools\testing\e2e\tests\auth\authentication.spec.ts:25:14

    attachment #1: trace (application/zip) ─────────────────────────────────────────────────────────
    ..\..\..\..\e2e\test-results\auth-authentication-🔐-Aut-6715e--session-timeout-gracefully-webkit-desktop-retry1\trace.zip
    Usage:

        npx playwright show-trace ..\..\..\..\e2e\test-results\auth-authentication-🔐-Aut-6715e--session-timeout-gracefully-webkit-desktop-retry1\trace.zip

    ────────────────────────────────────────────────────────────────────────────────────────────────
]]>
</failure>
<system-out>
<![CDATA[
[[ATTACHMENT|..\test-results\auth-authentication-🔐-Aut-6715e--session-timeout-gracefully-webkit-desktop-retry1\trace.zip]]
]]>
</system-out>
</testcase>
<testcase name="[webkit-desktop] 🔐 Authentication Flow - Critical E2E › 🔒 Session Persistence &amp; Security › should enforce password policy for healthcare professionals" classname="auth\authentication.spec.ts" time="0.614">
<failure message="authentication.spec.ts:304:7 should enforce password policy for healthcare professionals" type="FAILURE">
<![CDATA[  [webkit-desktop] › auth\authentication.spec.ts:304:7 › 🔐 Authentication Flow - Critical E2E › 🔒 Session Persistence & Security › should enforce password policy for healthcare professionals 

    Error: page.evaluate: SecurityError: The operation is insecure.

      23 | 		// Clear any existing authentication state for clean testing
      24 | 		await page.context().clearCookies();
    > 25 | 		await page.evaluate(() => localStorage.clear());
         | 		           ^
      26 | 		await page.goto("/");
      27 | 		await page.waitForLoadState("networkidle");
      28 | 	});
        at D:\neonpro\tools\testing\e2e\tests\auth\authentication.spec.ts:25:14

    Retry #1 ───────────────────────────────────────────────────────────────────────────────────────

    Error: page.evaluate: SecurityError: The operation is insecure.

      23 | 		// Clear any existing authentication state for clean testing
      24 | 		await page.context().clearCookies();
    > 25 | 		await page.evaluate(() => localStorage.clear());
         | 		           ^
      26 | 		await page.goto("/");
      27 | 		await page.waitForLoadState("networkidle");
      28 | 	});
        at D:\neonpro\tools\testing\e2e\tests\auth\authentication.spec.ts:25:14

    attachment #1: trace (application/zip) ─────────────────────────────────────────────────────────
    ..\..\..\..\e2e\test-results\auth-authentication-🔐-Aut-825fe-or-healthcare-professionals-webkit-desktop-retry1\trace.zip
    Usage:

        npx playwright show-trace ..\..\..\..\e2e\test-results\auth-authentication-🔐-Aut-825fe-or-healthcare-professionals-webkit-desktop-retry1\trace.zip

    ────────────────────────────────────────────────────────────────────────────────────────────────
]]>
</failure>
<system-out>
<![CDATA[
[[ATTACHMENT|..\test-results\auth-authentication-🔐-Aut-825fe-or-healthcare-professionals-webkit-desktop-retry1\trace.zip]]
]]>
</system-out>
</testcase>
<testcase name="[webkit-desktop] 🔐 Authentication Flow - Critical E2E › 🔒 Session Persistence &amp; Security › should implement audit logging for authentication events" classname="auth\authentication.spec.ts" time="0.653">
<failure message="authentication.spec.ts:327:7 should implement audit logging for authentication events" type="FAILURE">
<![CDATA[  [webkit-desktop] › auth\authentication.spec.ts:327:7 › 🔐 Authentication Flow - Critical E2E › 🔒 Session Persistence & Security › should implement audit logging for authentication events 

    Error: page.evaluate: SecurityError: The operation is insecure.

      23 | 		// Clear any existing authentication state for clean testing
      24 | 		await page.context().clearCookies();
    > 25 | 		await page.evaluate(() => localStorage.clear());
         | 		           ^
      26 | 		await page.goto("/");
      27 | 		await page.waitForLoadState("networkidle");
      28 | 	});
        at D:\neonpro\tools\testing\e2e\tests\auth\authentication.spec.ts:25:14

    Retry #1 ───────────────────────────────────────────────────────────────────────────────────────

    Error: page.evaluate: SecurityError: The operation is insecure.

      23 | 		// Clear any existing authentication state for clean testing
      24 | 		await page.context().clearCookies();
    > 25 | 		await page.evaluate(() => localStorage.clear());
         | 		           ^
      26 | 		await page.goto("/");
      27 | 		await page.waitForLoadState("networkidle");
      28 | 	});
        at D:\neonpro\tools\testing\e2e\tests\auth\authentication.spec.ts:25:14

    attachment #1: trace (application/zip) ─────────────────────────────────────────────────────────
    ..\..\..\..\e2e\test-results\auth-authentication-🔐-Aut-6f265-g-for-authentication-events-webkit-desktop-retry1\trace.zip
    Usage:

        npx playwright show-trace ..\..\..\..\e2e\test-results\auth-authentication-🔐-Aut-6f265-g-for-authentication-events-webkit-desktop-retry1\trace.zip

    ────────────────────────────────────────────────────────────────────────────────────────────────
]]>
</failure>
<system-out>
<![CDATA[
[[ATTACHMENT|..\test-results\auth-authentication-🔐-Aut-6f265-g-for-authentication-events-webkit-desktop-retry1\trace.zip]]
]]>
</system-out>
</testcase>
<testcase name="[webkit-desktop] 🔐 Authentication Flow - Critical E2E › 👥 Role-based Access Control › should grant admin access to all areas" classname="auth\authentication.spec.ts" time="0.349">
<failure message="authentication.spec.ts:351:7 should grant admin access to all areas" type="FAILURE">
<![CDATA[  [webkit-desktop] › auth\authentication.spec.ts:351:7 › 🔐 Authentication Flow - Critical E2E › 👥 Role-based Access Control › should grant admin access to all areas 

    Error: page.evaluate: SecurityError: The operation is insecure.

      23 | 		// Clear any existing authentication state for clean testing
      24 | 		await page.context().clearCookies();
    > 25 | 		await page.evaluate(() => localStorage.clear());
         | 		           ^
      26 | 		await page.goto("/");
      27 | 		await page.waitForLoadState("networkidle");
      28 | 	});
        at D:\neonpro\tools\testing\e2e\tests\auth\authentication.spec.ts:25:14

    Retry #1 ───────────────────────────────────────────────────────────────────────────────────────

    Error: page.evaluate: SecurityError: The operation is insecure.

      23 | 		// Clear any existing authentication state for clean testing
      24 | 		await page.context().clearCookies();
    > 25 | 		await page.evaluate(() => localStorage.clear());
         | 		           ^
      26 | 		await page.goto("/");
      27 | 		await page.waitForLoadState("networkidle");
      28 | 	});
        at D:\neonpro\tools\testing\e2e\tests\auth\authentication.spec.ts:25:14

    attachment #1: trace (application/zip) ─────────────────────────────────────────────────────────
    ..\..\..\..\e2e\test-results\auth-authentication-🔐-Aut-1f55e-t-admin-access-to-all-areas-webkit-desktop-retry1\trace.zip
    Usage:

        npx playwright show-trace ..\..\..\..\e2e\test-results\auth-authentication-🔐-Aut-1f55e-t-admin-access-to-all-areas-webkit-desktop-retry1\trace.zip

    ────────────────────────────────────────────────────────────────────────────────────────────────
]]>
</failure>
<system-out>
<![CDATA[
[[ATTACHMENT|..\test-results\auth-authentication-🔐-Aut-1f55e-t-admin-access-to-all-areas-webkit-desktop-retry1\trace.zip]]
]]>
</system-out>
</testcase>
<testcase name="[webkit-desktop] 🔐 Authentication Flow - Critical E2E › 👥 Role-based Access Control › should restrict professional access appropriately" classname="auth\authentication.spec.ts" time="0.498">
<failure message="authentication.spec.ts:383:7 should restrict professional access appropriately" type="FAILURE">
<![CDATA[  [webkit-desktop] › auth\authentication.spec.ts:383:7 › 🔐 Authentication Flow - Critical E2E › 👥 Role-based Access Control › should restrict professional access appropriately 

    Error: page.evaluate: SecurityError: The operation is insecure.

      23 | 		// Clear any existing authentication state for clean testing
      24 | 		await page.context().clearCookies();
    > 25 | 		await page.evaluate(() => localStorage.clear());
         | 		           ^
      26 | 		await page.goto("/");
      27 | 		await page.waitForLoadState("networkidle");
      28 | 	});
        at D:\neonpro\tools\testing\e2e\tests\auth\authentication.spec.ts:25:14

    Retry #1 ───────────────────────────────────────────────────────────────────────────────────────

    Error: page.evaluate: SecurityError: The operation is insecure.

      23 | 		// Clear any existing authentication state for clean testing
      24 | 		await page.context().clearCookies();
    > 25 | 		await page.evaluate(() => localStorage.clear());
         | 		           ^
      26 | 		await page.goto("/");
      27 | 		await page.waitForLoadState("networkidle");
      28 | 	});
        at D:\neonpro\tools\testing\e2e\tests\auth\authentication.spec.ts:25:14

    attachment #1: trace (application/zip) ─────────────────────────────────────────────────────────
    ..\..\..\..\e2e\test-results\auth-authentication-🔐-Aut-324a3-sional-access-appropriately-webkit-desktop-retry1\trace.zip
    Usage:

        npx playwright show-trace ..\..\..\..\e2e\test-results\auth-authentication-🔐-Aut-324a3-sional-access-appropriately-webkit-desktop-retry1\trace.zip

    ────────────────────────────────────────────────────────────────────────────────────────────────
]]>
</failure>
<system-out>
<![CDATA[
[[ATTACHMENT|..\test-results\auth-authentication-🔐-Aut-324a3-sional-access-appropriately-webkit-desktop-retry1\trace.zip]]
]]>
</system-out>
</testcase>
<testcase name="[webkit-desktop] 🔐 Authentication Flow - Critical E2E › 👥 Role-based Access Control › should restrict staff access to basic functions" classname="auth\authentication.spec.ts" time="0.526">
<failure message="authentication.spec.ts:418:7 should restrict staff access to basic functions" type="FAILURE">
<![CDATA[  [webkit-desktop] › auth\authentication.spec.ts:418:7 › 🔐 Authentication Flow - Critical E2E › 👥 Role-based Access Control › should restrict staff access to basic functions 

    Error: page.evaluate: SecurityError: The operation is insecure.

      23 | 		// Clear any existing authentication state for clean testing
      24 | 		await page.context().clearCookies();
    > 25 | 		await page.evaluate(() => localStorage.clear());
         | 		           ^
      26 | 		await page.goto("/");
      27 | 		await page.waitForLoadState("networkidle");
      28 | 	});
        at D:\neonpro\tools\testing\e2e\tests\auth\authentication.spec.ts:25:14

    Retry #1 ───────────────────────────────────────────────────────────────────────────────────────

    Error: page.evaluate: SecurityError: The operation is insecure.

      23 | 		// Clear any existing authentication state for clean testing
      24 | 		await page.context().clearCookies();
    > 25 | 		await page.evaluate(() => localStorage.clear());
         | 		           ^
      26 | 		await page.goto("/");
      27 | 		await page.waitForLoadState("networkidle");
      28 | 	});
        at D:\neonpro\tools\testing\e2e\tests\auth\authentication.spec.ts:25:14

    attachment #1: trace (application/zip) ─────────────────────────────────────────────────────────
    ..\..\..\..\e2e\test-results\auth-authentication-🔐-Aut-e6c91-f-access-to-basic-functions-webkit-desktop-retry1\trace.zip
    Usage:

        npx playwright show-trace ..\..\..\..\e2e\test-results\auth-authentication-🔐-Aut-e6c91-f-access-to-basic-functions-webkit-desktop-retry1\trace.zip

    ────────────────────────────────────────────────────────────────────────────────────────────────
]]>
</failure>
<system-out>
<![CDATA[
[[ATTACHMENT|..\test-results\auth-authentication-🔐-Aut-e6c91-f-access-to-basic-functions-webkit-desktop-retry1\trace.zip]]
]]>
</system-out>
</testcase>
<testcase name="[webkit-desktop] 🔐 Authentication Flow - Critical E2E › 🔐 Security Validations &amp; Compliance › should validate form inputs and prevent injection" classname="auth\authentication.spec.ts" time="0.512">
<failure message="authentication.spec.ts:453:7 should validate form inputs and prevent injection" type="FAILURE">
<![CDATA[  [webkit-desktop] › auth\authentication.spec.ts:453:7 › 🔐 Authentication Flow - Critical E2E › 🔐 Security Validations & Compliance › should validate form inputs and prevent injection 

    Error: page.evaluate: SecurityError: The operation is insecure.

      23 | 		// Clear any existing authentication state for clean testing
      24 | 		await page.context().clearCookies();
    > 25 | 		await page.evaluate(() => localStorage.clear());
         | 		           ^
      26 | 		await page.goto("/");
      27 | 		await page.waitForLoadState("networkidle");
      28 | 	});
        at D:\neonpro\tools\testing\e2e\tests\auth\authentication.spec.ts:25:14

    Retry #1 ───────────────────────────────────────────────────────────────────────────────────────

    Error: page.evaluate: SecurityError: The operation is insecure.

      23 | 		// Clear any existing authentication state for clean testing
      24 | 		await page.context().clearCookies();
    > 25 | 		await page.evaluate(() => localStorage.clear());
         | 		           ^
      26 | 		await page.goto("/");
      27 | 		await page.waitForLoadState("networkidle");
      28 | 	});
        at D:\neonpro\tools\testing\e2e\tests\auth\authentication.spec.ts:25:14

    attachment #1: trace (application/zip) ─────────────────────────────────────────────────────────
    ..\..\..\..\e2e\test-results\auth-authentication-🔐-Aut-7b8c6-nputs-and-prevent-injection-webkit-desktop-retry1\trace.zip
    Usage:

        npx playwright show-trace ..\..\..\..\e2e\test-results\auth-authentication-🔐-Aut-7b8c6-nputs-and-prevent-injection-webkit-desktop-retry1\trace.zip

    ────────────────────────────────────────────────────────────────────────────────────────────────
]]>
</failure>
<system-out>
<![CDATA[
[[ATTACHMENT|..\test-results\auth-authentication-🔐-Aut-7b8c6-nputs-and-prevent-injection-webkit-desktop-retry1\trace.zip]]
]]>
</system-out>
</testcase>
<testcase name="[webkit-desktop] 🔐 Authentication Flow - Critical E2E › 🔐 Security Validations &amp; Compliance › should enforce rate limiting on failed attempts" classname="auth\authentication.spec.ts" time="0.347">
<failure message="authentication.spec.ts:469:7 should enforce rate limiting on failed attempts" type="FAILURE">
<![CDATA[  [webkit-desktop] › auth\authentication.spec.ts:469:7 › 🔐 Authentication Flow - Critical E2E › 🔐 Security Validations & Compliance › should enforce rate limiting on failed attempts 

    Error: page.evaluate: SecurityError: The operation is insecure.

      23 | 		// Clear any existing authentication state for clean testing
      24 | 		await page.context().clearCookies();
    > 25 | 		await page.evaluate(() => localStorage.clear());
         | 		           ^
      26 | 		await page.goto("/");
      27 | 		await page.waitForLoadState("networkidle");
      28 | 	});
        at D:\neonpro\tools\testing\e2e\tests\auth\authentication.spec.ts:25:14

    Retry #1 ───────────────────────────────────────────────────────────────────────────────────────

    Error: page.evaluate: SecurityError: The operation is insecure.

      23 | 		// Clear any existing authentication state for clean testing
      24 | 		await page.context().clearCookies();
    > 25 | 		await page.evaluate(() => localStorage.clear());
         | 		           ^
      26 | 		await page.goto("/");
      27 | 		await page.waitForLoadState("networkidle");
      28 | 	});
        at D:\neonpro\tools\testing\e2e\tests\auth\authentication.spec.ts:25:14

    attachment #1: trace (application/zip) ─────────────────────────────────────────────────────────
    ..\..\..\..\e2e\test-results\auth-authentication-🔐-Aut-580ab-limiting-on-failed-attempts-webkit-desktop-retry1\trace.zip
    Usage:

        npx playwright show-trace ..\..\..\..\e2e\test-results\auth-authentication-🔐-Aut-580ab-limiting-on-failed-attempts-webkit-desktop-retry1\trace.zip

    ────────────────────────────────────────────────────────────────────────────────────────────────
]]>
</failure>
<system-out>
<![CDATA[
[[ATTACHMENT|..\test-results\auth-authentication-🔐-Aut-580ab-limiting-on-failed-attempts-webkit-desktop-retry1\trace.zip]]
]]>
</system-out>
</testcase>
<testcase name="[webkit-desktop] 🔐 Authentication Flow - Critical E2E › 🔐 Security Validations &amp; Compliance › should handle password requirements validation" classname="auth\authentication.spec.ts" time="0.471">
<failure message="authentication.spec.ts:492:7 should handle password requirements validation" type="FAILURE">
<![CDATA[  [webkit-desktop] › auth\authentication.spec.ts:492:7 › 🔐 Authentication Flow - Critical E2E › 🔐 Security Validations & Compliance › should handle password requirements validation 

    Error: page.evaluate: SecurityError: The operation is insecure.

      23 | 		// Clear any existing authentication state for clean testing
      24 | 		await page.context().clearCookies();
    > 25 | 		await page.evaluate(() => localStorage.clear());
         | 		           ^
      26 | 		await page.goto("/");
      27 | 		await page.waitForLoadState("networkidle");
      28 | 	});
        at D:\neonpro\tools\testing\e2e\tests\auth\authentication.spec.ts:25:14

    Retry #1 ───────────────────────────────────────────────────────────────────────────────────────

    Error: page.evaluate: SecurityError: The operation is insecure.

      23 | 		// Clear any existing authentication state for clean testing
      24 | 		await page.context().clearCookies();
    > 25 | 		await page.evaluate(() => localStorage.clear());
         | 		           ^
      26 | 		await page.goto("/");
      27 | 		await page.waitForLoadState("networkidle");
      28 | 	});
        at D:\neonpro\tools\testing\e2e\tests\auth\authentication.spec.ts:25:14

    attachment #1: trace (application/zip) ─────────────────────────────────────────────────────────
    ..\..\..\..\e2e\test-results\auth-authentication-🔐-Aut-e7e41-ord-requirements-validation-webkit-desktop-retry1\trace.zip
    Usage:

        npx playwright show-trace ..\..\..\..\e2e\test-results\auth-authentication-🔐-Aut-e7e41-ord-requirements-validation-webkit-desktop-retry1\trace.zip

    ────────────────────────────────────────────────────────────────────────────────────────────────
]]>
</failure>
<system-out>
<![CDATA[
[[ATTACHMENT|..\test-results\auth-authentication-🔐-Aut-e7e41-ord-requirements-validation-webkit-desktop-retry1\trace.zip]]
]]>
</system-out>
</testcase>
<testcase name="[webkit-desktop] 🔐 Authentication Flow - Critical E2E › 🚨 Error Handling &amp; User Experience › should handle network errors gracefully" classname="auth\authentication.spec.ts" time="0.535">
<failure message="authentication.spec.ts:518:7 should handle network errors gracefully" type="FAILURE">
<![CDATA[  [webkit-desktop] › auth\authentication.spec.ts:518:7 › 🔐 Authentication Flow - Critical E2E › 🚨 Error Handling & User Experience › should handle network errors gracefully 

    Error: page.evaluate: SecurityError: The operation is insecure.

      23 | 		// Clear any existing authentication state for clean testing
      24 | 		await page.context().clearCookies();
    > 25 | 		await page.evaluate(() => localStorage.clear());
         | 		           ^
      26 | 		await page.goto("/");
      27 | 		await page.waitForLoadState("networkidle");
      28 | 	});
        at D:\neonpro\tools\testing\e2e\tests\auth\authentication.spec.ts:25:14

    Retry #1 ───────────────────────────────────────────────────────────────────────────────────────

    Error: page.evaluate: SecurityError: The operation is insecure.

      23 | 		// Clear any existing authentication state for clean testing
      24 | 		await page.context().clearCookies();
    > 25 | 		await page.evaluate(() => localStorage.clear());
         | 		           ^
      26 | 		await page.goto("/");
      27 | 		await page.waitForLoadState("networkidle");
      28 | 	});
        at D:\neonpro\tools\testing\e2e\tests\auth\authentication.spec.ts:25:14

    attachment #1: trace (application/zip) ─────────────────────────────────────────────────────────
    ..\..\..\..\e2e\test-results\auth-authentication-🔐-Aut-9b426-e-network-errors-gracefully-webkit-desktop-retry1\trace.zip
    Usage:

        npx playwright show-trace ..\..\..\..\e2e\test-results\auth-authentication-🔐-Aut-9b426-e-network-errors-gracefully-webkit-desktop-retry1\trace.zip

    ────────────────────────────────────────────────────────────────────────────────────────────────
]]>
</failure>
<system-out>
<![CDATA[
[[ATTACHMENT|..\test-results\auth-authentication-🔐-Aut-9b426-e-network-errors-gracefully-webkit-desktop-retry1\trace.zip]]
]]>
</system-out>
</testcase>
<testcase name="[webkit-desktop] 🔐 Authentication Flow - Critical E2E › 🚨 Error Handling &amp; User Experience › should show proper loading states during authentication" classname="auth\authentication.spec.ts" time="0.474">
<failure message="authentication.spec.ts:537:7 should show proper loading states during authentication" type="FAILURE">
<![CDATA[  [webkit-desktop] › auth\authentication.spec.ts:537:7 › 🔐 Authentication Flow - Critical E2E › 🚨 Error Handling & User Experience › should show proper loading states during authentication 

    Error: page.evaluate: SecurityError: The operation is insecure.

      23 | 		// Clear any existing authentication state for clean testing
      24 | 		await page.context().clearCookies();
    > 25 | 		await page.evaluate(() => localStorage.clear());
         | 		           ^
      26 | 		await page.goto("/");
      27 | 		await page.waitForLoadState("networkidle");
      28 | 	});
        at D:\neonpro\tools\testing\e2e\tests\auth\authentication.spec.ts:25:14

    Retry #1 ───────────────────────────────────────────────────────────────────────────────────────

    Error: page.evaluate: SecurityError: The operation is insecure.

      23 | 		// Clear any existing authentication state for clean testing
      24 | 		await page.context().clearCookies();
    > 25 | 		await page.evaluate(() => localStorage.clear());
         | 		           ^
      26 | 		await page.goto("/");
      27 | 		await page.waitForLoadState("networkidle");
      28 | 	});
        at D:\neonpro\tools\testing\e2e\tests\auth\authentication.spec.ts:25:14

    attachment #1: trace (application/zip) ─────────────────────────────────────────────────────────
    ..\..\..\..\e2e\test-results\auth-authentication-🔐-Aut-33162-tates-during-authentication-webkit-desktop-retry1\trace.zip
    Usage:

        npx playwright show-trace ..\..\..\..\e2e\test-results\auth-authentication-🔐-Aut-33162-tates-during-authentication-webkit-desktop-retry1\trace.zip

    ────────────────────────────────────────────────────────────────────────────────────────────────
]]>
</failure>
<system-out>
<![CDATA[
[[ATTACHMENT|..\test-results\auth-authentication-🔐-Aut-33162-tates-during-authentication-webkit-desktop-retry1\trace.zip]]
]]>
</system-out>
</testcase>
<testcase name="[webkit-desktop] 🔐 Authentication Flow - Critical E2E › ♿ Accessibility &amp; Performance › should be accessible for healthcare professionals with disabilities" classname="auth\authentication.spec.ts" time="0.389">
<failure message="authentication.spec.ts:559:7 should be accessible for healthcare professionals with disabilities" type="FAILURE">
<![CDATA[  [webkit-desktop] › auth\authentication.spec.ts:559:7 › 🔐 Authentication Flow - Critical E2E › ♿ Accessibility & Performance › should be accessible for healthcare professionals with disabilities 

    Error: page.evaluate: SecurityError: The operation is insecure.

      23 | 		// Clear any existing authentication state for clean testing
      24 | 		await page.context().clearCookies();
    > 25 | 		await page.evaluate(() => localStorage.clear());
         | 		           ^
      26 | 		await page.goto("/");
      27 | 		await page.waitForLoadState("networkidle");
      28 | 	});
        at D:\neonpro\tools\testing\e2e\tests\auth\authentication.spec.ts:25:14

    Retry #1 ───────────────────────────────────────────────────────────────────────────────────────

    Error: page.evaluate: SecurityError: The operation is insecure.

      23 | 		// Clear any existing authentication state for clean testing
      24 | 		await page.context().clearCookies();
    > 25 | 		await page.evaluate(() => localStorage.clear());
         | 		           ^
      26 | 		await page.goto("/");
      27 | 		await page.waitForLoadState("networkidle");
      28 | 	});
        at D:\neonpro\tools\testing\e2e\tests\auth\authentication.spec.ts:25:14

    attachment #1: trace (application/zip) ─────────────────────────────────────────────────────────
    ..\..\..\..\e2e\test-results\auth-authentication-🔐-Aut-0ba81-essionals-with-disabilities-webkit-desktop-retry1\trace.zip
    Usage:

        npx playwright show-trace ..\..\..\..\e2e\test-results\auth-authentication-🔐-Aut-0ba81-essionals-with-disabilities-webkit-desktop-retry1\trace.zip

    ────────────────────────────────────────────────────────────────────────────────────────────────
]]>
</failure>
<system-out>
<![CDATA[
[[ATTACHMENT|..\test-results\auth-authentication-🔐-Aut-0ba81-essionals-with-disabilities-webkit-desktop-retry1\trace.zip]]
]]>
</system-out>
</testcase>
<testcase name="[webkit-desktop] 🔐 Authentication Flow - Critical E2E › ♿ Accessibility &amp; Performance › should load within performance budget for healthcare environment" classname="auth\authentication.spec.ts" time="0.436">
<failure message="authentication.spec.ts:584:7 should load within performance budget for healthcare environment" type="FAILURE">
<![CDATA[  [webkit-desktop] › auth\authentication.spec.ts:584:7 › 🔐 Authentication Flow - Critical E2E › ♿ Accessibility & Performance › should load within performance budget for healthcare environment 

    Error: page.evaluate: SecurityError: The operation is insecure.

      23 | 		// Clear any existing authentication state for clean testing
      24 | 		await page.context().clearCookies();
    > 25 | 		await page.evaluate(() => localStorage.clear());
         | 		           ^
      26 | 		await page.goto("/");
      27 | 		await page.waitForLoadState("networkidle");
      28 | 	});
        at D:\neonpro\tools\testing\e2e\tests\auth\authentication.spec.ts:25:14

    Retry #1 ───────────────────────────────────────────────────────────────────────────────────────

    Error: page.evaluate: SecurityError: The operation is insecure.

      23 | 		// Clear any existing authentication state for clean testing
      24 | 		await page.context().clearCookies();
    > 25 | 		await page.evaluate(() => localStorage.clear());
         | 		           ^
      26 | 		await page.goto("/");
      27 | 		await page.waitForLoadState("networkidle");
      28 | 	});
        at D:\neonpro\tools\testing\e2e\tests\auth\authentication.spec.ts:25:14

    attachment #1: trace (application/zip) ─────────────────────────────────────────────────────────
    ..\..\..\..\e2e\test-results\auth-authentication-🔐-Aut-46ed6--for-healthcare-environment-webkit-desktop-retry1\trace.zip
    Usage:

        npx playwright show-trace ..\..\..\..\e2e\test-results\auth-authentication-🔐-Aut-46ed6--for-healthcare-environment-webkit-desktop-retry1\trace.zip

    ────────────────────────────────────────────────────────────────────────────────────────────────
]]>
</failure>
<system-out>
<![CDATA[
[[ATTACHMENT|..\test-results\auth-authentication-🔐-Aut-46ed6--for-healthcare-environment-webkit-desktop-retry1\trace.zip]]
]]>
</system-out>
</testcase>
</testsuite>
<testsuite name="auth\role-based-access.spec.ts" timestamp="2025-08-23T06:21:35.562Z" hostname="webkit-desktop" tests="19" failures="19" skipped="0" time="7.968" errors="0">
<testcase name="[webkit-desktop] Doctor Role Access Control › should have full access to patient medical records" classname="auth\role-based-access.spec.ts" time="0.453">
<failure message="role-based-access.spec.ts:50:6 should have full access to patient medical records" type="FAILURE">
<![CDATA[  [webkit-desktop] › auth\role-based-access.spec.ts:50:6 › Doctor Role Access Control › should have full access to patient medical records 

    Error: page.goto: Protocol error (Playwright.navigate): Cannot navigate to invalid URL
    Call log:
      - navigating to "/login", waiting until "load"


      37 | test.describe("Doctor Role Access Control", () => {
      38 | 	test.beforeEach(async ({ page }) => {
    > 39 | 		await page.goto("/login");
         | 		           ^
      40 |
      41 | 		// Login as doctor
      42 | 		await page.fill('input[type="email"]', testUsers.doctor.email);
        at D:\neonpro\tools\testing\e2e\tests\auth\role-based-access.spec.ts:39:14

    Retry #1 ───────────────────────────────────────────────────────────────────────────────────────

    Error: page.goto: Protocol error (Playwright.navigate): Cannot navigate to invalid URL
    Call log:
      - navigating to "/login", waiting until "load"


      37 | test.describe("Doctor Role Access Control", () => {
      38 | 	test.beforeEach(async ({ page }) => {
    > 39 | 		await page.goto("/login");
         | 		           ^
      40 |
      41 | 		// Login as doctor
      42 | 		await page.fill('input[type="email"]', testUsers.doctor.email);
        at D:\neonpro\tools\testing\e2e\tests\auth\role-based-access.spec.ts:39:14

    attachment #1: trace (application/zip) ─────────────────────────────────────────────────────────
    ..\..\..\..\e2e\test-results\auth-role-based-access-Doc-25b8d--to-patient-medical-records-webkit-desktop-retry1\trace.zip
    Usage:

        npx playwright show-trace ..\..\..\..\e2e\test-results\auth-role-based-access-Doc-25b8d--to-patient-medical-records-webkit-desktop-retry1\trace.zip

    ────────────────────────────────────────────────────────────────────────────────────────────────
]]>
</failure>
<system-out>
<![CDATA[
[[ATTACHMENT|..\test-results\auth-role-based-access-Doc-25b8d--to-patient-medical-records-webkit-desktop-retry1\trace.zip]]
]]>
</system-out>
</testcase>
<testcase name="[webkit-desktop] Doctor Role Access Control › should be able to create and modify prescriptions" classname="auth\role-based-access.spec.ts" time="0.452">
<failure message="role-based-access.spec.ts:84:6 should be able to create and modify prescriptions" type="FAILURE">
<![CDATA[  [webkit-desktop] › auth\role-based-access.spec.ts:84:6 › Doctor Role Access Control › should be able to create and modify prescriptions 

    Error: page.goto: Protocol error (Playwright.navigate): Cannot navigate to invalid URL
    Call log:
      - navigating to "/login", waiting until "load"


      37 | test.describe("Doctor Role Access Control", () => {
      38 | 	test.beforeEach(async ({ page }) => {
    > 39 | 		await page.goto("/login");
         | 		           ^
      40 |
      41 | 		// Login as doctor
      42 | 		await page.fill('input[type="email"]', testUsers.doctor.email);
        at D:\neonpro\tools\testing\e2e\tests\auth\role-based-access.spec.ts:39:14

    Retry #1 ───────────────────────────────────────────────────────────────────────────────────────

    Error: page.goto: Protocol error (Playwright.navigate): Cannot navigate to invalid URL
    Call log:
      - navigating to "/login", waiting until "load"


      37 | test.describe("Doctor Role Access Control", () => {
      38 | 	test.beforeEach(async ({ page }) => {
    > 39 | 		await page.goto("/login");
         | 		           ^
      40 |
      41 | 		// Login as doctor
      42 | 		await page.fill('input[type="email"]', testUsers.doctor.email);
        at D:\neonpro\tools\testing\e2e\tests\auth\role-based-access.spec.ts:39:14

    attachment #1: trace (application/zip) ─────────────────────────────────────────────────────────
    ..\..\..\..\e2e\test-results\auth-role-based-access-Doc-09678-te-and-modify-prescriptions-webkit-desktop-retry1\trace.zip
    Usage:

        npx playwright show-trace ..\..\..\..\e2e\test-results\auth-role-based-access-Doc-09678-te-and-modify-prescriptions-webkit-desktop-retry1\trace.zip

    ────────────────────────────────────────────────────────────────────────────────────────────────
]]>
</failure>
<system-out>
<![CDATA[
[[ATTACHMENT|..\test-results\auth-role-based-access-Doc-09678-te-and-modify-prescriptions-webkit-desktop-retry1\trace.zip]]
]]>
</system-out>
</testcase>
<testcase name="[webkit-desktop] Doctor Role Access Control › should access administrative functions for their patients" classname="auth\role-based-access.spec.ts" time="0.469">
<failure message="role-based-access.spec.ts:123:6 should access administrative functions for their patients" type="FAILURE">
<![CDATA[  [webkit-desktop] › auth\role-based-access.spec.ts:123:6 › Doctor Role Access Control › should access administrative functions for their patients 

    Error: page.goto: Protocol error (Playwright.navigate): Cannot navigate to invalid URL
    Call log:
      - navigating to "/login", waiting until "load"


      37 | test.describe("Doctor Role Access Control", () => {
      38 | 	test.beforeEach(async ({ page }) => {
    > 39 | 		await page.goto("/login");
         | 		           ^
      40 |
      41 | 		// Login as doctor
      42 | 		await page.fill('input[type="email"]', testUsers.doctor.email);
        at D:\neonpro\tools\testing\e2e\tests\auth\role-based-access.spec.ts:39:14

    Retry #1 ───────────────────────────────────────────────────────────────────────────────────────

    Error: page.goto: Protocol error (Playwright.navigate): Cannot navigate to invalid URL
    Call log:
      - navigating to "/login", waiting until "load"


      37 | test.describe("Doctor Role Access Control", () => {
      38 | 	test.beforeEach(async ({ page }) => {
    > 39 | 		await page.goto("/login");
         | 		           ^
      40 |
      41 | 		// Login as doctor
      42 | 		await page.fill('input[type="email"]', testUsers.doctor.email);
        at D:\neonpro\tools\testing\e2e\tests\auth\role-based-access.spec.ts:39:14

    attachment #1: trace (application/zip) ─────────────────────────────────────────────────────────
    ..\..\..\..\e2e\test-results\auth-role-based-access-Doc-d7a55-unctions-for-their-patients-webkit-desktop-retry1\trace.zip
    Usage:

        npx playwright show-trace ..\..\..\..\e2e\test-results\auth-role-based-access-Doc-d7a55-unctions-for-their-patients-webkit-desktop-retry1\trace.zip

    ────────────────────────────────────────────────────────────────────────────────────────────────
]]>
</failure>
<system-out>
<![CDATA[
[[ATTACHMENT|..\test-results\auth-role-based-access-Doc-d7a55-unctions-for-their-patients-webkit-desktop-retry1\trace.zip]]
]]>
</system-out>
</testcase>
<testcase name="[webkit-desktop] Doctor Role Access Control › should have emergency override capabilities" classname="auth\role-based-access.spec.ts" time="0.365">
<failure message="role-based-access.spec.ts:151:6 should have emergency override capabilities" type="FAILURE">
<![CDATA[  [webkit-desktop] › auth\role-based-access.spec.ts:151:6 › Doctor Role Access Control › should have emergency override capabilities 

    Error: page.goto: Protocol error (Playwright.navigate): Cannot navigate to invalid URL
    Call log:
      - navigating to "/login", waiting until "load"


      37 | test.describe("Doctor Role Access Control", () => {
      38 | 	test.beforeEach(async ({ page }) => {
    > 39 | 		await page.goto("/login");
         | 		           ^
      40 |
      41 | 		// Login as doctor
      42 | 		await page.fill('input[type="email"]', testUsers.doctor.email);
        at D:\neonpro\tools\testing\e2e\tests\auth\role-based-access.spec.ts:39:14

    Retry #1 ───────────────────────────────────────────────────────────────────────────────────────

    Error: page.goto: Protocol error (Playwright.navigate): Cannot navigate to invalid URL
    Call log:
      - navigating to "/login", waiting until "load"


      37 | test.describe("Doctor Role Access Control", () => {
      38 | 	test.beforeEach(async ({ page }) => {
    > 39 | 		await page.goto("/login");
         | 		           ^
      40 |
      41 | 		// Login as doctor
      42 | 		await page.fill('input[type="email"]', testUsers.doctor.email);
        at D:\neonpro\tools\testing\e2e\tests\auth\role-based-access.spec.ts:39:14

    attachment #1: trace (application/zip) ─────────────────────────────────────────────────────────
    ..\..\..\..\e2e\test-results\auth-role-based-access-Doc-2541f-gency-override-capabilities-webkit-desktop-retry1\trace.zip
    Usage:

        npx playwright show-trace ..\..\..\..\e2e\test-results\auth-role-based-access-Doc-2541f-gency-override-capabilities-webkit-desktop-retry1\trace.zip

    ────────────────────────────────────────────────────────────────────────────────────────────────
]]>
</failure>
<system-out>
<![CDATA[
[[ATTACHMENT|..\test-results\auth-role-based-access-Doc-2541f-gency-override-capabilities-webkit-desktop-retry1\trace.zip]]
]]>
</system-out>
</testcase>
<testcase name="[webkit-desktop] Nurse Role Access Control › should have limited access to patient medical records" classname="auth\role-based-access.spec.ts" time="0.412">
<failure message="role-based-access.spec.ts:194:6 should have limited access to patient medical records" type="FAILURE">
<![CDATA[  [webkit-desktop] › auth\role-based-access.spec.ts:194:6 › Nurse Role Access Control › should have limited access to patient medical records 

    Error: page.goto: Protocol error (Playwright.navigate): Cannot navigate to invalid URL
    Call log:
      - navigating to "/login", waiting until "load"


      181 | test.describe("Nurse Role Access Control", () => {
      182 | 	test.beforeEach(async ({ page }) => {
    > 183 | 		await page.goto("/login");
          | 		           ^
      184 |
      185 | 		// Login as nurse
      186 | 		await page.fill('input[type="email"]', testUsers.nurse.email);
        at D:\neonpro\tools\testing\e2e\tests\auth\role-based-access.spec.ts:183:14

    Retry #1 ───────────────────────────────────────────────────────────────────────────────────────

    Error: page.goto: Protocol error (Playwright.navigate): Cannot navigate to invalid URL
    Call log:
      - navigating to "/login", waiting until "load"


      181 | test.describe("Nurse Role Access Control", () => {
      182 | 	test.beforeEach(async ({ page }) => {
    > 183 | 		await page.goto("/login");
          | 		           ^
      184 |
      185 | 		// Login as nurse
      186 | 		await page.fill('input[type="email"]', testUsers.nurse.email);
        at D:\neonpro\tools\testing\e2e\tests\auth\role-based-access.spec.ts:183:14

    attachment #1: trace (application/zip) ─────────────────────────────────────────────────────────
    ..\..\..\..\e2e\test-results\auth-role-based-access-Nur-1e353--to-patient-medical-records-webkit-desktop-retry1\trace.zip
    Usage:

        npx playwright show-trace ..\..\..\..\e2e\test-results\auth-role-based-access-Nur-1e353--to-patient-medical-records-webkit-desktop-retry1\trace.zip

    ────────────────────────────────────────────────────────────────────────────────────────────────
]]>
</failure>
<system-out>
<![CDATA[
[[ATTACHMENT|..\test-results\auth-role-based-access-Nur-1e353--to-patient-medical-records-webkit-desktop-retry1\trace.zip]]
]]>
</system-out>
</testcase>
<testcase name="[webkit-desktop] Nurse Role Access Control › should be able to manage vital signs and nursing care" classname="auth\role-based-access.spec.ts" time="0.518">
<failure message="role-based-access.spec.ts:223:6 should be able to manage vital signs and nursing care" type="FAILURE">
<![CDATA[  [webkit-desktop] › auth\role-based-access.spec.ts:223:6 › Nurse Role Access Control › should be able to manage vital signs and nursing care 

    Error: page.goto: Protocol error (Playwright.navigate): Cannot navigate to invalid URL
    Call log:
      - navigating to "/login", waiting until "load"


      181 | test.describe("Nurse Role Access Control", () => {
      182 | 	test.beforeEach(async ({ page }) => {
    > 183 | 		await page.goto("/login");
          | 		           ^
      184 |
      185 | 		// Login as nurse
      186 | 		await page.fill('input[type="email"]', testUsers.nurse.email);
        at D:\neonpro\tools\testing\e2e\tests\auth\role-based-access.spec.ts:183:14

    Retry #1 ───────────────────────────────────────────────────────────────────────────────────────

    Error: page.goto: Protocol error (Playwright.navigate): Cannot navigate to invalid URL
    Call log:
      - navigating to "/login", waiting until "load"


      181 | test.describe("Nurse Role Access Control", () => {
      182 | 	test.beforeEach(async ({ page }) => {
    > 183 | 		await page.goto("/login");
          | 		           ^
      184 |
      185 | 		// Login as nurse
      186 | 		await page.fill('input[type="email"]', testUsers.nurse.email);
        at D:\neonpro\tools\testing\e2e\tests\auth\role-based-access.spec.ts:183:14

    attachment #1: trace (application/zip) ─────────────────────────────────────────────────────────
    ..\..\..\..\e2e\test-results\auth-role-based-access-Nur-4caf5-ital-signs-and-nursing-care-webkit-desktop-retry1\trace.zip
    Usage:

        npx playwright show-trace ..\..\..\..\e2e\test-results\auth-role-based-access-Nur-4caf5-ital-signs-and-nursing-care-webkit-desktop-retry1\trace.zip

    ────────────────────────────────────────────────────────────────────────────────────────────────
]]>
</failure>
<system-out>
<![CDATA[
[[ATTACHMENT|..\test-results\auth-role-based-access-Nur-4caf5-ital-signs-and-nursing-care-webkit-desktop-retry1\trace.zip]]
]]>
</system-out>
</testcase>
<testcase name="[webkit-desktop] Nurse Role Access Control › should NOT be able to create prescriptions" classname="auth\role-based-access.spec.ts" time="0.455">
<failure message="role-based-access.spec.ts:248:6 should NOT be able to create prescriptions" type="FAILURE">
<![CDATA[  [webkit-desktop] › auth\role-based-access.spec.ts:248:6 › Nurse Role Access Control › should NOT be able to create prescriptions 

    Error: page.goto: Protocol error (Playwright.navigate): Cannot navigate to invalid URL
    Call log:
      - navigating to "/login", waiting until "load"


      181 | test.describe("Nurse Role Access Control", () => {
      182 | 	test.beforeEach(async ({ page }) => {
    > 183 | 		await page.goto("/login");
          | 		           ^
      184 |
      185 | 		// Login as nurse
      186 | 		await page.fill('input[type="email"]', testUsers.nurse.email);
        at D:\neonpro\tools\testing\e2e\tests\auth\role-based-access.spec.ts:183:14

    Retry #1 ───────────────────────────────────────────────────────────────────────────────────────

    Error: page.goto: Protocol error (Playwright.navigate): Cannot navigate to invalid URL
    Call log:
      - navigating to "/login", waiting until "load"


      181 | test.describe("Nurse Role Access Control", () => {
      182 | 	test.beforeEach(async ({ page }) => {
    > 183 | 		await page.goto("/login");
          | 		           ^
      184 |
      185 | 		// Login as nurse
      186 | 		await page.fill('input[type="email"]', testUsers.nurse.email);
        at D:\neonpro\tools\testing\e2e\tests\auth\role-based-access.spec.ts:183:14

    attachment #1: trace (application/zip) ─────────────────────────────────────────────────────────
    ..\..\..\..\e2e\test-results\auth-role-based-access-Nur-aa6f1-ble-to-create-prescriptions-webkit-desktop-retry1\trace.zip
    Usage:

        npx playwright show-trace ..\..\..\..\e2e\test-results\auth-role-based-access-Nur-aa6f1-ble-to-create-prescriptions-webkit-desktop-retry1\trace.zip

    ────────────────────────────────────────────────────────────────────────────────────────────────
]]>
</failure>
<system-out>
<![CDATA[
[[ATTACHMENT|..\test-results\auth-role-based-access-Nur-aa6f1-ble-to-create-prescriptions-webkit-desktop-retry1\trace.zip]]
]]>
</system-out>
</testcase>
<testcase name="[webkit-desktop] Nurse Role Access Control › should be able to schedule appointments" classname="auth\role-based-access.spec.ts" time="0.384">
<failure message="role-based-access.spec.ts:262:6 should be able to schedule appointments" type="FAILURE">
<![CDATA[  [webkit-desktop] › auth\role-based-access.spec.ts:262:6 › Nurse Role Access Control › should be able to schedule appointments 

    Error: page.goto: Protocol error (Playwright.navigate): Cannot navigate to invalid URL
    Call log:
      - navigating to "/login", waiting until "load"


      181 | test.describe("Nurse Role Access Control", () => {
      182 | 	test.beforeEach(async ({ page }) => {
    > 183 | 		await page.goto("/login");
          | 		           ^
      184 |
      185 | 		// Login as nurse
      186 | 		await page.fill('input[type="email"]', testUsers.nurse.email);
        at D:\neonpro\tools\testing\e2e\tests\auth\role-based-access.spec.ts:183:14

    Retry #1 ───────────────────────────────────────────────────────────────────────────────────────

    Error: page.goto: Protocol error (Playwright.navigate): Cannot navigate to invalid URL
    Call log:
      - navigating to "/login", waiting until "load"


      181 | test.describe("Nurse Role Access Control", () => {
      182 | 	test.beforeEach(async ({ page }) => {
    > 183 | 		await page.goto("/login");
          | 		           ^
      184 |
      185 | 		// Login as nurse
      186 | 		await page.fill('input[type="email"]', testUsers.nurse.email);
        at D:\neonpro\tools\testing\e2e\tests\auth\role-based-access.spec.ts:183:14

    attachment #1: trace (application/zip) ─────────────────────────────────────────────────────────
    ..\..\..\..\e2e\test-results\auth-role-based-access-Nur-5ee68-le-to-schedule-appointments-webkit-desktop-retry1\trace.zip
    Usage:

        npx playwright show-trace ..\..\..\..\e2e\test-results\auth-role-based-access-Nur-5ee68-le-to-schedule-appointments-webkit-desktop-retry1\trace.zip

    ────────────────────────────────────────────────────────────────────────────────────────────────
]]>
</failure>
<system-out>
<![CDATA[
[[ATTACHMENT|..\test-results\auth-role-based-access-Nur-5ee68-le-to-schedule-appointments-webkit-desktop-retry1\trace.zip]]
]]>
</system-out>
</testcase>
<testcase name="[webkit-desktop] Administrator Role Access Control › should have full system administration access" classname="auth\role-based-access.spec.ts" time="0.42">
<failure message="role-based-access.spec.ts:303:6 should have full system administration access" type="FAILURE">
<![CDATA[  [webkit-desktop] › auth\role-based-access.spec.ts:303:6 › Administrator Role Access Control › should have full system administration access 

    Error: page.goto: Protocol error (Playwright.navigate): Cannot navigate to invalid URL
    Call log:
      - navigating to "/login", waiting until "load"


      291 | test.describe("Administrator Role Access Control", () => {
      292 | 	test.beforeEach(async ({ page }) => {
    > 293 | 		await page.goto("/login");
          | 		           ^
      294 |
      295 | 		// Login as admin
      296 | 		await page.fill('input[type="email"]', testUsers.admin.email);
        at D:\neonpro\tools\testing\e2e\tests\auth\role-based-access.spec.ts:293:14

    Retry #1 ───────────────────────────────────────────────────────────────────────────────────────

    Error: page.goto: Protocol error (Playwright.navigate): Cannot navigate to invalid URL
    Call log:
      - navigating to "/login", waiting until "load"


      291 | test.describe("Administrator Role Access Control", () => {
      292 | 	test.beforeEach(async ({ page }) => {
    > 293 | 		await page.goto("/login");
          | 		           ^
      294 |
      295 | 		// Login as admin
      296 | 		await page.fill('input[type="email"]', testUsers.admin.email);
        at D:\neonpro\tools\testing\e2e\tests\auth\role-based-access.spec.ts:293:14

    attachment #1: trace (application/zip) ─────────────────────────────────────────────────────────
    ..\..\..\..\e2e\test-results\auth-role-based-access-Adm-b4e57-ystem-administration-access-webkit-desktop-retry1\trace.zip
    Usage:

        npx playwright show-trace ..\..\..\..\e2e\test-results\auth-role-based-access-Adm-b4e57-ystem-administration-access-webkit-desktop-retry1\trace.zip

    ────────────────────────────────────────────────────────────────────────────────────────────────
]]>
</failure>
<system-out>
<![CDATA[
[[ATTACHMENT|..\test-results\auth-role-based-access-Adm-b4e57-ystem-administration-access-webkit-desktop-retry1\trace.zip]]
]]>
</system-out>
</testcase>
<testcase name="[webkit-desktop] Administrator Role Access Control › should manage healthcare professional accounts" classname="auth\role-based-access.spec.ts" time="0.456">
<failure message="role-based-access.spec.ts:319:6 should manage healthcare professional accounts" type="FAILURE">
<![CDATA[  [webkit-desktop] › auth\role-based-access.spec.ts:319:6 › Administrator Role Access Control › should manage healthcare professional accounts 

    Error: page.goto: Protocol error (Playwright.navigate): Cannot navigate to invalid URL
    Call log:
      - navigating to "/login", waiting until "load"


      291 | test.describe("Administrator Role Access Control", () => {
      292 | 	test.beforeEach(async ({ page }) => {
    > 293 | 		await page.goto("/login");
          | 		           ^
      294 |
      295 | 		// Login as admin
      296 | 		await page.fill('input[type="email"]', testUsers.admin.email);
        at D:\neonpro\tools\testing\e2e\tests\auth\role-based-access.spec.ts:293:14

    Retry #1 ───────────────────────────────────────────────────────────────────────────────────────

    Error: page.goto: Protocol error (Playwright.navigate): Cannot navigate to invalid URL
    Call log:
      - navigating to "/login", waiting until "load"


      291 | test.describe("Administrator Role Access Control", () => {
      292 | 	test.beforeEach(async ({ page }) => {
    > 293 | 		await page.goto("/login");
          | 		           ^
      294 |
      295 | 		// Login as admin
      296 | 		await page.fill('input[type="email"]', testUsers.admin.email);
        at D:\neonpro\tools\testing\e2e\tests\auth\role-based-access.spec.ts:293:14

    attachment #1: trace (application/zip) ─────────────────────────────────────────────────────────
    ..\..\..\..\e2e\test-results\auth-role-based-access-Adm-7f8ec-hcare-professional-accounts-webkit-desktop-retry1\trace.zip
    Usage:

        npx playwright show-trace ..\..\..\..\e2e\test-results\auth-role-based-access-Adm-7f8ec-hcare-professional-accounts-webkit-desktop-retry1\trace.zip

    ────────────────────────────────────────────────────────────────────────────────────────────────
]]>
</failure>
<system-out>
<![CDATA[
[[ATTACHMENT|..\test-results\auth-role-based-access-Adm-7f8ec-hcare-professional-accounts-webkit-desktop-retry1\trace.zip]]
]]>
</system-out>
</testcase>
<testcase name="[webkit-desktop] Administrator Role Access Control › should access comprehensive audit logs" classname="auth\role-based-access.spec.ts" time="0.453">
<failure message="role-based-access.spec.ts:347:6 should access comprehensive audit logs" type="FAILURE">
<![CDATA[  [webkit-desktop] › auth\role-based-access.spec.ts:347:6 › Administrator Role Access Control › should access comprehensive audit logs 

    Error: page.goto: Protocol error (Playwright.navigate): Cannot navigate to invalid URL
    Call log:
      - navigating to "/login", waiting until "load"


      291 | test.describe("Administrator Role Access Control", () => {
      292 | 	test.beforeEach(async ({ page }) => {
    > 293 | 		await page.goto("/login");
          | 		           ^
      294 |
      295 | 		// Login as admin
      296 | 		await page.fill('input[type="email"]', testUsers.admin.email);
        at D:\neonpro\tools\testing\e2e\tests\auth\role-based-access.spec.ts:293:14

    Retry #1 ───────────────────────────────────────────────────────────────────────────────────────

    Error: page.goto: Protocol error (Playwright.navigate): Cannot navigate to invalid URL
    Call log:
      - navigating to "/login", waiting until "load"


      291 | test.describe("Administrator Role Access Control", () => {
      292 | 	test.beforeEach(async ({ page }) => {
    > 293 | 		await page.goto("/login");
          | 		           ^
      294 |
      295 | 		// Login as admin
      296 | 		await page.fill('input[type="email"]', testUsers.admin.email);
        at D:\neonpro\tools\testing\e2e\tests\auth\role-based-access.spec.ts:293:14

    attachment #1: trace (application/zip) ─────────────────────────────────────────────────────────
    ..\..\..\..\e2e\test-results\auth-role-based-access-Adm-f6719-ss-comprehensive-audit-logs-webkit-desktop-retry1\trace.zip
    Usage:

        npx playwright show-trace ..\..\..\..\e2e\test-results\auth-role-based-access-Adm-f6719-ss-comprehensive-audit-logs-webkit-desktop-retry1\trace.zip

    ────────────────────────────────────────────────────────────────────────────────────────────────
]]>
</failure>
<system-out>
<![CDATA[
[[ATTACHMENT|..\test-results\auth-role-based-access-Adm-f6719-ss-comprehensive-audit-logs-webkit-desktop-retry1\trace.zip]]
]]>
</system-out>
</testcase>
<testcase name="[webkit-desktop] Administrator Role Access Control › should NOT access patient medical records directly" classname="auth\role-based-access.spec.ts" time="0.341">
<failure message="role-based-access.spec.ts:371:6 should NOT access patient medical records directly" type="FAILURE">
<![CDATA[  [webkit-desktop] › auth\role-based-access.spec.ts:371:6 › Administrator Role Access Control › should NOT access patient medical records directly 

    Error: page.goto: Protocol error (Playwright.navigate): Cannot navigate to invalid URL
    Call log:
      - navigating to "/login", waiting until "load"


      291 | test.describe("Administrator Role Access Control", () => {
      292 | 	test.beforeEach(async ({ page }) => {
    > 293 | 		await page.goto("/login");
          | 		           ^
      294 |
      295 | 		// Login as admin
      296 | 		await page.fill('input[type="email"]', testUsers.admin.email);
        at D:\neonpro\tools\testing\e2e\tests\auth\role-based-access.spec.ts:293:14

    Retry #1 ───────────────────────────────────────────────────────────────────────────────────────

    Error: page.goto: Protocol error (Playwright.navigate): Cannot navigate to invalid URL
    Call log:
      - navigating to "/login", waiting until "load"


      291 | test.describe("Administrator Role Access Control", () => {
      292 | 	test.beforeEach(async ({ page }) => {
    > 293 | 		await page.goto("/login");
          | 		           ^
      294 |
      295 | 		// Login as admin
      296 | 		await page.fill('input[type="email"]', testUsers.admin.email);
        at D:\neonpro\tools\testing\e2e\tests\auth\role-based-access.spec.ts:293:14

    attachment #1: trace (application/zip) ─────────────────────────────────────────────────────────
    ..\..\..\..\e2e\test-results\auth-role-based-access-Adm-e2f70-nt-medical-records-directly-webkit-desktop-retry1\trace.zip
    Usage:

        npx playwright show-trace ..\..\..\..\e2e\test-results\auth-role-based-access-Adm-e2f70-nt-medical-records-directly-webkit-desktop-retry1\trace.zip

    ────────────────────────────────────────────────────────────────────────────────────────────────
]]>
</failure>
<system-out>
<![CDATA[
[[ATTACHMENT|..\test-results\auth-role-based-access-Adm-e2f70-nt-medical-records-directly-webkit-desktop-retry1\trace.zip]]
]]>
</system-out>
</testcase>
<testcase name="[webkit-desktop] Secretary Role Access Control › should manage appointments and scheduling" classname="auth\role-based-access.spec.ts" time="0.357">
<failure message="role-based-access.spec.ts:403:6 should manage appointments and scheduling" type="FAILURE">
<![CDATA[  [webkit-desktop] › auth\role-based-access.spec.ts:403:6 › Secretary Role Access Control › should manage appointments and scheduling 

    Error: page.goto: Protocol error (Playwright.navigate): Cannot navigate to invalid URL
    Call log:
      - navigating to "/login", waiting until "load"


      391 | test.describe("Secretary Role Access Control", () => {
      392 | 	test.beforeEach(async ({ page }) => {
    > 393 | 		await page.goto("/login");
          | 		           ^
      394 |
      395 | 		// Login as secretary
      396 | 		await page.fill('input[type="email"]', testUsers.secretary.email);
        at D:\neonpro\tools\testing\e2e\tests\auth\role-based-access.spec.ts:393:14

    Retry #1 ───────────────────────────────────────────────────────────────────────────────────────

    Error: page.goto: Protocol error (Playwright.navigate): Cannot navigate to invalid URL
    Call log:
      - navigating to "/login", waiting until "load"


      391 | test.describe("Secretary Role Access Control", () => {
      392 | 	test.beforeEach(async ({ page }) => {
    > 393 | 		await page.goto("/login");
          | 		           ^
      394 |
      395 | 		// Login as secretary
      396 | 		await page.fill('input[type="email"]', testUsers.secretary.email);
        at D:\neonpro\tools\testing\e2e\tests\auth\role-based-access.spec.ts:393:14

    attachment #1: trace (application/zip) ─────────────────────────────────────────────────────────
    ..\..\..\..\e2e\test-results\auth-role-based-access-Sec-7f960-appointments-and-scheduling-webkit-desktop-retry1\trace.zip
    Usage:

        npx playwright show-trace ..\..\..\..\e2e\test-results\auth-role-based-access-Sec-7f960-appointments-and-scheduling-webkit-desktop-retry1\trace.zip

    ────────────────────────────────────────────────────────────────────────────────────────────────
]]>
</failure>
<system-out>
<![CDATA[
[[ATTACHMENT|..\test-results\auth-role-based-access-Sec-7f960-appointments-and-scheduling-webkit-desktop-retry1\trace.zip]]
]]>
</system-out>
</testcase>
<testcase name="[webkit-desktop] Secretary Role Access Control › should access basic patient contact information only" classname="auth\role-based-access.spec.ts" time="0.403">
<failure message="role-based-access.spec.ts:429:6 should access basic patient contact information only" type="FAILURE">
<![CDATA[  [webkit-desktop] › auth\role-based-access.spec.ts:429:6 › Secretary Role Access Control › should access basic patient contact information only 

    Error: page.goto: Protocol error (Playwright.navigate): Cannot navigate to invalid URL
    Call log:
      - navigating to "/login", waiting until "load"


      391 | test.describe("Secretary Role Access Control", () => {
      392 | 	test.beforeEach(async ({ page }) => {
    > 393 | 		await page.goto("/login");
          | 		           ^
      394 |
      395 | 		// Login as secretary
      396 | 		await page.fill('input[type="email"]', testUsers.secretary.email);
        at D:\neonpro\tools\testing\e2e\tests\auth\role-based-access.spec.ts:393:14

    Retry #1 ───────────────────────────────────────────────────────────────────────────────────────

    Error: page.goto: Protocol error (Playwright.navigate): Cannot navigate to invalid URL
    Call log:
      - navigating to "/login", waiting until "load"


      391 | test.describe("Secretary Role Access Control", () => {
      392 | 	test.beforeEach(async ({ page }) => {
    > 393 | 		await page.goto("/login");
          | 		           ^
      394 |
      395 | 		// Login as secretary
      396 | 		await page.fill('input[type="email"]', testUsers.secretary.email);
        at D:\neonpro\tools\testing\e2e\tests\auth\role-based-access.spec.ts:393:14

    attachment #1: trace (application/zip) ─────────────────────────────────────────────────────────
    ..\..\..\..\e2e\test-results\auth-role-based-access-Sec-eb910-nt-contact-information-only-webkit-desktop-retry1\trace.zip
    Usage:

        npx playwright show-trace ..\..\..\..\e2e\test-results\auth-role-based-access-Sec-eb910-nt-contact-information-only-webkit-desktop-retry1\trace.zip

    ────────────────────────────────────────────────────────────────────────────────────────────────
]]>
</failure>
<system-out>
<![CDATA[
[[ATTACHMENT|..\test-results\auth-role-based-access-Sec-eb910-nt-contact-information-only-webkit-desktop-retry1\trace.zip]]
]]>
</system-out>
</testcase>
<testcase name="[webkit-desktop] Secretary Role Access Control › should manage financial and billing information" classname="auth\role-based-access.spec.ts" time="0.451">
<failure message="role-based-access.spec.ts:456:6 should manage financial and billing information" type="FAILURE">
<![CDATA[  [webkit-desktop] › auth\role-based-access.spec.ts:456:6 › Secretary Role Access Control › should manage financial and billing information 

    Error: page.goto: Protocol error (Playwright.navigate): Cannot navigate to invalid URL
    Call log:
      - navigating to "/login", waiting until "load"


      391 | test.describe("Secretary Role Access Control", () => {
      392 | 	test.beforeEach(async ({ page }) => {
    > 393 | 		await page.goto("/login");
          | 		           ^
      394 |
      395 | 		// Login as secretary
      396 | 		await page.fill('input[type="email"]', testUsers.secretary.email);
        at D:\neonpro\tools\testing\e2e\tests\auth\role-based-access.spec.ts:393:14

    Retry #1 ───────────────────────────────────────────────────────────────────────────────────────

    Error: page.goto: Protocol error (Playwright.navigate): Cannot navigate to invalid URL
    Call log:
      - navigating to "/login", waiting until "load"


      391 | test.describe("Secretary Role Access Control", () => {
      392 | 	test.beforeEach(async ({ page }) => {
    > 393 | 		await page.goto("/login");
          | 		           ^
      394 |
      395 | 		// Login as secretary
      396 | 		await page.fill('input[type="email"]', testUsers.secretary.email);
        at D:\neonpro\tools\testing\e2e\tests\auth\role-based-access.spec.ts:393:14

    attachment #1: trace (application/zip) ─────────────────────────────────────────────────────────
    ..\..\..\..\e2e\test-results\auth-role-based-access-Sec-23fdc-ial-and-billing-information-webkit-desktop-retry1\trace.zip
    Usage:

        npx playwright show-trace ..\..\..\..\e2e\test-results\auth-role-based-access-Sec-23fdc-ial-and-billing-information-webkit-desktop-retry1\trace.zip

    ────────────────────────────────────────────────────────────────────────────────────────────────
]]>
</failure>
<system-out>
<![CDATA[
[[ATTACHMENT|..\test-results\auth-role-based-access-Sec-23fdc-ial-and-billing-information-webkit-desktop-retry1\trace.zip]]
]]>
</system-out>
</testcase>
<testcase name="[webkit-desktop] Secretary Role Access Control › should NOT access prescription or medical diagnosis features" classname="auth\role-based-access.spec.ts" time="0.354">
<failure message="role-based-access.spec.ts:480:6 should NOT access prescription or medical diagnosis features" type="FAILURE">
<![CDATA[  [webkit-desktop] › auth\role-based-access.spec.ts:480:6 › Secretary Role Access Control › should NOT access prescription or medical diagnosis features 

    Error: page.goto: Protocol error (Playwright.navigate): Cannot navigate to invalid URL
    Call log:
      - navigating to "/login", waiting until "load"


      391 | test.describe("Secretary Role Access Control", () => {
      392 | 	test.beforeEach(async ({ page }) => {
    > 393 | 		await page.goto("/login");
          | 		           ^
      394 |
      395 | 		// Login as secretary
      396 | 		await page.fill('input[type="email"]', testUsers.secretary.email);
        at D:\neonpro\tools\testing\e2e\tests\auth\role-based-access.spec.ts:393:14

    Retry #1 ───────────────────────────────────────────────────────────────────────────────────────

    Error: page.goto: Protocol error (Playwright.navigate): Cannot navigate to invalid URL
    Call log:
      - navigating to "/login", waiting until "load"


      391 | test.describe("Secretary Role Access Control", () => {
      392 | 	test.beforeEach(async ({ page }) => {
    > 393 | 		await page.goto("/login");
          | 		           ^
      394 |
      395 | 		// Login as secretary
      396 | 		await page.fill('input[type="email"]', testUsers.secretary.email);
        at D:\neonpro\tools\testing\e2e\tests\auth\role-based-access.spec.ts:393:14

    attachment #1: trace (application/zip) ─────────────────────────────────────────────────────────
    ..\..\..\..\e2e\test-results\auth-role-based-access-Sec-889e9--medical-diagnosis-features-webkit-desktop-retry1\trace.zip
    Usage:

        npx playwright show-trace ..\..\..\..\e2e\test-results\auth-role-based-access-Sec-889e9--medical-diagnosis-features-webkit-desktop-retry1\trace.zip

    ────────────────────────────────────────────────────────────────────────────────────────────────
]]>
</failure>
<system-out>
<![CDATA[
[[ATTACHMENT|..\test-results\auth-role-based-access-Sec-889e9--medical-diagnosis-features-webkit-desktop-retry1\trace.zip]]
]]>
</system-out>
</testcase>
<testcase name="[webkit-desktop] Cross-Role Permissions and Escalation › should handle role escalation requests" classname="auth\role-based-access.spec.ts" time="0.378">
<failure message="role-based-access.spec.ts:501:6 should handle role escalation requests" type="FAILURE">
<![CDATA[  [webkit-desktop] › auth\role-based-access.spec.ts:501:6 › Cross-Role Permissions and Escalation › should handle role escalation requests 

    Error: page.goto: Protocol error (Playwright.navigate): Cannot navigate to invalid URL
    Call log:
      - navigating to "/login", waiting until "load"


      501 | 	test("should handle role escalation requests", async ({ page }) => {
      502 | 		// Login as nurse
    > 503 | 		await page.goto("/login");
          | 		           ^
      504 | 		await page.fill('input[type="email"]', testUsers.nurse.email);
      505 | 		await page.fill('input[type="password"]', testUsers.nurse.password);
      506 | 		await page.fill('[data-testid="coren-number"]', testUsers.nurse.coren);
        at D:\neonpro\tools\testing\e2e\tests\auth\role-based-access.spec.ts:503:14

    Retry #1 ───────────────────────────────────────────────────────────────────────────────────────

    Error: page.goto: Protocol error (Playwright.navigate): Cannot navigate to invalid URL
    Call log:
      - navigating to "/login", waiting until "load"


      501 | 	test("should handle role escalation requests", async ({ page }) => {
      502 | 		// Login as nurse
    > 503 | 		await page.goto("/login");
          | 		           ^
      504 | 		await page.fill('input[type="email"]', testUsers.nurse.email);
      505 | 		await page.fill('input[type="password"]', testUsers.nurse.password);
      506 | 		await page.fill('[data-testid="coren-number"]', testUsers.nurse.coren);
        at D:\neonpro\tools\testing\e2e\tests\auth\role-based-access.spec.ts:503:14

    attachment #1: trace (application/zip) ─────────────────────────────────────────────────────────
    ..\..\..\..\e2e\test-results\auth-role-based-access-Cro-2d084-le-role-escalation-requests-webkit-desktop-retry1\trace.zip
    Usage:

        npx playwright show-trace ..\..\..\..\e2e\test-results\auth-role-based-access-Cro-2d084-le-role-escalation-requests-webkit-desktop-retry1\trace.zip

    ────────────────────────────────────────────────────────────────────────────────────────────────
]]>
</failure>
<system-out>
<![CDATA[
[[ATTACHMENT|..\test-results\auth-role-based-access-Cro-2d084-le-role-escalation-requests-webkit-desktop-retry1\trace.zip]]
]]>
</system-out>
</testcase>
<testcase name="[webkit-desktop] Cross-Role Permissions and Escalation › should audit all role-based access attempts" classname="auth\role-based-access.spec.ts" time="0.419">
<failure message="role-based-access.spec.ts:534:6 should audit all role-based access attempts" type="FAILURE">
<![CDATA[  [webkit-desktop] › auth\role-based-access.spec.ts:534:6 › Cross-Role Permissions and Escalation › should audit all role-based access attempts 

    Error: page.goto: Protocol error (Playwright.navigate): Cannot navigate to invalid URL
    Call log:
      - navigating to "/login", waiting until "load"


      534 | 	test("should audit all role-based access attempts", async ({ page }) => {
      535 | 		// Login as admin to check audit logs
    > 536 | 		await page.goto("/login");
          | 		           ^
      537 | 		await page.fill('input[type="email"]', testUsers.admin.email);
      538 | 		await page.fill('input[type="password"]', testUsers.admin.password);
      539 | 		await page.click('button[type="submit"]');
        at D:\neonpro\tools\testing\e2e\tests\auth\role-based-access.spec.ts:536:14

    Retry #1 ───────────────────────────────────────────────────────────────────────────────────────

    Error: page.goto: Protocol error (Playwright.navigate): Cannot navigate to invalid URL
    Call log:
      - navigating to "/login", waiting until "load"


      534 | 	test("should audit all role-based access attempts", async ({ page }) => {
      535 | 		// Login as admin to check audit logs
    > 536 | 		await page.goto("/login");
          | 		           ^
      537 | 		await page.fill('input[type="email"]', testUsers.admin.email);
      538 | 		await page.fill('input[type="password"]', testUsers.admin.password);
      539 | 		await page.click('button[type="submit"]');
        at D:\neonpro\tools\testing\e2e\tests\auth\role-based-access.spec.ts:536:14

    attachment #1: trace (application/zip) ─────────────────────────────────────────────────────────
    ..\..\..\..\e2e\test-results\auth-role-based-access-Cro-4e24c--role-based-access-attempts-webkit-desktop-retry1\trace.zip
    Usage:

        npx playwright show-trace ..\..\..\..\e2e\test-results\auth-role-based-access-Cro-4e24c--role-based-access-attempts-webkit-desktop-retry1\trace.zip

    ────────────────────────────────────────────────────────────────────────────────────────────────
]]>
</failure>
<system-out>
<![CDATA[
[[ATTACHMENT|..\test-results\auth-role-based-access-Cro-4e24c--role-based-access-attempts-webkit-desktop-retry1\trace.zip]]
]]>
</system-out>
</testcase>
<testcase name="[webkit-desktop] Cross-Role Permissions and Escalation › should enforce time-based role restrictions" classname="auth\role-based-access.spec.ts" time="0.428">
<failure message="role-based-access.spec.ts:557:6 should enforce time-based role restrictions" type="FAILURE">
<![CDATA[  [webkit-desktop] › auth\role-based-access.spec.ts:557:6 › Cross-Role Permissions and Escalation › should enforce time-based role restrictions 

    Error: page.goto: Protocol error (Playwright.navigate): Cannot navigate to invalid URL
    Call log:
      - navigating to "/login", waiting until "load"


      557 | 	test("should enforce time-based role restrictions", async ({ page }) => {
      558 | 		// Login as doctor
    > 559 | 		await page.goto("/login");
          | 		           ^
      560 | 		await page.fill('input[type="email"]', testUsers.doctor.email);
      561 | 		await page.fill('input[type="password"]', testUsers.doctor.password);
      562 | 		await page.fill('[data-testid="crm-number"]', testUsers.doctor.crm);
        at D:\neonpro\tools\testing\e2e\tests\auth\role-based-access.spec.ts:559:14

    Retry #1 ───────────────────────────────────────────────────────────────────────────────────────

    Error: page.goto: Protocol error (Playwright.navigate): Cannot navigate to invalid URL
    Call log:
      - navigating to "/login", waiting until "load"


      557 | 	test("should enforce time-based role restrictions", async ({ page }) => {
      558 | 		// Login as doctor
    > 559 | 		await page.goto("/login");
          | 		           ^
      560 | 		await page.fill('input[type="email"]', testUsers.doctor.email);
      561 | 		await page.fill('input[type="password"]', testUsers.doctor.password);
      562 | 		await page.fill('[data-testid="crm-number"]', testUsers.doctor.crm);
        at D:\neonpro\tools\testing\e2e\tests\auth\role-based-access.spec.ts:559:14

    attachment #1: trace (application/zip) ─────────────────────────────────────────────────────────
    ..\..\..\..\e2e\test-results\auth-role-based-access-Cro-32690-ime-based-role-restrictions-webkit-desktop-retry1\trace.zip
    Usage:

        npx playwright show-trace ..\..\..\..\e2e\test-results\auth-role-based-access-Cro-32690-ime-based-role-restrictions-webkit-desktop-retry1\trace.zip

    ────────────────────────────────────────────────────────────────────────────────────────────────
]]>
</failure>
<system-out>
<![CDATA[
[[ATTACHMENT|..\test-results\auth-role-based-access-Cro-32690-ime-based-role-restrictions-webkit-desktop-retry1\trace.zip]]
]]>
</system-out>
</testcase>
</testsuite>
<testsuite name="core\basic-functionality.spec.ts" timestamp="2025-08-23T06:21:35.562Z" hostname="webkit-desktop" tests="6" failures="6" skipped="0" time="2.5" errors="0">
<testcase name="[webkit-desktop] NeonPro Healthcare Platform - Core E2E › should load the homepage successfully" classname="core\basic-functionality.spec.ts" time="0.382">
<failure message="basic-functionality.spec.ts:14:6 should load the homepage successfully" type="FAILURE">
<![CDATA[  [webkit-desktop] › core\basic-functionality.spec.ts:14:6 › NeonPro Healthcare Platform - Core E2E › should load the homepage successfully 

    Error: page.goto: Protocol error (Playwright.navigate): Cannot navigate to invalid URL
    Call log:
      - navigating to "/", waiting until "load"


       9 | 	test.beforeEach(async ({ page }) => {
      10 | 		// Navigate to the home page
    > 11 | 		await page.goto("/");
         | 		           ^
      12 | 	});
      13 |
      14 | 	test("should load the homepage successfully", async ({ page }) => {
        at D:\neonpro\tools\testing\e2e\tests\core\basic-functionality.spec.ts:11:14

    Retry #1 ───────────────────────────────────────────────────────────────────────────────────────

    Error: page.goto: Protocol error (Playwright.navigate): Cannot navigate to invalid URL
    Call log:
      - navigating to "/", waiting until "load"


       9 | 	test.beforeEach(async ({ page }) => {
      10 | 		// Navigate to the home page
    > 11 | 		await page.goto("/");
         | 		           ^
      12 | 	});
      13 |
      14 | 	test("should load the homepage successfully", async ({ page }) => {
        at D:\neonpro\tools\testing\e2e\tests\core\basic-functionality.spec.ts:11:14

    attachment #1: trace (application/zip) ─────────────────────────────────────────────────────────
    ..\..\..\..\e2e\test-results\core-basic-functionality-N-a6bae-d-the-homepage-successfully-webkit-desktop-retry1\trace.zip
    Usage:

        npx playwright show-trace ..\..\..\..\e2e\test-results\core-basic-functionality-N-a6bae-d-the-homepage-successfully-webkit-desktop-retry1\trace.zip

    ────────────────────────────────────────────────────────────────────────────────────────────────
]]>
</failure>
<system-out>
<![CDATA[
[[ATTACHMENT|..\test-results\core-basic-functionality-N-a6bae-d-the-homepage-successfully-webkit-desktop-retry1\trace.zip]]
]]>
</system-out>
</testcase>
<testcase name="[webkit-desktop] NeonPro Healthcare Platform - Core E2E › should have proper navigation elements" classname="core\basic-functionality.spec.ts" time="0.43">
<failure message="basic-functionality.spec.ts:26:6 should have proper navigation elements" type="FAILURE">
<![CDATA[  [webkit-desktop] › core\basic-functionality.spec.ts:26:6 › NeonPro Healthcare Platform - Core E2E › should have proper navigation elements 

    Error: page.goto: Protocol error (Playwright.navigate): Cannot navigate to invalid URL
    Call log:
      - navigating to "/", waiting until "load"


       9 | 	test.beforeEach(async ({ page }) => {
      10 | 		// Navigate to the home page
    > 11 | 		await page.goto("/");
         | 		           ^
      12 | 	});
      13 |
      14 | 	test("should load the homepage successfully", async ({ page }) => {
        at D:\neonpro\tools\testing\e2e\tests\core\basic-functionality.spec.ts:11:14

    Retry #1 ───────────────────────────────────────────────────────────────────────────────────────

    Error: page.goto: Protocol error (Playwright.navigate): Cannot navigate to invalid URL
    Call log:
      - navigating to "/", waiting until "load"


       9 | 	test.beforeEach(async ({ page }) => {
      10 | 		// Navigate to the home page
    > 11 | 		await page.goto("/");
         | 		           ^
      12 | 	});
      13 |
      14 | 	test("should load the homepage successfully", async ({ page }) => {
        at D:\neonpro\tools\testing\e2e\tests\core\basic-functionality.spec.ts:11:14

    attachment #1: trace (application/zip) ─────────────────────────────────────────────────────────
    ..\..\..\..\e2e\test-results\core-basic-functionality-N-d5b1d--proper-navigation-elements-webkit-desktop-retry1\trace.zip
    Usage:

        npx playwright show-trace ..\..\..\..\e2e\test-results\core-basic-functionality-N-d5b1d--proper-navigation-elements-webkit-desktop-retry1\trace.zip

    ────────────────────────────────────────────────────────────────────────────────────────────────
]]>
</failure>
<system-out>
<![CDATA[
[[ATTACHMENT|..\test-results\core-basic-functionality-N-d5b1d--proper-navigation-elements-webkit-desktop-retry1\trace.zip]]
]]>
</system-out>
</testcase>
<testcase name="[webkit-desktop] NeonPro Healthcare Platform - Core E2E › should be accessible via keyboard navigation" classname="core\basic-functionality.spec.ts" time="0.431">
<failure message="basic-functionality.spec.ts:45:6 should be accessible via keyboard navigation" type="FAILURE">
<![CDATA[  [webkit-desktop] › core\basic-functionality.spec.ts:45:6 › NeonPro Healthcare Platform - Core E2E › should be accessible via keyboard navigation 

    Error: page.goto: Protocol error (Playwright.navigate): Cannot navigate to invalid URL
    Call log:
      - navigating to "/", waiting until "load"


       9 | 	test.beforeEach(async ({ page }) => {
      10 | 		// Navigate to the home page
    > 11 | 		await page.goto("/");
         | 		           ^
      12 | 	});
      13 |
      14 | 	test("should load the homepage successfully", async ({ page }) => {
        at D:\neonpro\tools\testing\e2e\tests\core\basic-functionality.spec.ts:11:14

    Retry #1 ───────────────────────────────────────────────────────────────────────────────────────

    Error: page.goto: Protocol error (Playwright.navigate): Cannot navigate to invalid URL
    Call log:
      - navigating to "/", waiting until "load"


       9 | 	test.beforeEach(async ({ page }) => {
      10 | 		// Navigate to the home page
    > 11 | 		await page.goto("/");
         | 		           ^
      12 | 	});
      13 |
      14 | 	test("should load the homepage successfully", async ({ page }) => {
        at D:\neonpro\tools\testing\e2e\tests\core\basic-functionality.spec.ts:11:14

    attachment #1: trace (application/zip) ─────────────────────────────────────────────────────────
    ..\..\..\..\e2e\test-results\core-basic-functionality-N-787c1-ble-via-keyboard-navigation-webkit-desktop-retry1\trace.zip
    Usage:

        npx playwright show-trace ..\..\..\..\e2e\test-results\core-basic-functionality-N-787c1-ble-via-keyboard-navigation-webkit-desktop-retry1\trace.zip

    ────────────────────────────────────────────────────────────────────────────────────────────────
]]>
</failure>
<system-out>
<![CDATA[
[[ATTACHMENT|..\test-results\core-basic-functionality-N-787c1-ble-via-keyboard-navigation-webkit-desktop-retry1\trace.zip]]
]]>
</system-out>
</testcase>
<testcase name="[webkit-desktop] NeonPro Healthcare Platform - Core E2E › should handle page errors gracefully" classname="core\basic-functionality.spec.ts" time="0.45">
<failure message="basic-functionality.spec.ts:60:6 should handle page errors gracefully" type="FAILURE">
<![CDATA[  [webkit-desktop] › core\basic-functionality.spec.ts:60:6 › NeonPro Healthcare Platform - Core E2E › should handle page errors gracefully 

    Error: page.goto: Protocol error (Playwright.navigate): Cannot navigate to invalid URL
    Call log:
      - navigating to "/", waiting until "load"


       9 | 	test.beforeEach(async ({ page }) => {
      10 | 		// Navigate to the home page
    > 11 | 		await page.goto("/");
         | 		           ^
      12 | 	});
      13 |
      14 | 	test("should load the homepage successfully", async ({ page }) => {
        at D:\neonpro\tools\testing\e2e\tests\core\basic-functionality.spec.ts:11:14

    Retry #1 ───────────────────────────────────────────────────────────────────────────────────────

    Error: page.goto: Protocol error (Playwright.navigate): Cannot navigate to invalid URL
    Call log:
      - navigating to "/", waiting until "load"


       9 | 	test.beforeEach(async ({ page }) => {
      10 | 		// Navigate to the home page
    > 11 | 		await page.goto("/");
         | 		           ^
      12 | 	});
      13 |
      14 | 	test("should load the homepage successfully", async ({ page }) => {
        at D:\neonpro\tools\testing\e2e\tests\core\basic-functionality.spec.ts:11:14

    attachment #1: trace (application/zip) ─────────────────────────────────────────────────────────
    ..\..\..\..\e2e\test-results\core-basic-functionality-N-b3e5e-ndle-page-errors-gracefully-webkit-desktop-retry1\trace.zip
    Usage:

        npx playwright show-trace ..\..\..\..\e2e\test-results\core-basic-functionality-N-b3e5e-ndle-page-errors-gracefully-webkit-desktop-retry1\trace.zip

    ────────────────────────────────────────────────────────────────────────────────────────────────
]]>
</failure>
<system-out>
<![CDATA[
[[ATTACHMENT|..\test-results\core-basic-functionality-N-b3e5e-ndle-page-errors-gracefully-webkit-desktop-retry1\trace.zip]]
]]>
</system-out>
</testcase>
<testcase name="[webkit-desktop] NeonPro Healthcare Platform - Responsive Design › should work on mobile viewport" classname="core\basic-functionality.spec.ts" time="0.352">
<failure message="basic-functionality.spec.ts:75:6 should work on mobile viewport" type="FAILURE">
<![CDATA[  [webkit-desktop] › core\basic-functionality.spec.ts:75:6 › NeonPro Healthcare Platform - Responsive Design › should work on mobile viewport 

    Error: page.goto: Protocol error (Playwright.navigate): Cannot navigate to invalid URL
    Call log:
      - navigating to "/", waiting until "load"


      78 |
      79 | 		// Navigate to home page
    > 80 | 		await page.goto("/");
         | 		           ^
      81 | 		await page.waitForLoadState("networkidle");
      82 |
      83 | 		// Basic mobile responsiveness check
        at D:\neonpro\tools\testing\e2e\tests\core\basic-functionality.spec.ts:80:14

    Retry #1 ───────────────────────────────────────────────────────────────────────────────────────

    Error: page.goto: Protocol error (Playwright.navigate): Cannot navigate to invalid URL
    Call log:
      - navigating to "/", waiting until "load"


      78 |
      79 | 		// Navigate to home page
    > 80 | 		await page.goto("/");
         | 		           ^
      81 | 		await page.waitForLoadState("networkidle");
      82 |
      83 | 		// Basic mobile responsiveness check
        at D:\neonpro\tools\testing\e2e\tests\core\basic-functionality.spec.ts:80:14

    attachment #1: trace (application/zip) ─────────────────────────────────────────────────────────
    ..\..\..\..\e2e\test-results\core-basic-functionality-N-383af-uld-work-on-mobile-viewport-webkit-desktop-retry1\trace.zip
    Usage:

        npx playwright show-trace ..\..\..\..\e2e\test-results\core-basic-functionality-N-383af-uld-work-on-mobile-viewport-webkit-desktop-retry1\trace.zip

    ────────────────────────────────────────────────────────────────────────────────────────────────
]]>
</failure>
<system-out>
<![CDATA[
[[ATTACHMENT|..\test-results\core-basic-functionality-N-383af-uld-work-on-mobile-viewport-webkit-desktop-retry1\trace.zip]]
]]>
</system-out>
</testcase>
<testcase name="[webkit-desktop] NeonPro Healthcare Platform - Responsive Design › should work on tablet viewport" classname="core\basic-functionality.spec.ts" time="0.455">
<failure message="basic-functionality.spec.ts:94:6 should work on tablet viewport" type="FAILURE">
<![CDATA[  [webkit-desktop] › core\basic-functionality.spec.ts:94:6 › NeonPro Healthcare Platform - Responsive Design › should work on tablet viewport 

    Error: page.goto: Protocol error (Playwright.navigate): Cannot navigate to invalid URL
    Call log:
      - navigating to "/", waiting until "load"


       97 |
       98 | 		// Navigate to home page
    >  99 | 		await page.goto("/");
          | 		           ^
      100 | 		await page.waitForLoadState("networkidle");
      101 |
      102 | 		// Basic tablet responsiveness check
        at D:\neonpro\tools\testing\e2e\tests\core\basic-functionality.spec.ts:99:14

    Retry #1 ───────────────────────────────────────────────────────────────────────────────────────

    Error: page.goto: Protocol error (Playwright.navigate): Cannot navigate to invalid URL
    Call log:
      - navigating to "/", waiting until "load"


       97 |
       98 | 		// Navigate to home page
    >  99 | 		await page.goto("/");
          | 		           ^
      100 | 		await page.waitForLoadState("networkidle");
      101 |
      102 | 		// Basic tablet responsiveness check
        at D:\neonpro\tools\testing\e2e\tests\core\basic-functionality.spec.ts:99:14

    attachment #1: trace (application/zip) ─────────────────────────────────────────────────────────
    ..\..\..\..\e2e\test-results\core-basic-functionality-N-faf34-uld-work-on-tablet-viewport-webkit-desktop-retry1\trace.zip
    Usage:

        npx playwright show-trace ..\..\..\..\e2e\test-results\core-basic-functionality-N-faf34-uld-work-on-tablet-viewport-webkit-desktop-retry1\trace.zip

    ────────────────────────────────────────────────────────────────────────────────────────────────
]]>
</failure>
<system-out>
<![CDATA[
[[ATTACHMENT|..\test-results\core-basic-functionality-N-faf34-uld-work-on-tablet-viewport-webkit-desktop-retry1\trace.zip]]
]]>
</system-out>
</testcase>
</testsuite>
<testsuite name="example.spec.ts" timestamp="2025-08-23T06:21:35.562Z" hostname="webkit-desktop" tests="2" failures="0" skipped="0" time="1.93" errors="0">
<testcase name="[webkit-desktop] has title" classname="example.spec.ts" time="0.845">
</testcase>
<testcase name="[webkit-desktop] get started link" classname="example.spec.ts" time="1.085">
</testcase>
</testsuite>
<testsuite name="healthcare\appointment-booking.spec.ts" timestamp="2025-08-23T06:21:35.562Z" hostname="webkit-desktop" tests="15" failures="15" skipped="0" time="6.15" errors="0">
<testcase name="[webkit-desktop] 📅 Appointment Booking - Critical E2E › 🔍 Search Availability &amp; Booking Flow › should display available appointment slots with healthcare context" classname="healthcare\appointment-booking.spec.ts" time="0.409">
<failure message="appointment-booking.spec.ts:53:7 should display available appointment slots with healthcare context" type="FAILURE">
<![CDATA[  [webkit-desktop] › healthcare\appointment-booking.spec.ts:53:7 › 📅 Appointment Booking - Critical E2E › 🔍 Search Availability & Booking Flow › should display available appointment slots with healthcare context 

    Error: page.evaluate: SecurityError: The operation is insecure.

      24 | 		// Clear state and login as healthcare professional
      25 | 		await page.context().clearCookies();
    > 26 | 		await page.evaluate(() => localStorage.clear());
         | 		           ^
      27 |
      28 | 		await page.goto("/login");
      29 | 		await page.waitForLoadState("networkidle");
        at D:\neonpro\tools\testing\e2e\tests\healthcare\appointment-booking.spec.ts:26:14

    Retry #1 ───────────────────────────────────────────────────────────────────────────────────────

    Error: page.evaluate: SecurityError: The operation is insecure.

      24 | 		// Clear state and login as healthcare professional
      25 | 		await page.context().clearCookies();
    > 26 | 		await page.evaluate(() => localStorage.clear());
         | 		           ^
      27 |
      28 | 		await page.goto("/login");
      29 | 		await page.waitForLoadState("networkidle");
        at D:\neonpro\tools\testing\e2e\tests\healthcare\appointment-booking.spec.ts:26:14

    attachment #1: trace (application/zip) ─────────────────────────────────────────────────────────
    ..\..\..\..\e2e\test-results\healthcare-appointment-boo-15244-ots-with-healthcare-context-webkit-desktop-retry1\trace.zip
    Usage:

        npx playwright show-trace ..\..\..\..\e2e\test-results\healthcare-appointment-boo-15244-ots-with-healthcare-context-webkit-desktop-retry1\trace.zip

    ────────────────────────────────────────────────────────────────────────────────────────────────
]]>
</failure>
<system-out>
<![CDATA[
[[ATTACHMENT|..\test-results\healthcare-appointment-boo-15244-ots-with-healthcare-context-webkit-desktop-retry1\trace.zip]]
]]>
</system-out>
</testcase>
<testcase name="[webkit-desktop] 📅 Appointment Booking - Critical E2E › 🔍 Search Availability &amp; Booking Flow › should book new appointment with complete healthcare workflow" classname="healthcare\appointment-booking.spec.ts" time="0.399">
<failure message="appointment-booking.spec.ts:130:7 should book new appointment with complete healthcare workflow" type="FAILURE">
<![CDATA[  [webkit-desktop] › healthcare\appointment-booking.spec.ts:130:7 › 📅 Appointment Booking - Critical E2E › 🔍 Search Availability & Booking Flow › should book new appointment with complete healthcare workflow 

    Error: page.evaluate: SecurityError: The operation is insecure.

      24 | 		// Clear state and login as healthcare professional
      25 | 		await page.context().clearCookies();
    > 26 | 		await page.evaluate(() => localStorage.clear());
         | 		           ^
      27 |
      28 | 		await page.goto("/login");
      29 | 		await page.waitForLoadState("networkidle");
        at D:\neonpro\tools\testing\e2e\tests\healthcare\appointment-booking.spec.ts:26:14

    Retry #1 ───────────────────────────────────────────────────────────────────────────────────────

    Error: page.evaluate: SecurityError: The operation is insecure.

      24 | 		// Clear state and login as healthcare professional
      25 | 		await page.context().clearCookies();
    > 26 | 		await page.evaluate(() => localStorage.clear());
         | 		           ^
      27 |
      28 | 		await page.goto("/login");
      29 | 		await page.waitForLoadState("networkidle");
        at D:\neonpro\tools\testing\e2e\tests\healthcare\appointment-booking.spec.ts:26:14

    attachment #1: trace (application/zip) ─────────────────────────────────────────────────────────
    ..\..\..\..\e2e\test-results\healthcare-appointment-boo-9139d-omplete-healthcare-workflow-webkit-desktop-retry1\trace.zip
    Usage:

        npx playwright show-trace ..\..\..\..\e2e\test-results\healthcare-appointment-boo-9139d-omplete-healthcare-workflow-webkit-desktop-retry1\trace.zip

    ────────────────────────────────────────────────────────────────────────────────────────────────
]]>
</failure>
<system-out>
<![CDATA[
[[ATTACHMENT|..\test-results\healthcare-appointment-boo-9139d-omplete-healthcare-workflow-webkit-desktop-retry1\trace.zip]]
]]>
</system-out>
</testcase>
<testcase name="[webkit-desktop] 📅 Appointment Booking - Critical E2E › 🔍 Search Availability &amp; Booking Flow › should handle appointment conflicts and availability checks" classname="healthcare\appointment-booking.spec.ts" time="0.401">
<failure message="appointment-booking.spec.ts:217:7 should handle appointment conflicts and availability checks" type="FAILURE">
<![CDATA[  [webkit-desktop] › healthcare\appointment-booking.spec.ts:217:7 › 📅 Appointment Booking - Critical E2E › 🔍 Search Availability & Booking Flow › should handle appointment conflicts and availability checks 

    Error: page.evaluate: SecurityError: The operation is insecure.

      24 | 		// Clear state and login as healthcare professional
      25 | 		await page.context().clearCookies();
    > 26 | 		await page.evaluate(() => localStorage.clear());
         | 		           ^
      27 |
      28 | 		await page.goto("/login");
      29 | 		await page.waitForLoadState("networkidle");
        at D:\neonpro\tools\testing\e2e\tests\healthcare\appointment-booking.spec.ts:26:14

    Retry #1 ───────────────────────────────────────────────────────────────────────────────────────

    Error: page.evaluate: SecurityError: The operation is insecure.

      24 | 		// Clear state and login as healthcare professional
      25 | 		await page.context().clearCookies();
    > 26 | 		await page.evaluate(() => localStorage.clear());
         | 		           ^
      27 |
      28 | 		await page.goto("/login");
      29 | 		await page.waitForLoadState("networkidle");
        at D:\neonpro\tools\testing\e2e\tests\healthcare\appointment-booking.spec.ts:26:14

    attachment #1: trace (application/zip) ─────────────────────────────────────────────────────────
    ..\..\..\..\e2e\test-results\healthcare-appointment-boo-0385c-cts-and-availability-checks-webkit-desktop-retry1\trace.zip
    Usage:

        npx playwright show-trace ..\..\..\..\e2e\test-results\healthcare-appointment-boo-0385c-cts-and-availability-checks-webkit-desktop-retry1\trace.zip

    ────────────────────────────────────────────────────────────────────────────────────────────────
]]>
</failure>
<system-out>
<![CDATA[
[[ATTACHMENT|..\test-results\healthcare-appointment-boo-0385c-cts-and-availability-checks-webkit-desktop-retry1\trace.zip]]
]]>
</system-out>
</testcase>
<testcase name="[webkit-desktop] 📅 Appointment Booking - Critical E2E › 🔍 Search Availability &amp; Booking Flow › should validate required fields in appointment form" classname="healthcare\appointment-booking.spec.ts" time="0.526">
<failure message="appointment-booking.spec.ts:250:7 should validate required fields in appointment form" type="FAILURE">
<![CDATA[  [webkit-desktop] › healthcare\appointment-booking.spec.ts:250:7 › 📅 Appointment Booking - Critical E2E › 🔍 Search Availability & Booking Flow › should validate required fields in appointment form 

    Error: page.evaluate: SecurityError: The operation is insecure.

      24 | 		// Clear state and login as healthcare professional
      25 | 		await page.context().clearCookies();
    > 26 | 		await page.evaluate(() => localStorage.clear());
         | 		           ^
      27 |
      28 | 		await page.goto("/login");
      29 | 		await page.waitForLoadState("networkidle");
        at D:\neonpro\tools\testing\e2e\tests\healthcare\appointment-booking.spec.ts:26:14

    Retry #1 ───────────────────────────────────────────────────────────────────────────────────────

    Error: page.evaluate: SecurityError: The operation is insecure.

      24 | 		// Clear state and login as healthcare professional
      25 | 		await page.context().clearCookies();
    > 26 | 		await page.evaluate(() => localStorage.clear());
         | 		           ^
      27 |
      28 | 		await page.goto("/login");
      29 | 		await page.waitForLoadState("networkidle");
        at D:\neonpro\tools\testing\e2e\tests\healthcare\appointment-booking.spec.ts:26:14

    attachment #1: trace (application/zip) ─────────────────────────────────────────────────────────
    ..\..\..\..\e2e\test-results\healthcare-appointment-boo-bc485--fields-in-appointment-form-webkit-desktop-retry1\trace.zip
    Usage:

        npx playwright show-trace ..\..\..\..\e2e\test-results\healthcare-appointment-boo-bc485--fields-in-appointment-form-webkit-desktop-retry1\trace.zip

    ────────────────────────────────────────────────────────────────────────────────────────────────
]]>
</failure>
<system-out>
<![CDATA[
[[ATTACHMENT|..\test-results\healthcare-appointment-boo-bc485--fields-in-appointment-form-webkit-desktop-retry1\trace.zip]]
]]>
</system-out>
</testcase>
<testcase name="[webkit-desktop] 📅 Appointment Booking - Critical E2E › 📋 Appointment Management › should display existing appointments in calendar view" classname="healthcare\appointment-booking.spec.ts" time="0.41">
<failure message="appointment-booking.spec.ts:288:7 should display existing appointments in calendar view" type="FAILURE">
<![CDATA[  [webkit-desktop] › healthcare\appointment-booking.spec.ts:288:7 › 📅 Appointment Booking - Critical E2E › 📋 Appointment Management › should display existing appointments in calendar view 

    Error: page.evaluate: SecurityError: The operation is insecure.

      24 | 		// Clear state and login as healthcare professional
      25 | 		await page.context().clearCookies();
    > 26 | 		await page.evaluate(() => localStorage.clear());
         | 		           ^
      27 |
      28 | 		await page.goto("/login");
      29 | 		await page.waitForLoadState("networkidle");
        at D:\neonpro\tools\testing\e2e\tests\healthcare\appointment-booking.spec.ts:26:14

    Retry #1 ───────────────────────────────────────────────────────────────────────────────────────

    Error: page.evaluate: SecurityError: The operation is insecure.

      24 | 		// Clear state and login as healthcare professional
      25 | 		await page.context().clearCookies();
    > 26 | 		await page.evaluate(() => localStorage.clear());
         | 		           ^
      27 |
      28 | 		await page.goto("/login");
      29 | 		await page.waitForLoadState("networkidle");
        at D:\neonpro\tools\testing\e2e\tests\healthcare\appointment-booking.spec.ts:26:14

    attachment #1: trace (application/zip) ─────────────────────────────────────────────────────────
    ..\..\..\..\e2e\test-results\healthcare-appointment-boo-f8981-pointments-in-calendar-view-webkit-desktop-retry1\trace.zip
    Usage:

        npx playwright show-trace ..\..\..\..\e2e\test-results\healthcare-appointment-boo-f8981-pointments-in-calendar-view-webkit-desktop-retry1\trace.zip

    ────────────────────────────────────────────────────────────────────────────────────────────────
]]>
</failure>
<system-out>
<![CDATA[
[[ATTACHMENT|..\test-results\healthcare-appointment-boo-f8981-pointments-in-calendar-view-webkit-desktop-retry1\trace.zip]]
]]>
</system-out>
</testcase>
<testcase name="[webkit-desktop] 📅 Appointment Booking - Critical E2E › 📋 Appointment Management › should reschedule existing appointment" classname="healthcare\appointment-booking.spec.ts" time="0.42">
<failure message="appointment-booking.spec.ts:317:7 should reschedule existing appointment" type="FAILURE">
<![CDATA[  [webkit-desktop] › healthcare\appointment-booking.spec.ts:317:7 › 📅 Appointment Booking - Critical E2E › 📋 Appointment Management › should reschedule existing appointment 

    Error: page.evaluate: SecurityError: The operation is insecure.

      24 | 		// Clear state and login as healthcare professional
      25 | 		await page.context().clearCookies();
    > 26 | 		await page.evaluate(() => localStorage.clear());
         | 		           ^
      27 |
      28 | 		await page.goto("/login");
      29 | 		await page.waitForLoadState("networkidle");
        at D:\neonpro\tools\testing\e2e\tests\healthcare\appointment-booking.spec.ts:26:14

    Retry #1 ───────────────────────────────────────────────────────────────────────────────────────

    Error: page.evaluate: SecurityError: The operation is insecure.

      24 | 		// Clear state and login as healthcare professional
      25 | 		await page.context().clearCookies();
    > 26 | 		await page.evaluate(() => localStorage.clear());
         | 		           ^
      27 |
      28 | 		await page.goto("/login");
      29 | 		await page.waitForLoadState("networkidle");
        at D:\neonpro\tools\testing\e2e\tests\healthcare\appointment-booking.spec.ts:26:14

    attachment #1: trace (application/zip) ─────────────────────────────────────────────────────────
    ..\..\..\..\e2e\test-results\healthcare-appointment-boo-a0f1c-hedule-existing-appointment-webkit-desktop-retry1\trace.zip
    Usage:

        npx playwright show-trace ..\..\..\..\e2e\test-results\healthcare-appointment-boo-a0f1c-hedule-existing-appointment-webkit-desktop-retry1\trace.zip

    ────────────────────────────────────────────────────────────────────────────────────────────────
]]>
</failure>
<system-out>
<![CDATA[
[[ATTACHMENT|..\test-results\healthcare-appointment-boo-a0f1c-hedule-existing-appointment-webkit-desktop-retry1\trace.zip]]
]]>
</system-out>
</testcase>
<testcase name="[webkit-desktop] 📅 Appointment Booking - Critical E2E › 📋 Appointment Management › should cancel appointment with proper confirmation" classname="healthcare\appointment-booking.spec.ts" time="0.413">
<failure message="appointment-booking.spec.ts:374:7 should cancel appointment with proper confirmation" type="FAILURE">
<![CDATA[  [webkit-desktop] › healthcare\appointment-booking.spec.ts:374:7 › 📅 Appointment Booking - Critical E2E › 📋 Appointment Management › should cancel appointment with proper confirmation 

    Error: page.evaluate: SecurityError: The operation is insecure.

      24 | 		// Clear state and login as healthcare professional
      25 | 		await page.context().clearCookies();
    > 26 | 		await page.evaluate(() => localStorage.clear());
         | 		           ^
      27 |
      28 | 		await page.goto("/login");
      29 | 		await page.waitForLoadState("networkidle");
        at D:\neonpro\tools\testing\e2e\tests\healthcare\appointment-booking.spec.ts:26:14

    Retry #1 ───────────────────────────────────────────────────────────────────────────────────────

    Error: page.evaluate: SecurityError: The operation is insecure.

      24 | 		// Clear state and login as healthcare professional
      25 | 		await page.context().clearCookies();
    > 26 | 		await page.evaluate(() => localStorage.clear());
         | 		           ^
      27 |
      28 | 		await page.goto("/login");
      29 | 		await page.waitForLoadState("networkidle");
        at D:\neonpro\tools\testing\e2e\tests\healthcare\appointment-booking.spec.ts:26:14

    attachment #1: trace (application/zip) ─────────────────────────────────────────────────────────
    ..\..\..\..\e2e\test-results\healthcare-appointment-boo-a52a2-nt-with-proper-confirmation-webkit-desktop-retry1\trace.zip
    Usage:

        npx playwright show-trace ..\..\..\..\e2e\test-results\healthcare-appointment-boo-a52a2-nt-with-proper-confirmation-webkit-desktop-retry1\trace.zip

    ────────────────────────────────────────────────────────────────────────────────────────────────
]]>
</failure>
<system-out>
<![CDATA[
[[ATTACHMENT|..\test-results\healthcare-appointment-boo-a52a2-nt-with-proper-confirmation-webkit-desktop-retry1\trace.zip]]
]]>
</system-out>
</testcase>
<testcase name="[webkit-desktop] 📅 Appointment Booking - Critical E2E › 🏥 Healthcare-Specific Features › should support medical procedure scheduling" classname="healthcare\appointment-booking.spec.ts" time="0.434">
<failure message="appointment-booking.spec.ts:428:7 should support medical procedure scheduling" type="FAILURE">
<![CDATA[  [webkit-desktop] › healthcare\appointment-booking.spec.ts:428:7 › 📅 Appointment Booking - Critical E2E › 🏥 Healthcare-Specific Features › should support medical procedure scheduling 

    Error: page.evaluate: SecurityError: The operation is insecure.

      24 | 		// Clear state and login as healthcare professional
      25 | 		await page.context().clearCookies();
    > 26 | 		await page.evaluate(() => localStorage.clear());
         | 		           ^
      27 |
      28 | 		await page.goto("/login");
      29 | 		await page.waitForLoadState("networkidle");
        at D:\neonpro\tools\testing\e2e\tests\healthcare\appointment-booking.spec.ts:26:14

    Retry #1 ───────────────────────────────────────────────────────────────────────────────────────

    Error: page.evaluate: SecurityError: The operation is insecure.

      24 | 		// Clear state and login as healthcare professional
      25 | 		await page.context().clearCookies();
    > 26 | 		await page.evaluate(() => localStorage.clear());
         | 		           ^
      27 |
      28 | 		await page.goto("/login");
      29 | 		await page.waitForLoadState("networkidle");
        at D:\neonpro\tools\testing\e2e\tests\healthcare\appointment-booking.spec.ts:26:14

    attachment #1: trace (application/zip) ─────────────────────────────────────────────────────────
    ..\..\..\..\e2e\test-results\healthcare-appointment-boo-8d948-edical-procedure-scheduling-webkit-desktop-retry1\trace.zip
    Usage:

        npx playwright show-trace ..\..\..\..\e2e\test-results\healthcare-appointment-boo-8d948-edical-procedure-scheduling-webkit-desktop-retry1\trace.zip

    ────────────────────────────────────────────────────────────────────────────────────────────────
]]>
</failure>
<system-out>
<![CDATA[
[[ATTACHMENT|..\test-results\healthcare-appointment-boo-8d948-edical-procedure-scheduling-webkit-desktop-retry1\trace.zip]]
]]>
</system-out>
</testcase>
<testcase name="[webkit-desktop] 📅 Appointment Booking - Critical E2E › 🏥 Healthcare-Specific Features › should handle emergency appointment scheduling" classname="healthcare\appointment-booking.spec.ts" time="0.396">
<failure message="appointment-booking.spec.ts:460:7 should handle emergency appointment scheduling" type="FAILURE">
<![CDATA[  [webkit-desktop] › healthcare\appointment-booking.spec.ts:460:7 › 📅 Appointment Booking - Critical E2E › 🏥 Healthcare-Specific Features › should handle emergency appointment scheduling 

    Error: page.evaluate: SecurityError: The operation is insecure.

      24 | 		// Clear state and login as healthcare professional
      25 | 		await page.context().clearCookies();
    > 26 | 		await page.evaluate(() => localStorage.clear());
         | 		           ^
      27 |
      28 | 		await page.goto("/login");
      29 | 		await page.waitForLoadState("networkidle");
        at D:\neonpro\tools\testing\e2e\tests\healthcare\appointment-booking.spec.ts:26:14

    Retry #1 ───────────────────────────────────────────────────────────────────────────────────────

    Error: page.evaluate: SecurityError: The operation is insecure.

      24 | 		// Clear state and login as healthcare professional
      25 | 		await page.context().clearCookies();
    > 26 | 		await page.evaluate(() => localStorage.clear());
         | 		           ^
      27 |
      28 | 		await page.goto("/login");
      29 | 		await page.waitForLoadState("networkidle");
        at D:\neonpro\tools\testing\e2e\tests\healthcare\appointment-booking.spec.ts:26:14

    attachment #1: trace (application/zip) ─────────────────────────────────────────────────────────
    ..\..\..\..\e2e\test-results\healthcare-appointment-boo-ad117-ency-appointment-scheduling-webkit-desktop-retry1\trace.zip
    Usage:

        npx playwright show-trace ..\..\..\..\e2e\test-results\healthcare-appointment-boo-ad117-ency-appointment-scheduling-webkit-desktop-retry1\trace.zip

    ────────────────────────────────────────────────────────────────────────────────────────────────
]]>
</failure>
<system-out>
<![CDATA[
[[ATTACHMENT|..\test-results\healthcare-appointment-boo-ad117-ency-appointment-scheduling-webkit-desktop-retry1\trace.zip]]
]]>
</system-out>
</testcase>
<testcase name="[webkit-desktop] 📅 Appointment Booking - Critical E2E › 🏥 Healthcare-Specific Features › should validate professional availability and credentials" classname="healthcare\appointment-booking.spec.ts" time="0.406">
<failure message="appointment-booking.spec.ts:485:7 should validate professional availability and credentials" type="FAILURE">
<![CDATA[  [webkit-desktop] › healthcare\appointment-booking.spec.ts:485:7 › 📅 Appointment Booking - Critical E2E › 🏥 Healthcare-Specific Features › should validate professional availability and credentials 

    Error: page.evaluate: SecurityError: The operation is insecure.

      24 | 		// Clear state and login as healthcare professional
      25 | 		await page.context().clearCookies();
    > 26 | 		await page.evaluate(() => localStorage.clear());
         | 		           ^
      27 |
      28 | 		await page.goto("/login");
      29 | 		await page.waitForLoadState("networkidle");
        at D:\neonpro\tools\testing\e2e\tests\healthcare\appointment-booking.spec.ts:26:14

    Retry #1 ───────────────────────────────────────────────────────────────────────────────────────

    Error: page.evaluate: SecurityError: The operation is insecure.

      24 | 		// Clear state and login as healthcare professional
      25 | 		await page.context().clearCookies();
    > 26 | 		await page.evaluate(() => localStorage.clear());
         | 		           ^
      27 |
      28 | 		await page.goto("/login");
      29 | 		await page.waitForLoadState("networkidle");
        at D:\neonpro\tools\testing\e2e\tests\healthcare\appointment-booking.spec.ts:26:14

    attachment #1: trace (application/zip) ─────────────────────────────────────────────────────────
    ..\..\..\..\e2e\test-results\healthcare-appointment-boo-39933-vailability-and-credentials-webkit-desktop-retry1\trace.zip
    Usage:

        npx playwright show-trace ..\..\..\..\e2e\test-results\healthcare-appointment-boo-39933-vailability-and-credentials-webkit-desktop-retry1\trace.zip

    ────────────────────────────────────────────────────────────────────────────────────────────────
]]>
</failure>
<system-out>
<![CDATA[
[[ATTACHMENT|..\test-results\healthcare-appointment-boo-39933-vailability-and-credentials-webkit-desktop-retry1\trace.zip]]
]]>
</system-out>
</testcase>
<testcase name="[webkit-desktop] 📅 Appointment Booking - Critical E2E › 📱 Patient Notifications &amp; Communication › should send appointment confirmation notifications" classname="healthcare\appointment-booking.spec.ts" time="0.367">
<failure message="appointment-booking.spec.ts:518:7 should send appointment confirmation notifications" type="FAILURE">
<![CDATA[  [webkit-desktop] › healthcare\appointment-booking.spec.ts:518:7 › 📅 Appointment Booking - Critical E2E › 📱 Patient Notifications & Communication › should send appointment confirmation notifications 

    Error: page.evaluate: SecurityError: The operation is insecure.

      24 | 		// Clear state and login as healthcare professional
      25 | 		await page.context().clearCookies();
    > 26 | 		await page.evaluate(() => localStorage.clear());
         | 		           ^
      27 |
      28 | 		await page.goto("/login");
      29 | 		await page.waitForLoadState("networkidle");
        at D:\neonpro\tools\testing\e2e\tests\healthcare\appointment-booking.spec.ts:26:14

    Retry #1 ───────────────────────────────────────────────────────────────────────────────────────

    Error: page.evaluate: SecurityError: The operation is insecure.

      24 | 		// Clear state and login as healthcare professional
      25 | 		await page.context().clearCookies();
    > 26 | 		await page.evaluate(() => localStorage.clear());
         | 		           ^
      27 |
      28 | 		await page.goto("/login");
      29 | 		await page.waitForLoadState("networkidle");
        at D:\neonpro\tools\testing\e2e\tests\healthcare\appointment-booking.spec.ts:26:14

    attachment #1: trace (application/zip) ─────────────────────────────────────────────────────────
    ..\..\..\..\e2e\test-results\healthcare-appointment-boo-1baf1--confirmation-notifications-webkit-desktop-retry1\trace.zip
    Usage:

        npx playwright show-trace ..\..\..\..\e2e\test-results\healthcare-appointment-boo-1baf1--confirmation-notifications-webkit-desktop-retry1\trace.zip

    ────────────────────────────────────────────────────────────────────────────────────────────────
]]>
</failure>
<system-out>
<![CDATA[
[[ATTACHMENT|..\test-results\healthcare-appointment-boo-1baf1--confirmation-notifications-webkit-desktop-retry1\trace.zip]]
]]>
</system-out>
</testcase>
<testcase name="[webkit-desktop] 📅 Appointment Booking - Critical E2E › 📱 Patient Notifications &amp; Communication › should handle appointment reminders configuration" classname="healthcare\appointment-booking.spec.ts" time="0.396">
<failure message="appointment-booking.spec.ts:552:7 should handle appointment reminders configuration" type="FAILURE">
<![CDATA[  [webkit-desktop] › healthcare\appointment-booking.spec.ts:552:7 › 📅 Appointment Booking - Critical E2E › 📱 Patient Notifications & Communication › should handle appointment reminders configuration 

    Error: page.evaluate: SecurityError: The operation is insecure.

      24 | 		// Clear state and login as healthcare professional
      25 | 		await page.context().clearCookies();
    > 26 | 		await page.evaluate(() => localStorage.clear());
         | 		           ^
      27 |
      28 | 		await page.goto("/login");
      29 | 		await page.waitForLoadState("networkidle");
        at D:\neonpro\tools\testing\e2e\tests\healthcare\appointment-booking.spec.ts:26:14

    Retry #1 ───────────────────────────────────────────────────────────────────────────────────────

    Error: page.evaluate: SecurityError: The operation is insecure.

      24 | 		// Clear state and login as healthcare professional
      25 | 		await page.context().clearCookies();
    > 26 | 		await page.evaluate(() => localStorage.clear());
         | 		           ^
      27 |
      28 | 		await page.goto("/login");
      29 | 		await page.waitForLoadState("networkidle");
        at D:\neonpro\tools\testing\e2e\tests\healthcare\appointment-booking.spec.ts:26:14

    attachment #1: trace (application/zip) ─────────────────────────────────────────────────────────
    ..\..\..\..\e2e\test-results\healthcare-appointment-boo-605b1-ent-reminders-configuration-webkit-desktop-retry1\trace.zip
    Usage:

        npx playwright show-trace ..\..\..\..\e2e\test-results\healthcare-appointment-boo-605b1-ent-reminders-configuration-webkit-desktop-retry1\trace.zip

    ────────────────────────────────────────────────────────────────────────────────────────────────
]]>
</failure>
<system-out>
<![CDATA[
[[ATTACHMENT|..\test-results\healthcare-appointment-boo-605b1-ent-reminders-configuration-webkit-desktop-retry1\trace.zip]]
]]>
</system-out>
</testcase>
<testcase name="[webkit-desktop] 📅 Appointment Booking - Critical E2E › 📊 Reporting &amp; Analytics › should display appointment statistics for healthcare professionals" classname="healthcare\appointment-booking.spec.ts" time="0.396">
<failure message="appointment-booking.spec.ts:578:7 should display appointment statistics for healthcare professionals" type="FAILURE">
<![CDATA[  [webkit-desktop] › healthcare\appointment-booking.spec.ts:578:7 › 📅 Appointment Booking - Critical E2E › 📊 Reporting & Analytics › should display appointment statistics for healthcare professionals 

    Error: page.evaluate: SecurityError: The operation is insecure.

      24 | 		// Clear state and login as healthcare professional
      25 | 		await page.context().clearCookies();
    > 26 | 		await page.evaluate(() => localStorage.clear());
         | 		           ^
      27 |
      28 | 		await page.goto("/login");
      29 | 		await page.waitForLoadState("networkidle");
        at D:\neonpro\tools\testing\e2e\tests\healthcare\appointment-booking.spec.ts:26:14

    Retry #1 ───────────────────────────────────────────────────────────────────────────────────────

    Error: page.evaluate: SecurityError: The operation is insecure.

      24 | 		// Clear state and login as healthcare professional
      25 | 		await page.context().clearCookies();
    > 26 | 		await page.evaluate(() => localStorage.clear());
         | 		           ^
      27 |
      28 | 		await page.goto("/login");
      29 | 		await page.waitForLoadState("networkidle");
        at D:\neonpro\tools\testing\e2e\tests\healthcare\appointment-booking.spec.ts:26:14

    attachment #1: trace (application/zip) ─────────────────────────────────────────────────────────
    ..\..\..\..\e2e\test-results\healthcare-appointment-boo-43ea0-or-healthcare-professionals-webkit-desktop-retry1\trace.zip
    Usage:

        npx playwright show-trace ..\..\..\..\e2e\test-results\healthcare-appointment-boo-43ea0-or-healthcare-professionals-webkit-desktop-retry1\trace.zip

    ────────────────────────────────────────────────────────────────────────────────────────────────
]]>
</failure>
<system-out>
<![CDATA[
[[ATTACHMENT|..\test-results\healthcare-appointment-boo-43ea0-or-healthcare-professionals-webkit-desktop-retry1\trace.zip]]
]]>
</system-out>
</testcase>
<testcase name="[webkit-desktop] 📅 Appointment Booking - Critical E2E › ♿ Accessibility &amp; Performance › should be accessible for users with disabilities" classname="healthcare\appointment-booking.spec.ts" time="0.428">
<failure message="appointment-booking.spec.ts:612:7 should be accessible for users with disabilities" type="FAILURE">
<![CDATA[  [webkit-desktop] › healthcare\appointment-booking.spec.ts:612:7 › 📅 Appointment Booking - Critical E2E › ♿ Accessibility & Performance › should be accessible for users with disabilities 

    Error: page.evaluate: SecurityError: The operation is insecure.

      24 | 		// Clear state and login as healthcare professional
      25 | 		await page.context().clearCookies();
    > 26 | 		await page.evaluate(() => localStorage.clear());
         | 		           ^
      27 |
      28 | 		await page.goto("/login");
      29 | 		await page.waitForLoadState("networkidle");
        at D:\neonpro\tools\testing\e2e\tests\healthcare\appointment-booking.spec.ts:26:14

    Retry #1 ───────────────────────────────────────────────────────────────────────────────────────

    Error: page.evaluate: SecurityError: The operation is insecure.

      24 | 		// Clear state and login as healthcare professional
      25 | 		await page.context().clearCookies();
    > 26 | 		await page.evaluate(() => localStorage.clear());
         | 		           ^
      27 |
      28 | 		await page.goto("/login");
      29 | 		await page.waitForLoadState("networkidle");
        at D:\neonpro\tools\testing\e2e\tests\healthcare\appointment-booking.spec.ts:26:14

    attachment #1: trace (application/zip) ─────────────────────────────────────────────────────────
    ..\..\..\..\e2e\test-results\healthcare-appointment-boo-4fdbb-for-users-with-disabilities-webkit-desktop-retry1\trace.zip
    Usage:

        npx playwright show-trace ..\..\..\..\e2e\test-results\healthcare-appointment-boo-4fdbb-for-users-with-disabilities-webkit-desktop-retry1\trace.zip

    ────────────────────────────────────────────────────────────────────────────────────────────────
]]>
</failure>
<system-out>
<![CDATA[
[[ATTACHMENT|..\test-results\healthcare-appointment-boo-4fdbb-for-users-with-disabilities-webkit-desktop-retry1\trace.zip]]
]]>
</system-out>
</testcase>
<testcase name="[webkit-desktop] 📅 Appointment Booking - Critical E2E › ♿ Accessibility &amp; Performance › should load appointment calendar within performance budget" classname="healthcare\appointment-booking.spec.ts" time="0.349">
<failure message="appointment-booking.spec.ts:632:7 should load appointment calendar within performance budget" type="FAILURE">
<![CDATA[  [webkit-desktop] › healthcare\appointment-booking.spec.ts:632:7 › 📅 Appointment Booking - Critical E2E › ♿ Accessibility & Performance › should load appointment calendar within performance budget 

    Error: page.evaluate: SecurityError: The operation is insecure.

      24 | 		// Clear state and login as healthcare professional
      25 | 		await page.context().clearCookies();
    > 26 | 		await page.evaluate(() => localStorage.clear());
         | 		           ^
      27 |
      28 | 		await page.goto("/login");
      29 | 		await page.waitForLoadState("networkidle");
        at D:\neonpro\tools\testing\e2e\tests\healthcare\appointment-booking.spec.ts:26:14

    Retry #1 ───────────────────────────────────────────────────────────────────────────────────────

    Error: page.evaluate: SecurityError: The operation is insecure.

      24 | 		// Clear state and login as healthcare professional
      25 | 		await page.context().clearCookies();
    > 26 | 		await page.evaluate(() => localStorage.clear());
         | 		           ^
      27 |
      28 | 		await page.goto("/login");
      29 | 		await page.waitForLoadState("networkidle");
        at D:\neonpro\tools\testing\e2e\tests\healthcare\appointment-booking.spec.ts:26:14

    attachment #1: trace (application/zip) ─────────────────────────────────────────────────────────
    ..\..\..\..\e2e\test-results\healthcare-appointment-boo-9aaaf-r-within-performance-budget-webkit-desktop-retry1\trace.zip
    Usage:

        npx playwright show-trace ..\..\..\..\e2e\test-results\healthcare-appointment-boo-9aaaf-r-within-performance-budget-webkit-desktop-retry1\trace.zip

    ────────────────────────────────────────────────────────────────────────────────────────────────
]]>
</failure>
<system-out>
<![CDATA[
[[ATTACHMENT|..\test-results\healthcare-appointment-boo-9aaaf-r-within-performance-budget-webkit-desktop-retry1\trace.zip]]
]]>
</system-out>
</testcase>
</testsuite>
<testsuite name="healthcare\basic-healthcare.spec.ts" timestamp="2025-08-23T06:21:35.562Z" hostname="webkit-desktop" tests="2" failures="0" skipped="0" time="4.611" errors="0">
<testcase name="[webkit-desktop] Healthcare Platform Basic Tests › should load homepage" classname="healthcare\basic-healthcare.spec.ts" time="0.836">
</testcase>
<testcase name="[webkit-desktop] Healthcare Platform Basic Tests › should have working form elements" classname="healthcare\basic-healthcare.spec.ts" time="3.775">
</testcase>
</testsuite>
<testsuite name="healthcare\compliance-workflows.spec.ts" timestamp="2025-08-23T06:21:35.562Z" hostname="webkit-desktop" tests="6" failures="6" skipped="0" time="2.167" errors="0">
<testcase name="[webkit-desktop] 🏥 Healthcare Compliance Workflows › LGPD Compliance: Data consent management" classname="healthcare\compliance-workflows.spec.ts" time="0.37">
<failure message="compliance-workflows.spec.ts:9:6 LGPD Compliance: Data consent management" type="FAILURE">
<![CDATA[  [webkit-desktop] › healthcare\compliance-workflows.spec.ts:9:6 › 🏥 Healthcare Compliance Workflows › LGPD Compliance: Data consent management 

    Error: page.goto: Protocol error (Playwright.navigate): Cannot navigate to invalid URL
    Call log:
      - navigating to "/", waiting until "load"


      3 | test.describe("🏥 Healthcare Compliance Workflows", () => {
      4 | 	test.beforeEach(async ({ page }) => {
    > 5 | 		await page.goto("/");
        | 		           ^
      6 | 		await page.waitForLoadState("networkidle");
      7 | 	});
      8 |
        at D:\neonpro\tools\testing\e2e\tests\healthcare\compliance-workflows.spec.ts:5:14

    Retry #1 ───────────────────────────────────────────────────────────────────────────────────────

    Error: page.goto: Protocol error (Playwright.navigate): Cannot navigate to invalid URL
    Call log:
      - navigating to "/", waiting until "load"


      3 | test.describe("🏥 Healthcare Compliance Workflows", () => {
      4 | 	test.beforeEach(async ({ page }) => {
    > 5 | 		await page.goto("/");
        | 		           ^
      6 | 		await page.waitForLoadState("networkidle");
      7 | 	});
      8 |
        at D:\neonpro\tools\testing\e2e\tests\healthcare\compliance-workflows.spec.ts:5:14

    attachment #1: trace (application/zip) ─────────────────────────────────────────────────────────
    ..\..\..\..\e2e\test-results\healthcare-compliance-work-cd090-nce-Data-consent-management-webkit-desktop-retry1\trace.zip
    Usage:

        npx playwright show-trace ..\..\..\..\e2e\test-results\healthcare-compliance-work-cd090-nce-Data-consent-management-webkit-desktop-retry1\trace.zip

    ────────────────────────────────────────────────────────────────────────────────────────────────
]]>
</failure>
<system-out>
<![CDATA[
[[ATTACHMENT|..\test-results\healthcare-compliance-work-cd090-nce-Data-consent-management-webkit-desktop-retry1\trace.zip]]
]]>
</system-out>
</testcase>
<testcase name="[webkit-desktop] 🏥 Healthcare Compliance Workflows › ANVISA Compliance: Professional registration validation" classname="healthcare\compliance-workflows.spec.ts" time="0.314">
<failure message="compliance-workflows.spec.ts:40:6 ANVISA Compliance: Professional registration validation" type="FAILURE">
<![CDATA[  [webkit-desktop] › healthcare\compliance-workflows.spec.ts:40:6 › 🏥 Healthcare Compliance Workflows › ANVISA Compliance: Professional registration validation 

    Error: page.goto: Protocol error (Playwright.navigate): Cannot navigate to invalid URL
    Call log:
      - navigating to "/", waiting until "load"


      3 | test.describe("🏥 Healthcare Compliance Workflows", () => {
      4 | 	test.beforeEach(async ({ page }) => {
    > 5 | 		await page.goto("/");
        | 		           ^
      6 | 		await page.waitForLoadState("networkidle");
      7 | 	});
      8 |
        at D:\neonpro\tools\testing\e2e\tests\healthcare\compliance-workflows.spec.ts:5:14

    Retry #1 ───────────────────────────────────────────────────────────────────────────────────────

    Error: page.goto: Protocol error (Playwright.navigate): Cannot navigate to invalid URL
    Call log:
      - navigating to "/", waiting until "load"


      3 | test.describe("🏥 Healthcare Compliance Workflows", () => {
      4 | 	test.beforeEach(async ({ page }) => {
    > 5 | 		await page.goto("/");
        | 		           ^
      6 | 		await page.waitForLoadState("networkidle");
      7 | 	});
      8 |
        at D:\neonpro\tools\testing\e2e\tests\healthcare\compliance-workflows.spec.ts:5:14

    attachment #1: trace (application/zip) ─────────────────────────────────────────────────────────
    ..\..\..\..\e2e\test-results\healthcare-compliance-work-0ef0b-nal-registration-validation-webkit-desktop-retry1\trace.zip
    Usage:

        npx playwright show-trace ..\..\..\..\e2e\test-results\healthcare-compliance-work-0ef0b-nal-registration-validation-webkit-desktop-retry1\trace.zip

    ────────────────────────────────────────────────────────────────────────────────────────────────
]]>
</failure>
<system-out>
<![CDATA[
[[ATTACHMENT|..\test-results\healthcare-compliance-work-0ef0b-nal-registration-validation-webkit-desktop-retry1\trace.zip]]
]]>
</system-out>
</testcase>
<testcase name="[webkit-desktop] 🏥 Healthcare Compliance Workflows › CFM Compliance: Medical procedure documentation" classname="healthcare\compliance-workflows.spec.ts" time="0.34">
<failure message="compliance-workflows.spec.ts:79:6 CFM Compliance: Medical procedure documentation" type="FAILURE">
<![CDATA[  [webkit-desktop] › healthcare\compliance-workflows.spec.ts:79:6 › 🏥 Healthcare Compliance Workflows › CFM Compliance: Medical procedure documentation 

    Error: page.goto: Protocol error (Playwright.navigate): Cannot navigate to invalid URL
    Call log:
      - navigating to "/", waiting until "load"


      3 | test.describe("🏥 Healthcare Compliance Workflows", () => {
      4 | 	test.beforeEach(async ({ page }) => {
    > 5 | 		await page.goto("/");
        | 		           ^
      6 | 		await page.waitForLoadState("networkidle");
      7 | 	});
      8 |
        at D:\neonpro\tools\testing\e2e\tests\healthcare\compliance-workflows.spec.ts:5:14

    Retry #1 ───────────────────────────────────────────────────────────────────────────────────────

    Error: page.goto: Protocol error (Playwright.navigate): Cannot navigate to invalid URL
    Call log:
      - navigating to "/", waiting until "load"


      3 | test.describe("🏥 Healthcare Compliance Workflows", () => {
      4 | 	test.beforeEach(async ({ page }) => {
    > 5 | 		await page.goto("/");
        | 		           ^
      6 | 		await page.waitForLoadState("networkidle");
      7 | 	});
      8 |
        at D:\neonpro\tools\testing\e2e\tests\healthcare\compliance-workflows.spec.ts:5:14

    attachment #1: trace (application/zip) ─────────────────────────────────────────────────────────
    ..\..\..\..\e2e\test-results\healthcare-compliance-work-c36ed-cal-procedure-documentation-webkit-desktop-retry1\trace.zip
    Usage:

        npx playwright show-trace ..\..\..\..\e2e\test-results\healthcare-compliance-work-c36ed-cal-procedure-documentation-webkit-desktop-retry1\trace.zip

    ────────────────────────────────────────────────────────────────────────────────────────────────
]]>
</failure>
<system-out>
<![CDATA[
[[ATTACHMENT|..\test-results\healthcare-compliance-work-c36ed-cal-procedure-documentation-webkit-desktop-retry1\trace.zip]]
]]>
</system-out>
</testcase>
<testcase name="[webkit-desktop] 🏥 Healthcare Compliance Workflows › Data Security: Patient data access controls" classname="healthcare\compliance-workflows.spec.ts" time="0.402">
<failure message="compliance-workflows.spec.ts:122:6 Data Security: Patient data access controls" type="FAILURE">
<![CDATA[  [webkit-desktop] › healthcare\compliance-workflows.spec.ts:122:6 › 🏥 Healthcare Compliance Workflows › Data Security: Patient data access controls 

    Error: page.goto: Protocol error (Playwright.navigate): Cannot navigate to invalid URL
    Call log:
      - navigating to "/", waiting until "load"


      3 | test.describe("🏥 Healthcare Compliance Workflows", () => {
      4 | 	test.beforeEach(async ({ page }) => {
    > 5 | 		await page.goto("/");
        | 		           ^
      6 | 		await page.waitForLoadState("networkidle");
      7 | 	});
      8 |
        at D:\neonpro\tools\testing\e2e\tests\healthcare\compliance-workflows.spec.ts:5:14

    Retry #1 ───────────────────────────────────────────────────────────────────────────────────────

    Error: page.goto: Protocol error (Playwright.navigate): Cannot navigate to invalid URL
    Call log:
      - navigating to "/", waiting until "load"


      3 | test.describe("🏥 Healthcare Compliance Workflows", () => {
      4 | 	test.beforeEach(async ({ page }) => {
    > 5 | 		await page.goto("/");
        | 		           ^
      6 | 		await page.waitForLoadState("networkidle");
      7 | 	});
      8 |
        at D:\neonpro\tools\testing\e2e\tests\healthcare\compliance-workflows.spec.ts:5:14

    attachment #1: trace (application/zip) ─────────────────────────────────────────────────────────
    ..\..\..\..\e2e\test-results\healthcare-compliance-work-0ac67-atient-data-access-controls-webkit-desktop-retry1\trace.zip
    Usage:

        npx playwright show-trace ..\..\..\..\e2e\test-results\healthcare-compliance-work-0ac67-atient-data-access-controls-webkit-desktop-retry1\trace.zip

    ────────────────────────────────────────────────────────────────────────────────────────────────
]]>
</failure>
<system-out>
<![CDATA[
[[ATTACHMENT|..\test-results\healthcare-compliance-work-0ac67-atient-data-access-controls-webkit-desktop-retry1\trace.zip]]
]]>
</system-out>
</testcase>
<testcase name="[webkit-desktop] 🏥 Healthcare Compliance Workflows › Emergency Access: Override procedures" classname="healthcare\compliance-workflows.spec.ts" time="0.391">
<failure message="compliance-workflows.spec.ts:151:6 Emergency Access: Override procedures" type="FAILURE">
<![CDATA[  [webkit-desktop] › healthcare\compliance-workflows.spec.ts:151:6 › 🏥 Healthcare Compliance Workflows › Emergency Access: Override procedures 

    Error: page.goto: Protocol error (Playwright.navigate): Cannot navigate to invalid URL
    Call log:
      - navigating to "/", waiting until "load"


      3 | test.describe("🏥 Healthcare Compliance Workflows", () => {
      4 | 	test.beforeEach(async ({ page }) => {
    > 5 | 		await page.goto("/");
        | 		           ^
      6 | 		await page.waitForLoadState("networkidle");
      7 | 	});
      8 |
        at D:\neonpro\tools\testing\e2e\tests\healthcare\compliance-workflows.spec.ts:5:14

    Retry #1 ───────────────────────────────────────────────────────────────────────────────────────

    Error: page.goto: Protocol error (Playwright.navigate): Cannot navigate to invalid URL
    Call log:
      - navigating to "/", waiting until "load"


      3 | test.describe("🏥 Healthcare Compliance Workflows", () => {
      4 | 	test.beforeEach(async ({ page }) => {
    > 5 | 		await page.goto("/");
        | 		           ^
      6 | 		await page.waitForLoadState("networkidle");
      7 | 	});
      8 |
        at D:\neonpro\tools\testing\e2e\tests\healthcare\compliance-workflows.spec.ts:5:14

    attachment #1: trace (application/zip) ─────────────────────────────────────────────────────────
    ..\..\..\..\e2e\test-results\healthcare-compliance-work-44806--Access-Override-procedures-webkit-desktop-retry1\trace.zip
    Usage:

        npx playwright show-trace ..\..\..\..\e2e\test-results\healthcare-compliance-work-44806--Access-Override-procedures-webkit-desktop-retry1\trace.zip

    ────────────────────────────────────────────────────────────────────────────────────────────────
]]>
</failure>
<system-out>
<![CDATA[
[[ATTACHMENT|..\test-results\healthcare-compliance-work-44806--Access-Override-procedures-webkit-desktop-retry1\trace.zip]]
]]>
</system-out>
</testcase>
<testcase name="[webkit-desktop] 🏥 Healthcare Compliance Workflows › Appointment Workflow: Complete healthcare journey" classname="healthcare\compliance-workflows.spec.ts" time="0.35">
<failure message="compliance-workflows.spec.ts:190:6 Appointment Workflow: Complete healthcare journey" type="FAILURE">
<![CDATA[  [webkit-desktop] › healthcare\compliance-workflows.spec.ts:190:6 › 🏥 Healthcare Compliance Workflows › Appointment Workflow: Complete healthcare journey 

    Error: page.goto: Protocol error (Playwright.navigate): Cannot navigate to invalid URL
    Call log:
      - navigating to "/", waiting until "load"


      3 | test.describe("🏥 Healthcare Compliance Workflows", () => {
      4 | 	test.beforeEach(async ({ page }) => {
    > 5 | 		await page.goto("/");
        | 		           ^
      6 | 		await page.waitForLoadState("networkidle");
      7 | 	});
      8 |
        at D:\neonpro\tools\testing\e2e\tests\healthcare\compliance-workflows.spec.ts:5:14

    Retry #1 ───────────────────────────────────────────────────────────────────────────────────────

    Error: page.goto: Protocol error (Playwright.navigate): Cannot navigate to invalid URL
    Call log:
      - navigating to "/", waiting until "load"


      3 | test.describe("🏥 Healthcare Compliance Workflows", () => {
      4 | 	test.beforeEach(async ({ page }) => {
    > 5 | 		await page.goto("/");
        | 		           ^
      6 | 		await page.waitForLoadState("networkidle");
      7 | 	});
      8 |
        at D:\neonpro\tools\testing\e2e\tests\healthcare\compliance-workflows.spec.ts:5:14

    attachment #1: trace (application/zip) ─────────────────────────────────────────────────────────
    ..\..\..\..\e2e\test-results\healthcare-compliance-work-9dd27-Complete-healthcare-journey-webkit-desktop-retry1\trace.zip
    Usage:

        npx playwright show-trace ..\..\..\..\e2e\test-results\healthcare-compliance-work-9dd27-Complete-healthcare-journey-webkit-desktop-retry1\trace.zip

    ────────────────────────────────────────────────────────────────────────────────────────────────
]]>
</failure>
<system-out>
<![CDATA[
[[ATTACHMENT|..\test-results\healthcare-compliance-work-9dd27-Complete-healthcare-journey-webkit-desktop-retry1\trace.zip]]
]]>
</system-out>
</testcase>
</testsuite>
<testsuite name="healthcare\emergency-access.spec.ts" timestamp="2025-08-23T06:21:35.562Z" hostname="webkit-desktop" tests="20" failures="20" skipped="0" time="8.909" errors="0">
<testcase name="[webkit-desktop] 🚨 Emergency Access - Critical E2E › ⚡ Emergency Login (&lt;10s) › should complete emergency login within 10 seconds" classname="healthcare\emergency-access.spec.ts" time="0.423">
<failure message="emergency-access.spec.ts:24:7 should complete emergency login within 10 seconds" type="FAILURE">
<![CDATA[  [webkit-desktop] › healthcare\emergency-access.spec.ts:24:7 › 🚨 Emergency Access - Critical E2E › ⚡ Emergency Login (<10s) › should complete emergency login within 10 seconds 

    Error: page.evaluate: SecurityError: The operation is insecure.

      16 | 		// Clear any existing sessions for emergency testing
      17 | 		await page.context().clearCookies();
    > 18 | 		await page.evaluate(() => localStorage.clear());
         | 		           ^
      19 | 		await page.goto("/");
      20 | 		await page.waitForLoadState("networkidle");
      21 | 	});
        at D:\neonpro\tools\testing\e2e\tests\healthcare\emergency-access.spec.ts:18:14

    Retry #1 ───────────────────────────────────────────────────────────────────────────────────────

    Error: page.evaluate: SecurityError: The operation is insecure.

      16 | 		// Clear any existing sessions for emergency testing
      17 | 		await page.context().clearCookies();
    > 18 | 		await page.evaluate(() => localStorage.clear());
         | 		           ^
      19 | 		await page.goto("/");
      20 | 		await page.waitForLoadState("networkidle");
      21 | 	});
        at D:\neonpro\tools\testing\e2e\tests\healthcare\emergency-access.spec.ts:18:14

    attachment #1: trace (application/zip) ─────────────────────────────────────────────────────────
    ..\..\..\..\e2e\test-results\healthcare-emergency-acces-72149-ncy-login-within-10-seconds-webkit-desktop-retry1\trace.zip
    Usage:

        npx playwright show-trace ..\..\..\..\e2e\test-results\healthcare-emergency-acces-72149-ncy-login-within-10-seconds-webkit-desktop-retry1\trace.zip

    ────────────────────────────────────────────────────────────────────────────────────────────────
]]>
</failure>
<system-out>
<![CDATA[
[[ATTACHMENT|..\test-results\healthcare-emergency-acces-72149-ncy-login-within-10-seconds-webkit-desktop-retry1\trace.zip]]
]]>
</system-out>
</testcase>
<testcase name="[webkit-desktop] 🚨 Emergency Access - Critical E2E › ⚡ Emergency Login (&lt;10s) › should handle life-threatening emergency access bypass" classname="healthcare\emergency-access.spec.ts" time="0.477">
<failure message="emergency-access.spec.ts:78:7 should handle life-threatening emergency access bypass" type="FAILURE">
<![CDATA[  [webkit-desktop] › healthcare\emergency-access.spec.ts:78:7 › 🚨 Emergency Access - Critical E2E › ⚡ Emergency Login (<10s) › should handle life-threatening emergency access bypass 

    Error: page.evaluate: SecurityError: The operation is insecure.

      16 | 		// Clear any existing sessions for emergency testing
      17 | 		await page.context().clearCookies();
    > 18 | 		await page.evaluate(() => localStorage.clear());
         | 		           ^
      19 | 		await page.goto("/");
      20 | 		await page.waitForLoadState("networkidle");
      21 | 	});
        at D:\neonpro\tools\testing\e2e\tests\healthcare\emergency-access.spec.ts:18:14

    Retry #1 ───────────────────────────────────────────────────────────────────────────────────────

    Error: page.evaluate: SecurityError: The operation is insecure.

      16 | 		// Clear any existing sessions for emergency testing
      17 | 		await page.context().clearCookies();
    > 18 | 		await page.evaluate(() => localStorage.clear());
         | 		           ^
      19 | 		await page.goto("/");
      20 | 		await page.waitForLoadState("networkidle");
      21 | 	});
        at D:\neonpro\tools\testing\e2e\tests\healthcare\emergency-access.spec.ts:18:14

    attachment #1: trace (application/zip) ─────────────────────────────────────────────────────────
    ..\..\..\..\e2e\test-results\healthcare-emergency-acces-44e14-ing-emergency-access-bypass-webkit-desktop-retry1\trace.zip
    Usage:

        npx playwright show-trace ..\..\..\..\e2e\test-results\healthcare-emergency-acces-44e14-ing-emergency-access-bypass-webkit-desktop-retry1\trace.zip

    ────────────────────────────────────────────────────────────────────────────────────────────────
]]>
</failure>
<system-out>
<![CDATA[
[[ATTACHMENT|..\test-results\healthcare-emergency-acces-44e14-ing-emergency-access-bypass-webkit-desktop-retry1\trace.zip]]
]]>
</system-out>
</testcase>
<testcase name="[webkit-desktop] 🚨 Emergency Access - Critical E2E › ⚡ Emergency Login (&lt;10s) › should bypass normal authentication restrictions in emergency mode" classname="healthcare\emergency-access.spec.ts" time="0.443">
<failure message="emergency-access.spec.ts:132:7 should bypass normal authentication restrictions in emergency mode" type="FAILURE">
<![CDATA[  [webkit-desktop] › healthcare\emergency-access.spec.ts:132:7 › 🚨 Emergency Access - Critical E2E › ⚡ Emergency Login (<10s) › should bypass normal authentication restrictions in emergency mode 

    Error: page.evaluate: SecurityError: The operation is insecure.

      16 | 		// Clear any existing sessions for emergency testing
      17 | 		await page.context().clearCookies();
    > 18 | 		await page.evaluate(() => localStorage.clear());
         | 		           ^
      19 | 		await page.goto("/");
      20 | 		await page.waitForLoadState("networkidle");
      21 | 	});
        at D:\neonpro\tools\testing\e2e\tests\healthcare\emergency-access.spec.ts:18:14

    Retry #1 ───────────────────────────────────────────────────────────────────────────────────────

    Error: page.evaluate: SecurityError: The operation is insecure.

      16 | 		// Clear any existing sessions for emergency testing
      17 | 		await page.context().clearCookies();
    > 18 | 		await page.evaluate(() => localStorage.clear());
         | 		           ^
      19 | 		await page.goto("/");
      20 | 		await page.waitForLoadState("networkidle");
      21 | 	});
        at D:\neonpro\tools\testing\e2e\tests\healthcare\emergency-access.spec.ts:18:14

    attachment #1: trace (application/zip) ─────────────────────────────────────────────────────────
    ..\..\..\..\e2e\test-results\healthcare-emergency-acces-38287-trictions-in-emergency-mode-webkit-desktop-retry1\trace.zip
    Usage:

        npx playwright show-trace ..\..\..\..\e2e\test-results\healthcare-emergency-acces-38287-trictions-in-emergency-mode-webkit-desktop-retry1\trace.zip

    ────────────────────────────────────────────────────────────────────────────────────────────────
]]>
</failure>
<system-out>
<![CDATA[
[[ATTACHMENT|..\test-results\healthcare-emergency-acces-38287-trictions-in-emergency-mode-webkit-desktop-retry1\trace.zip]]
]]>
</system-out>
</testcase>
<testcase name="[webkit-desktop] 🚨 Emergency Access - Critical E2E › ⚡ Emergency Login (&lt;10s) › should validate emergency credentials and prevent abuse" classname="healthcare\emergency-access.spec.ts" time="0.423">
<failure message="emergency-access.spec.ts:167:7 should validate emergency credentials and prevent abuse" type="FAILURE">
<![CDATA[  [webkit-desktop] › healthcare\emergency-access.spec.ts:167:7 › 🚨 Emergency Access - Critical E2E › ⚡ Emergency Login (<10s) › should validate emergency credentials and prevent abuse 

    Error: page.evaluate: SecurityError: The operation is insecure.

      16 | 		// Clear any existing sessions for emergency testing
      17 | 		await page.context().clearCookies();
    > 18 | 		await page.evaluate(() => localStorage.clear());
         | 		           ^
      19 | 		await page.goto("/");
      20 | 		await page.waitForLoadState("networkidle");
      21 | 	});
        at D:\neonpro\tools\testing\e2e\tests\healthcare\emergency-access.spec.ts:18:14

    Retry #1 ───────────────────────────────────────────────────────────────────────────────────────

    Error: page.evaluate: SecurityError: The operation is insecure.

      16 | 		// Clear any existing sessions for emergency testing
      17 | 		await page.context().clearCookies();
    > 18 | 		await page.evaluate(() => localStorage.clear());
         | 		           ^
      19 | 		await page.goto("/");
      20 | 		await page.waitForLoadState("networkidle");
      21 | 	});
        at D:\neonpro\tools\testing\e2e\tests\healthcare\emergency-access.spec.ts:18:14

    attachment #1: trace (application/zip) ─────────────────────────────────────────────────────────
    ..\..\..\..\e2e\test-results\healthcare-emergency-acces-c7987-edentials-and-prevent-abuse-webkit-desktop-retry1\trace.zip
    Usage:

        npx playwright show-trace ..\..\..\..\e2e\test-results\healthcare-emergency-acces-c7987-edentials-and-prevent-abuse-webkit-desktop-retry1\trace.zip

    ────────────────────────────────────────────────────────────────────────────────────────────────
]]>
</failure>
<system-out>
<![CDATA[
[[ATTACHMENT|..\test-results\healthcare-emergency-acces-c7987-edentials-and-prevent-abuse-webkit-desktop-retry1\trace.zip]]
]]>
</system-out>
</testcase>
<testcase name="[webkit-desktop] 🚨 Emergency Access - Critical E2E › 🔍 Critical Data Access › should provide immediate access to critical patient data" classname="healthcare\emergency-access.spec.ts" time="0.437">
<failure message="emergency-access.spec.ts:205:7 should provide immediate access to critical patient data" type="FAILURE">
<![CDATA[  [webkit-desktop] › healthcare\emergency-access.spec.ts:205:7 › 🚨 Emergency Access - Critical E2E › 🔍 Critical Data Access › should provide immediate access to critical patient data 

    Error: page.evaluate: SecurityError: The operation is insecure.

      16 | 		// Clear any existing sessions for emergency testing
      17 | 		await page.context().clearCookies();
    > 18 | 		await page.evaluate(() => localStorage.clear());
         | 		           ^
      19 | 		await page.goto("/");
      20 | 		await page.waitForLoadState("networkidle");
      21 | 	});
        at D:\neonpro\tools\testing\e2e\tests\healthcare\emergency-access.spec.ts:18:14

    Retry #1 ───────────────────────────────────────────────────────────────────────────────────────

    Error: page.evaluate: SecurityError: The operation is insecure.

      16 | 		// Clear any existing sessions for emergency testing
      17 | 		await page.context().clearCookies();
    > 18 | 		await page.evaluate(() => localStorage.clear());
         | 		           ^
      19 | 		await page.goto("/");
      20 | 		await page.waitForLoadState("networkidle");
      21 | 	});
        at D:\neonpro\tools\testing\e2e\tests\healthcare\emergency-access.spec.ts:18:14

    attachment #1: trace (application/zip) ─────────────────────────────────────────────────────────
    ..\..\..\..\e2e\test-results\healthcare-emergency-acces-9472f-ss-to-critical-patient-data-webkit-desktop-retry1\trace.zip
    Usage:

        npx playwright show-trace ..\..\..\..\e2e\test-results\healthcare-emergency-acces-9472f-ss-to-critical-patient-data-webkit-desktop-retry1\trace.zip

    ────────────────────────────────────────────────────────────────────────────────────────────────
]]>
</failure>
<system-out>
<![CDATA[
[[ATTACHMENT|..\test-results\healthcare-emergency-acces-9472f-ss-to-critical-patient-data-webkit-desktop-retry1\trace.zip]]
]]>
</system-out>
</testcase>
<testcase name="[webkit-desktop] 🚨 Emergency Access - Critical E2E › 🔍 Critical Data Access › should provide rapid patient data access in emergency mode" classname="healthcare\emergency-access.spec.ts" time="0.43">
<failure message="emergency-access.spec.ts:260:7 should provide rapid patient data access in emergency mode" type="FAILURE">
<![CDATA[  [webkit-desktop] › healthcare\emergency-access.spec.ts:260:7 › 🚨 Emergency Access - Critical E2E › 🔍 Critical Data Access › should provide rapid patient data access in emergency mode 

    Error: page.evaluate: SecurityError: The operation is insecure.

      16 | 		// Clear any existing sessions for emergency testing
      17 | 		await page.context().clearCookies();
    > 18 | 		await page.evaluate(() => localStorage.clear());
         | 		           ^
      19 | 		await page.goto("/");
      20 | 		await page.waitForLoadState("networkidle");
      21 | 	});
        at D:\neonpro\tools\testing\e2e\tests\healthcare\emergency-access.spec.ts:18:14

    Retry #1 ───────────────────────────────────────────────────────────────────────────────────────

    Error: page.evaluate: SecurityError: The operation is insecure.

      16 | 		// Clear any existing sessions for emergency testing
      17 | 		await page.context().clearCookies();
    > 18 | 		await page.evaluate(() => localStorage.clear());
         | 		           ^
      19 | 		await page.goto("/");
      20 | 		await page.waitForLoadState("networkidle");
      21 | 	});
        at D:\neonpro\tools\testing\e2e\tests\healthcare\emergency-access.spec.ts:18:14

    attachment #1: trace (application/zip) ─────────────────────────────────────────────────────────
    ..\..\..\..\e2e\test-results\healthcare-emergency-acces-270b8-ta-access-in-emergency-mode-webkit-desktop-retry1\trace.zip
    Usage:

        npx playwright show-trace ..\..\..\..\e2e\test-results\healthcare-emergency-acces-270b8-ta-access-in-emergency-mode-webkit-desktop-retry1\trace.zip

    ────────────────────────────────────────────────────────────────────────────────────────────────
]]>
</failure>
<system-out>
<![CDATA[
[[ATTACHMENT|..\test-results\healthcare-emergency-acces-270b8-ta-access-in-emergency-mode-webkit-desktop-retry1\trace.zip]]
]]>
</system-out>
</testcase>
<testcase name="[webkit-desktop] 🚨 Emergency Access - Critical E2E › 🔍 Critical Data Access › should display patient allergies and contraindications prominently" classname="healthcare\emergency-access.spec.ts" time="0.446">
<failure message="emergency-access.spec.ts:326:7 should display patient allergies and contraindications prominently" type="FAILURE">
<![CDATA[  [webkit-desktop] › healthcare\emergency-access.spec.ts:326:7 › 🚨 Emergency Access - Critical E2E › 🔍 Critical Data Access › should display patient allergies and contraindications prominently 

    Error: page.evaluate: SecurityError: The operation is insecure.

      16 | 		// Clear any existing sessions for emergency testing
      17 | 		await page.context().clearCookies();
    > 18 | 		await page.evaluate(() => localStorage.clear());
         | 		           ^
      19 | 		await page.goto("/");
      20 | 		await page.waitForLoadState("networkidle");
      21 | 	});
        at D:\neonpro\tools\testing\e2e\tests\healthcare\emergency-access.spec.ts:18:14

    Retry #1 ───────────────────────────────────────────────────────────────────────────────────────

    Error: page.evaluate: SecurityError: The operation is insecure.

      16 | 		// Clear any existing sessions for emergency testing
      17 | 		await page.context().clearCookies();
    > 18 | 		await page.evaluate(() => localStorage.clear());
         | 		           ^
      19 | 		await page.goto("/");
      20 | 		await page.waitForLoadState("networkidle");
      21 | 	});
        at D:\neonpro\tools\testing\e2e\tests\healthcare\emergency-access.spec.ts:18:14

    attachment #1: trace (application/zip) ─────────────────────────────────────────────────────────
    ..\..\..\..\e2e\test-results\healthcare-emergency-acces-cd67f-ntraindications-prominently-webkit-desktop-retry1\trace.zip
    Usage:

        npx playwright show-trace ..\..\..\..\e2e\test-results\healthcare-emergency-acces-cd67f-ntraindications-prominently-webkit-desktop-retry1\trace.zip

    ────────────────────────────────────────────────────────────────────────────────────────────────
]]>
</failure>
<system-out>
<![CDATA[
[[ATTACHMENT|..\test-results\healthcare-emergency-acces-cd67f-ntraindications-prominently-webkit-desktop-retry1\trace.zip]]
]]>
</system-out>
</testcase>
<testcase name="[webkit-desktop] 🚨 Emergency Access - Critical E2E › 🔍 Critical Data Access › should show current medications and dosages" classname="healthcare\emergency-access.spec.ts" time="0.433">
<failure message="emergency-access.spec.ts:372:7 should show current medications and dosages" type="FAILURE">
<![CDATA[  [webkit-desktop] › healthcare\emergency-access.spec.ts:372:7 › 🚨 Emergency Access - Critical E2E › 🔍 Critical Data Access › should show current medications and dosages 

    Error: page.evaluate: SecurityError: The operation is insecure.

      16 | 		// Clear any existing sessions for emergency testing
      17 | 		await page.context().clearCookies();
    > 18 | 		await page.evaluate(() => localStorage.clear());
         | 		           ^
      19 | 		await page.goto("/");
      20 | 		await page.waitForLoadState("networkidle");
      21 | 	});
        at D:\neonpro\tools\testing\e2e\tests\healthcare\emergency-access.spec.ts:18:14

    Retry #1 ───────────────────────────────────────────────────────────────────────────────────────

    Error: page.evaluate: SecurityError: The operation is insecure.

      16 | 		// Clear any existing sessions for emergency testing
      17 | 		await page.context().clearCookies();
    > 18 | 		await page.evaluate(() => localStorage.clear());
         | 		           ^
      19 | 		await page.goto("/");
      20 | 		await page.waitForLoadState("networkidle");
      21 | 	});
        at D:\neonpro\tools\testing\e2e\tests\healthcare\emergency-access.spec.ts:18:14

    attachment #1: trace (application/zip) ─────────────────────────────────────────────────────────
    ..\..\..\..\e2e\test-results\healthcare-emergency-acces-9b4b6-ent-medications-and-dosages-webkit-desktop-retry1\trace.zip
    Usage:

        npx playwright show-trace ..\..\..\..\e2e\test-results\healthcare-emergency-acces-9b4b6-ent-medications-and-dosages-webkit-desktop-retry1\trace.zip

    ────────────────────────────────────────────────────────────────────────────────────────────────
]]>
</failure>
<system-out>
<![CDATA[
[[ATTACHMENT|..\test-results\healthcare-emergency-acces-9b4b6-ent-medications-and-dosages-webkit-desktop-retry1\trace.zip]]
]]>
</system-out>
</testcase>
<testcase name="[webkit-desktop] 🚨 Emergency Access - Critical E2E › 💊 Emergency Prescription Authorization › should handle emergency prescription authorization" classname="healthcare\emergency-access.spec.ts" time="0.42">
<failure message="emergency-access.spec.ts:423:7 should handle emergency prescription authorization" type="FAILURE">
<![CDATA[  [webkit-desktop] › healthcare\emergency-access.spec.ts:423:7 › 🚨 Emergency Access - Critical E2E › 💊 Emergency Prescription Authorization › should handle emergency prescription authorization 

    Error: page.evaluate: SecurityError: The operation is insecure.

      16 | 		// Clear any existing sessions for emergency testing
      17 | 		await page.context().clearCookies();
    > 18 | 		await page.evaluate(() => localStorage.clear());
         | 		           ^
      19 | 		await page.goto("/");
      20 | 		await page.waitForLoadState("networkidle");
      21 | 	});
        at D:\neonpro\tools\testing\e2e\tests\healthcare\emergency-access.spec.ts:18:14

    Retry #1 ───────────────────────────────────────────────────────────────────────────────────────

    Error: page.evaluate: SecurityError: The operation is insecure.

      16 | 		// Clear any existing sessions for emergency testing
      17 | 		await page.context().clearCookies();
    > 18 | 		await page.evaluate(() => localStorage.clear());
         | 		           ^
      19 | 		await page.goto("/");
      20 | 		await page.waitForLoadState("networkidle");
      21 | 	});
        at D:\neonpro\tools\testing\e2e\tests\healthcare\emergency-access.spec.ts:18:14

    attachment #1: trace (application/zip) ─────────────────────────────────────────────────────────
    ..\..\..\..\e2e\test-results\healthcare-emergency-acces-41ffb--prescription-authorization-webkit-desktop-retry1\trace.zip
    Usage:

        npx playwright show-trace ..\..\..\..\e2e\test-results\healthcare-emergency-acces-41ffb--prescription-authorization-webkit-desktop-retry1\trace.zip

    ────────────────────────────────────────────────────────────────────────────────────────────────
]]>
</failure>
<system-out>
<![CDATA[
[[ATTACHMENT|..\test-results\healthcare-emergency-acces-41ffb--prescription-authorization-webkit-desktop-retry1\trace.zip]]
]]>
</system-out>
</testcase>
<testcase name="[webkit-desktop] 🚨 Emergency Access - Critical E2E › 📋 Audit Trail Logging › should log all emergency access events" classname="healthcare\emergency-access.spec.ts" time="0.416">
<failure message="emergency-access.spec.ts:507:7 should log all emergency access events" type="FAILURE">
<![CDATA[  [webkit-desktop] › healthcare\emergency-access.spec.ts:507:7 › 🚨 Emergency Access - Critical E2E › 📋 Audit Trail Logging › should log all emergency access events 

    Error: page.evaluate: SecurityError: The operation is insecure.

      16 | 		// Clear any existing sessions for emergency testing
      17 | 		await page.context().clearCookies();
    > 18 | 		await page.evaluate(() => localStorage.clear());
         | 		           ^
      19 | 		await page.goto("/");
      20 | 		await page.waitForLoadState("networkidle");
      21 | 	});
        at D:\neonpro\tools\testing\e2e\tests\healthcare\emergency-access.spec.ts:18:14

    Retry #1 ───────────────────────────────────────────────────────────────────────────────────────

    Error: page.evaluate: SecurityError: The operation is insecure.

      16 | 		// Clear any existing sessions for emergency testing
      17 | 		await page.context().clearCookies();
    > 18 | 		await page.evaluate(() => localStorage.clear());
         | 		           ^
      19 | 		await page.goto("/");
      20 | 		await page.waitForLoadState("networkidle");
      21 | 	});
        at D:\neonpro\tools\testing\e2e\tests\healthcare\emergency-access.spec.ts:18:14

    attachment #1: trace (application/zip) ─────────────────────────────────────────────────────────
    ..\..\..\..\e2e\test-results\healthcare-emergency-acces-3940c-all-emergency-access-events-webkit-desktop-retry1\trace.zip
    Usage:

        npx playwright show-trace ..\..\..\..\e2e\test-results\healthcare-emergency-acces-3940c-all-emergency-access-events-webkit-desktop-retry1\trace.zip

    ────────────────────────────────────────────────────────────────────────────────────────────────
]]>
</failure>
<system-out>
<![CDATA[
[[ATTACHMENT|..\test-results\healthcare-emergency-acces-3940c-all-emergency-access-events-webkit-desktop-retry1\trace.zip]]
]]>
</system-out>
</testcase>
<testcase name="[webkit-desktop] 🚨 Emergency Access - Critical E2E › 📋 Audit Trail Logging › should require justification for emergency access" classname="healthcare\emergency-access.spec.ts" time="0.452">
<failure message="emergency-access.spec.ts:546:7 should require justification for emergency access" type="FAILURE">
<![CDATA[  [webkit-desktop] › healthcare\emergency-access.spec.ts:546:7 › 🚨 Emergency Access - Critical E2E › 📋 Audit Trail Logging › should require justification for emergency access 

    Error: page.evaluate: SecurityError: The operation is insecure.

      16 | 		// Clear any existing sessions for emergency testing
      17 | 		await page.context().clearCookies();
    > 18 | 		await page.evaluate(() => localStorage.clear());
         | 		           ^
      19 | 		await page.goto("/");
      20 | 		await page.waitForLoadState("networkidle");
      21 | 	});
        at D:\neonpro\tools\testing\e2e\tests\healthcare\emergency-access.spec.ts:18:14

    Retry #1 ───────────────────────────────────────────────────────────────────────────────────────

    Error: page.evaluate: SecurityError: The operation is insecure.

      16 | 		// Clear any existing sessions for emergency testing
      17 | 		await page.context().clearCookies();
    > 18 | 		await page.evaluate(() => localStorage.clear());
         | 		           ^
      19 | 		await page.goto("/");
      20 | 		await page.waitForLoadState("networkidle");
      21 | 	});
        at D:\neonpro\tools\testing\e2e\tests\healthcare\emergency-access.spec.ts:18:14

    attachment #1: trace (application/zip) ─────────────────────────────────────────────────────────
    ..\..\..\..\e2e\test-results\healthcare-emergency-acces-a376c-cation-for-emergency-access-webkit-desktop-retry1\trace.zip
    Usage:

        npx playwright show-trace ..\..\..\..\e2e\test-results\healthcare-emergency-acces-a376c-cation-for-emergency-access-webkit-desktop-retry1\trace.zip

    ────────────────────────────────────────────────────────────────────────────────────────────────
]]>
</failure>
<system-out>
<![CDATA[
[[ATTACHMENT|..\test-results\healthcare-emergency-acces-a376c-cation-for-emergency-access-webkit-desktop-retry1\trace.zip]]
]]>
</system-out>
</testcase>
<testcase name="[webkit-desktop] 🚨 Emergency Access - Critical E2E › 📋 Audit Trail Logging › should generate comprehensive emergency audit logs" classname="healthcare\emergency-access.spec.ts" time="0.452">
<failure message="emergency-access.spec.ts:599:7 should generate comprehensive emergency audit logs" type="FAILURE">
<![CDATA[  [webkit-desktop] › healthcare\emergency-access.spec.ts:599:7 › 🚨 Emergency Access - Critical E2E › 📋 Audit Trail Logging › should generate comprehensive emergency audit logs 

    Error: page.evaluate: SecurityError: The operation is insecure.

      16 | 		// Clear any existing sessions for emergency testing
      17 | 		await page.context().clearCookies();
    > 18 | 		await page.evaluate(() => localStorage.clear());
         | 		           ^
      19 | 		await page.goto("/");
      20 | 		await page.waitForLoadState("networkidle");
      21 | 	});
        at D:\neonpro\tools\testing\e2e\tests\healthcare\emergency-access.spec.ts:18:14

    Retry #1 ───────────────────────────────────────────────────────────────────────────────────────

    Error: page.evaluate: SecurityError: The operation is insecure.

      16 | 		// Clear any existing sessions for emergency testing
      17 | 		await page.context().clearCookies();
    > 18 | 		await page.evaluate(() => localStorage.clear());
         | 		           ^
      19 | 		await page.goto("/");
      20 | 		await page.waitForLoadState("networkidle");
      21 | 	});
        at D:\neonpro\tools\testing\e2e\tests\healthcare\emergency-access.spec.ts:18:14

    attachment #1: trace (application/zip) ─────────────────────────────────────────────────────────
    ..\..\..\..\e2e\test-results\healthcare-emergency-acces-206f2-ensive-emergency-audit-logs-webkit-desktop-retry1\trace.zip
    Usage:

        npx playwright show-trace ..\..\..\..\e2e\test-results\healthcare-emergency-acces-206f2-ensive-emergency-audit-logs-webkit-desktop-retry1\trace.zip

    ────────────────────────────────────────────────────────────────────────────────────────────────
]]>
</failure>
<system-out>
<![CDATA[
[[ATTACHMENT|..\test-results\healthcare-emergency-acces-206f2-ensive-emergency-audit-logs-webkit-desktop-retry1\trace.zip]]
]]>
</system-out>
</testcase>
<testcase name="[webkit-desktop] 🚨 Emergency Access - Critical E2E › 📋 Audit Trail Logging › should maintain audit integrity and prevent tampering" classname="healthcare\emergency-access.spec.ts" time="0.431">
<failure message="emergency-access.spec.ts:676:7 should maintain audit integrity and prevent tampering" type="FAILURE">
<![CDATA[  [webkit-desktop] › healthcare\emergency-access.spec.ts:676:7 › 🚨 Emergency Access - Critical E2E › 📋 Audit Trail Logging › should maintain audit integrity and prevent tampering 

    Error: page.evaluate: SecurityError: The operation is insecure.

      16 | 		// Clear any existing sessions for emergency testing
      17 | 		await page.context().clearCookies();
    > 18 | 		await page.evaluate(() => localStorage.clear());
         | 		           ^
      19 | 		await page.goto("/");
      20 | 		await page.waitForLoadState("networkidle");
      21 | 	});
        at D:\neonpro\tools\testing\e2e\tests\healthcare\emergency-access.spec.ts:18:14

    Retry #1 ───────────────────────────────────────────────────────────────────────────────────────

    Error: page.evaluate: SecurityError: The operation is insecure.

      16 | 		// Clear any existing sessions for emergency testing
      17 | 		await page.context().clearCookies();
    > 18 | 		await page.evaluate(() => localStorage.clear());
         | 		           ^
      19 | 		await page.goto("/");
      20 | 		await page.waitForLoadState("networkidle");
      21 | 	});
        at D:\neonpro\tools\testing\e2e\tests\healthcare\emergency-access.spec.ts:18:14

    attachment #1: trace (application/zip) ─────────────────────────────────────────────────────────
    ..\..\..\..\e2e\test-results\healthcare-emergency-acces-659e0-grity-and-prevent-tampering-webkit-desktop-retry1\trace.zip
    Usage:

        npx playwright show-trace ..\..\..\..\e2e\test-results\healthcare-emergency-acces-659e0-grity-and-prevent-tampering-webkit-desktop-retry1\trace.zip

    ────────────────────────────────────────────────────────────────────────────────────────────────
]]>
</failure>
<system-out>
<![CDATA[
[[ATTACHMENT|..\test-results\healthcare-emergency-acces-659e0-grity-and-prevent-tampering-webkit-desktop-retry1\trace.zip]]
]]>
</system-out>
</testcase>
<testcase name="[webkit-desktop] 🚨 Emergency Access - Critical E2E › ⏱️ Performance &amp; Reliability › should handle concurrent emergency access requests" classname="healthcare\emergency-access.spec.ts" time="0.433">
<failure message="emergency-access.spec.ts:738:7 should handle concurrent emergency access requests" type="FAILURE">
<![CDATA[  [webkit-desktop] › healthcare\emergency-access.spec.ts:738:7 › 🚨 Emergency Access - Critical E2E › ⏱️ Performance & Reliability › should handle concurrent emergency access requests 

    Error: page.evaluate: SecurityError: The operation is insecure.

      16 | 		// Clear any existing sessions for emergency testing
      17 | 		await page.context().clearCookies();
    > 18 | 		await page.evaluate(() => localStorage.clear());
         | 		           ^
      19 | 		await page.goto("/");
      20 | 		await page.waitForLoadState("networkidle");
      21 | 	});
        at D:\neonpro\tools\testing\e2e\tests\healthcare\emergency-access.spec.ts:18:14

    Retry #1 ───────────────────────────────────────────────────────────────────────────────────────

    Error: page.evaluate: SecurityError: The operation is insecure.

      16 | 		// Clear any existing sessions for emergency testing
      17 | 		await page.context().clearCookies();
    > 18 | 		await page.evaluate(() => localStorage.clear());
         | 		           ^
      19 | 		await page.goto("/");
      20 | 		await page.waitForLoadState("networkidle");
      21 | 	});
        at D:\neonpro\tools\testing\e2e\tests\healthcare\emergency-access.spec.ts:18:14

    attachment #1: trace (application/zip) ─────────────────────────────────────────────────────────
    ..\..\..\..\e2e\test-results\healthcare-emergency-acces-4f0c2-t-emergency-access-requests-webkit-desktop-retry1\trace.zip
    Usage:

        npx playwright show-trace ..\..\..\..\e2e\test-results\healthcare-emergency-acces-4f0c2-t-emergency-access-requests-webkit-desktop-retry1\trace.zip

    ────────────────────────────────────────────────────────────────────────────────────────────────
]]>
</failure>
<system-out>
<![CDATA[
[[ATTACHMENT|..\test-results\healthcare-emergency-acces-4f0c2-t-emergency-access-requests-webkit-desktop-retry1\trace.zip]]
]]>
</system-out>
</testcase>
<testcase name="[webkit-desktop] 🚨 Emergency Access - Critical E2E › ⏱️ Performance &amp; Reliability › should maintain performance under emergency conditions" classname="healthcare\emergency-access.spec.ts" time="0.463">
<failure message="emergency-access.spec.ts:788:7 should maintain performance under emergency conditions" type="FAILURE">
<![CDATA[  [webkit-desktop] › healthcare\emergency-access.spec.ts:788:7 › 🚨 Emergency Access - Critical E2E › ⏱️ Performance & Reliability › should maintain performance under emergency conditions 

    Error: page.evaluate: SecurityError: The operation is insecure.

      16 | 		// Clear any existing sessions for emergency testing
      17 | 		await page.context().clearCookies();
    > 18 | 		await page.evaluate(() => localStorage.clear());
         | 		           ^
      19 | 		await page.goto("/");
      20 | 		await page.waitForLoadState("networkidle");
      21 | 	});
        at D:\neonpro\tools\testing\e2e\tests\healthcare\emergency-access.spec.ts:18:14

    Retry #1 ───────────────────────────────────────────────────────────────────────────────────────

    Error: page.evaluate: SecurityError: The operation is insecure.

      16 | 		// Clear any existing sessions for emergency testing
      17 | 		await page.context().clearCookies();
    > 18 | 		await page.evaluate(() => localStorage.clear());
         | 		           ^
      19 | 		await page.goto("/");
      20 | 		await page.waitForLoadState("networkidle");
      21 | 	});
        at D:\neonpro\tools\testing\e2e\tests\healthcare\emergency-access.spec.ts:18:14

    attachment #1: trace (application/zip) ─────────────────────────────────────────────────────────
    ..\..\..\..\e2e\test-results\healthcare-emergency-acces-4c374--under-emergency-conditions-webkit-desktop-retry1\trace.zip
    Usage:

        npx playwright show-trace ..\..\..\..\e2e\test-results\healthcare-emergency-acces-4c374--under-emergency-conditions-webkit-desktop-retry1\trace.zip

    ────────────────────────────────────────────────────────────────────────────────────────────────
]]>
</failure>
<system-out>
<![CDATA[
[[ATTACHMENT|..\test-results\healthcare-emergency-acces-4c374--under-emergency-conditions-webkit-desktop-retry1\trace.zip]]
]]>
</system-out>
</testcase>
<testcase name="[webkit-desktop] 🚨 Emergency Access - Critical E2E › ⏱️ Performance &amp; Reliability › should handle system failures gracefully in emergency mode" classname="healthcare\emergency-access.spec.ts" time="0.442">
<failure message="emergency-access.spec.ts:851:7 should handle system failures gracefully in emergency mode" type="FAILURE">
<![CDATA[  [webkit-desktop] › healthcare\emergency-access.spec.ts:851:7 › 🚨 Emergency Access - Critical E2E › ⏱️ Performance & Reliability › should handle system failures gracefully in emergency mode 

    Error: page.evaluate: SecurityError: The operation is insecure.

      16 | 		// Clear any existing sessions for emergency testing
      17 | 		await page.context().clearCookies();
    > 18 | 		await page.evaluate(() => localStorage.clear());
         | 		           ^
      19 | 		await page.goto("/");
      20 | 		await page.waitForLoadState("networkidle");
      21 | 	});
        at D:\neonpro\tools\testing\e2e\tests\healthcare\emergency-access.spec.ts:18:14

    Retry #1 ───────────────────────────────────────────────────────────────────────────────────────

    Error: page.evaluate: SecurityError: The operation is insecure.

      16 | 		// Clear any existing sessions for emergency testing
      17 | 		await page.context().clearCookies();
    > 18 | 		await page.evaluate(() => localStorage.clear());
         | 		           ^
      19 | 		await page.goto("/");
      20 | 		await page.waitForLoadState("networkidle");
      21 | 	});
        at D:\neonpro\tools\testing\e2e\tests\healthcare\emergency-access.spec.ts:18:14

    attachment #1: trace (application/zip) ─────────────────────────────────────────────────────────
    ..\..\..\..\e2e\test-results\healthcare-emergency-acces-9e0cc-racefully-in-emergency-mode-webkit-desktop-retry1\trace.zip
    Usage:

        npx playwright show-trace ..\..\..\..\e2e\test-results\healthcare-emergency-acces-9e0cc-racefully-in-emergency-mode-webkit-desktop-retry1\trace.zip

    ────────────────────────────────────────────────────────────────────────────────────────────────
]]>
</failure>
<system-out>
<![CDATA[
[[ATTACHMENT|..\test-results\healthcare-emergency-acces-9e0cc-racefully-in-emergency-mode-webkit-desktop-retry1\trace.zip]]
]]>
</system-out>
</testcase>
<testcase name="[webkit-desktop] 🚨 Emergency Access - Critical E2E › 🔒 Security &amp; Compliance › should enforce emergency access time limits" classname="healthcare\emergency-access.spec.ts" time="0.501">
<failure message="emergency-access.spec.ts:906:7 should enforce emergency access time limits" type="FAILURE">
<![CDATA[  [webkit-desktop] › healthcare\emergency-access.spec.ts:906:7 › 🚨 Emergency Access - Critical E2E › 🔒 Security & Compliance › should enforce emergency access time limits 

    Error: page.evaluate: SecurityError: The operation is insecure.

      16 | 		// Clear any existing sessions for emergency testing
      17 | 		await page.context().clearCookies();
    > 18 | 		await page.evaluate(() => localStorage.clear());
         | 		           ^
      19 | 		await page.goto("/");
      20 | 		await page.waitForLoadState("networkidle");
      21 | 	});
        at D:\neonpro\tools\testing\e2e\tests\healthcare\emergency-access.spec.ts:18:14

    Retry #1 ───────────────────────────────────────────────────────────────────────────────────────

    Error: page.evaluate: SecurityError: The operation is insecure.

      16 | 		// Clear any existing sessions for emergency testing
      17 | 		await page.context().clearCookies();
    > 18 | 		await page.evaluate(() => localStorage.clear());
         | 		           ^
      19 | 		await page.goto("/");
      20 | 		await page.waitForLoadState("networkidle");
      21 | 	});
        at D:\neonpro\tools\testing\e2e\tests\healthcare\emergency-access.spec.ts:18:14

    attachment #1: trace (application/zip) ─────────────────────────────────────────────────────────
    ..\..\..\..\e2e\test-results\healthcare-emergency-acces-f46c7-mergency-access-time-limits-webkit-desktop-retry1\trace.zip
    Usage:

        npx playwright show-trace ..\..\..\..\e2e\test-results\healthcare-emergency-acces-f46c7-mergency-access-time-limits-webkit-desktop-retry1\trace.zip

    ────────────────────────────────────────────────────────────────────────────────────────────────
]]>
</failure>
<system-out>
<![CDATA[
[[ATTACHMENT|..\test-results\healthcare-emergency-acces-f46c7-mergency-access-time-limits-webkit-desktop-retry1\trace.zip]]
]]>
</system-out>
</testcase>
<testcase name="[webkit-desktop] 🚨 Emergency Access - Critical E2E › 🔒 Security &amp; Compliance › should enforce emergency session time limits and auto-logout" classname="healthcare\emergency-access.spec.ts" time="0.466">
<failure message="emergency-access.spec.ts:937:7 should enforce emergency session time limits and auto-logout" type="FAILURE">
<![CDATA[  [webkit-desktop] › healthcare\emergency-access.spec.ts:937:7 › 🚨 Emergency Access - Critical E2E › 🔒 Security & Compliance › should enforce emergency session time limits and auto-logout 

    Error: page.evaluate: SecurityError: The operation is insecure.

      16 | 		// Clear any existing sessions for emergency testing
      17 | 		await page.context().clearCookies();
    > 18 | 		await page.evaluate(() => localStorage.clear());
         | 		           ^
      19 | 		await page.goto("/");
      20 | 		await page.waitForLoadState("networkidle");
      21 | 	});
        at D:\neonpro\tools\testing\e2e\tests\healthcare\emergency-access.spec.ts:18:14

    Retry #1 ───────────────────────────────────────────────────────────────────────────────────────

    Error: page.evaluate: SecurityError: The operation is insecure.

      16 | 		// Clear any existing sessions for emergency testing
      17 | 		await page.context().clearCookies();
    > 18 | 		await page.evaluate(() => localStorage.clear());
         | 		           ^
      19 | 		await page.goto("/");
      20 | 		await page.waitForLoadState("networkidle");
      21 | 	});
        at D:\neonpro\tools\testing\e2e\tests\healthcare\emergency-access.spec.ts:18:14

    attachment #1: trace (application/zip) ─────────────────────────────────────────────────────────
    ..\..\..\..\e2e\test-results\healthcare-emergency-acces-fb593-time-limits-and-auto-logout-webkit-desktop-retry1\trace.zip
    Usage:

        npx playwright show-trace ..\..\..\..\e2e\test-results\healthcare-emergency-acces-fb593-time-limits-and-auto-logout-webkit-desktop-retry1\trace.zip

    ────────────────────────────────────────────────────────────────────────────────────────────────
]]>
</failure>
<system-out>
<![CDATA[
[[ATTACHMENT|..\test-results\healthcare-emergency-acces-fb593-time-limits-and-auto-logout-webkit-desktop-retry1\trace.zip]]
]]>
</system-out>
</testcase>
<testcase name="[webkit-desktop] 🚨 Emergency Access - Critical E2E › 🔒 Security &amp; Compliance › should automatically log out after emergency session expires" classname="healthcare\emergency-access.spec.ts" time="0.461">
<failure message="emergency-access.spec.ts:996:7 should automatically log out after emergency session expires" type="FAILURE">
<![CDATA[  [webkit-desktop] › healthcare\emergency-access.spec.ts:996:7 › 🚨 Emergency Access - Critical E2E › 🔒 Security & Compliance › should automatically log out after emergency session expires 

    Error: page.evaluate: SecurityError: The operation is insecure.

      16 | 		// Clear any existing sessions for emergency testing
      17 | 		await page.context().clearCookies();
    > 18 | 		await page.evaluate(() => localStorage.clear());
         | 		           ^
      19 | 		await page.goto("/");
      20 | 		await page.waitForLoadState("networkidle");
      21 | 	});
        at D:\neonpro\tools\testing\e2e\tests\healthcare\emergency-access.spec.ts:18:14

    Retry #1 ───────────────────────────────────────────────────────────────────────────────────────

    Error: page.evaluate: SecurityError: The operation is insecure.

      16 | 		// Clear any existing sessions for emergency testing
      17 | 		await page.context().clearCookies();
    > 18 | 		await page.evaluate(() => localStorage.clear());
         | 		           ^
      19 | 		await page.goto("/");
      20 | 		await page.waitForLoadState("networkidle");
      21 | 	});
        at D:\neonpro\tools\testing\e2e\tests\healthcare\emergency-access.spec.ts:18:14

    attachment #1: trace (application/zip) ─────────────────────────────────────────────────────────
    ..\..\..\..\e2e\test-results\healthcare-emergency-acces-c3616-r-emergency-session-expires-webkit-desktop-retry1\trace.zip
    Usage:

        npx playwright show-trace ..\..\..\..\e2e\test-results\healthcare-emergency-acces-c3616-r-emergency-session-expires-webkit-desktop-retry1\trace.zip

    ────────────────────────────────────────────────────────────────────────────────────────────────
]]>
</failure>
<system-out>
<![CDATA[
[[ATTACHMENT|..\test-results\healthcare-emergency-acces-c3616-r-emergency-session-expires-webkit-desktop-retry1\trace.zip]]
]]>
</system-out>
</testcase>
<testcase name="[webkit-desktop] 🚨 Emergency Access - Critical E2E › 🔒 Security &amp; Compliance › should handle multiple concurrent emergency sessions" classname="healthcare\emergency-access.spec.ts" time="0.46">
<failure message="emergency-access.spec.ts:1039:7 should handle multiple concurrent emergency sessions" type="FAILURE">
<![CDATA[  [webkit-desktop] › healthcare\emergency-access.spec.ts:1039:7 › 🚨 Emergency Access - Critical E2E › 🔒 Security & Compliance › should handle multiple concurrent emergency sessions 

    Error: page.evaluate: SecurityError: The operation is insecure.

      16 | 		// Clear any existing sessions for emergency testing
      17 | 		await page.context().clearCookies();
    > 18 | 		await page.evaluate(() => localStorage.clear());
         | 		           ^
      19 | 		await page.goto("/");
      20 | 		await page.waitForLoadState("networkidle");
      21 | 	});
        at D:\neonpro\tools\testing\e2e\tests\healthcare\emergency-access.spec.ts:18:14

    Retry #1 ───────────────────────────────────────────────────────────────────────────────────────

    Error: page.evaluate: SecurityError: The operation is insecure.

      16 | 		// Clear any existing sessions for emergency testing
      17 | 		await page.context().clearCookies();
    > 18 | 		await page.evaluate(() => localStorage.clear());
         | 		           ^
      19 | 		await page.goto("/");
      20 | 		await page.waitForLoadState("networkidle");
      21 | 	});
        at D:\neonpro\tools\testing\e2e\tests\healthcare\emergency-access.spec.ts:18:14

    attachment #1: trace (application/zip) ─────────────────────────────────────────────────────────
    ..\..\..\..\e2e\test-results\healthcare-emergency-acces-acbe8-ncurrent-emergency-sessions-webkit-desktop-retry1\trace.zip
    Usage:

        npx playwright show-trace ..\..\..\..\e2e\test-results\healthcare-emergency-acces-acbe8-ncurrent-emergency-sessions-webkit-desktop-retry1\trace.zip

    ────────────────────────────────────────────────────────────────────────────────────────────────
]]>
</failure>
<system-out>
<![CDATA[
[[ATTACHMENT|..\test-results\healthcare-emergency-acces-acbe8-ncurrent-emergency-sessions-webkit-desktop-retry1\trace.zip]]
]]>
</system-out>
</testcase>
</testsuite>
<testsuite name="healthcare\patient-registration.spec.ts" timestamp="2025-08-23T06:21:35.562Z" hostname="webkit-desktop" tests="19" failures="19" skipped="0" time="7.643" errors="0">
<testcase name="[webkit-desktop] 👥 Patient Registration - Critical E2E › 📝 Complete Registration with CPF Validation › should complete full patient registration with valid data" classname="healthcare\patient-registration.spec.ts" time="0.394">
<failure message="patient-registration.spec.ts:26:7 should complete full patient registration with valid data" type="FAILURE">
<![CDATA[  [webkit-desktop] › healthcare\patient-registration.spec.ts:26:7 › 👥 Patient Registration - Critical E2E › 📝 Complete Registration with CPF Validation › should complete full patient registration with valid data 

    Error: page.goto: Protocol error (Playwright.navigate): Cannot navigate to invalid URL
    Call log:
      - navigating to "/login", waiting until "load"


       9 | 	test.beforeEach(async ({ page }) => {
      10 | 		// Login as healthcare staff with patient registration permissions
    > 11 | 		await page.goto("/login");
         | 		           ^
      12 | 		await page.fill(
      13 | 			'[data-testid="email"], input[type="email"]',
      14 | 			"recepcionista@neonpro.com.br",
        at D:\neonpro\tools\testing\e2e\tests\healthcare\patient-registration.spec.ts:11:14

    Retry #1 ───────────────────────────────────────────────────────────────────────────────────────

    Error: page.goto: Protocol error (Playwright.navigate): Cannot navigate to invalid URL
    Call log:
      - navigating to "/login", waiting until "load"


       9 | 	test.beforeEach(async ({ page }) => {
      10 | 		// Login as healthcare staff with patient registration permissions
    > 11 | 		await page.goto("/login");
         | 		           ^
      12 | 		await page.fill(
      13 | 			'[data-testid="email"], input[type="email"]',
      14 | 			"recepcionista@neonpro.com.br",
        at D:\neonpro\tools\testing\e2e\tests\healthcare\patient-registration.spec.ts:11:14

    attachment #1: trace (application/zip) ─────────────────────────────────────────────────────────
    ..\..\..\..\e2e\test-results\healthcare-patient-registr-66e1d-egistration-with-valid-data-webkit-desktop-retry1\trace.zip
    Usage:

        npx playwright show-trace ..\..\..\..\e2e\test-results\healthcare-patient-registr-66e1d-egistration-with-valid-data-webkit-desktop-retry1\trace.zip

    ────────────────────────────────────────────────────────────────────────────────────────────────
]]>
</failure>
<system-out>
<![CDATA[
[[ATTACHMENT|..\test-results\healthcare-patient-registr-66e1d-egistration-with-valid-data-webkit-desktop-retry1\trace.zip]]
]]>
</system-out>
</testcase>
<testcase name="[webkit-desktop] 👥 Patient Registration - Critical E2E › 📝 Complete Registration with CPF Validation › should validate CPF format and prevent invalid CPF registration" classname="healthcare\patient-registration.spec.ts" time="0.424">
<failure message="patient-registration.spec.ts:127:7 should validate CPF format and prevent invalid CPF registration" type="FAILURE">
<![CDATA[  [webkit-desktop] › healthcare\patient-registration.spec.ts:127:7 › 👥 Patient Registration - Critical E2E › 📝 Complete Registration with CPF Validation › should validate CPF format and prevent invalid CPF registration 

    Error: page.goto: Protocol error (Playwright.navigate): Cannot navigate to invalid URL
    Call log:
      - navigating to "/login", waiting until "load"


       9 | 	test.beforeEach(async ({ page }) => {
      10 | 		// Login as healthcare staff with patient registration permissions
    > 11 | 		await page.goto("/login");
         | 		           ^
      12 | 		await page.fill(
      13 | 			'[data-testid="email"], input[type="email"]',
      14 | 			"recepcionista@neonpro.com.br",
        at D:\neonpro\tools\testing\e2e\tests\healthcare\patient-registration.spec.ts:11:14

    Retry #1 ───────────────────────────────────────────────────────────────────────────────────────

    Error: page.goto: Protocol error (Playwright.navigate): Cannot navigate to invalid URL
    Call log:
      - navigating to "/login", waiting until "load"


       9 | 	test.beforeEach(async ({ page }) => {
      10 | 		// Login as healthcare staff with patient registration permissions
    > 11 | 		await page.goto("/login");
         | 		           ^
      12 | 		await page.fill(
      13 | 			'[data-testid="email"], input[type="email"]',
      14 | 			"recepcionista@neonpro.com.br",
        at D:\neonpro\tools\testing\e2e\tests\healthcare\patient-registration.spec.ts:11:14

    attachment #1: trace (application/zip) ─────────────────────────────────────────────────────────
    ..\..\..\..\e2e\test-results\healthcare-patient-registr-44fea-nt-invalid-CPF-registration-webkit-desktop-retry1\trace.zip
    Usage:

        npx playwright show-trace ..\..\..\..\e2e\test-results\healthcare-patient-registr-44fea-nt-invalid-CPF-registration-webkit-desktop-retry1\trace.zip

    ────────────────────────────────────────────────────────────────────────────────────────────────
]]>
</failure>
<system-out>
<![CDATA[
[[ATTACHMENT|..\test-results\healthcare-patient-registr-44fea-nt-invalid-CPF-registration-webkit-desktop-retry1\trace.zip]]
]]>
</system-out>
</testcase>
<testcase name="[webkit-desktop] 👥 Patient Registration - Critical E2E › 📝 Complete Registration with CPF Validation › should prevent duplicate CPF registration" classname="healthcare\patient-registration.spec.ts" time="0.445">
<failure message="patient-registration.spec.ts:163:7 should prevent duplicate CPF registration" type="FAILURE">
<![CDATA[  [webkit-desktop] › healthcare\patient-registration.spec.ts:163:7 › 👥 Patient Registration - Critical E2E › 📝 Complete Registration with CPF Validation › should prevent duplicate CPF registration 

    Error: page.goto: Protocol error (Playwright.navigate): Cannot navigate to invalid URL
    Call log:
      - navigating to "/login", waiting until "load"


       9 | 	test.beforeEach(async ({ page }) => {
      10 | 		// Login as healthcare staff with patient registration permissions
    > 11 | 		await page.goto("/login");
         | 		           ^
      12 | 		await page.fill(
      13 | 			'[data-testid="email"], input[type="email"]',
      14 | 			"recepcionista@neonpro.com.br",
        at D:\neonpro\tools\testing\e2e\tests\healthcare\patient-registration.spec.ts:11:14

    Retry #1 ───────────────────────────────────────────────────────────────────────────────────────

    Error: page.goto: Protocol error (Playwright.navigate): Cannot navigate to invalid URL
    Call log:
      - navigating to "/login", waiting until "load"


       9 | 	test.beforeEach(async ({ page }) => {
      10 | 		// Login as healthcare staff with patient registration permissions
    > 11 | 		await page.goto("/login");
         | 		           ^
      12 | 		await page.fill(
      13 | 			'[data-testid="email"], input[type="email"]',
      14 | 			"recepcionista@neonpro.com.br",
        at D:\neonpro\tools\testing\e2e\tests\healthcare\patient-registration.spec.ts:11:14

    attachment #1: trace (application/zip) ─────────────────────────────────────────────────────────
    ..\..\..\..\e2e\test-results\healthcare-patient-registr-7d325--duplicate-CPF-registration-webkit-desktop-retry1\trace.zip
    Usage:

        npx playwright show-trace ..\..\..\..\e2e\test-results\healthcare-patient-registr-7d325--duplicate-CPF-registration-webkit-desktop-retry1\trace.zip

    ────────────────────────────────────────────────────────────────────────────────────────────────
]]>
</failure>
<system-out>
<![CDATA[
[[ATTACHMENT|..\test-results\healthcare-patient-registr-7d325--duplicate-CPF-registration-webkit-desktop-retry1\trace.zip]]
]]>
</system-out>
</testcase>
<testcase name="[webkit-desktop] 👥 Patient Registration - Critical E2E › 📝 Complete Registration with CPF Validation › should validate required fields before proceeding" classname="healthcare\patient-registration.spec.ts" time="0.454">
<failure message="patient-registration.spec.ts:190:7 should validate required fields before proceeding" type="FAILURE">
<![CDATA[  [webkit-desktop] › healthcare\patient-registration.spec.ts:190:7 › 👥 Patient Registration - Critical E2E › 📝 Complete Registration with CPF Validation › should validate required fields before proceeding 

    Error: page.goto: Protocol error (Playwright.navigate): Cannot navigate to invalid URL
    Call log:
      - navigating to "/login", waiting until "load"


       9 | 	test.beforeEach(async ({ page }) => {
      10 | 		// Login as healthcare staff with patient registration permissions
    > 11 | 		await page.goto("/login");
         | 		           ^
      12 | 		await page.fill(
      13 | 			'[data-testid="email"], input[type="email"]',
      14 | 			"recepcionista@neonpro.com.br",
        at D:\neonpro\tools\testing\e2e\tests\healthcare\patient-registration.spec.ts:11:14

    Retry #1 ───────────────────────────────────────────────────────────────────────────────────────

    Error: page.goto: Protocol error (Playwright.navigate): Cannot navigate to invalid URL
    Call log:
      - navigating to "/login", waiting until "load"


       9 | 	test.beforeEach(async ({ page }) => {
      10 | 		// Login as healthcare staff with patient registration permissions
    > 11 | 		await page.goto("/login");
         | 		           ^
      12 | 		await page.fill(
      13 | 			'[data-testid="email"], input[type="email"]',
      14 | 			"recepcionista@neonpro.com.br",
        at D:\neonpro\tools\testing\e2e\tests\healthcare\patient-registration.spec.ts:11:14

    attachment #1: trace (application/zip) ─────────────────────────────────────────────────────────
    ..\..\..\..\e2e\test-results\healthcare-patient-registr-87884-ed-fields-before-proceeding-webkit-desktop-retry1\trace.zip
    Usage:

        npx playwright show-trace ..\..\..\..\e2e\test-results\healthcare-patient-registr-87884-ed-fields-before-proceeding-webkit-desktop-retry1\trace.zip

    ────────────────────────────────────────────────────────────────────────────────────────────────
]]>
</failure>
<system-out>
<![CDATA[
[[ATTACHMENT|..\test-results\healthcare-patient-registr-87884-ed-fields-before-proceeding-webkit-desktop-retry1\trace.zip]]
]]>
</system-out>
</testcase>
<testcase name="[webkit-desktop] 👥 Patient Registration - Critical E2E › 🔒 LGPD Consent Capture › should capture comprehensive LGPD consent with detailed explanations" classname="healthcare\patient-registration.spec.ts" time="0.366">
<failure message="patient-registration.spec.ts:222:7 should capture comprehensive LGPD consent with detailed explanations" type="FAILURE">
<![CDATA[  [webkit-desktop] › healthcare\patient-registration.spec.ts:222:7 › 👥 Patient Registration - Critical E2E › 🔒 LGPD Consent Capture › should capture comprehensive LGPD consent with detailed explanations 

    Error: page.goto: Protocol error (Playwright.navigate): Cannot navigate to invalid URL
    Call log:
      - navigating to "/login", waiting until "load"


       9 | 	test.beforeEach(async ({ page }) => {
      10 | 		// Login as healthcare staff with patient registration permissions
    > 11 | 		await page.goto("/login");
         | 		           ^
      12 | 		await page.fill(
      13 | 			'[data-testid="email"], input[type="email"]',
      14 | 			"recepcionista@neonpro.com.br",
        at D:\neonpro\tools\testing\e2e\tests\healthcare\patient-registration.spec.ts:11:14

    Retry #1 ───────────────────────────────────────────────────────────────────────────────────────

    Error: page.goto: Protocol error (Playwright.navigate): Cannot navigate to invalid URL
    Call log:
      - navigating to "/login", waiting until "load"


       9 | 	test.beforeEach(async ({ page }) => {
      10 | 		// Login as healthcare staff with patient registration permissions
    > 11 | 		await page.goto("/login");
         | 		           ^
      12 | 		await page.fill(
      13 | 			'[data-testid="email"], input[type="email"]',
      14 | 			"recepcionista@neonpro.com.br",
        at D:\neonpro\tools\testing\e2e\tests\healthcare\patient-registration.spec.ts:11:14

    attachment #1: trace (application/zip) ─────────────────────────────────────────────────────────
    ..\..\..\..\e2e\test-results\healthcare-patient-registr-5dd62--with-detailed-explanations-webkit-desktop-retry1\trace.zip
    Usage:

        npx playwright show-trace ..\..\..\..\e2e\test-results\healthcare-patient-registr-5dd62--with-detailed-explanations-webkit-desktop-retry1\trace.zip

    ────────────────────────────────────────────────────────────────────────────────────────────────
]]>
</failure>
<system-out>
<![CDATA[
[[ATTACHMENT|..\test-results\healthcare-patient-registr-5dd62--with-detailed-explanations-webkit-desktop-retry1\trace.zip]]
]]>
</system-out>
</testcase>
<testcase name="[webkit-desktop] 👥 Patient Registration - Critical E2E › 🔒 LGPD Consent Capture › should require mandatory LGPD consents for registration" classname="healthcare\patient-registration.spec.ts" time="0.39">
<failure message="patient-registration.spec.ts:298:7 should require mandatory LGPD consents for registration" type="FAILURE">
<![CDATA[  [webkit-desktop] › healthcare\patient-registration.spec.ts:298:7 › 👥 Patient Registration - Critical E2E › 🔒 LGPD Consent Capture › should require mandatory LGPD consents for registration 

    Error: page.goto: Protocol error (Playwright.navigate): Cannot navigate to invalid URL
    Call log:
      - navigating to "/login", waiting until "load"


       9 | 	test.beforeEach(async ({ page }) => {
      10 | 		// Login as healthcare staff with patient registration permissions
    > 11 | 		await page.goto("/login");
         | 		           ^
      12 | 		await page.fill(
      13 | 			'[data-testid="email"], input[type="email"]',
      14 | 			"recepcionista@neonpro.com.br",
        at D:\neonpro\tools\testing\e2e\tests\healthcare\patient-registration.spec.ts:11:14

    Retry #1 ───────────────────────────────────────────────────────────────────────────────────────

    Error: page.goto: Protocol error (Playwright.navigate): Cannot navigate to invalid URL
    Call log:
      - navigating to "/login", waiting until "load"


       9 | 	test.beforeEach(async ({ page }) => {
      10 | 		// Login as healthcare staff with patient registration permissions
    > 11 | 		await page.goto("/login");
         | 		           ^
      12 | 		await page.fill(
      13 | 			'[data-testid="email"], input[type="email"]',
      14 | 			"recepcionista@neonpro.com.br",
        at D:\neonpro\tools\testing\e2e\tests\healthcare\patient-registration.spec.ts:11:14

    attachment #1: trace (application/zip) ─────────────────────────────────────────────────────────
    ..\..\..\..\e2e\test-results\healthcare-patient-registr-ee334-D-consents-for-registration-webkit-desktop-retry1\trace.zip
    Usage:

        npx playwright show-trace ..\..\..\..\e2e\test-results\healthcare-patient-registr-ee334-D-consents-for-registration-webkit-desktop-retry1\trace.zip

    ────────────────────────────────────────────────────────────────────────────────────────────────
]]>
</failure>
<system-out>
<![CDATA[
[[ATTACHMENT|..\test-results\healthcare-patient-registr-ee334-D-consents-for-registration-webkit-desktop-retry1\trace.zip]]
]]>
</system-out>
</testcase>
<testcase name="[webkit-desktop] 👥 Patient Registration - Critical E2E › 🔒 LGPD Consent Capture › should provide consent withdrawal options" classname="healthcare\patient-registration.spec.ts" time="0.4">
<failure message="patient-registration.spec.ts:348:7 should provide consent withdrawal options" type="FAILURE">
<![CDATA[  [webkit-desktop] › healthcare\patient-registration.spec.ts:348:7 › 👥 Patient Registration - Critical E2E › 🔒 LGPD Consent Capture › should provide consent withdrawal options 

    Error: page.goto: Protocol error (Playwright.navigate): Cannot navigate to invalid URL
    Call log:
      - navigating to "/login", waiting until "load"


       9 | 	test.beforeEach(async ({ page }) => {
      10 | 		// Login as healthcare staff with patient registration permissions
    > 11 | 		await page.goto("/login");
         | 		           ^
      12 | 		await page.fill(
      13 | 			'[data-testid="email"], input[type="email"]',
      14 | 			"recepcionista@neonpro.com.br",
        at D:\neonpro\tools\testing\e2e\tests\healthcare\patient-registration.spec.ts:11:14

    Retry #1 ───────────────────────────────────────────────────────────────────────────────────────

    Error: page.goto: Protocol error (Playwright.navigate): Cannot navigate to invalid URL
    Call log:
      - navigating to "/login", waiting until "load"


       9 | 	test.beforeEach(async ({ page }) => {
      10 | 		// Login as healthcare staff with patient registration permissions
    > 11 | 		await page.goto("/login");
         | 		           ^
      12 | 		await page.fill(
      13 | 			'[data-testid="email"], input[type="email"]',
      14 | 			"recepcionista@neonpro.com.br",
        at D:\neonpro\tools\testing\e2e\tests\healthcare\patient-registration.spec.ts:11:14

    attachment #1: trace (application/zip) ─────────────────────────────────────────────────────────
    ..\..\..\..\e2e\test-results\healthcare-patient-registr-d771e--consent-withdrawal-options-webkit-desktop-retry1\trace.zip
    Usage:

        npx playwright show-trace ..\..\..\..\e2e\test-results\healthcare-patient-registr-d771e--consent-withdrawal-options-webkit-desktop-retry1\trace.zip

    ────────────────────────────────────────────────────────────────────────────────────────────────
]]>
</failure>
<system-out>
<![CDATA[
[[ATTACHMENT|..\test-results\healthcare-patient-registr-d771e--consent-withdrawal-options-webkit-desktop-retry1\trace.zip]]
]]>
</system-out>
</testcase>
<testcase name="[webkit-desktop] 👥 Patient Registration - Critical E2E › 🔒 LGPD Consent Capture › should create audit trail for LGPD consent events" classname="healthcare\patient-registration.spec.ts" time="0.416">
<failure message="patient-registration.spec.ts:390:7 should create audit trail for LGPD consent events" type="FAILURE">
<![CDATA[  [webkit-desktop] › healthcare\patient-registration.spec.ts:390:7 › 👥 Patient Registration - Critical E2E › 🔒 LGPD Consent Capture › should create audit trail for LGPD consent events 

    Error: page.goto: Protocol error (Playwright.navigate): Cannot navigate to invalid URL
    Call log:
      - navigating to "/login", waiting until "load"


       9 | 	test.beforeEach(async ({ page }) => {
      10 | 		// Login as healthcare staff with patient registration permissions
    > 11 | 		await page.goto("/login");
         | 		           ^
      12 | 		await page.fill(
      13 | 			'[data-testid="email"], input[type="email"]',
      14 | 			"recepcionista@neonpro.com.br",
        at D:\neonpro\tools\testing\e2e\tests\healthcare\patient-registration.spec.ts:11:14

    Retry #1 ───────────────────────────────────────────────────────────────────────────────────────

    Error: page.goto: Protocol error (Playwright.navigate): Cannot navigate to invalid URL
    Call log:
      - navigating to "/login", waiting until "load"


       9 | 	test.beforeEach(async ({ page }) => {
      10 | 		// Login as healthcare staff with patient registration permissions
    > 11 | 		await page.goto("/login");
         | 		           ^
      12 | 		await page.fill(
      13 | 			'[data-testid="email"], input[type="email"]',
      14 | 			"recepcionista@neonpro.com.br",
        at D:\neonpro\tools\testing\e2e\tests\healthcare\patient-registration.spec.ts:11:14

    attachment #1: trace (application/zip) ─────────────────────────────────────────────────────────
    ..\..\..\..\e2e\test-results\healthcare-patient-registr-550d7-ail-for-LGPD-consent-events-webkit-desktop-retry1\trace.zip
    Usage:

        npx playwright show-trace ..\..\..\..\e2e\test-results\healthcare-patient-registr-550d7-ail-for-LGPD-consent-events-webkit-desktop-retry1\trace.zip

    ────────────────────────────────────────────────────────────────────────────────────────────────
]]>
</failure>
<system-out>
<![CDATA[
[[ATTACHMENT|..\test-results\healthcare-patient-registr-550d7-ail-for-LGPD-consent-events-webkit-desktop-retry1\trace.zip]]
]]>
</system-out>
</testcase>
<testcase name="[webkit-desktop] 👥 Patient Registration - Critical E2E › 🏥 Medical History and Allergies › should capture comprehensive medical history" classname="healthcare\patient-registration.spec.ts" time="0.378">
<failure message="patient-registration.spec.ts:440:7 should capture comprehensive medical history" type="FAILURE">
<![CDATA[  [webkit-desktop] › healthcare\patient-registration.spec.ts:440:7 › 👥 Patient Registration - Critical E2E › 🏥 Medical History and Allergies › should capture comprehensive medical history 

    Error: page.goto: Protocol error (Playwright.navigate): Cannot navigate to invalid URL
    Call log:
      - navigating to "/login", waiting until "load"


       9 | 	test.beforeEach(async ({ page }) => {
      10 | 		// Login as healthcare staff with patient registration permissions
    > 11 | 		await page.goto("/login");
         | 		           ^
      12 | 		await page.fill(
      13 | 			'[data-testid="email"], input[type="email"]',
      14 | 			"recepcionista@neonpro.com.br",
        at D:\neonpro\tools\testing\e2e\tests\healthcare\patient-registration.spec.ts:11:14

    Retry #1 ───────────────────────────────────────────────────────────────────────────────────────

    Error: page.goto: Protocol error (Playwright.navigate): Cannot navigate to invalid URL
    Call log:
      - navigating to "/login", waiting until "load"


       9 | 	test.beforeEach(async ({ page }) => {
      10 | 		// Login as healthcare staff with patient registration permissions
    > 11 | 		await page.goto("/login");
         | 		           ^
      12 | 		await page.fill(
      13 | 			'[data-testid="email"], input[type="email"]',
      14 | 			"recepcionista@neonpro.com.br",
        at D:\neonpro\tools\testing\e2e\tests\healthcare\patient-registration.spec.ts:11:14

    attachment #1: trace (application/zip) ─────────────────────────────────────────────────────────
    ..\..\..\..\e2e\test-results\healthcare-patient-registr-d8ca0-mprehensive-medical-history-webkit-desktop-retry1\trace.zip
    Usage:

        npx playwright show-trace ..\..\..\..\e2e\test-results\healthcare-patient-registr-d8ca0-mprehensive-medical-history-webkit-desktop-retry1\trace.zip

    ────────────────────────────────────────────────────────────────────────────────────────────────
]]>
</failure>
<system-out>
<![CDATA[
[[ATTACHMENT|..\test-results\healthcare-patient-registr-d8ca0-mprehensive-medical-history-webkit-desktop-retry1\trace.zip]]
]]>
</system-out>
</testcase>
<testcase name="[webkit-desktop] 👥 Patient Registration - Critical E2E › 🏥 Medical History and Allergies › should capture and validate allergy information with severity levels" classname="healthcare\patient-registration.spec.ts" time="0.392">
<failure message="patient-registration.spec.ts:522:7 should capture and validate allergy information with severity levels" type="FAILURE">
<![CDATA[  [webkit-desktop] › healthcare\patient-registration.spec.ts:522:7 › 👥 Patient Registration - Critical E2E › 🏥 Medical History and Allergies › should capture and validate allergy information with severity levels 

    Error: page.goto: Protocol error (Playwright.navigate): Cannot navigate to invalid URL
    Call log:
      - navigating to "/login", waiting until "load"


       9 | 	test.beforeEach(async ({ page }) => {
      10 | 		// Login as healthcare staff with patient registration permissions
    > 11 | 		await page.goto("/login");
         | 		           ^
      12 | 		await page.fill(
      13 | 			'[data-testid="email"], input[type="email"]',
      14 | 			"recepcionista@neonpro.com.br",
        at D:\neonpro\tools\testing\e2e\tests\healthcare\patient-registration.spec.ts:11:14

    Retry #1 ───────────────────────────────────────────────────────────────────────────────────────

    Error: page.goto: Protocol error (Playwright.navigate): Cannot navigate to invalid URL
    Call log:
      - navigating to "/login", waiting until "load"


       9 | 	test.beforeEach(async ({ page }) => {
      10 | 		// Login as healthcare staff with patient registration permissions
    > 11 | 		await page.goto("/login");
         | 		           ^
      12 | 		await page.fill(
      13 | 			'[data-testid="email"], input[type="email"]',
      14 | 			"recepcionista@neonpro.com.br",
        at D:\neonpro\tools\testing\e2e\tests\healthcare\patient-registration.spec.ts:11:14

    attachment #1: trace (application/zip) ─────────────────────────────────────────────────────────
    ..\..\..\..\e2e\test-results\healthcare-patient-registr-11491-mation-with-severity-levels-webkit-desktop-retry1\trace.zip
    Usage:

        npx playwright show-trace ..\..\..\..\e2e\test-results\healthcare-patient-registr-11491-mation-with-severity-levels-webkit-desktop-retry1\trace.zip

    ────────────────────────────────────────────────────────────────────────────────────────────────
]]>
</failure>
<system-out>
<![CDATA[
[[ATTACHMENT|..\test-results\healthcare-patient-registr-11491-mation-with-severity-levels-webkit-desktop-retry1\trace.zip]]
]]>
</system-out>
</testcase>
<testcase name="[webkit-desktop] 👥 Patient Registration - Critical E2E › 🏥 Medical History and Allergies › should handle patients with no known allergies properly" classname="healthcare\patient-registration.spec.ts" time="0.424">
<failure message="patient-registration.spec.ts:597:7 should handle patients with no known allergies properly" type="FAILURE">
<![CDATA[  [webkit-desktop] › healthcare\patient-registration.spec.ts:597:7 › 👥 Patient Registration - Critical E2E › 🏥 Medical History and Allergies › should handle patients with no known allergies properly 

    Error: page.goto: Protocol error (Playwright.navigate): Cannot navigate to invalid URL
    Call log:
      - navigating to "/login", waiting until "load"


       9 | 	test.beforeEach(async ({ page }) => {
      10 | 		// Login as healthcare staff with patient registration permissions
    > 11 | 		await page.goto("/login");
         | 		           ^
      12 | 		await page.fill(
      13 | 			'[data-testid="email"], input[type="email"]',
      14 | 			"recepcionista@neonpro.com.br",
        at D:\neonpro\tools\testing\e2e\tests\healthcare\patient-registration.spec.ts:11:14

    Retry #1 ───────────────────────────────────────────────────────────────────────────────────────

    Error: page.goto: Protocol error (Playwright.navigate): Cannot navigate to invalid URL
    Call log:
      - navigating to "/login", waiting until "load"


       9 | 	test.beforeEach(async ({ page }) => {
      10 | 		// Login as healthcare staff with patient registration permissions
    > 11 | 		await page.goto("/login");
         | 		           ^
      12 | 		await page.fill(
      13 | 			'[data-testid="email"], input[type="email"]',
      14 | 			"recepcionista@neonpro.com.br",
        at D:\neonpro\tools\testing\e2e\tests\healthcare\patient-registration.spec.ts:11:14

    attachment #1: trace (application/zip) ─────────────────────────────────────────────────────────
    ..\..\..\..\e2e\test-results\healthcare-patient-registr-46023-no-known-allergies-properly-webkit-desktop-retry1\trace.zip
    Usage:

        npx playwright show-trace ..\..\..\..\e2e\test-results\healthcare-patient-registr-46023-no-known-allergies-properly-webkit-desktop-retry1\trace.zip

    ────────────────────────────────────────────────────────────────────────────────────────────────
]]>
</failure>
<system-out>
<![CDATA[
[[ATTACHMENT|..\test-results\healthcare-patient-registr-46023-no-known-allergies-properly-webkit-desktop-retry1\trace.zip]]
]]>
</system-out>
</testcase>
<testcase name="[webkit-desktop] 👥 Patient Registration - Critical E2E › 🏥 Medical History and Allergies › should validate critical allergy information completeness" classname="healthcare\patient-registration.spec.ts" time="0.419">
<failure message="patient-registration.spec.ts:632:7 should validate critical allergy information completeness" type="FAILURE">
<![CDATA[  [webkit-desktop] › healthcare\patient-registration.spec.ts:632:7 › 👥 Patient Registration - Critical E2E › 🏥 Medical History and Allergies › should validate critical allergy information completeness 

    Error: page.goto: Protocol error (Playwright.navigate): Cannot navigate to invalid URL
    Call log:
      - navigating to "/login", waiting until "load"


       9 | 	test.beforeEach(async ({ page }) => {
      10 | 		// Login as healthcare staff with patient registration permissions
    > 11 | 		await page.goto("/login");
         | 		           ^
      12 | 		await page.fill(
      13 | 			'[data-testid="email"], input[type="email"]',
      14 | 			"recepcionista@neonpro.com.br",
        at D:\neonpro\tools\testing\e2e\tests\healthcare\patient-registration.spec.ts:11:14

    Retry #1 ───────────────────────────────────────────────────────────────────────────────────────

    Error: page.goto: Protocol error (Playwright.navigate): Cannot navigate to invalid URL
    Call log:
      - navigating to "/login", waiting until "load"


       9 | 	test.beforeEach(async ({ page }) => {
      10 | 		// Login as healthcare staff with patient registration permissions
    > 11 | 		await page.goto("/login");
         | 		           ^
      12 | 		await page.fill(
      13 | 			'[data-testid="email"], input[type="email"]',
      14 | 			"recepcionista@neonpro.com.br",
        at D:\neonpro\tools\testing\e2e\tests\healthcare\patient-registration.spec.ts:11:14

    attachment #1: trace (application/zip) ─────────────────────────────────────────────────────────
    ..\..\..\..\e2e\test-results\healthcare-patient-registr-700ef-gy-information-completeness-webkit-desktop-retry1\trace.zip
    Usage:

        npx playwright show-trace ..\..\..\..\e2e\test-results\healthcare-patient-registr-700ef-gy-information-completeness-webkit-desktop-retry1\trace.zip

    ────────────────────────────────────────────────────────────────────────────────────────────────
]]>
</failure>
<system-out>
<![CDATA[
[[ATTACHMENT|..\test-results\healthcare-patient-registr-700ef-gy-information-completeness-webkit-desktop-retry1\trace.zip]]
]]>
</system-out>
</testcase>
<testcase name="[webkit-desktop] 👥 Patient Registration - Critical E2E › ✅ Complete Registration Workflow › should complete end-to-end patient registration with all components" classname="healthcare\patient-registration.spec.ts" time="0.395">
<failure message="patient-registration.spec.ts:691:7 should complete end-to-end patient registration with all components" type="FAILURE">
<![CDATA[  [webkit-desktop] › healthcare\patient-registration.spec.ts:691:7 › 👥 Patient Registration - Critical E2E › ✅ Complete Registration Workflow › should complete end-to-end patient registration with all components 

    Error: page.goto: Protocol error (Playwright.navigate): Cannot navigate to invalid URL
    Call log:
      - navigating to "/login", waiting until "load"


       9 | 	test.beforeEach(async ({ page }) => {
      10 | 		// Login as healthcare staff with patient registration permissions
    > 11 | 		await page.goto("/login");
         | 		           ^
      12 | 		await page.fill(
      13 | 			'[data-testid="email"], input[type="email"]',
      14 | 			"recepcionista@neonpro.com.br",
        at D:\neonpro\tools\testing\e2e\tests\healthcare\patient-registration.spec.ts:11:14

    Retry #1 ───────────────────────────────────────────────────────────────────────────────────────

    Error: page.goto: Protocol error (Playwright.navigate): Cannot navigate to invalid URL
    Call log:
      - navigating to "/login", waiting until "load"


       9 | 	test.beforeEach(async ({ page }) => {
      10 | 		// Login as healthcare staff with patient registration permissions
    > 11 | 		await page.goto("/login");
         | 		           ^
      12 | 		await page.fill(
      13 | 			'[data-testid="email"], input[type="email"]',
      14 | 			"recepcionista@neonpro.com.br",
        at D:\neonpro\tools\testing\e2e\tests\healthcare\patient-registration.spec.ts:11:14

    attachment #1: trace (application/zip) ─────────────────────────────────────────────────────────
    ..\..\..\..\e2e\test-results\healthcare-patient-registr-1045d-tration-with-all-components-webkit-desktop-retry1\trace.zip
    Usage:

        npx playwright show-trace ..\..\..\..\e2e\test-results\healthcare-patient-registr-1045d-tration-with-all-components-webkit-desktop-retry1\trace.zip

    ────────────────────────────────────────────────────────────────────────────────────────────────
]]>
</failure>
<system-out>
<![CDATA[
[[ATTACHMENT|..\test-results\healthcare-patient-registr-1045d-tration-with-all-components-webkit-desktop-retry1\trace.zip]]
]]>
</system-out>
</testcase>
<testcase name="[webkit-desktop] 👥 Patient Registration - Critical E2E › ✅ Complete Registration Workflow › should generate patient ID and medical record number" classname="healthcare\patient-registration.spec.ts" time="0.425">
<failure message="patient-registration.spec.ts:824:7 should generate patient ID and medical record number" type="FAILURE">
<![CDATA[  [webkit-desktop] › healthcare\patient-registration.spec.ts:824:7 › 👥 Patient Registration - Critical E2E › ✅ Complete Registration Workflow › should generate patient ID and medical record number 

    Error: page.goto: Protocol error (Playwright.navigate): Cannot navigate to invalid URL
    Call log:
      - navigating to "/login", waiting until "load"


       9 | 	test.beforeEach(async ({ page }) => {
      10 | 		// Login as healthcare staff with patient registration permissions
    > 11 | 		await page.goto("/login");
         | 		           ^
      12 | 		await page.fill(
      13 | 			'[data-testid="email"], input[type="email"]',
      14 | 			"recepcionista@neonpro.com.br",
        at D:\neonpro\tools\testing\e2e\tests\healthcare\patient-registration.spec.ts:11:14

    Retry #1 ───────────────────────────────────────────────────────────────────────────────────────

    Error: page.goto: Protocol error (Playwright.navigate): Cannot navigate to invalid URL
    Call log:
      - navigating to "/login", waiting until "load"


       9 | 	test.beforeEach(async ({ page }) => {
      10 | 		// Login as healthcare staff with patient registration permissions
    > 11 | 		await page.goto("/login");
         | 		           ^
      12 | 		await page.fill(
      13 | 			'[data-testid="email"], input[type="email"]',
      14 | 			"recepcionista@neonpro.com.br",
        at D:\neonpro\tools\testing\e2e\tests\healthcare\patient-registration.spec.ts:11:14

    attachment #1: trace (application/zip) ─────────────────────────────────────────────────────────
    ..\..\..\..\e2e\test-results\healthcare-patient-registr-166db-D-and-medical-record-number-webkit-desktop-retry1\trace.zip
    Usage:

        npx playwright show-trace ..\..\..\..\e2e\test-results\healthcare-patient-registr-166db-D-and-medical-record-number-webkit-desktop-retry1\trace.zip

    ────────────────────────────────────────────────────────────────────────────────────────────────
]]>
</failure>
<system-out>
<![CDATA[
[[ATTACHMENT|..\test-results\healthcare-patient-registr-166db-D-and-medical-record-number-webkit-desktop-retry1\trace.zip]]
]]>
</system-out>
</testcase>
<testcase name="[webkit-desktop] 👥 Patient Registration - Critical E2E › ✅ Complete Registration Workflow › should integrate with appointment scheduling system" classname="healthcare\patient-registration.spec.ts" time="0.413">
<failure message="patient-registration.spec.ts:874:7 should integrate with appointment scheduling system" type="FAILURE">
<![CDATA[  [webkit-desktop] › healthcare\patient-registration.spec.ts:874:7 › 👥 Patient Registration - Critical E2E › ✅ Complete Registration Workflow › should integrate with appointment scheduling system 

    Error: page.goto: Protocol error (Playwright.navigate): Cannot navigate to invalid URL
    Call log:
      - navigating to "/login", waiting until "load"


       9 | 	test.beforeEach(async ({ page }) => {
      10 | 		// Login as healthcare staff with patient registration permissions
    > 11 | 		await page.goto("/login");
         | 		           ^
      12 | 		await page.fill(
      13 | 			'[data-testid="email"], input[type="email"]',
      14 | 			"recepcionista@neonpro.com.br",
        at D:\neonpro\tools\testing\e2e\tests\healthcare\patient-registration.spec.ts:11:14

    Retry #1 ───────────────────────────────────────────────────────────────────────────────────────

    Error: page.goto: Protocol error (Playwright.navigate): Cannot navigate to invalid URL
    Call log:
      - navigating to "/login", waiting until "load"


       9 | 	test.beforeEach(async ({ page }) => {
      10 | 		// Login as healthcare staff with patient registration permissions
    > 11 | 		await page.goto("/login");
         | 		           ^
      12 | 		await page.fill(
      13 | 			'[data-testid="email"], input[type="email"]',
      14 | 			"recepcionista@neonpro.com.br",
        at D:\neonpro\tools\testing\e2e\tests\healthcare\patient-registration.spec.ts:11:14

    attachment #1: trace (application/zip) ─────────────────────────────────────────────────────────
    ..\..\..\..\e2e\test-results\healthcare-patient-registr-6d35f-pointment-scheduling-system-webkit-desktop-retry1\trace.zip
    Usage:

        npx playwright show-trace ..\..\..\..\e2e\test-results\healthcare-patient-registr-6d35f-pointment-scheduling-system-webkit-desktop-retry1\trace.zip

    ────────────────────────────────────────────────────────────────────────────────────────────────
]]>
</failure>
<system-out>
<![CDATA[
[[ATTACHMENT|..\test-results\healthcare-patient-registr-6d35f-pointment-scheduling-system-webkit-desktop-retry1\trace.zip]]
]]>
</system-out>
</testcase>
<testcase name="[webkit-desktop] 👥 Patient Registration - Critical E2E › ✅ Complete Registration Workflow › should handle registration errors gracefully" classname="healthcare\patient-registration.spec.ts" time="0.422">
<failure message="patient-registration.spec.ts:922:7 should handle registration errors gracefully" type="FAILURE">
<![CDATA[  [webkit-desktop] › healthcare\patient-registration.spec.ts:922:7 › 👥 Patient Registration - Critical E2E › ✅ Complete Registration Workflow › should handle registration errors gracefully 

    Error: page.goto: Protocol error (Playwright.navigate): Cannot navigate to invalid URL
    Call log:
      - navigating to "/login", waiting until "load"


       9 | 	test.beforeEach(async ({ page }) => {
      10 | 		// Login as healthcare staff with patient registration permissions
    > 11 | 		await page.goto("/login");
         | 		           ^
      12 | 		await page.fill(
      13 | 			'[data-testid="email"], input[type="email"]',
      14 | 			"recepcionista@neonpro.com.br",
        at D:\neonpro\tools\testing\e2e\tests\healthcare\patient-registration.spec.ts:11:14

    Retry #1 ───────────────────────────────────────────────────────────────────────────────────────

    Error: page.goto: Protocol error (Playwright.navigate): Cannot navigate to invalid URL
    Call log:
      - navigating to "/login", waiting until "load"


       9 | 	test.beforeEach(async ({ page }) => {
      10 | 		// Login as healthcare staff with patient registration permissions
    > 11 | 		await page.goto("/login");
         | 		           ^
      12 | 		await page.fill(
      13 | 			'[data-testid="email"], input[type="email"]',
      14 | 			"recepcionista@neonpro.com.br",
        at D:\neonpro\tools\testing\e2e\tests\healthcare\patient-registration.spec.ts:11:14

    attachment #1: trace (application/zip) ─────────────────────────────────────────────────────────
    ..\..\..\..\e2e\test-results\healthcare-patient-registr-0401e-istration-errors-gracefully-webkit-desktop-retry1\trace.zip
    Usage:

        npx playwright show-trace ..\..\..\..\e2e\test-results\healthcare-patient-registr-0401e-istration-errors-gracefully-webkit-desktop-retry1\trace.zip

    ────────────────────────────────────────────────────────────────────────────────────────────────
]]>
</failure>
<system-out>
<![CDATA[
[[ATTACHMENT|..\test-results\healthcare-patient-registr-0401e-istration-errors-gracefully-webkit-desktop-retry1\trace.zip]]
]]>
</system-out>
</testcase>
<testcase name="[webkit-desktop] 👥 Patient Registration - Critical E2E › 🚀 Performance &amp; Validation › should complete registration within performance targets" classname="healthcare\patient-registration.spec.ts" time="0.345">
<failure message="patient-registration.spec.ts:973:7 should complete registration within performance targets" type="FAILURE">
<![CDATA[  [webkit-desktop] › healthcare\patient-registration.spec.ts:973:7 › 👥 Patient Registration - Critical E2E › 🚀 Performance & Validation › should complete registration within performance targets 

    Error: page.goto: Protocol error (Playwright.navigate): Cannot navigate to invalid URL
    Call log:
      - navigating to "/login", waiting until "load"


       9 | 	test.beforeEach(async ({ page }) => {
      10 | 		// Login as healthcare staff with patient registration permissions
    > 11 | 		await page.goto("/login");
         | 		           ^
      12 | 		await page.fill(
      13 | 			'[data-testid="email"], input[type="email"]',
      14 | 			"recepcionista@neonpro.com.br",
        at D:\neonpro\tools\testing\e2e\tests\healthcare\patient-registration.spec.ts:11:14

    Retry #1 ───────────────────────────────────────────────────────────────────────────────────────

    Error: page.goto: Protocol error (Playwright.navigate): Cannot navigate to invalid URL
    Call log:
      - navigating to "/login", waiting until "load"


       9 | 	test.beforeEach(async ({ page }) => {
      10 | 		// Login as healthcare staff with patient registration permissions
    > 11 | 		await page.goto("/login");
         | 		           ^
      12 | 		await page.fill(
      13 | 			'[data-testid="email"], input[type="email"]',
      14 | 			"recepcionista@neonpro.com.br",
        at D:\neonpro\tools\testing\e2e\tests\healthcare\patient-registration.spec.ts:11:14

    attachment #1: trace (application/zip) ─────────────────────────────────────────────────────────
    ..\..\..\..\e2e\test-results\healthcare-patient-registr-bf735--within-performance-targets-webkit-desktop-retry1\trace.zip
    Usage:

        npx playwright show-trace ..\..\..\..\e2e\test-results\healthcare-patient-registr-bf735--within-performance-targets-webkit-desktop-retry1\trace.zip

    ────────────────────────────────────────────────────────────────────────────────────────────────
]]>
</failure>
<system-out>
<![CDATA[
[[ATTACHMENT|..\test-results\healthcare-patient-registr-bf735--within-performance-targets-webkit-desktop-retry1\trace.zip]]
]]>
</system-out>
</testcase>
<testcase name="[webkit-desktop] 👥 Patient Registration - Critical E2E › 🚀 Performance &amp; Validation › should provide accessibility compliance in registration form" classname="healthcare\patient-registration.spec.ts" time="0.347">
<failure message="patient-registration.spec.ts:1008:7 should provide accessibility compliance in registration form" type="FAILURE">
<![CDATA[  [webkit-desktop] › healthcare\patient-registration.spec.ts:1008:7 › 👥 Patient Registration - Critical E2E › 🚀 Performance & Validation › should provide accessibility compliance in registration form 

    Error: page.goto: Protocol error (Playwright.navigate): Cannot navigate to invalid URL
    Call log:
      - navigating to "/login", waiting until "load"


       9 | 	test.beforeEach(async ({ page }) => {
      10 | 		// Login as healthcare staff with patient registration permissions
    > 11 | 		await page.goto("/login");
         | 		           ^
      12 | 		await page.fill(
      13 | 			'[data-testid="email"], input[type="email"]',
      14 | 			"recepcionista@neonpro.com.br",
        at D:\neonpro\tools\testing\e2e\tests\healthcare\patient-registration.spec.ts:11:14

    Retry #1 ───────────────────────────────────────────────────────────────────────────────────────

    Error: page.goto: Protocol error (Playwright.navigate): Cannot navigate to invalid URL
    Call log:
      - navigating to "/login", waiting until "load"


       9 | 	test.beforeEach(async ({ page }) => {
      10 | 		// Login as healthcare staff with patient registration permissions
    > 11 | 		await page.goto("/login");
         | 		           ^
      12 | 		await page.fill(
      13 | 			'[data-testid="email"], input[type="email"]',
      14 | 			"recepcionista@neonpro.com.br",
        at D:\neonpro\tools\testing\e2e\tests\healthcare\patient-registration.spec.ts:11:14

    attachment #1: trace (application/zip) ─────────────────────────────────────────────────────────
    ..\..\..\..\e2e\test-results\healthcare-patient-registr-791b9-liance-in-registration-form-webkit-desktop-retry1\trace.zip
    Usage:

        npx playwright show-trace ..\..\..\..\e2e\test-results\healthcare-patient-registr-791b9-liance-in-registration-form-webkit-desktop-retry1\trace.zip

    ────────────────────────────────────────────────────────────────────────────────────────────────
]]>
</failure>
<system-out>
<![CDATA[
[[ATTACHMENT|..\test-results\healthcare-patient-registr-791b9-liance-in-registration-form-webkit-desktop-retry1\trace.zip]]
]]>
</system-out>
</testcase>
<testcase name="[webkit-desktop] 👥 Patient Registration - Critical E2E › 🚀 Performance &amp; Validation › should handle concurrent registration attempts" classname="healthcare\patient-registration.spec.ts" time="0.394">
<failure message="patient-registration.spec.ts:1049:7 should handle concurrent registration attempts" type="FAILURE">
<![CDATA[  [webkit-desktop] › healthcare\patient-registration.spec.ts:1049:7 › 👥 Patient Registration - Critical E2E › 🚀 Performance & Validation › should handle concurrent registration attempts 

    Error: page.goto: Protocol error (Playwright.navigate): Cannot navigate to invalid URL
    Call log:
      - navigating to "/login", waiting until "load"


       9 | 	test.beforeEach(async ({ page }) => {
      10 | 		// Login as healthcare staff with patient registration permissions
    > 11 | 		await page.goto("/login");
         | 		           ^
      12 | 		await page.fill(
      13 | 			'[data-testid="email"], input[type="email"]',
      14 | 			"recepcionista@neonpro.com.br",
        at D:\neonpro\tools\testing\e2e\tests\healthcare\patient-registration.spec.ts:11:14

    Retry #1 ───────────────────────────────────────────────────────────────────────────────────────

    Error: page.goto: Protocol error (Playwright.navigate): Cannot navigate to invalid URL
    Call log:
      - navigating to "/login", waiting until "load"


       9 | 	test.beforeEach(async ({ page }) => {
      10 | 		// Login as healthcare staff with patient registration permissions
    > 11 | 		await page.goto("/login");
         | 		           ^
      12 | 		await page.fill(
      13 | 			'[data-testid="email"], input[type="email"]',
      14 | 			"recepcionista@neonpro.com.br",
        at D:\neonpro\tools\testing\e2e\tests\healthcare\patient-registration.spec.ts:11:14

    attachment #1: trace (application/zip) ─────────────────────────────────────────────────────────
    ..\..\..\..\e2e\test-results\healthcare-patient-registr-fa3dc-rrent-registration-attempts-webkit-desktop-retry1\trace.zip
    Usage:

        npx playwright show-trace ..\..\..\..\e2e\test-results\healthcare-patient-registr-fa3dc-rrent-registration-attempts-webkit-desktop-retry1\trace.zip

    ────────────────────────────────────────────────────────────────────────────────────────────────
]]>
</failure>
<system-out>
<![CDATA[
[[ATTACHMENT|..\test-results\healthcare-patient-registr-fa3dc-rrent-registration-attempts-webkit-desktop-retry1\trace.zip]]
]]>
</system-out>
</testcase>
</testsuite>
<testsuite name="healthcare\simple.spec.ts" timestamp="2025-08-23T06:21:35.562Z" hostname="webkit-desktop" tests="1" failures="0" skipped="0" time="0.84" errors="0">
<testcase name="[webkit-desktop] Simple health test" classname="healthcare\simple.spec.ts" time="0.84">
</testcase>
</testsuite>
<testsuite name="homepage.spec.ts" timestamp="2025-08-23T06:21:35.562Z" hostname="webkit-desktop" tests="3" failures="3" skipped="0" time="1.102" errors="0">
<testcase name="[webkit-desktop] NeonPro Application › should load the homepage" classname="homepage.spec.ts" time="0.377">
<failure message="homepage.spec.ts:4:6 should load the homepage" type="FAILURE">
<![CDATA[  [webkit-desktop] › homepage.spec.ts:4:6 › NeonPro Application › should load the homepage ─────────

    Error: page.goto: Protocol error (Playwright.navigate): Cannot navigate to invalid URL
    Call log:
      - navigating to "/", waiting until "load"


      3 | test.describe("NeonPro Application", () => {
      4 | 	test("should load the homepage", async ({ page }) => {
    > 5 | 		await page.goto("/");
        | 		           ^
      6 |
      7 | 		// Wait for the page to load
      8 | 		await page.waitForLoadState("networkidle");
        at D:\neonpro\tools\testing\e2e\tests\homepage.spec.ts:5:14

    Retry #1 ───────────────────────────────────────────────────────────────────────────────────────

    Error: page.goto: Protocol error (Playwright.navigate): Cannot navigate to invalid URL
    Call log:
      - navigating to "/", waiting until "load"


      3 | test.describe("NeonPro Application", () => {
      4 | 	test("should load the homepage", async ({ page }) => {
    > 5 | 		await page.goto("/");
        | 		           ^
      6 |
      7 | 		// Wait for the page to load
      8 | 		await page.waitForLoadState("networkidle");
        at D:\neonpro\tools\testing\e2e\tests\homepage.spec.ts:5:14

    attachment #1: trace (application/zip) ─────────────────────────────────────────────────────────
    ..\..\..\..\e2e\test-results\homepage-NeonPro-Application-should-load-the-homepage-webkit-desktop-retry1\trace.zip
    Usage:

        npx playwright show-trace ..\..\..\..\e2e\test-results\homepage-NeonPro-Application-should-load-the-homepage-webkit-desktop-retry1\trace.zip

    ────────────────────────────────────────────────────────────────────────────────────────────────
]]>
</failure>
<system-out>
<![CDATA[
[[ATTACHMENT|..\test-results\homepage-NeonPro-Application-should-load-the-homepage-webkit-desktop-retry1\trace.zip]]
]]>
</system-out>
</testcase>
<testcase name="[webkit-desktop] NeonPro Application › should have navigation menu" classname="homepage.spec.ts" time="0.375">
<failure message="homepage.spec.ts:17:6 should have navigation menu" type="FAILURE">
<![CDATA[  [webkit-desktop] › homepage.spec.ts:17:6 › NeonPro Application › should have navigation menu ─────

    Error: page.goto: Protocol error (Playwright.navigate): Cannot navigate to invalid URL
    Call log:
      - navigating to "/", waiting until "load"


      16 |
      17 | 	test("should have navigation menu", async ({ page }) => {
    > 18 | 		await page.goto("/");
         | 		           ^
      19 |
      20 | 		// Wait for navigation to be visible
      21 | 		await page.waitForSelector("nav", { timeout: 10_000 });
        at D:\neonpro\tools\testing\e2e\tests\homepage.spec.ts:18:14

    Retry #1 ───────────────────────────────────────────────────────────────────────────────────────

    Error: page.goto: Protocol error (Playwright.navigate): Cannot navigate to invalid URL
    Call log:
      - navigating to "/", waiting until "load"


      16 |
      17 | 	test("should have navigation menu", async ({ page }) => {
    > 18 | 		await page.goto("/");
         | 		           ^
      19 |
      20 | 		// Wait for navigation to be visible
      21 | 		await page.waitForSelector("nav", { timeout: 10_000 });
        at D:\neonpro\tools\testing\e2e\tests\homepage.spec.ts:18:14

    attachment #1: trace (application/zip) ─────────────────────────────────────────────────────────
    ..\..\..\..\e2e\test-results\homepage-NeonPro-Application-should-have-navigation-menu-webkit-desktop-retry1\trace.zip
    Usage:

        npx playwright show-trace ..\..\..\..\e2e\test-results\homepage-NeonPro-Application-should-have-navigation-menu-webkit-desktop-retry1\trace.zip

    ────────────────────────────────────────────────────────────────────────────────────────────────
]]>
</failure>
<system-out>
<![CDATA[
[[ATTACHMENT|..\test-results\homepage-NeonPro-Application-should-have-navigation-menu-webkit-desktop-retry1\trace.zip]]
]]>
</system-out>
</testcase>
<testcase name="[webkit-desktop] NeonPro Application › should be responsive on mobile" classname="homepage.spec.ts" time="0.35">
<failure message="homepage.spec.ts:28:6 should be responsive on mobile" type="FAILURE">
<![CDATA[  [webkit-desktop] › homepage.spec.ts:28:6 › NeonPro Application › should be responsive on mobile ──

    Error: page.goto: Protocol error (Playwright.navigate): Cannot navigate to invalid URL
    Call log:
      - navigating to "/", waiting until "load"


      29 | 		// Set mobile viewport
      30 | 		await page.setViewportSize({ width: 375, height: 667 });
    > 31 | 		await page.goto("/");
         | 		           ^
      32 |
      33 | 		// Wait for page to load
      34 | 		await page.waitForLoadState("networkidle");
        at D:\neonpro\tools\testing\e2e\tests\homepage.spec.ts:31:14

    Retry #1 ───────────────────────────────────────────────────────────────────────────────────────

    Error: page.goto: Protocol error (Playwright.navigate): Cannot navigate to invalid URL
    Call log:
      - navigating to "/", waiting until "load"


      29 | 		// Set mobile viewport
      30 | 		await page.setViewportSize({ width: 375, height: 667 });
    > 31 | 		await page.goto("/");
         | 		           ^
      32 |
      33 | 		// Wait for page to load
      34 | 		await page.waitForLoadState("networkidle");
        at D:\neonpro\tools\testing\e2e\tests\homepage.spec.ts:31:14

    attachment #1: trace (application/zip) ─────────────────────────────────────────────────────────
    ..\..\..\..\e2e\test-results\homepage-NeonPro-Application-should-be-responsive-on-mobile-webkit-desktop-retry1\trace.zip
    Usage:

        npx playwright show-trace ..\..\..\..\e2e\test-results\homepage-NeonPro-Application-should-be-responsive-on-mobile-webkit-desktop-retry1\trace.zip

    ────────────────────────────────────────────────────────────────────────────────────────────────
]]>
</failure>
<system-out>
<![CDATA[
[[ATTACHMENT|..\test-results\homepage-NeonPro-Application-should-be-responsive-on-mobile-webkit-desktop-retry1\trace.zip]]
]]>
</system-out>
</testcase>
</testsuite>
<testsuite name="performance\performance-security.spec.ts" timestamp="2025-08-23T06:21:35.562Z" hostname="webkit-desktop" tests="11" failures="11" skipped="0" time="4.371" errors="0">
<testcase name="[webkit-desktop] ⚡ Performance &amp; Security E2E Tests › Performance: Page load times under 3 seconds" classname="performance\performance-security.spec.ts" time="0.378">
<failure message="performance-security.spec.ts:8:6 Performance: Page load times under 3 seconds" type="FAILURE">
<![CDATA[  [webkit-desktop] › performance\performance-security.spec.ts:8:6 › ⚡ Performance & Security E2E Tests › Performance: Page load times under 3 seconds 

    Error: page.goto: Protocol error (Playwright.navigate): Cannot navigate to invalid URL
    Call log:
      - navigating to "/", waiting until "load"


      3 | test.describe("⚡ Performance & Security E2E Tests", () => {
      4 | 	test.beforeEach(async ({ page }) => {
    > 5 | 		await page.goto("/");
        | 		           ^
      6 | 	});
      7 |
      8 | 	test("Performance: Page load times under 3 seconds", async ({ page }) => {
        at D:\neonpro\tools\testing\e2e\tests\performance\performance-security.spec.ts:5:14

    Retry #1 ───────────────────────────────────────────────────────────────────────────────────────

    Error: page.goto: Protocol error (Playwright.navigate): Cannot navigate to invalid URL
    Call log:
      - navigating to "/", waiting until "load"


      3 | test.describe("⚡ Performance & Security E2E Tests", () => {
      4 | 	test.beforeEach(async ({ page }) => {
    > 5 | 		await page.goto("/");
        | 		           ^
      6 | 	});
      7 |
      8 | 	test("Performance: Page load times under 3 seconds", async ({ page }) => {
        at D:\neonpro\tools\testing\e2e\tests\performance\performance-security.spec.ts:5:14

    attachment #1: trace (application/zip) ─────────────────────────────────────────────────────────
    ..\..\..\..\e2e\test-results\performance-performance-se-2d466--load-times-under-3-seconds-webkit-desktop-retry1\trace.zip
    Usage:

        npx playwright show-trace ..\..\..\..\e2e\test-results\performance-performance-se-2d466--load-times-under-3-seconds-webkit-desktop-retry1\trace.zip

    ────────────────────────────────────────────────────────────────────────────────────────────────
]]>
</failure>
<system-out>
<![CDATA[
[[ATTACHMENT|..\test-results\performance-performance-se-2d466--load-times-under-3-seconds-webkit-desktop-retry1\trace.zip]]
]]>
</system-out>
</testcase>
<testcase name="[webkit-desktop] ⚡ Performance &amp; Security E2E Tests › Performance: API response times under 500ms" classname="performance\performance-security.spec.ts" time="0.35">
<failure message="performance-security.spec.ts:32:6 Performance: API response times under 500ms" type="FAILURE">
<![CDATA[  [webkit-desktop] › performance\performance-security.spec.ts:32:6 › ⚡ Performance & Security E2E Tests › Performance: API response times under 500ms 

    Error: page.goto: Protocol error (Playwright.navigate): Cannot navigate to invalid URL
    Call log:
      - navigating to "/", waiting until "load"


      3 | test.describe("⚡ Performance & Security E2E Tests", () => {
      4 | 	test.beforeEach(async ({ page }) => {
    > 5 | 		await page.goto("/");
        | 		           ^
      6 | 	});
      7 |
      8 | 	test("Performance: Page load times under 3 seconds", async ({ page }) => {
        at D:\neonpro\tools\testing\e2e\tests\performance\performance-security.spec.ts:5:14

    Retry #1 ───────────────────────────────────────────────────────────────────────────────────────

    Error: page.goto: Protocol error (Playwright.navigate): Cannot navigate to invalid URL
    Call log:
      - navigating to "/", waiting until "load"


      3 | test.describe("⚡ Performance & Security E2E Tests", () => {
      4 | 	test.beforeEach(async ({ page }) => {
    > 5 | 		await page.goto("/");
        | 		           ^
      6 | 	});
      7 |
      8 | 	test("Performance: Page load times under 3 seconds", async ({ page }) => {
        at D:\neonpro\tools\testing\e2e\tests\performance\performance-security.spec.ts:5:14

    attachment #1: trace (application/zip) ─────────────────────────────────────────────────────────
    ..\..\..\..\e2e\test-results\performance-performance-se-73aeb--response-times-under-500ms-webkit-desktop-retry1\trace.zip
    Usage:

        npx playwright show-trace ..\..\..\..\e2e\test-results\performance-performance-se-73aeb--response-times-under-500ms-webkit-desktop-retry1\trace.zip

    ────────────────────────────────────────────────────────────────────────────────────────────────
]]>
</failure>
<system-out>
<![CDATA[
[[ATTACHMENT|..\test-results\performance-performance-se-73aeb--response-times-under-500ms-webkit-desktop-retry1\trace.zip]]
]]>
</system-out>
</testcase>
<testcase name="[webkit-desktop] ⚡ Performance &amp; Security E2E Tests › Security: XSS protection" classname="performance\performance-security.spec.ts" time="0.367">
<failure message="performance-security.spec.ts:66:6 Security: XSS protection" type="FAILURE">
<![CDATA[  [webkit-desktop] › performance\performance-security.spec.ts:66:6 › ⚡ Performance & Security E2E Tests › Security: XSS protection 

    Error: page.goto: Protocol error (Playwright.navigate): Cannot navigate to invalid URL
    Call log:
      - navigating to "/", waiting until "load"


      3 | test.describe("⚡ Performance & Security E2E Tests", () => {
      4 | 	test.beforeEach(async ({ page }) => {
    > 5 | 		await page.goto("/");
        | 		           ^
      6 | 	});
      7 |
      8 | 	test("Performance: Page load times under 3 seconds", async ({ page }) => {
        at D:\neonpro\tools\testing\e2e\tests\performance\performance-security.spec.ts:5:14

    Retry #1 ───────────────────────────────────────────────────────────────────────────────────────

    Error: page.goto: Protocol error (Playwright.navigate): Cannot navigate to invalid URL
    Call log:
      - navigating to "/", waiting until "load"


      3 | test.describe("⚡ Performance & Security E2E Tests", () => {
      4 | 	test.beforeEach(async ({ page }) => {
    > 5 | 		await page.goto("/");
        | 		           ^
      6 | 	});
      7 |
      8 | 	test("Performance: Page load times under 3 seconds", async ({ page }) => {
        at D:\neonpro\tools\testing\e2e\tests\performance\performance-security.spec.ts:5:14

    attachment #1: trace (application/zip) ─────────────────────────────────────────────────────────
    ..\..\..\..\e2e\test-results\performance-performance-se-c2dae-sts-Security-XSS-protection-webkit-desktop-retry1\trace.zip
    Usage:

        npx playwright show-trace ..\..\..\..\e2e\test-results\performance-performance-se-c2dae-sts-Security-XSS-protection-webkit-desktop-retry1\trace.zip

    ────────────────────────────────────────────────────────────────────────────────────────────────
]]>
</failure>
<system-out>
<![CDATA[
[[ATTACHMENT|..\test-results\performance-performance-se-c2dae-sts-Security-XSS-protection-webkit-desktop-retry1\trace.zip]]
]]>
</system-out>
</testcase>
<testcase name="[webkit-desktop] ⚡ Performance &amp; Security E2E Tests › Security: SQL injection protection" classname="performance\performance-security.spec.ts" time="0.361">
<failure message="performance-security.spec.ts:92:6 Security: SQL injection protection" type="FAILURE">
<![CDATA[  [webkit-desktop] › performance\performance-security.spec.ts:92:6 › ⚡ Performance & Security E2E Tests › Security: SQL injection protection 

    Error: page.goto: Protocol error (Playwright.navigate): Cannot navigate to invalid URL
    Call log:
      - navigating to "/", waiting until "load"


      3 | test.describe("⚡ Performance & Security E2E Tests", () => {
      4 | 	test.beforeEach(async ({ page }) => {
    > 5 | 		await page.goto("/");
        | 		           ^
      6 | 	});
      7 |
      8 | 	test("Performance: Page load times under 3 seconds", async ({ page }) => {
        at D:\neonpro\tools\testing\e2e\tests\performance\performance-security.spec.ts:5:14

    Retry #1 ───────────────────────────────────────────────────────────────────────────────────────

    Error: page.goto: Protocol error (Playwright.navigate): Cannot navigate to invalid URL
    Call log:
      - navigating to "/", waiting until "load"


      3 | test.describe("⚡ Performance & Security E2E Tests", () => {
      4 | 	test.beforeEach(async ({ page }) => {
    > 5 | 		await page.goto("/");
        | 		           ^
      6 | 	});
      7 |
      8 | 	test("Performance: Page load times under 3 seconds", async ({ page }) => {
        at D:\neonpro\tools\testing\e2e\tests\performance\performance-security.spec.ts:5:14

    attachment #1: trace (application/zip) ─────────────────────────────────────────────────────────
    ..\..\..\..\e2e\test-results\performance-performance-se-07108-ty-SQL-injection-protection-webkit-desktop-retry1\trace.zip
    Usage:

        npx playwright show-trace ..\..\..\..\e2e\test-results\performance-performance-se-07108-ty-SQL-injection-protection-webkit-desktop-retry1\trace.zip

    ────────────────────────────────────────────────────────────────────────────────────────────────
]]>
</failure>
<system-out>
<![CDATA[
[[ATTACHMENT|..\test-results\performance-performance-se-07108-ty-SQL-injection-protection-webkit-desktop-retry1\trace.zip]]
]]>
</system-out>
</testcase>
<testcase name="[webkit-desktop] ⚡ Performance &amp; Security E2E Tests › Security: Authentication bypass attempts" classname="performance\performance-security.spec.ts" time="0.38">
<failure message="performance-security.spec.ts:113:6 Security: Authentication bypass attempts" type="FAILURE">
<![CDATA[  [webkit-desktop] › performance\performance-security.spec.ts:113:6 › ⚡ Performance & Security E2E Tests › Security: Authentication bypass attempts 

    Error: page.goto: Protocol error (Playwright.navigate): Cannot navigate to invalid URL
    Call log:
      - navigating to "/", waiting until "load"


      3 | test.describe("⚡ Performance & Security E2E Tests", () => {
      4 | 	test.beforeEach(async ({ page }) => {
    > 5 | 		await page.goto("/");
        | 		           ^
      6 | 	});
      7 |
      8 | 	test("Performance: Page load times under 3 seconds", async ({ page }) => {
        at D:\neonpro\tools\testing\e2e\tests\performance\performance-security.spec.ts:5:14

    Retry #1 ───────────────────────────────────────────────────────────────────────────────────────

    Error: page.goto: Protocol error (Playwright.navigate): Cannot navigate to invalid URL
    Call log:
      - navigating to "/", waiting until "load"


      3 | test.describe("⚡ Performance & Security E2E Tests", () => {
      4 | 	test.beforeEach(async ({ page }) => {
    > 5 | 		await page.goto("/");
        | 		           ^
      6 | 	});
      7 |
      8 | 	test("Performance: Page load times under 3 seconds", async ({ page }) => {
        at D:\neonpro\tools\testing\e2e\tests\performance\performance-security.spec.ts:5:14

    attachment #1: trace (application/zip) ─────────────────────────────────────────────────────────
    ..\..\..\..\e2e\test-results\performance-performance-se-16994-hentication-bypass-attempts-webkit-desktop-retry1\trace.zip
    Usage:

        npx playwright show-trace ..\..\..\..\e2e\test-results\performance-performance-se-16994-hentication-bypass-attempts-webkit-desktop-retry1\trace.zip

    ────────────────────────────────────────────────────────────────────────────────────────────────
]]>
</failure>
<system-out>
<![CDATA[
[[ATTACHMENT|..\test-results\performance-performance-se-16994-hentication-bypass-attempts-webkit-desktop-retry1\trace.zip]]
]]>
</system-out>
</testcase>
<testcase name="[webkit-desktop] ⚡ Performance &amp; Security E2E Tests › Security: Session management" classname="performance\performance-security.spec.ts" time="0.376">
<failure message="performance-security.spec.ts:132:6 Security: Session management" type="FAILURE">
<![CDATA[  [webkit-desktop] › performance\performance-security.spec.ts:132:6 › ⚡ Performance & Security E2E Tests › Security: Session management 

    Error: page.goto: Protocol error (Playwright.navigate): Cannot navigate to invalid URL
    Call log:
      - navigating to "/", waiting until "load"


      3 | test.describe("⚡ Performance & Security E2E Tests", () => {
      4 | 	test.beforeEach(async ({ page }) => {
    > 5 | 		await page.goto("/");
        | 		           ^
      6 | 	});
      7 |
      8 | 	test("Performance: Page load times under 3 seconds", async ({ page }) => {
        at D:\neonpro\tools\testing\e2e\tests\performance\performance-security.spec.ts:5:14

    Retry #1 ───────────────────────────────────────────────────────────────────────────────────────

    Error: page.goto: Protocol error (Playwright.navigate): Cannot navigate to invalid URL
    Call log:
      - navigating to "/", waiting until "load"


      3 | test.describe("⚡ Performance & Security E2E Tests", () => {
      4 | 	test.beforeEach(async ({ page }) => {
    > 5 | 		await page.goto("/");
        | 		           ^
      6 | 	});
      7 |
      8 | 	test("Performance: Page load times under 3 seconds", async ({ page }) => {
        at D:\neonpro\tools\testing\e2e\tests\performance\performance-security.spec.ts:5:14

    attachment #1: trace (application/zip) ─────────────────────────────────────────────────────────
    ..\..\..\..\e2e\test-results\performance-performance-se-69fe0-Security-Session-management-webkit-desktop-retry1\trace.zip
    Usage:

        npx playwright show-trace ..\..\..\..\e2e\test-results\performance-performance-se-69fe0-Security-Session-management-webkit-desktop-retry1\trace.zip

    ────────────────────────────────────────────────────────────────────────────────────────────────
]]>
</failure>
<system-out>
<![CDATA[
[[ATTACHMENT|..\test-results\performance-performance-se-69fe0-Security-Session-management-webkit-desktop-retry1\trace.zip]]
]]>
</system-out>
</testcase>
<testcase name="[webkit-desktop] ⚡ Performance &amp; Security E2E Tests › Performance: Large dataset handling" classname="performance\performance-security.spec.ts" time="0.455">
<failure message="performance-security.spec.ts:159:6 Performance: Large dataset handling" type="FAILURE">
<![CDATA[  [webkit-desktop] › performance\performance-security.spec.ts:159:6 › ⚡ Performance & Security E2E Tests › Performance: Large dataset handling 

    Error: page.goto: Protocol error (Playwright.navigate): Cannot navigate to invalid URL
    Call log:
      - navigating to "/", waiting until "load"


      3 | test.describe("⚡ Performance & Security E2E Tests", () => {
      4 | 	test.beforeEach(async ({ page }) => {
    > 5 | 		await page.goto("/");
        | 		           ^
      6 | 	});
      7 |
      8 | 	test("Performance: Page load times under 3 seconds", async ({ page }) => {
        at D:\neonpro\tools\testing\e2e\tests\performance\performance-security.spec.ts:5:14

    Retry #1 ───────────────────────────────────────────────────────────────────────────────────────

    Error: page.goto: Protocol error (Playwright.navigate): Cannot navigate to invalid URL
    Call log:
      - navigating to "/", waiting until "load"


      3 | test.describe("⚡ Performance & Security E2E Tests", () => {
      4 | 	test.beforeEach(async ({ page }) => {
    > 5 | 		await page.goto("/");
        | 		           ^
      6 | 	});
      7 |
      8 | 	test("Performance: Page load times under 3 seconds", async ({ page }) => {
        at D:\neonpro\tools\testing\e2e\tests\performance\performance-security.spec.ts:5:14

    attachment #1: trace (application/zip) ─────────────────────────────────────────────────────────
    ..\..\..\..\e2e\test-results\performance-performance-se-fd495-ance-Large-dataset-handling-webkit-desktop-retry1\trace.zip
    Usage:

        npx playwright show-trace ..\..\..\..\e2e\test-results\performance-performance-se-fd495-ance-Large-dataset-handling-webkit-desktop-retry1\trace.zip

    ────────────────────────────────────────────────────────────────────────────────────────────────
]]>
</failure>
<system-out>
<![CDATA[
[[ATTACHMENT|..\test-results\performance-performance-se-fd495-ance-Large-dataset-handling-webkit-desktop-retry1\trace.zip]]
]]>
</system-out>
</testcase>
<testcase name="[webkit-desktop] ⚡ Performance &amp; Security E2E Tests › Accessibility: Keyboard navigation" classname="performance\performance-security.spec.ts" time="0.456">
<failure message="performance-security.spec.ts:194:6 Accessibility: Keyboard navigation" type="FAILURE">
<![CDATA[  [webkit-desktop] › performance\performance-security.spec.ts:194:6 › ⚡ Performance & Security E2E Tests › Accessibility: Keyboard navigation 

    Error: page.goto: Protocol error (Playwright.navigate): Cannot navigate to invalid URL
    Call log:
      - navigating to "/", waiting until "load"


      3 | test.describe("⚡ Performance & Security E2E Tests", () => {
      4 | 	test.beforeEach(async ({ page }) => {
    > 5 | 		await page.goto("/");
        | 		           ^
      6 | 	});
      7 |
      8 | 	test("Performance: Page load times under 3 seconds", async ({ page }) => {
        at D:\neonpro\tools\testing\e2e\tests\performance\performance-security.spec.ts:5:14

    Retry #1 ───────────────────────────────────────────────────────────────────────────────────────

    Error: page.goto: Protocol error (Playwright.navigate): Cannot navigate to invalid URL
    Call log:
      - navigating to "/", waiting until "load"


      3 | test.describe("⚡ Performance & Security E2E Tests", () => {
      4 | 	test.beforeEach(async ({ page }) => {
    > 5 | 		await page.goto("/");
        | 		           ^
      6 | 	});
      7 |
      8 | 	test("Performance: Page load times under 3 seconds", async ({ page }) => {
        at D:\neonpro\tools\testing\e2e\tests\performance\performance-security.spec.ts:5:14

    attachment #1: trace (application/zip) ─────────────────────────────────────────────────────────
    ..\..\..\..\e2e\test-results\performance-performance-se-6f8b4-ibility-Keyboard-navigation-webkit-desktop-retry1\trace.zip
    Usage:

        npx playwright show-trace ..\..\..\..\e2e\test-results\performance-performance-se-6f8b4-ibility-Keyboard-navigation-webkit-desktop-retry1\trace.zip

    ────────────────────────────────────────────────────────────────────────────────────────────────
]]>
</failure>
<system-out>
<![CDATA[
[[ATTACHMENT|..\test-results\performance-performance-se-6f8b4-ibility-Keyboard-navigation-webkit-desktop-retry1\trace.zip]]
]]>
</system-out>
</testcase>
<testcase name="[webkit-desktop] ⚡ Performance &amp; Security E2E Tests › Accessibility: Screen reader compatibility" classname="performance\performance-security.spec.ts" time="0.474">
<failure message="performance-security.spec.ts:216:6 Accessibility: Screen reader compatibility" type="FAILURE">
<![CDATA[  [webkit-desktop] › performance\performance-security.spec.ts:216:6 › ⚡ Performance & Security E2E Tests › Accessibility: Screen reader compatibility 

    Error: page.goto: Protocol error (Playwright.navigate): Cannot navigate to invalid URL
    Call log:
      - navigating to "/", waiting until "load"


      3 | test.describe("⚡ Performance & Security E2E Tests", () => {
      4 | 	test.beforeEach(async ({ page }) => {
    > 5 | 		await page.goto("/");
        | 		           ^
      6 | 	});
      7 |
      8 | 	test("Performance: Page load times under 3 seconds", async ({ page }) => {
        at D:\neonpro\tools\testing\e2e\tests\performance\performance-security.spec.ts:5:14

    Retry #1 ───────────────────────────────────────────────────────────────────────────────────────

    Error: page.goto: Protocol error (Playwright.navigate): Cannot navigate to invalid URL
    Call log:
      - navigating to "/", waiting until "load"


      3 | test.describe("⚡ Performance & Security E2E Tests", () => {
      4 | 	test.beforeEach(async ({ page }) => {
    > 5 | 		await page.goto("/");
        | 		           ^
      6 | 	});
      7 |
      8 | 	test("Performance: Page load times under 3 seconds", async ({ page }) => {
        at D:\neonpro\tools\testing\e2e\tests\performance\performance-security.spec.ts:5:14

    attachment #1: trace (application/zip) ─────────────────────────────────────────────────────────
    ..\..\..\..\e2e\test-results\performance-performance-se-a1f89-Screen-reader-compatibility-webkit-desktop-retry1\trace.zip
    Usage:

        npx playwright show-trace ..\..\..\..\e2e\test-results\performance-performance-se-a1f89-Screen-reader-compatibility-webkit-desktop-retry1\trace.zip

    ────────────────────────────────────────────────────────────────────────────────────────────────
]]>
</failure>
<system-out>
<![CDATA[
[[ATTACHMENT|..\test-results\performance-performance-se-a1f89-Screen-reader-compatibility-webkit-desktop-retry1\trace.zip]]
]]>
</system-out>
</testcase>
<testcase name="[webkit-desktop] ⚡ Performance &amp; Security E2E Tests › Mobile Responsiveness: Touch interactions" classname="performance\performance-security.spec.ts" time="0.351">
<failure message="performance-security.spec.ts:251:6 Mobile Responsiveness: Touch interactions" type="FAILURE">
<![CDATA[  [webkit-desktop] › performance\performance-security.spec.ts:251:6 › ⚡ Performance & Security E2E Tests › Mobile Responsiveness: Touch interactions 

    Error: page.goto: Protocol error (Playwright.navigate): Cannot navigate to invalid URL
    Call log:
      - navigating to "/", waiting until "load"


      3 | test.describe("⚡ Performance & Security E2E Tests", () => {
      4 | 	test.beforeEach(async ({ page }) => {
    > 5 | 		await page.goto("/");
        | 		           ^
      6 | 	});
      7 |
      8 | 	test("Performance: Page load times under 3 seconds", async ({ page }) => {
        at D:\neonpro\tools\testing\e2e\tests\performance\performance-security.spec.ts:5:14

    Retry #1 ───────────────────────────────────────────────────────────────────────────────────────

    Error: page.goto: Protocol error (Playwright.navigate): Cannot navigate to invalid URL
    Call log:
      - navigating to "/", waiting until "load"


      3 | test.describe("⚡ Performance & Security E2E Tests", () => {
      4 | 	test.beforeEach(async ({ page }) => {
    > 5 | 		await page.goto("/");
        | 		           ^
      6 | 	});
      7 |
      8 | 	test("Performance: Page load times under 3 seconds", async ({ page }) => {
        at D:\neonpro\tools\testing\e2e\tests\performance\performance-security.spec.ts:5:14

    attachment #1: trace (application/zip) ─────────────────────────────────────────────────────────
    ..\..\..\..\e2e\test-results\performance-performance-se-cfbec-siveness-Touch-interactions-webkit-desktop-retry1\trace.zip
    Usage:

        npx playwright show-trace ..\..\..\..\e2e\test-results\performance-performance-se-cfbec-siveness-Touch-interactions-webkit-desktop-retry1\trace.zip

    ────────────────────────────────────────────────────────────────────────────────────────────────
]]>
</failure>
<system-out>
<![CDATA[
[[ATTACHMENT|..\test-results\performance-performance-se-cfbec-siveness-Touch-interactions-webkit-desktop-retry1\trace.zip]]
]]>
</system-out>
</testcase>
<testcase name="[webkit-desktop] ⚡ Performance &amp; Security E2E Tests › Error Handling: Network failures" classname="performance\performance-security.spec.ts" time="0.423">
<failure message="performance-security.spec.ts:280:6 Error Handling: Network failures" type="FAILURE">
<![CDATA[  [webkit-desktop] › performance\performance-security.spec.ts:280:6 › ⚡ Performance & Security E2E Tests › Error Handling: Network failures 

    Error: page.goto: Protocol error (Playwright.navigate): Cannot navigate to invalid URL
    Call log:
      - navigating to "/", waiting until "load"


      3 | test.describe("⚡ Performance & Security E2E Tests", () => {
      4 | 	test.beforeEach(async ({ page }) => {
    > 5 | 		await page.goto("/");
        | 		           ^
      6 | 	});
      7 |
      8 | 	test("Performance: Page load times under 3 seconds", async ({ page }) => {
        at D:\neonpro\tools\testing\e2e\tests\performance\performance-security.spec.ts:5:14

    Retry #1 ───────────────────────────────────────────────────────────────────────────────────────

    Error: page.goto: Protocol error (Playwright.navigate): Cannot navigate to invalid URL
    Call log:
      - navigating to "/", waiting until "load"


      3 | test.describe("⚡ Performance & Security E2E Tests", () => {
      4 | 	test.beforeEach(async ({ page }) => {
    > 5 | 		await page.goto("/");
        | 		           ^
      6 | 	});
      7 |
      8 | 	test("Performance: Page load times under 3 seconds", async ({ page }) => {
        at D:\neonpro\tools\testing\e2e\tests\performance\performance-security.spec.ts:5:14

    attachment #1: trace (application/zip) ─────────────────────────────────────────────────────────
    ..\..\..\..\e2e\test-results\performance-performance-se-8e89c-r-Handling-Network-failures-webkit-desktop-retry1\trace.zip
    Usage:

        npx playwright show-trace ..\..\..\..\e2e\test-results\performance-performance-se-8e89c-r-Handling-Network-failures-webkit-desktop-retry1\trace.zip

    ────────────────────────────────────────────────────────────────────────────────────────────────
]]>
</failure>
<system-out>
<![CDATA[
[[ATTACHMENT|..\test-results\performance-performance-se-8e89c-r-Handling-Network-failures-webkit-desktop-retry1\trace.zip]]
]]>
</system-out>
</testcase>
</testsuite>
<testsuite name="playwright-setup-validation.spec.ts" timestamp="2025-08-23T06:21:35.562Z" hostname="webkit-desktop" tests="3" failures="0" skipped="0" time="2.744" errors="0">
<testcase name="[webkit-desktop] Playwright Configuration Validation › should have working Playwright installation" classname="playwright-setup-validation.spec.ts" time="0.894">
</testcase>
<testcase name="[webkit-desktop] Playwright Configuration Validation › should support modern browser features" classname="playwright-setup-validation.spec.ts" time="0.804">
</testcase>
<testcase name="[webkit-desktop] Playwright Configuration Validation › should handle network requests correctly" classname="playwright-setup-validation.spec.ts" time="1.046">
</testcase>
</testsuite>
<testsuite name="security\security-compliance.spec.ts" timestamp="2025-08-23T06:21:35.562Z" hostname="webkit-desktop" tests="7" failures="7" skipped="0" time="2.918" errors="0">
<testcase name="[webkit-desktop] 🔒 Security &amp; Compliance Testing › 🛡️ Authentication Security Tests" classname="security\security-compliance.spec.ts" time="0.309">
<failure message="security-compliance.spec.ts:17:6 🛡️ Authentication Security Tests" type="FAILURE">
<![CDATA[  [webkit-desktop] › security\security-compliance.spec.ts:17:6 › 🔒 Security & Compliance Testing › 🛡️ Authentication Security Tests › Verify redirect to login for protected routes 

    Error: page.goto: Protocol error (Playwright.navigate): Cannot navigate to invalid URL
    Call log:
      - navigating to "/dashboard", waiting until "load"


      20 | 		await test.step("Verify redirect to login for protected routes", async () => {
      21 | 			// Try to access protected route without authentication
    > 22 | 			await page.goto("/dashboard");
         | 			           ^
      23 |
      24 | 			// Should redirect to login
      25 | 			await expect(page).toHaveURL(/.*\/login/);
        at D:\neonpro\tools\testing\e2e\tests\security\security-compliance.spec.ts:22:15
        at D:\neonpro\tools\testing\e2e\tests\security\security-compliance.spec.ts:20:14

    Retry #1 ───────────────────────────────────────────────────────────────────────────────────────

    Error: page.goto: Protocol error (Playwright.navigate): Cannot navigate to invalid URL
    Call log:
      - navigating to "/dashboard", waiting until "load"


      20 | 		await test.step("Verify redirect to login for protected routes", async () => {
      21 | 			// Try to access protected route without authentication
    > 22 | 			await page.goto("/dashboard");
         | 			           ^
      23 |
      24 | 			// Should redirect to login
      25 | 			await expect(page).toHaveURL(/.*\/login/);
        at D:\neonpro\tools\testing\e2e\tests\security\security-compliance.spec.ts:22:15
        at D:\neonpro\tools\testing\e2e\tests\security\security-compliance.spec.ts:20:14

    attachment #1: trace (application/zip) ─────────────────────────────────────────────────────────
    ..\..\..\..\e2e\test-results\security-security-complian-28b0a-thentication-Security-Tests-webkit-desktop-retry1\trace.zip
    Usage:

        npx playwright show-trace ..\..\..\..\e2e\test-results\security-security-complian-28b0a-thentication-Security-Tests-webkit-desktop-retry1\trace.zip

    ────────────────────────────────────────────────────────────────────────────────────────────────
]]>
</failure>
<system-out>
<![CDATA[
[[ATTACHMENT|..\test-results\security-security-complian-28b0a-thentication-Security-Tests-webkit-desktop-retry1\trace.zip]]
]]>
</system-out>
</testcase>
<testcase name="[webkit-desktop] 🔒 Security &amp; Compliance Testing › 🔐 Authorization Enforcement Tests" classname="security\security-compliance.spec.ts" time="0.422">
<failure message="security-compliance.spec.ts:66:6 🔐 Authorization Enforcement Tests" type="FAILURE">
<![CDATA[  [webkit-desktop] › security\security-compliance.spec.ts:66:6 › 🔒 Security & Compliance Testing › 🔐 Authorization Enforcement Tests › Test API endpoint authorization 

    TypeError: apiRequestContext.get: Invalid URL

      69 | 		await test.step("Test API endpoint authorization", async () => {
      70 | 			// Test unauthorized API access
    > 71 | 			const response = await page.request.get("/api/v1/patients");
         | 			                                    ^
      72 | 			expect(response.status()).toBe(401);
      73 |
      74 | 			const responseBody = await response.json();
        at D:\neonpro\tools\testing\e2e\tests\security\security-compliance.spec.ts:71:40
        at D:\neonpro\tools\testing\e2e\tests\security\security-compliance.spec.ts:69:14

    Retry #1 ───────────────────────────────────────────────────────────────────────────────────────

    TypeError: apiRequestContext.get: Invalid URL

      69 | 		await test.step("Test API endpoint authorization", async () => {
      70 | 			// Test unauthorized API access
    > 71 | 			const response = await page.request.get("/api/v1/patients");
         | 			                                    ^
      72 | 			expect(response.status()).toBe(401);
      73 |
      74 | 			const responseBody = await response.json();
        at D:\neonpro\tools\testing\e2e\tests\security\security-compliance.spec.ts:71:40
        at D:\neonpro\tools\testing\e2e\tests\security\security-compliance.spec.ts:69:14

    attachment #1: trace (application/zip) ─────────────────────────────────────────────────────────
    ..\..\..\..\e2e\test-results\security-security-complian-bb65d-orization-Enforcement-Tests-webkit-desktop-retry1\trace.zip
    Usage:

        npx playwright show-trace ..\..\..\..\e2e\test-results\security-security-complian-bb65d-orization-Enforcement-Tests-webkit-desktop-retry1\trace.zip

    ────────────────────────────────────────────────────────────────────────────────────────────────
]]>
</failure>
<system-out>
<![CDATA[
[[ATTACHMENT|..\test-results\security-security-complian-bb65d-orization-Enforcement-Tests-webkit-desktop-retry1\trace.zip]]
]]>
</system-out>
</testcase>
<testcase name="[webkit-desktop] 🔒 Security &amp; Compliance Testing › 📋 LGPD Compliance Tests" classname="security\security-compliance.spec.ts" time="0.427">
<failure message="security-compliance.spec.ts:93:6 📋 LGPD Compliance Tests" type="FAILURE">
<![CDATA[  [webkit-desktop] › security\security-compliance.spec.ts:93:6 › 🔒 Security & Compliance Testing › 📋 LGPD Compliance Tests › Verify consent collection 

    Error: page.goto: Protocol error (Playwright.navigate): Cannot navigate to invalid URL
    Call log:
      - navigating to "/patients/new", waiting until "load"


       95 |
       96 | 		await test.step("Verify consent collection", async () => {
    >  97 | 			await page.goto("/patients/new");
          | 			           ^
       98 |
       99 | 			// LGPD consent should be required
      100 | 			await expect(
        at D:\neonpro\tools\testing\e2e\tests\security\security-compliance.spec.ts:97:15
        at D:\neonpro\tools\testing\e2e\tests\security\security-compliance.spec.ts:96:14

    Retry #1 ───────────────────────────────────────────────────────────────────────────────────────

    Error: page.goto: Protocol error (Playwright.navigate): Cannot navigate to invalid URL
    Call log:
      - navigating to "/patients/new", waiting until "load"


       95 |
       96 | 		await test.step("Verify consent collection", async () => {
    >  97 | 			await page.goto("/patients/new");
          | 			           ^
       98 |
       99 | 			// LGPD consent should be required
      100 | 			await expect(
        at D:\neonpro\tools\testing\e2e\tests\security\security-compliance.spec.ts:97:15
        at D:\neonpro\tools\testing\e2e\tests\security\security-compliance.spec.ts:96:14

    attachment #1: trace (application/zip) ─────────────────────────────────────────────────────────
    ..\..\..\..\e2e\test-results\security-security-complian-5fee0-ng-📋-LGPD-Compliance-Tests-webkit-desktop-retry1\trace.zip
    Usage:

        npx playwright show-trace ..\..\..\..\e2e\test-results\security-security-complian-5fee0-ng-📋-LGPD-Compliance-Tests-webkit-desktop-retry1\trace.zip

    ────────────────────────────────────────────────────────────────────────────────────────────────
]]>
</failure>
<system-out>
<![CDATA[
[[ATTACHMENT|..\test-results\security-security-complian-5fee0-ng-📋-LGPD-Compliance-Tests-webkit-desktop-retry1\trace.zip]]
]]>
</system-out>
</testcase>
<testcase name="[webkit-desktop] 🔒 Security &amp; Compliance Testing › 🌐 Security Headers Tests" classname="security\security-compliance.spec.ts" time="0.36">
<failure message="security-compliance.spec.ts:137:6 🌐 Security Headers Tests" type="FAILURE">
<![CDATA[  [webkit-desktop] › security\security-compliance.spec.ts:137:6 › 🔒 Security & Compliance Testing › 🌐 Security Headers Tests › Verify security headers presence 

    TypeError: apiRequestContext.get: Invalid URL

      139 |
      140 | 		await test.step("Verify security headers presence", async () => {
    > 141 | 			const response = await page.request.get("/");
          | 			                                    ^
      142 |
      143 | 			// Check for critical security headers
      144 | 			expect(response.headers()["x-frame-options"]).toBeTruthy();
        at D:\neonpro\tools\testing\e2e\tests\security\security-compliance.spec.ts:141:40
        at D:\neonpro\tools\testing\e2e\tests\security\security-compliance.spec.ts:140:14

    Retry #1 ───────────────────────────────────────────────────────────────────────────────────────

    TypeError: apiRequestContext.get: Invalid URL

      139 |
      140 | 		await test.step("Verify security headers presence", async () => {
    > 141 | 			const response = await page.request.get("/");
          | 			                                    ^
      142 |
      143 | 			// Check for critical security headers
      144 | 			expect(response.headers()["x-frame-options"]).toBeTruthy();
        at D:\neonpro\tools\testing\e2e\tests\security\security-compliance.spec.ts:141:40
        at D:\neonpro\tools\testing\e2e\tests\security\security-compliance.spec.ts:140:14

    attachment #1: trace (application/zip) ─────────────────────────────────────────────────────────
    ..\..\..\..\e2e\test-results\security-security-complian-25384-g-🌐-Security-Headers-Tests-webkit-desktop-retry1\trace.zip
    Usage:

        npx playwright show-trace ..\..\..\..\e2e\test-results\security-security-complian-25384-g-🌐-Security-Headers-Tests-webkit-desktop-retry1\trace.zip

    ────────────────────────────────────────────────────────────────────────────────────────────────
]]>
</failure>
<system-out>
<![CDATA[
[[ATTACHMENT|..\test-results\security-security-complian-25384-g-🌐-Security-Headers-Tests-webkit-desktop-retry1\trace.zip]]
]]>
</system-out>
</testcase>
<testcase name="[webkit-desktop] 🔒 Security &amp; Compliance Testing › 💉 Input Validation &amp; Injection Tests" classname="security\security-compliance.spec.ts" time="0.411">
<failure message="security-compliance.spec.ts:170:6 💉 Input Validation &amp; Injection Tests" type="FAILURE">
<![CDATA[  [webkit-desktop] › security\security-compliance.spec.ts:170:6 › 🔒 Security & Compliance Testing › 💉 Input Validation & Injection Tests › Test SQL injection prevention 

    Error: page.goto: Protocol error (Playwright.navigate): Cannot navigate to invalid URL
    Call log:
      - navigating to "/login", waiting until "load"


      172 |
      173 | 		await test.step("Test SQL injection prevention", async () => {
    > 174 | 			await page.goto("/login");
          | 			           ^
      175 |
      176 | 			// Try SQL injection in login form
      177 | 			await page.fill('[name="email"]', "admin'; DROP TABLE users; --");
        at D:\neonpro\tools\testing\e2e\tests\security\security-compliance.spec.ts:174:15
        at D:\neonpro\tools\testing\e2e\tests\security\security-compliance.spec.ts:173:14

    Retry #1 ───────────────────────────────────────────────────────────────────────────────────────

    Error: page.goto: Protocol error (Playwright.navigate): Cannot navigate to invalid URL
    Call log:
      - navigating to "/login", waiting until "load"


      172 |
      173 | 		await test.step("Test SQL injection prevention", async () => {
    > 174 | 			await page.goto("/login");
          | 			           ^
      175 |
      176 | 			// Try SQL injection in login form
      177 | 			await page.fill('[name="email"]', "admin'; DROP TABLE users; --");
        at D:\neonpro\tools\testing\e2e\tests\security\security-compliance.spec.ts:174:15
        at D:\neonpro\tools\testing\e2e\tests\security\security-compliance.spec.ts:173:14

    attachment #1: trace (application/zip) ─────────────────────────────────────────────────────────
    ..\..\..\..\e2e\test-results\security-security-complian-b5166--Validation-Injection-Tests-webkit-desktop-retry1\trace.zip
    Usage:

        npx playwright show-trace ..\..\..\..\e2e\test-results\security-security-complian-b5166--Validation-Injection-Tests-webkit-desktop-retry1\trace.zip

    ────────────────────────────────────────────────────────────────────────────────────────────────
]]>
</failure>
<system-out>
<![CDATA[
[[ATTACHMENT|..\test-results\security-security-complian-b5166--Validation-Injection-Tests-webkit-desktop-retry1\trace.zip]]
]]>
</system-out>
</testcase>
<testcase name="[webkit-desktop] 🔒 Security &amp; Compliance Testing › 🏥 Healthcare-Specific Security Tests" classname="security\security-compliance.spec.ts" time="0.484">
<failure message="security-compliance.spec.ts:233:6 🏥 Healthcare-Specific Security Tests" type="FAILURE">
<![CDATA[  [webkit-desktop] › security\security-compliance.spec.ts:233:6 › 🔒 Security & Compliance Testing › 🏥 Healthcare-Specific Security Tests › Test patient data access controls 

    Error: page.goto: Protocol error (Playwright.navigate): Cannot navigate to invalid URL
    Call log:
      - navigating to "/login", waiting until "load"


      236 | 		await test.step("Test patient data access controls", async () => {
      237 | 			// Login as healthcare professional
    > 238 | 			await page.goto("/login");
          | 			           ^
      239 | 			await page.fill('[name="email"]', "doctor@neonpro.com");
      240 | 			await page.fill('[name="password"]', "SecurePassword123!");
      241 | 			await page.click('button[type="submit"]');
        at D:\neonpro\tools\testing\e2e\tests\security\security-compliance.spec.ts:238:15
        at D:\neonpro\tools\testing\e2e\tests\security\security-compliance.spec.ts:236:14

    Retry #1 ───────────────────────────────────────────────────────────────────────────────────────

    Error: page.goto: Protocol error (Playwright.navigate): Cannot navigate to invalid URL
    Call log:
      - navigating to "/login", waiting until "load"


      236 | 		await test.step("Test patient data access controls", async () => {
      237 | 			// Login as healthcare professional
    > 238 | 			await page.goto("/login");
          | 			           ^
      239 | 			await page.fill('[name="email"]', "doctor@neonpro.com");
      240 | 			await page.fill('[name="password"]', "SecurePassword123!");
      241 | 			await page.click('button[type="submit"]');
        at D:\neonpro\tools\testing\e2e\tests\security\security-compliance.spec.ts:238:15
        at D:\neonpro\tools\testing\e2e\tests\security\security-compliance.spec.ts:236:14

    attachment #1: trace (application/zip) ─────────────────────────────────────────────────────────
    ..\..\..\..\e2e\test-results\security-security-complian-5455f-are-Specific-Security-Tests-webkit-desktop-retry1\trace.zip
    Usage:

        npx playwright show-trace ..\..\..\..\e2e\test-results\security-security-complian-5455f-are-Specific-Security-Tests-webkit-desktop-retry1\trace.zip

    ────────────────────────────────────────────────────────────────────────────────────────────────
]]>
</failure>
<system-out>
<![CDATA[
[[ATTACHMENT|..\test-results\security-security-complian-5455f-are-Specific-Security-Tests-webkit-desktop-retry1\trace.zip]]
]]>
</system-out>
</testcase>
<testcase name="[webkit-desktop] 🔒 Security &amp; Compliance Testing › 🔍 API Security Testing" classname="security\security-compliance.spec.ts" time="0.505">
<failure message="security-compliance.spec.ts:291:6 🔍 API Security Testing" type="FAILURE">
<![CDATA[  [webkit-desktop] › security\security-compliance.spec.ts:291:6 › 🔒 Security & Compliance Testing › 🔍 API Security Testing › Test API rate limiting 

    TypeError: apiRequestContext.get: Invalid URL

      296 | 			const requests = [];
      297 | 			for (let i = 0; i < 10; i++) {
    > 298 | 				requests.push(page.request.get("/api/v1/health"));
          | 				                           ^
      299 | 			}
      300 |
      301 | 			const responses = await Promise.all(requests);
        at D:\neonpro\tools\testing\e2e\tests\security\security-compliance.spec.ts:298:32
        at D:\neonpro\tools\testing\e2e\tests\security\security-compliance.spec.ts:294:14

    Retry #1 ───────────────────────────────────────────────────────────────────────────────────────

    TypeError: apiRequestContext.get: Invalid URL

      296 | 			const requests = [];
      297 | 			for (let i = 0; i < 10; i++) {
    > 298 | 				requests.push(page.request.get("/api/v1/health"));
          | 				                           ^
      299 | 			}
      300 |
      301 | 			const responses = await Promise.all(requests);
        at D:\neonpro\tools\testing\e2e\tests\security\security-compliance.spec.ts:298:32
        at D:\neonpro\tools\testing\e2e\tests\security\security-compliance.spec.ts:294:14

    attachment #1: trace (application/zip) ─────────────────────────────────────────────────────────
    ..\..\..\..\e2e\test-results\security-security-complian-a1a5e-ing-🔍-API-Security-Testing-webkit-desktop-retry1\trace.zip
    Usage:

        npx playwright show-trace ..\..\..\..\e2e\test-results\security-security-complian-a1a5e-ing-🔍-API-Security-Testing-webkit-desktop-retry1\trace.zip

    ────────────────────────────────────────────────────────────────────────────────────────────────
]]>
</failure>
<system-out>
<![CDATA[
[[ATTACHMENT|..\test-results\security-security-complian-a1a5e-ing-🔍-API-Security-Testing-webkit-desktop-retry1\trace.zip]]
]]>
</system-out>
</testcase>
</testsuite>
<testsuite name="security\security-healthcare-specific.spec.ts" timestamp="2025-08-23T06:21:35.562Z" hostname="webkit-desktop" tests="5" failures="5" skipped="0" time="2.374" errors="0">
<testcase name="[webkit-desktop] 🏥 Healthcare Security Compliance › should enforce LGPD data protection in patient views" classname="security\security-healthcare-specific.spec.ts" time="0.483">
<failure message="security-healthcare-specific.spec.ts:23:6 should enforce LGPD data protection in patient views" type="FAILURE">
<![CDATA[  [webkit-desktop] › security\security-healthcare-specific.spec.ts:23:6 › 🏥 Healthcare Security Compliance › should enforce LGPD data protection in patient views 

    Error: page.goto: Protocol error (Playwright.navigate): Cannot navigate to invalid URL
    Call log:
      - navigating to "/login", waiting until "load"


      13 | test.describe("🏥 Healthcare Security Compliance", () => {
      14 | 	test.beforeEach(async ({ page }) => {
    > 15 | 		await page.goto("/login");
         | 		           ^
      16 | 		// Login with test credentials
      17 | 		await page.fill('[data-testid="email"]', "test@neonpro.com");
      18 | 		await page.fill('[data-testid="password"]', "testpassword");
        at D:\neonpro\tools\testing\e2e\tests\security\security-healthcare-specific.spec.ts:15:14

    Retry #1 ───────────────────────────────────────────────────────────────────────────────────────

    Error: page.goto: Protocol error (Playwright.navigate): Cannot navigate to invalid URL
    Call log:
      - navigating to "/login", waiting until "load"


      13 | test.describe("🏥 Healthcare Security Compliance", () => {
      14 | 	test.beforeEach(async ({ page }) => {
    > 15 | 		await page.goto("/login");
         | 		           ^
      16 | 		// Login with test credentials
      17 | 		await page.fill('[data-testid="email"]', "test@neonpro.com");
      18 | 		await page.fill('[data-testid="password"]', "testpassword");
        at D:\neonpro\tools\testing\e2e\tests\security\security-healthcare-specific.spec.ts:15:14

    attachment #1: trace (application/zip) ─────────────────────────────────────────────────────────
    ..\..\..\..\e2e\test-results\security-security-healthca-63be1-protection-in-patient-views-webkit-desktop-retry1\trace.zip
    Usage:

        npx playwright show-trace ..\..\..\..\e2e\test-results\security-security-healthca-63be1-protection-in-patient-views-webkit-desktop-retry1\trace.zip

    ────────────────────────────────────────────────────────────────────────────────────────────────
]]>
</failure>
<system-out>
<![CDATA[
[[ATTACHMENT|..\test-results\security-security-healthca-63be1-protection-in-patient-views-webkit-desktop-retry1\trace.zip]]
]]>
</system-out>
</testcase>
<testcase name="[webkit-desktop] 🏥 Healthcare Security Compliance › should validate ANVISA device security requirements" classname="security\security-healthcare-specific.spec.ts" time="0.47">
<failure message="security-healthcare-specific.spec.ts:41:6 should validate ANVISA device security requirements" type="FAILURE">
<![CDATA[  [webkit-desktop] › security\security-healthcare-specific.spec.ts:41:6 › 🏥 Healthcare Security Compliance › should validate ANVISA device security requirements 

    Error: page.goto: Protocol error (Playwright.navigate): Cannot navigate to invalid URL
    Call log:
      - navigating to "/login", waiting until "load"


      13 | test.describe("🏥 Healthcare Security Compliance", () => {
      14 | 	test.beforeEach(async ({ page }) => {
    > 15 | 		await page.goto("/login");
         | 		           ^
      16 | 		// Login with test credentials
      17 | 		await page.fill('[data-testid="email"]', "test@neonpro.com");
      18 | 		await page.fill('[data-testid="password"]', "testpassword");
        at D:\neonpro\tools\testing\e2e\tests\security\security-healthcare-specific.spec.ts:15:14

    Retry #1 ───────────────────────────────────────────────────────────────────────────────────────

    Error: page.goto: Protocol error (Playwright.navigate): Cannot navigate to invalid URL
    Call log:
      - navigating to "/login", waiting until "load"


      13 | test.describe("🏥 Healthcare Security Compliance", () => {
      14 | 	test.beforeEach(async ({ page }) => {
    > 15 | 		await page.goto("/login");
         | 		           ^
      16 | 		// Login with test credentials
      17 | 		await page.fill('[data-testid="email"]', "test@neonpro.com");
      18 | 		await page.fill('[data-testid="password"]', "testpassword");
        at D:\neonpro\tools\testing\e2e\tests\security\security-healthcare-specific.spec.ts:15:14

    attachment #1: trace (application/zip) ─────────────────────────────────────────────────────────
    ..\..\..\..\e2e\test-results\security-security-healthca-745b6-evice-security-requirements-webkit-desktop-retry1\trace.zip
    Usage:

        npx playwright show-trace ..\..\..\..\e2e\test-results\security-security-healthca-745b6-evice-security-requirements-webkit-desktop-retry1\trace.zip

    ────────────────────────────────────────────────────────────────────────────────────────────────
]]>
</failure>
<system-out>
<![CDATA[
[[ATTACHMENT|..\test-results\security-security-healthca-745b6-evice-security-requirements-webkit-desktop-retry1\trace.zip]]
]]>
</system-out>
</testcase>
<testcase name="[webkit-desktop] 🏥 Healthcare Security Compliance › should enforce CFM professional authentication" classname="security\security-healthcare-specific.spec.ts" time="0.487">
<failure message="security-healthcare-specific.spec.ts:63:6 should enforce CFM professional authentication" type="FAILURE">
<![CDATA[  [webkit-desktop] › security\security-healthcare-specific.spec.ts:63:6 › 🏥 Healthcare Security Compliance › should enforce CFM professional authentication 

    Error: page.goto: Protocol error (Playwright.navigate): Cannot navigate to invalid URL
    Call log:
      - navigating to "/login", waiting until "load"


      13 | test.describe("🏥 Healthcare Security Compliance", () => {
      14 | 	test.beforeEach(async ({ page }) => {
    > 15 | 		await page.goto("/login");
         | 		           ^
      16 | 		// Login with test credentials
      17 | 		await page.fill('[data-testid="email"]', "test@neonpro.com");
      18 | 		await page.fill('[data-testid="password"]', "testpassword");
        at D:\neonpro\tools\testing\e2e\tests\security\security-healthcare-specific.spec.ts:15:14

    Retry #1 ───────────────────────────────────────────────────────────────────────────────────────

    Error: page.goto: Protocol error (Playwright.navigate): Cannot navigate to invalid URL
    Call log:
      - navigating to "/login", waiting until "load"


      13 | test.describe("🏥 Healthcare Security Compliance", () => {
      14 | 	test.beforeEach(async ({ page }) => {
    > 15 | 		await page.goto("/login");
         | 		           ^
      16 | 		// Login with test credentials
      17 | 		await page.fill('[data-testid="email"]', "test@neonpro.com");
      18 | 		await page.fill('[data-testid="password"]', "testpassword");
        at D:\neonpro\tools\testing\e2e\tests\security\security-healthcare-specific.spec.ts:15:14

    attachment #1: trace (application/zip) ─────────────────────────────────────────────────────────
    ..\..\..\..\e2e\test-results\security-security-healthca-4d46b-professional-authentication-webkit-desktop-retry1\trace.zip
    Usage:

        npx playwright show-trace ..\..\..\..\e2e\test-results\security-security-healthca-4d46b-professional-authentication-webkit-desktop-retry1\trace.zip

    ────────────────────────────────────────────────────────────────────────────────────────────────
]]>
</failure>
<system-out>
<![CDATA[
[[ATTACHMENT|..\test-results\security-security-healthca-4d46b-professional-authentication-webkit-desktop-retry1\trace.zip]]
]]>
</system-out>
</testcase>
<testcase name="[webkit-desktop] 🏥 Healthcare Security Compliance › should maintain audit trail for all healthcare actions" classname="security\security-healthcare-specific.spec.ts" time="0.489">
<failure message="security-healthcare-specific.spec.ts:78:6 should maintain audit trail for all healthcare actions" type="FAILURE">
<![CDATA[  [webkit-desktop] › security\security-healthcare-specific.spec.ts:78:6 › 🏥 Healthcare Security Compliance › should maintain audit trail for all healthcare actions 

    Error: page.goto: Protocol error (Playwright.navigate): Cannot navigate to invalid URL
    Call log:
      - navigating to "/login", waiting until "load"


      13 | test.describe("🏥 Healthcare Security Compliance", () => {
      14 | 	test.beforeEach(async ({ page }) => {
    > 15 | 		await page.goto("/login");
         | 		           ^
      16 | 		// Login with test credentials
      17 | 		await page.fill('[data-testid="email"]', "test@neonpro.com");
      18 | 		await page.fill('[data-testid="password"]', "testpassword");
        at D:\neonpro\tools\testing\e2e\tests\security\security-healthcare-specific.spec.ts:15:14

    Retry #1 ───────────────────────────────────────────────────────────────────────────────────────

    Error: page.goto: Protocol error (Playwright.navigate): Cannot navigate to invalid URL
    Call log:
      - navigating to "/login", waiting until "load"


      13 | test.describe("🏥 Healthcare Security Compliance", () => {
      14 | 	test.beforeEach(async ({ page }) => {
    > 15 | 		await page.goto("/login");
         | 		           ^
      16 | 		// Login with test credentials
      17 | 		await page.fill('[data-testid="email"]', "test@neonpro.com");
      18 | 		await page.fill('[data-testid="password"]', "testpassword");
        at D:\neonpro\tools\testing\e2e\tests\security\security-healthcare-specific.spec.ts:15:14

    attachment #1: trace (application/zip) ─────────────────────────────────────────────────────────
    ..\..\..\..\e2e\test-results\security-security-healthca-74e74--for-all-healthcare-actions-webkit-desktop-retry1\trace.zip
    Usage:

        npx playwright show-trace ..\..\..\..\e2e\test-results\security-security-healthca-74e74--for-all-healthcare-actions-webkit-desktop-retry1\trace.zip

    ────────────────────────────────────────────────────────────────────────────────────────────────
]]>
</failure>
<system-out>
<![CDATA[
[[ATTACHMENT|..\test-results\security-security-healthca-74e74--for-all-healthcare-actions-webkit-desktop-retry1\trace.zip]]
]]>
</system-out>
</testcase>
<testcase name="[webkit-desktop] 🏥 Healthcare Security Compliance › should protect against unauthorized data access" classname="security\security-healthcare-specific.spec.ts" time="0.445">
<failure message="security-healthcare-specific.spec.ts:96:6 should protect against unauthorized data access" type="FAILURE">
<![CDATA[  [webkit-desktop] › security\security-healthcare-specific.spec.ts:96:6 › 🏥 Healthcare Security Compliance › should protect against unauthorized data access 

    Error: page.goto: Protocol error (Playwright.navigate): Cannot navigate to invalid URL
    Call log:
      - navigating to "/login", waiting until "load"


      13 | test.describe("🏥 Healthcare Security Compliance", () => {
      14 | 	test.beforeEach(async ({ page }) => {
    > 15 | 		await page.goto("/login");
         | 		           ^
      16 | 		// Login with test credentials
      17 | 		await page.fill('[data-testid="email"]', "test@neonpro.com");
      18 | 		await page.fill('[data-testid="password"]', "testpassword");
        at D:\neonpro\tools\testing\e2e\tests\security\security-healthcare-specific.spec.ts:15:14

    Retry #1 ───────────────────────────────────────────────────────────────────────────────────────

    Error: page.goto: Protocol error (Playwright.navigate): Cannot navigate to invalid URL
    Call log:
      - navigating to "/login", waiting until "load"


      13 | test.describe("🏥 Healthcare Security Compliance", () => {
      14 | 	test.beforeEach(async ({ page }) => {
    > 15 | 		await page.goto("/login");
         | 		           ^
      16 | 		// Login with test credentials
      17 | 		await page.fill('[data-testid="email"]', "test@neonpro.com");
      18 | 		await page.fill('[data-testid="password"]', "testpassword");
        at D:\neonpro\tools\testing\e2e\tests\security\security-healthcare-specific.spec.ts:15:14

    attachment #1: trace (application/zip) ─────────────────────────────────────────────────────────
    ..\..\..\..\e2e\test-results\security-security-healthca-45e79-st-unauthorized-data-access-webkit-desktop-retry1\trace.zip
    Usage:

        npx playwright show-trace ..\..\..\..\e2e\test-results\security-security-healthca-45e79-st-unauthorized-data-access-webkit-desktop-retry1\trace.zip

    ────────────────────────────────────────────────────────────────────────────────────────────────
]]>
</failure>
<system-out>
<![CDATA[
[[ATTACHMENT|..\test-results\security-security-healthca-45e79-st-unauthorized-data-access-webkit-desktop-retry1\trace.zip]]
]]>
</system-out>
</testcase>
</testsuite>
<testsuite name="accessibility-healthcare.spec.ts" timestamp="2025-08-23T06:21:35.562Z" hostname="firefox-desktop" tests="5" failures="5" skipped="0" time="7.923" errors="0">
<testcase name="[firefox-desktop] Healthcare Accessibility Compliance › should meet WCAG 2.1 AA standards for patient dashboard" classname="accessibility-healthcare.spec.ts" time="1.563">
<failure message="accessibility-healthcare.spec.ts:8:6 should meet WCAG 2.1 AA standards for patient dashboard" type="FAILURE">
<![CDATA[  [firefox-desktop] › accessibility-healthcare.spec.ts:8:6 › Healthcare Accessibility Compliance › should meet WCAG 2.1 AA standards for patient dashboard 

    Error: page.goto: Protocol error (Page.navigate): Invalid url: "/dashboard"
    Call log:
      - navigating to "/dashboard", waiting until "load"


      3 | test.describe("Healthcare Accessibility Compliance", () => {
      4 | 	test.beforeEach(async ({ page }) => {
    > 5 | 		await page.goto("/dashboard");
        | 		           ^
      6 | 	});
      7 |
      8 | 	test("should meet WCAG 2.1 AA standards for patient dashboard", async ({
        at D:\neonpro\tools\testing\e2e\tests\accessibility-healthcare.spec.ts:5:14

    Retry #1 ───────────────────────────────────────────────────────────────────────────────────────

    Error: page.goto: Protocol error (Page.navigate): Invalid url: "/dashboard"
    Call log:
      - navigating to "/dashboard", waiting until "load"


      3 | test.describe("Healthcare Accessibility Compliance", () => {
      4 | 	test.beforeEach(async ({ page }) => {
    > 5 | 		await page.goto("/dashboard");
        | 		           ^
      6 | 	});
      7 |
      8 | 	test("should meet WCAG 2.1 AA standards for patient dashboard", async ({
        at D:\neonpro\tools\testing\e2e\tests\accessibility-healthcare.spec.ts:5:14

    attachment #1: trace (application/zip) ─────────────────────────────────────────────────────────
    ..\..\..\..\e2e\test-results\accessibility-healthcare-H-6f47a-dards-for-patient-dashboard-firefox-desktop-retry1\trace.zip
    Usage:

        npx playwright show-trace ..\..\..\..\e2e\test-results\accessibility-healthcare-H-6f47a-dards-for-patient-dashboard-firefox-desktop-retry1\trace.zip

    ────────────────────────────────────────────────────────────────────────────────────────────────
]]>
</failure>
<system-out>
<![CDATA[
[[ATTACHMENT|..\test-results\accessibility-healthcare-H-6f47a-dards-for-patient-dashboard-firefox-desktop-retry1\trace.zip]]
]]>
</system-out>
</testcase>
<testcase name="[firefox-desktop] Healthcare Accessibility Compliance › should provide accessible forms for LGPD consent" classname="accessibility-healthcare.spec.ts" time="1.587">
<failure message="accessibility-healthcare.spec.ts:28:6 should provide accessible forms for LGPD consent" type="FAILURE">
<![CDATA[  [firefox-desktop] › accessibility-healthcare.spec.ts:28:6 › Healthcare Accessibility Compliance › should provide accessible forms for LGPD consent 

    Error: page.goto: Protocol error (Page.navigate): Invalid url: "/dashboard"
    Call log:
      - navigating to "/dashboard", waiting until "load"


      3 | test.describe("Healthcare Accessibility Compliance", () => {
      4 | 	test.beforeEach(async ({ page }) => {
    > 5 | 		await page.goto("/dashboard");
        | 		           ^
      6 | 	});
      7 |
      8 | 	test("should meet WCAG 2.1 AA standards for patient dashboard", async ({
        at D:\neonpro\tools\testing\e2e\tests\accessibility-healthcare.spec.ts:5:14

    Retry #1 ───────────────────────────────────────────────────────────────────────────────────────

    Error: page.goto: Protocol error (Page.navigate): Invalid url: "/dashboard"
    Call log:
      - navigating to "/dashboard", waiting until "load"


      3 | test.describe("Healthcare Accessibility Compliance", () => {
      4 | 	test.beforeEach(async ({ page }) => {
    > 5 | 		await page.goto("/dashboard");
        | 		           ^
      6 | 	});
      7 |
      8 | 	test("should meet WCAG 2.1 AA standards for patient dashboard", async ({
        at D:\neonpro\tools\testing\e2e\tests\accessibility-healthcare.spec.ts:5:14

    attachment #1: trace (application/zip) ─────────────────────────────────────────────────────────
    ..\..\..\..\e2e\test-results\accessibility-healthcare-H-fa924-ible-forms-for-LGPD-consent-firefox-desktop-retry1\trace.zip
    Usage:

        npx playwright show-trace ..\..\..\..\e2e\test-results\accessibility-healthcare-H-fa924-ible-forms-for-LGPD-consent-firefox-desktop-retry1\trace.zip

    ────────────────────────────────────────────────────────────────────────────────────────────────
]]>
</failure>
<system-out>
<![CDATA[
[[ATTACHMENT|..\test-results\accessibility-healthcare-H-fa924-ible-forms-for-LGPD-consent-firefox-desktop-retry1\trace.zip]]
]]>
</system-out>
</testcase>
<testcase name="[firefox-desktop] Healthcare Accessibility Compliance › should support screen readers for ANVISA compliance data" classname="accessibility-healthcare.spec.ts" time="1.664">
<failure message="accessibility-healthcare.spec.ts:45:6 should support screen readers for ANVISA compliance data" type="FAILURE">
<![CDATA[  [firefox-desktop] › accessibility-healthcare.spec.ts:45:6 › Healthcare Accessibility Compliance › should support screen readers for ANVISA compliance data 

    Error: page.goto: Protocol error (Page.navigate): Invalid url: "/dashboard"
    Call log:
      - navigating to "/dashboard", waiting until "load"


      3 | test.describe("Healthcare Accessibility Compliance", () => {
      4 | 	test.beforeEach(async ({ page }) => {
    > 5 | 		await page.goto("/dashboard");
        | 		           ^
      6 | 	});
      7 |
      8 | 	test("should meet WCAG 2.1 AA standards for patient dashboard", async ({
        at D:\neonpro\tools\testing\e2e\tests\accessibility-healthcare.spec.ts:5:14

    Retry #1 ───────────────────────────────────────────────────────────────────────────────────────

    Error: page.goto: Protocol error (Page.navigate): Invalid url: "/dashboard"
    Call log:
      - navigating to "/dashboard", waiting until "load"


      3 | test.describe("Healthcare Accessibility Compliance", () => {
      4 | 	test.beforeEach(async ({ page }) => {
    > 5 | 		await page.goto("/dashboard");
        | 		           ^
      6 | 	});
      7 |
      8 | 	test("should meet WCAG 2.1 AA standards for patient dashboard", async ({
        at D:\neonpro\tools\testing\e2e\tests\accessibility-healthcare.spec.ts:5:14

    attachment #1: trace (application/zip) ─────────────────────────────────────────────────────────
    ..\..\..\..\e2e\test-results\accessibility-healthcare-H-7ed37--for-ANVISA-compliance-data-firefox-desktop-retry1\trace.zip
    Usage:

        npx playwright show-trace ..\..\..\..\e2e\test-results\accessibility-healthcare-H-7ed37--for-ANVISA-compliance-data-firefox-desktop-retry1\trace.zip

    ────────────────────────────────────────────────────────────────────────────────────────────────
]]>
</failure>
<system-out>
<![CDATA[
[[ATTACHMENT|..\test-results\accessibility-healthcare-H-7ed37--for-ANVISA-compliance-data-firefox-desktop-retry1\trace.zip]]
]]>
</system-out>
</testcase>
<testcase name="[firefox-desktop] Healthcare Accessibility Compliance › should provide accessible CFM professional validation interface" classname="accessibility-healthcare.spec.ts" time="1.495">
<failure message="accessibility-healthcare.spec.ts:59:6 should provide accessible CFM professional validation interface" type="FAILURE">
<![CDATA[  [firefox-desktop] › accessibility-healthcare.spec.ts:59:6 › Healthcare Accessibility Compliance › should provide accessible CFM professional validation interface 

    Error: page.goto: Protocol error (Page.navigate): Invalid url: "/dashboard"
    Call log:
      - navigating to "/dashboard", waiting until "load"


      3 | test.describe("Healthcare Accessibility Compliance", () => {
      4 | 	test.beforeEach(async ({ page }) => {
    > 5 | 		await page.goto("/dashboard");
        | 		           ^
      6 | 	});
      7 |
      8 | 	test("should meet WCAG 2.1 AA standards for patient dashboard", async ({
        at D:\neonpro\tools\testing\e2e\tests\accessibility-healthcare.spec.ts:5:14

    Retry #1 ───────────────────────────────────────────────────────────────────────────────────────

    Error: page.goto: Protocol error (Page.navigate): Invalid url: "/dashboard"
    Call log:
      - navigating to "/dashboard", waiting until "load"


      3 | test.describe("Healthcare Accessibility Compliance", () => {
      4 | 	test.beforeEach(async ({ page }) => {
    > 5 | 		await page.goto("/dashboard");
        | 		           ^
      6 | 	});
      7 |
      8 | 	test("should meet WCAG 2.1 AA standards for patient dashboard", async ({
        at D:\neonpro\tools\testing\e2e\tests\accessibility-healthcare.spec.ts:5:14

    attachment #1: trace (application/zip) ─────────────────────────────────────────────────────────
    ..\..\..\..\e2e\test-results\accessibility-healthcare-H-509d9-sional-validation-interface-firefox-desktop-retry1\trace.zip
    Usage:

        npx playwright show-trace ..\..\..\..\e2e\test-results\accessibility-healthcare-H-509d9-sional-validation-interface-firefox-desktop-retry1\trace.zip

    ────────────────────────────────────────────────────────────────────────────────────────────────
]]>
</failure>
<system-out>
<![CDATA[
[[ATTACHMENT|..\test-results\accessibility-healthcare-H-509d9-sional-validation-interface-firefox-desktop-retry1\trace.zip]]
]]>
</system-out>
</testcase>
<testcase name="[firefox-desktop] Healthcare Accessibility Compliance › should maintain accessibility during data loading states" classname="accessibility-healthcare.spec.ts" time="1.614">
<failure message="accessibility-healthcare.spec.ts:77:6 should maintain accessibility during data loading states" type="FAILURE">
<![CDATA[  [firefox-desktop] › accessibility-healthcare.spec.ts:77:6 › Healthcare Accessibility Compliance › should maintain accessibility during data loading states 

    Error: page.goto: Protocol error (Page.navigate): Invalid url: "/dashboard"
    Call log:
      - navigating to "/dashboard", waiting until "load"


      3 | test.describe("Healthcare Accessibility Compliance", () => {
      4 | 	test.beforeEach(async ({ page }) => {
    > 5 | 		await page.goto("/dashboard");
        | 		           ^
      6 | 	});
      7 |
      8 | 	test("should meet WCAG 2.1 AA standards for patient dashboard", async ({
        at D:\neonpro\tools\testing\e2e\tests\accessibility-healthcare.spec.ts:5:14

    Retry #1 ───────────────────────────────────────────────────────────────────────────────────────

    Error: page.goto: Protocol error (Page.navigate): Invalid url: "/dashboard"
    Call log:
      - navigating to "/dashboard", waiting until "load"


      3 | test.describe("Healthcare Accessibility Compliance", () => {
      4 | 	test.beforeEach(async ({ page }) => {
    > 5 | 		await page.goto("/dashboard");
        | 		           ^
      6 | 	});
      7 |
      8 | 	test("should meet WCAG 2.1 AA standards for patient dashboard", async ({
        at D:\neonpro\tools\testing\e2e\tests\accessibility-healthcare.spec.ts:5:14

    attachment #1: trace (application/zip) ─────────────────────────────────────────────────────────
    ..\..\..\..\e2e\test-results\accessibility-healthcare-H-c18f5--during-data-loading-states-firefox-desktop-retry1\trace.zip
    Usage:

        npx playwright show-trace ..\..\..\..\e2e\test-results\accessibility-healthcare-H-c18f5--during-data-loading-states-firefox-desktop-retry1\trace.zip

    ────────────────────────────────────────────────────────────────────────────────────────────────
]]>
</failure>
<system-out>
<![CDATA[
[[ATTACHMENT|..\test-results\accessibility-healthcare-H-c18f5--during-data-loading-states-firefox-desktop-retry1\trace.zip]]
]]>
</system-out>
</testcase>
</testsuite>
<testsuite name="auth\authentication.spec.ts" timestamp="2025-08-23T06:21:35.562Z" hostname="firefox-desktop" tests="21" failures="21" skipped="0" time="35.676" errors="0">
<testcase name="[firefox-desktop] 🔐 Authentication Flow - Critical E2E › 🚪 Login/Logout Complete Flow › should complete full login flow with valid credentials" classname="auth\authentication.spec.ts" time="1.681">
<failure message="authentication.spec.ts:31:7 should complete full login flow with valid credentials" type="FAILURE">
<![CDATA[  [firefox-desktop] › auth\authentication.spec.ts:31:7 › 🔐 Authentication Flow - Critical E2E › 🚪 Login/Logout Complete Flow › should complete full login flow with valid credentials 

    Error: page.evaluate: The operation is insecure.
    @debugger eval code line 291 > eval:1:7
    evaluate@debugger eval code:293:16
    @debugger eval code:1:44

        at @debugger eval code line 291 > eval:1:7
        at evaluate@debugger eval code:293:16
        at @debugger eval code:1:44
        at D:\neonpro\tools\testing\e2e\tests\auth\authentication.spec.ts:25:14

    Retry #1 ───────────────────────────────────────────────────────────────────────────────────────

    Error: page.evaluate: The operation is insecure.
    @debugger eval code line 291 > eval:1:7
    evaluate@debugger eval code:293:16
    @debugger eval code:1:44

        at @debugger eval code line 291 > eval:1:7
        at evaluate@debugger eval code:293:16
        at @debugger eval code:1:44
        at D:\neonpro\tools\testing\e2e\tests\auth\authentication.spec.ts:25:14

    attachment #1: trace (application/zip) ─────────────────────────────────────────────────────────
    ..\..\..\..\e2e\test-results\auth-authentication-🔐-Aut-71c89-flow-with-valid-credentials-firefox-desktop-retry1\trace.zip
    Usage:

        npx playwright show-trace ..\..\..\..\e2e\test-results\auth-authentication-🔐-Aut-71c89-flow-with-valid-credentials-firefox-desktop-retry1\trace.zip

    ────────────────────────────────────────────────────────────────────────────────────────────────
]]>
</failure>
<system-out>
<![CDATA[
[[ATTACHMENT|..\test-results\auth-authentication-🔐-Aut-71c89-flow-with-valid-credentials-firefox-desktop-retry1\trace.zip]]
]]>
</system-out>
</testcase>
<testcase name="[firefox-desktop] 🔐 Authentication Flow - Critical E2E › 🚪 Login/Logout Complete Flow › should complete logout flow and clear session" classname="auth\authentication.spec.ts" time="1.838">
<failure message="authentication.spec.ts:79:7 should complete logout flow and clear session" type="FAILURE">
<![CDATA[  [firefox-desktop] › auth\authentication.spec.ts:79:7 › 🔐 Authentication Flow - Critical E2E › 🚪 Login/Logout Complete Flow › should complete logout flow and clear session 

    Error: page.evaluate: The operation is insecure.
    @debugger eval code line 291 > eval:1:7
    evaluate@debugger eval code:293:16
    @debugger eval code:1:44

        at @debugger eval code line 291 > eval:1:7
        at evaluate@debugger eval code:293:16
        at @debugger eval code:1:44
        at D:\neonpro\tools\testing\e2e\tests\auth\authentication.spec.ts:25:14

    Retry #1 ───────────────────────────────────────────────────────────────────────────────────────

    Error: page.evaluate: The operation is insecure.
    @debugger eval code line 291 > eval:1:7
    evaluate@debugger eval code:293:16
    @debugger eval code:1:44

        at @debugger eval code line 291 > eval:1:7
        at evaluate@debugger eval code:293:16
        at @debugger eval code:1:44
        at D:\neonpro\tools\testing\e2e\tests\auth\authentication.spec.ts:25:14

    attachment #1: trace (application/zip) ─────────────────────────────────────────────────────────
    ..\..\..\..\e2e\test-results\auth-authentication-🔐-Aut-3568f-gout-flow-and-clear-session-firefox-desktop-retry1\trace.zip
    Usage:

        npx playwright show-trace ..\..\..\..\e2e\test-results\auth-authentication-🔐-Aut-3568f-gout-flow-and-clear-session-firefox-desktop-retry1\trace.zip

    ────────────────────────────────────────────────────────────────────────────────────────────────
]]>
</failure>
<system-out>
<![CDATA[
[[ATTACHMENT|..\test-results\auth-authentication-🔐-Aut-3568f-gout-flow-and-clear-session-firefox-desktop-retry1\trace.zip]]
]]>
</system-out>
</testcase>
<testcase name="[firefox-desktop] 🔐 Authentication Flow - Critical E2E › 🚪 Login/Logout Complete Flow › should reject invalid credentials with proper error handling" classname="auth\authentication.spec.ts" time="1.628">
<failure message="authentication.spec.ts:113:7 should reject invalid credentials with proper error handling" type="FAILURE">
<![CDATA[  [firefox-desktop] › auth\authentication.spec.ts:113:7 › 🔐 Authentication Flow - Critical E2E › 🚪 Login/Logout Complete Flow › should reject invalid credentials with proper error handling 

    Error: page.evaluate: The operation is insecure.
    @debugger eval code line 291 > eval:1:7
    evaluate@debugger eval code:293:16
    @debugger eval code:1:44

        at @debugger eval code line 291 > eval:1:7
        at evaluate@debugger eval code:293:16
        at @debugger eval code:1:44
        at D:\neonpro\tools\testing\e2e\tests\auth\authentication.spec.ts:25:14

    Retry #1 ───────────────────────────────────────────────────────────────────────────────────────

    Error: page.evaluate: The operation is insecure.
    @debugger eval code line 291 > eval:1:7
    evaluate@debugger eval code:293:16
    @debugger eval code:1:44

        at @debugger eval code line 291 > eval:1:7
        at evaluate@debugger eval code:293:16
        at @debugger eval code:1:44
        at D:\neonpro\tools\testing\e2e\tests\auth\authentication.spec.ts:25:14

    attachment #1: trace (application/zip) ─────────────────────────────────────────────────────────
    ..\..\..\..\e2e\test-results\auth-authentication-🔐-Aut-5f190--with-proper-error-handling-firefox-desktop-retry1\trace.zip
    Usage:

        npx playwright show-trace ..\..\..\..\e2e\test-results\auth-authentication-🔐-Aut-5f190--with-proper-error-handling-firefox-desktop-retry1\trace.zip

    ────────────────────────────────────────────────────────────────────────────────────────────────
]]>
</failure>
<system-out>
<![CDATA[
[[ATTACHMENT|..\test-results\auth-authentication-🔐-Aut-5f190--with-proper-error-handling-firefox-desktop-retry1\trace.zip]]
]]>
</system-out>
</testcase>
<testcase name="[firefox-desktop] 🔐 Authentication Flow - Critical E2E › 🏥 Healthcare Professional Authentication › should display healthcare-specific login elements" classname="auth\authentication.spec.ts" time="1.717">
<failure message="authentication.spec.ts:145:7 should display healthcare-specific login elements" type="FAILURE">
<![CDATA[  [firefox-desktop] › auth\authentication.spec.ts:145:7 › 🔐 Authentication Flow - Critical E2E › 🏥 Healthcare Professional Authentication › should display healthcare-specific login elements 

    Error: page.evaluate: The operation is insecure.
    @debugger eval code line 291 > eval:1:7
    evaluate@debugger eval code:293:16
    @debugger eval code:1:44

        at @debugger eval code line 291 > eval:1:7
        at evaluate@debugger eval code:293:16
        at @debugger eval code:1:44
        at D:\neonpro\tools\testing\e2e\tests\auth\authentication.spec.ts:25:14

    Retry #1 ───────────────────────────────────────────────────────────────────────────────────────

    Error: page.evaluate: The operation is insecure.
    @debugger eval code line 291 > eval:1:7
    evaluate@debugger eval code:293:16
    @debugger eval code:1:44

        at @debugger eval code line 291 > eval:1:7
        at evaluate@debugger eval code:293:16
        at @debugger eval code:1:44
        at D:\neonpro\tools\testing\e2e\tests\auth\authentication.spec.ts:25:14

    attachment #1: trace (application/zip) ─────────────────────────────────────────────────────────
    ..\..\..\..\e2e\test-results\auth-authentication-🔐-Aut-6e912-are-specific-login-elements-firefox-desktop-retry1\trace.zip
    Usage:

        npx playwright show-trace ..\..\..\..\e2e\test-results\auth-authentication-🔐-Aut-6e912-are-specific-login-elements-firefox-desktop-retry1\trace.zip

    ────────────────────────────────────────────────────────────────────────────────────────────────
]]>
</failure>
<system-out>
<![CDATA[
[[ATTACHMENT|..\test-results\auth-authentication-🔐-Aut-6e912-are-specific-login-elements-firefox-desktop-retry1\trace.zip]]
]]>
</system-out>
</testcase>
<testcase name="[firefox-desktop] 🔐 Authentication Flow - Critical E2E › 🏥 Healthcare Professional Authentication › should validate professional credentials format" classname="auth\authentication.spec.ts" time="1.777">
<failure message="authentication.spec.ts:164:7 should validate professional credentials format" type="FAILURE">
<![CDATA[  [firefox-desktop] › auth\authentication.spec.ts:164:7 › 🔐 Authentication Flow - Critical E2E › 🏥 Healthcare Professional Authentication › should validate professional credentials format 

    Error: page.evaluate: The operation is insecure.
    @debugger eval code line 291 > eval:1:7
    evaluate@debugger eval code:293:16
    @debugger eval code:1:44

        at @debugger eval code line 291 > eval:1:7
        at evaluate@debugger eval code:293:16
        at @debugger eval code:1:44
        at D:\neonpro\tools\testing\e2e\tests\auth\authentication.spec.ts:25:14

    Retry #1 ───────────────────────────────────────────────────────────────────────────────────────

    Error: page.evaluate: The operation is insecure.
    @debugger eval code line 291 > eval:1:7
    evaluate@debugger eval code:293:16
    @debugger eval code:1:44

        at @debugger eval code line 291 > eval:1:7
        at evaluate@debugger eval code:293:16
        at @debugger eval code:1:44
        at D:\neonpro\tools\testing\e2e\tests\auth\authentication.spec.ts:25:14

    attachment #1: trace (application/zip) ─────────────────────────────────────────────────────────
    ..\..\..\..\e2e\test-results\auth-authentication-🔐-Aut-8a7cb-essional-credentials-format-firefox-desktop-retry1\trace.zip
    Usage:

        npx playwright show-trace ..\..\..\..\e2e\test-results\auth-authentication-🔐-Aut-8a7cb-essional-credentials-format-firefox-desktop-retry1\trace.zip

    ────────────────────────────────────────────────────────────────────────────────────────────────
]]>
</failure>
<system-out>
<![CDATA[
[[ATTACHMENT|..\test-results\auth-authentication-🔐-Aut-8a7cb-essional-credentials-format-firefox-desktop-retry1\trace.zip]]
]]>
</system-out>
</testcase>
<testcase name="[firefox-desktop] 🔐 Authentication Flow - Critical E2E › 🏥 Healthcare Professional Authentication › should authenticate healthcare professional with CRM validation" classname="auth\authentication.spec.ts" time="1.896">
<failure message="authentication.spec.ts:195:7 should authenticate healthcare professional with CRM validation" type="FAILURE">
<![CDATA[  [firefox-desktop] › auth\authentication.spec.ts:195:7 › 🔐 Authentication Flow - Critical E2E › 🏥 Healthcare Professional Authentication › should authenticate healthcare professional with CRM validation 

    Error: page.evaluate: The operation is insecure.
    @debugger eval code line 291 > eval:1:7
    evaluate@debugger eval code:293:16
    @debugger eval code:1:44

        at @debugger eval code line 291 > eval:1:7
        at evaluate@debugger eval code:293:16
        at @debugger eval code:1:44
        at D:\neonpro\tools\testing\e2e\tests\auth\authentication.spec.ts:25:14

    Retry #1 ───────────────────────────────────────────────────────────────────────────────────────

    Error: page.evaluate: The operation is insecure.
    @debugger eval code line 291 > eval:1:7
    evaluate@debugger eval code:293:16
    @debugger eval code:1:44

        at @debugger eval code line 291 > eval:1:7
        at evaluate@debugger eval code:293:16
        at @debugger eval code:1:44
        at D:\neonpro\tools\testing\e2e\tests\auth\authentication.spec.ts:25:14

    attachment #1: trace (application/zip) ─────────────────────────────────────────────────────────
    ..\..\..\..\e2e\test-results\auth-authentication-🔐-Aut-c9e8a-ssional-with-CRM-validation-firefox-desktop-retry1\trace.zip
    Usage:

        npx playwright show-trace ..\..\..\..\e2e\test-results\auth-authentication-🔐-Aut-c9e8a-ssional-with-CRM-validation-firefox-desktop-retry1\trace.zip

    ────────────────────────────────────────────────────────────────────────────────────────────────
]]>
</failure>
<system-out>
<![CDATA[
[[ATTACHMENT|..\test-results\auth-authentication-🔐-Aut-c9e8a-ssional-with-CRM-validation-firefox-desktop-retry1\trace.zip]]
]]>
</system-out>
</testcase>
<testcase name="[firefox-desktop] 🔐 Authentication Flow - Critical E2E › 🏥 Healthcare Professional Authentication › should handle expired professional license scenario" classname="auth\authentication.spec.ts" time="1.678">
<failure message="authentication.spec.ts:220:7 should handle expired professional license scenario" type="FAILURE">
<![CDATA[  [firefox-desktop] › auth\authentication.spec.ts:220:7 › 🔐 Authentication Flow - Critical E2E › 🏥 Healthcare Professional Authentication › should handle expired professional license scenario 

    Error: page.evaluate: The operation is insecure.
    @debugger eval code line 291 > eval:1:7
    evaluate@debugger eval code:293:16
    @debugger eval code:1:44

        at @debugger eval code line 291 > eval:1:7
        at evaluate@debugger eval code:293:16
        at @debugger eval code:1:44
        at D:\neonpro\tools\testing\e2e\tests\auth\authentication.spec.ts:25:14

    Retry #1 ───────────────────────────────────────────────────────────────────────────────────────

    Error: page.evaluate: The operation is insecure.
    @debugger eval code line 291 > eval:1:7
    evaluate@debugger eval code:293:16
    @debugger eval code:1:44

        at @debugger eval code line 291 > eval:1:7
        at evaluate@debugger eval code:293:16
        at @debugger eval code:1:44
        at D:\neonpro\tools\testing\e2e\tests\auth\authentication.spec.ts:25:14

    attachment #1: trace (application/zip) ─────────────────────────────────────────────────────────
    ..\..\..\..\e2e\test-results\auth-authentication-🔐-Aut-a3885-ofessional-license-scenario-firefox-desktop-retry1\trace.zip
    Usage:

        npx playwright show-trace ..\..\..\..\e2e\test-results\auth-authentication-🔐-Aut-a3885-ofessional-license-scenario-firefox-desktop-retry1\trace.zip

    ────────────────────────────────────────────────────────────────────────────────────────────────
]]>
</failure>
<system-out>
<![CDATA[
[[ATTACHMENT|..\test-results\auth-authentication-🔐-Aut-a3885-ofessional-license-scenario-firefox-desktop-retry1\trace.zip]]
]]>
</system-out>
</testcase>
<testcase name="[firefox-desktop] 🔐 Authentication Flow - Critical E2E › 🔒 Session Persistence &amp; Security › should maintain session across browser refresh" classname="auth\authentication.spec.ts" time="1.586">
<failure message="authentication.spec.ts:248:7 should maintain session across browser refresh" type="FAILURE">
<![CDATA[  [firefox-desktop] › auth\authentication.spec.ts:248:7 › 🔐 Authentication Flow - Critical E2E › 🔒 Session Persistence & Security › should maintain session across browser refresh 

    Error: page.evaluate: The operation is insecure.
    @debugger eval code line 291 > eval:1:7
    evaluate@debugger eval code:293:16
    @debugger eval code:1:44

        at @debugger eval code line 291 > eval:1:7
        at evaluate@debugger eval code:293:16
        at @debugger eval code:1:44
        at D:\neonpro\tools\testing\e2e\tests\auth\authentication.spec.ts:25:14

    Retry #1 ───────────────────────────────────────────────────────────────────────────────────────

    Error: page.evaluate: The operation is insecure.
    @debugger eval code line 291 > eval:1:7
    evaluate@debugger eval code:293:16
    @debugger eval code:1:44

        at @debugger eval code line 291 > eval:1:7
        at evaluate@debugger eval code:293:16
        at @debugger eval code:1:44
        at D:\neonpro\tools\testing\e2e\tests\auth\authentication.spec.ts:25:14

    attachment #1: trace (application/zip) ─────────────────────────────────────────────────────────
    ..\..\..\..\e2e\test-results\auth-authentication-🔐-Aut-d66a8-sion-across-browser-refresh-firefox-desktop-retry1\trace.zip
    Usage:

        npx playwright show-trace ..\..\..\..\e2e\test-results\auth-authentication-🔐-Aut-d66a8-sion-across-browser-refresh-firefox-desktop-retry1\trace.zip

    ────────────────────────────────────────────────────────────────────────────────────────────────
]]>
</failure>
<system-out>
<![CDATA[
[[ATTACHMENT|..\test-results\auth-authentication-🔐-Aut-d66a8-sion-across-browser-refresh-firefox-desktop-retry1\trace.zip]]
]]>
</system-out>
</testcase>
<testcase name="[firefox-desktop] 🔐 Authentication Flow - Critical E2E › 🔒 Session Persistence &amp; Security › should handle session timeout gracefully" classname="auth\authentication.spec.ts" time="1.575">
<failure message="authentication.spec.ts:273:7 should handle session timeout gracefully" type="FAILURE">
<![CDATA[  [firefox-desktop] › auth\authentication.spec.ts:273:7 › 🔐 Authentication Flow - Critical E2E › 🔒 Session Persistence & Security › should handle session timeout gracefully 

    Error: page.evaluate: The operation is insecure.
    @debugger eval code line 291 > eval:1:7
    evaluate@debugger eval code:293:16
    @debugger eval code:1:44

        at @debugger eval code line 291 > eval:1:7
        at evaluate@debugger eval code:293:16
        at @debugger eval code:1:44
        at D:\neonpro\tools\testing\e2e\tests\auth\authentication.spec.ts:25:14

    Retry #1 ───────────────────────────────────────────────────────────────────────────────────────

    Error: page.evaluate: The operation is insecure.
    @debugger eval code line 291 > eval:1:7
    evaluate@debugger eval code:293:16
    @debugger eval code:1:44

        at @debugger eval code line 291 > eval:1:7
        at evaluate@debugger eval code:293:16
        at @debugger eval code:1:44
        at D:\neonpro\tools\testing\e2e\tests\auth\authentication.spec.ts:25:14

    attachment #1: trace (application/zip) ─────────────────────────────────────────────────────────
    ..\..\..\..\e2e\test-results\auth-authentication-🔐-Aut-6715e--session-timeout-gracefully-firefox-desktop-retry1\trace.zip
    Usage:

        npx playwright show-trace ..\..\..\..\e2e\test-results\auth-authentication-🔐-Aut-6715e--session-timeout-gracefully-firefox-desktop-retry1\trace.zip

    ────────────────────────────────────────────────────────────────────────────────────────────────
]]>
</failure>
<system-out>
<![CDATA[
[[ATTACHMENT|..\test-results\auth-authentication-🔐-Aut-6715e--session-timeout-gracefully-firefox-desktop-retry1\trace.zip]]
]]>
</system-out>
</testcase>
<testcase name="[firefox-desktop] 🔐 Authentication Flow - Critical E2E › 🔒 Session Persistence &amp; Security › should enforce password policy for healthcare professionals" classname="auth\authentication.spec.ts" time="1.72">
<failure message="authentication.spec.ts:304:7 should enforce password policy for healthcare professionals" type="FAILURE">
<![CDATA[  [firefox-desktop] › auth\authentication.spec.ts:304:7 › 🔐 Authentication Flow - Critical E2E › 🔒 Session Persistence & Security › should enforce password policy for healthcare professionals 

    Error: page.evaluate: The operation is insecure.
    @debugger eval code line 291 > eval:1:7
    evaluate@debugger eval code:293:16
    @debugger eval code:1:44

        at @debugger eval code line 291 > eval:1:7
        at evaluate@debugger eval code:293:16
        at @debugger eval code:1:44
        at D:\neonpro\tools\testing\e2e\tests\auth\authentication.spec.ts:25:14

    Retry #1 ───────────────────────────────────────────────────────────────────────────────────────

    Error: page.evaluate: The operation is insecure.
    @debugger eval code line 291 > eval:1:7
    evaluate@debugger eval code:293:16
    @debugger eval code:1:44

        at @debugger eval code line 291 > eval:1:7
        at evaluate@debugger eval code:293:16
        at @debugger eval code:1:44
        at D:\neonpro\tools\testing\e2e\tests\auth\authentication.spec.ts:25:14

    attachment #1: trace (application/zip) ─────────────────────────────────────────────────────────
    ..\..\..\..\e2e\test-results\auth-authentication-🔐-Aut-825fe-or-healthcare-professionals-firefox-desktop-retry1\trace.zip
    Usage:

        npx playwright show-trace ..\..\..\..\e2e\test-results\auth-authentication-🔐-Aut-825fe-or-healthcare-professionals-firefox-desktop-retry1\trace.zip

    ────────────────────────────────────────────────────────────────────────────────────────────────
]]>
</failure>
<system-out>
<![CDATA[
[[ATTACHMENT|..\test-results\auth-authentication-🔐-Aut-825fe-or-healthcare-professionals-firefox-desktop-retry1\trace.zip]]
]]>
</system-out>
</testcase>
<testcase name="[firefox-desktop] 🔐 Authentication Flow - Critical E2E › 🔒 Session Persistence &amp; Security › should implement audit logging for authentication events" classname="auth\authentication.spec.ts" time="1.654">
<failure message="authentication.spec.ts:327:7 should implement audit logging for authentication events" type="FAILURE">
<![CDATA[  [firefox-desktop] › auth\authentication.spec.ts:327:7 › 🔐 Authentication Flow - Critical E2E › 🔒 Session Persistence & Security › should implement audit logging for authentication events 

    Error: page.evaluate: The operation is insecure.
    @debugger eval code line 291 > eval:1:7
    evaluate@debugger eval code:293:16
    @debugger eval code:1:44

        at @debugger eval code line 291 > eval:1:7
        at evaluate@debugger eval code:293:16
        at @debugger eval code:1:44
        at D:\neonpro\tools\testing\e2e\tests\auth\authentication.spec.ts:25:14

    Retry #1 ───────────────────────────────────────────────────────────────────────────────────────

    Error: page.evaluate: The operation is insecure.
    @debugger eval code line 291 > eval:1:7
    evaluate@debugger eval code:293:16
    @debugger eval code:1:44

        at @debugger eval code line 291 > eval:1:7
        at evaluate@debugger eval code:293:16
        at @debugger eval code:1:44
        at D:\neonpro\tools\testing\e2e\tests\auth\authentication.spec.ts:25:14

    attachment #1: trace (application/zip) ─────────────────────────────────────────────────────────
    ..\..\..\..\e2e\test-results\auth-authentication-🔐-Aut-6f265-g-for-authentication-events-firefox-desktop-retry1\trace.zip
    Usage:

        npx playwright show-trace ..\..\..\..\e2e\test-results\auth-authentication-🔐-Aut-6f265-g-for-authentication-events-firefox-desktop-retry1\trace.zip

    ────────────────────────────────────────────────────────────────────────────────────────────────
]]>
</failure>
<system-out>
<![CDATA[
[[ATTACHMENT|..\test-results\auth-authentication-🔐-Aut-6f265-g-for-authentication-events-firefox-desktop-retry1\trace.zip]]
]]>
</system-out>
</testcase>
<testcase name="[firefox-desktop] 🔐 Authentication Flow - Critical E2E › 👥 Role-based Access Control › should grant admin access to all areas" classname="auth\authentication.spec.ts" time="1.667">
<failure message="authentication.spec.ts:351:7 should grant admin access to all areas" type="FAILURE">
<![CDATA[  [firefox-desktop] › auth\authentication.spec.ts:351:7 › 🔐 Authentication Flow - Critical E2E › 👥 Role-based Access Control › should grant admin access to all areas 

    Error: page.evaluate: The operation is insecure.
    @debugger eval code line 291 > eval:1:7
    evaluate@debugger eval code:293:16
    @debugger eval code:1:44

        at @debugger eval code line 291 > eval:1:7
        at evaluate@debugger eval code:293:16
        at @debugger eval code:1:44
        at D:\neonpro\tools\testing\e2e\tests\auth\authentication.spec.ts:25:14

    Retry #1 ───────────────────────────────────────────────────────────────────────────────────────

    Error: page.evaluate: The operation is insecure.
    @debugger eval code line 291 > eval:1:7
    evaluate@debugger eval code:293:16
    @debugger eval code:1:44

        at @debugger eval code line 291 > eval:1:7
        at evaluate@debugger eval code:293:16
        at @debugger eval code:1:44
        at D:\neonpro\tools\testing\e2e\tests\auth\authentication.spec.ts:25:14

    attachment #1: trace (application/zip) ─────────────────────────────────────────────────────────
    ..\..\..\..\e2e\test-results\auth-authentication-🔐-Aut-1f55e-t-admin-access-to-all-areas-firefox-desktop-retry1\trace.zip
    Usage:

        npx playwright show-trace ..\..\..\..\e2e\test-results\auth-authentication-🔐-Aut-1f55e-t-admin-access-to-all-areas-firefox-desktop-retry1\trace.zip

    ────────────────────────────────────────────────────────────────────────────────────────────────
]]>
</failure>
<system-out>
<![CDATA[
[[ATTACHMENT|..\test-results\auth-authentication-🔐-Aut-1f55e-t-admin-access-to-all-areas-firefox-desktop-retry1\trace.zip]]
]]>
</system-out>
</testcase>
<testcase name="[firefox-desktop] 🔐 Authentication Flow - Critical E2E › 👥 Role-based Access Control › should restrict professional access appropriately" classname="auth\authentication.spec.ts" time="1.694">
<failure message="authentication.spec.ts:383:7 should restrict professional access appropriately" type="FAILURE">
<![CDATA[  [firefox-desktop] › auth\authentication.spec.ts:383:7 › 🔐 Authentication Flow - Critical E2E › 👥 Role-based Access Control › should restrict professional access appropriately 

    Error: page.evaluate: The operation is insecure.
    @debugger eval code line 291 > eval:1:7
    evaluate@debugger eval code:293:16
    @debugger eval code:1:44

        at @debugger eval code line 291 > eval:1:7
        at evaluate@debugger eval code:293:16
        at @debugger eval code:1:44
        at D:\neonpro\tools\testing\e2e\tests\auth\authentication.spec.ts:25:14

    Retry #1 ───────────────────────────────────────────────────────────────────────────────────────

    Error: page.evaluate: The operation is insecure.
    @debugger eval code line 291 > eval:1:7
    evaluate@debugger eval code:293:16
    @debugger eval code:1:44

        at @debugger eval code line 291 > eval:1:7
        at evaluate@debugger eval code:293:16
        at @debugger eval code:1:44
        at D:\neonpro\tools\testing\e2e\tests\auth\authentication.spec.ts:25:14

    attachment #1: trace (application/zip) ─────────────────────────────────────────────────────────
    ..\..\..\..\e2e\test-results\auth-authentication-🔐-Aut-324a3-sional-access-appropriately-firefox-desktop-retry1\trace.zip
    Usage:

        npx playwright show-trace ..\..\..\..\e2e\test-results\auth-authentication-🔐-Aut-324a3-sional-access-appropriately-firefox-desktop-retry1\trace.zip

    ────────────────────────────────────────────────────────────────────────────────────────────────
]]>
</failure>
<system-out>
<![CDATA[
[[ATTACHMENT|..\test-results\auth-authentication-🔐-Aut-324a3-sional-access-appropriately-firefox-desktop-retry1\trace.zip]]
]]>
</system-out>
</testcase>
<testcase name="[firefox-desktop] 🔐 Authentication Flow - Critical E2E › 👥 Role-based Access Control › should restrict staff access to basic functions" classname="auth\authentication.spec.ts" time="1.654">
<failure message="authentication.spec.ts:418:7 should restrict staff access to basic functions" type="FAILURE">
<![CDATA[  [firefox-desktop] › auth\authentication.spec.ts:418:7 › 🔐 Authentication Flow - Critical E2E › 👥 Role-based Access Control › should restrict staff access to basic functions 

    Error: page.evaluate: The operation is insecure.
    @debugger eval code line 291 > eval:1:7
    evaluate@debugger eval code:293:16
    @debugger eval code:1:44

        at @debugger eval code line 291 > eval:1:7
        at evaluate@debugger eval code:293:16
        at @debugger eval code:1:44
        at D:\neonpro\tools\testing\e2e\tests\auth\authentication.spec.ts:25:14

    Retry #1 ───────────────────────────────────────────────────────────────────────────────────────

    Error: page.evaluate: The operation is insecure.
    @debugger eval code line 291 > eval:1:7
    evaluate@debugger eval code:293:16
    @debugger eval code:1:44

        at @debugger eval code line 291 > eval:1:7
        at evaluate@debugger eval code:293:16
        at @debugger eval code:1:44
        at D:\neonpro\tools\testing\e2e\tests\auth\authentication.spec.ts:25:14

    attachment #1: trace (application/zip) ─────────────────────────────────────────────────────────
    ..\..\..\..\e2e\test-results\auth-authentication-🔐-Aut-e6c91-f-access-to-basic-functions-firefox-desktop-retry1\trace.zip
    Usage:

        npx playwright show-trace ..\..\..\..\e2e\test-results\auth-authentication-🔐-Aut-e6c91-f-access-to-basic-functions-firefox-desktop-retry1\trace.zip

    ────────────────────────────────────────────────────────────────────────────────────────────────
]]>
</failure>
<system-out>
<![CDATA[
[[ATTACHMENT|..\test-results\auth-authentication-🔐-Aut-e6c91-f-access-to-basic-functions-firefox-desktop-retry1\trace.zip]]
]]>
</system-out>
</testcase>
<testcase name="[firefox-desktop] 🔐 Authentication Flow - Critical E2E › 🔐 Security Validations &amp; Compliance › should validate form inputs and prevent injection" classname="auth\authentication.spec.ts" time="1.705">
<failure message="authentication.spec.ts:453:7 should validate form inputs and prevent injection" type="FAILURE">
<![CDATA[  [firefox-desktop] › auth\authentication.spec.ts:453:7 › 🔐 Authentication Flow - Critical E2E › 🔐 Security Validations & Compliance › should validate form inputs and prevent injection 

    Error: page.evaluate: The operation is insecure.
    @debugger eval code line 291 > eval:1:7
    evaluate@debugger eval code:293:16
    @debugger eval code:1:44

        at @debugger eval code line 291 > eval:1:7
        at evaluate@debugger eval code:293:16
        at @debugger eval code:1:44
        at D:\neonpro\tools\testing\e2e\tests\auth\authentication.spec.ts:25:14

    Retry #1 ───────────────────────────────────────────────────────────────────────────────────────

    Error: page.evaluate: The operation is insecure.
    @debugger eval code line 291 > eval:1:7
    evaluate@debugger eval code:293:16
    @debugger eval code:1:44

        at @debugger eval code line 291 > eval:1:7
        at evaluate@debugger eval code:293:16
        at @debugger eval code:1:44
        at D:\neonpro\tools\testing\e2e\tests\auth\authentication.spec.ts:25:14

    attachment #1: trace (application/zip) ─────────────────────────────────────────────────────────
    ..\..\..\..\e2e\test-results\auth-authentication-🔐-Aut-7b8c6-nputs-and-prevent-injection-firefox-desktop-retry1\trace.zip
    Usage:

        npx playwright show-trace ..\..\..\..\e2e\test-results\auth-authentication-🔐-Aut-7b8c6-nputs-and-prevent-injection-firefox-desktop-retry1\trace.zip

    ────────────────────────────────────────────────────────────────────────────────────────────────
]]>
</failure>
<system-out>
<![CDATA[
[[ATTACHMENT|..\test-results\auth-authentication-🔐-Aut-7b8c6-nputs-and-prevent-injection-firefox-desktop-retry1\trace.zip]]
]]>
</system-out>
</testcase>
<testcase name="[firefox-desktop] 🔐 Authentication Flow - Critical E2E › 🔐 Security Validations &amp; Compliance › should enforce rate limiting on failed attempts" classname="auth\authentication.spec.ts" time="1.73">
<failure message="authentication.spec.ts:469:7 should enforce rate limiting on failed attempts" type="FAILURE">
<![CDATA[  [firefox-desktop] › auth\authentication.spec.ts:469:7 › 🔐 Authentication Flow - Critical E2E › 🔐 Security Validations & Compliance › should enforce rate limiting on failed attempts 

    Error: page.evaluate: The operation is insecure.
    @debugger eval code line 291 > eval:1:7
    evaluate@debugger eval code:293:16
    @debugger eval code:1:44

        at @debugger eval code line 291 > eval:1:7
        at evaluate@debugger eval code:293:16
        at @debugger eval code:1:44
        at D:\neonpro\tools\testing\e2e\tests\auth\authentication.spec.ts:25:14

    Retry #1 ───────────────────────────────────────────────────────────────────────────────────────

    Error: page.evaluate: The operation is insecure.
    @debugger eval code line 291 > eval:1:7
    evaluate@debugger eval code:293:16
    @debugger eval code:1:44

        at @debugger eval code line 291 > eval:1:7
        at evaluate@debugger eval code:293:16
        at @debugger eval code:1:44
        at D:\neonpro\tools\testing\e2e\tests\auth\authentication.spec.ts:25:14

    attachment #1: trace (application/zip) ─────────────────────────────────────────────────────────
    ..\..\..\..\e2e\test-results\auth-authentication-🔐-Aut-580ab-limiting-on-failed-attempts-firefox-desktop-retry1\trace.zip
    Usage:

        npx playwright show-trace ..\..\..\..\e2e\test-results\auth-authentication-🔐-Aut-580ab-limiting-on-failed-attempts-firefox-desktop-retry1\trace.zip

    ────────────────────────────────────────────────────────────────────────────────────────────────
]]>
</failure>
<system-out>
<![CDATA[
[[ATTACHMENT|..\test-results\auth-authentication-🔐-Aut-580ab-limiting-on-failed-attempts-firefox-desktop-retry1\trace.zip]]
]]>
</system-out>
</testcase>
<testcase name="[firefox-desktop] 🔐 Authentication Flow - Critical E2E › 🔐 Security Validations &amp; Compliance › should handle password requirements validation" classname="auth\authentication.spec.ts" time="1.947">
<failure message="authentication.spec.ts:492:7 should handle password requirements validation" type="FAILURE">
<![CDATA[  [firefox-desktop] › auth\authentication.spec.ts:492:7 › 🔐 Authentication Flow - Critical E2E › 🔐 Security Validations & Compliance › should handle password requirements validation 

    Error: page.evaluate: The operation is insecure.
    @debugger eval code line 291 > eval:1:7
    evaluate@debugger eval code:293:16
    @debugger eval code:1:44

        at @debugger eval code line 291 > eval:1:7
        at evaluate@debugger eval code:293:16
        at @debugger eval code:1:44
        at D:\neonpro\tools\testing\e2e\tests\auth\authentication.spec.ts:25:14

    Retry #1 ───────────────────────────────────────────────────────────────────────────────────────

    Error: page.evaluate: The operation is insecure.
    @debugger eval code line 291 > eval:1:7
    evaluate@debugger eval code:293:16
    @debugger eval code:1:44

        at @debugger eval code line 291 > eval:1:7
        at evaluate@debugger eval code:293:16
        at @debugger eval code:1:44
        at D:\neonpro\tools\testing\e2e\tests\auth\authentication.spec.ts:25:14

    attachment #1: trace (application/zip) ─────────────────────────────────────────────────────────
    ..\..\..\..\e2e\test-results\auth-authentication-🔐-Aut-e7e41-ord-requirements-validation-firefox-desktop-retry1\trace.zip
    Usage:

        npx playwright show-trace ..\..\..\..\e2e\test-results\auth-authentication-🔐-Aut-e7e41-ord-requirements-validation-firefox-desktop-retry1\trace.zip

    ────────────────────────────────────────────────────────────────────────────────────────────────
]]>
</failure>
<system-out>
<![CDATA[
[[ATTACHMENT|..\test-results\auth-authentication-🔐-Aut-e7e41-ord-requirements-validation-firefox-desktop-retry1\trace.zip]]
]]>
</system-out>
</testcase>
<testcase name="[firefox-desktop] 🔐 Authentication Flow - Critical E2E › 🚨 Error Handling &amp; User Experience › should handle network errors gracefully" classname="auth\authentication.spec.ts" time="1.756">
<failure message="authentication.spec.ts:518:7 should handle network errors gracefully" type="FAILURE">
<![CDATA[  [firefox-desktop] › auth\authentication.spec.ts:518:7 › 🔐 Authentication Flow - Critical E2E › 🚨 Error Handling & User Experience › should handle network errors gracefully 

    Error: page.evaluate: The operation is insecure.
    @debugger eval code line 291 > eval:1:7
    evaluate@debugger eval code:293:16
    @debugger eval code:1:44

        at @debugger eval code line 291 > eval:1:7
        at evaluate@debugger eval code:293:16
        at @debugger eval code:1:44
        at D:\neonpro\tools\testing\e2e\tests\auth\authentication.spec.ts:25:14

    Retry #1 ───────────────────────────────────────────────────────────────────────────────────────

    Error: page.evaluate: The operation is insecure.
    @debugger eval code line 291 > eval:1:7
    evaluate@debugger eval code:293:16
    @debugger eval code:1:44

        at @debugger eval code line 291 > eval:1:7
        at evaluate@debugger eval code:293:16
        at @debugger eval code:1:44
        at D:\neonpro\tools\testing\e2e\tests\auth\authentication.spec.ts:25:14

    attachment #1: trace (application/zip) ─────────────────────────────────────────────────────────
    ..\..\..\..\e2e\test-results\auth-authentication-🔐-Aut-9b426-e-network-errors-gracefully-firefox-desktop-retry1\trace.zip
    Usage:

        npx playwright show-trace ..\..\..\..\e2e\test-results\auth-authentication-🔐-Aut-9b426-e-network-errors-gracefully-firefox-desktop-retry1\trace.zip

    ────────────────────────────────────────────────────────────────────────────────────────────────
]]>
</failure>
<system-out>
<![CDATA[
[[ATTACHMENT|..\test-results\auth-authentication-🔐-Aut-9b426-e-network-errors-gracefully-firefox-desktop-retry1\trace.zip]]
]]>
</system-out>
</testcase>
<testcase name="[firefox-desktop] 🔐 Authentication Flow - Critical E2E › 🚨 Error Handling &amp; User Experience › should show proper loading states during authentication" classname="auth\authentication.spec.ts" time="1.614">
<failure message="authentication.spec.ts:537:7 should show proper loading states during authentication" type="FAILURE">
<![CDATA[  [firefox-desktop] › auth\authentication.spec.ts:537:7 › 🔐 Authentication Flow - Critical E2E › 🚨 Error Handling & User Experience › should show proper loading states during authentication 

    Error: page.evaluate: The operation is insecure.
    @debugger eval code line 291 > eval:1:7
    evaluate@debugger eval code:293:16
    @debugger eval code:1:44

        at @debugger eval code line 291 > eval:1:7
        at evaluate@debugger eval code:293:16
        at @debugger eval code:1:44
        at D:\neonpro\tools\testing\e2e\tests\auth\authentication.spec.ts:25:14

    Retry #1 ───────────────────────────────────────────────────────────────────────────────────────

    Error: page.evaluate: The operation is insecure.
    @debugger eval code line 291 > eval:1:7
    evaluate@debugger eval code:293:16
    @debugger eval code:1:44

        at @debugger eval code line 291 > eval:1:7
        at evaluate@debugger eval code:293:16
        at @debugger eval code:1:44
        at D:\neonpro\tools\testing\e2e\tests\auth\authentication.spec.ts:25:14

    attachment #1: trace (application/zip) ─────────────────────────────────────────────────────────
    ..\..\..\..\e2e\test-results\auth-authentication-🔐-Aut-33162-tates-during-authentication-firefox-desktop-retry1\trace.zip
    Usage:

        npx playwright show-trace ..\..\..\..\e2e\test-results\auth-authentication-🔐-Aut-33162-tates-during-authentication-firefox-desktop-retry1\trace.zip

    ────────────────────────────────────────────────────────────────────────────────────────────────
]]>
</failure>
<system-out>
<![CDATA[
[[ATTACHMENT|..\test-results\auth-authentication-🔐-Aut-33162-tates-during-authentication-firefox-desktop-retry1\trace.zip]]
]]>
</system-out>
</testcase>
<testcase name="[firefox-desktop] 🔐 Authentication Flow - Critical E2E › ♿ Accessibility &amp; Performance › should be accessible for healthcare professionals with disabilities" classname="auth\authentication.spec.ts" time="1.56">
<failure message="authentication.spec.ts:559:7 should be accessible for healthcare professionals with disabilities" type="FAILURE">
<![CDATA[  [firefox-desktop] › auth\authentication.spec.ts:559:7 › 🔐 Authentication Flow - Critical E2E › ♿ Accessibility & Performance › should be accessible for healthcare professionals with disabilities 

    Error: page.evaluate: The operation is insecure.
    @debugger eval code line 291 > eval:1:7
    evaluate@debugger eval code:293:16
    @debugger eval code:1:44

        at @debugger eval code line 291 > eval:1:7
        at evaluate@debugger eval code:293:16
        at @debugger eval code:1:44
        at D:\neonpro\tools\testing\e2e\tests\auth\authentication.spec.ts:25:14

    Retry #1 ───────────────────────────────────────────────────────────────────────────────────────

    Error: page.evaluate: The operation is insecure.
    @debugger eval code line 291 > eval:1:7
    evaluate@debugger eval code:293:16
    @debugger eval code:1:44

        at @debugger eval code line 291 > eval:1:7
        at evaluate@debugger eval code:293:16
        at @debugger eval code:1:44
        at D:\neonpro\tools\testing\e2e\tests\auth\authentication.spec.ts:25:14

    attachment #1: trace (application/zip) ─────────────────────────────────────────────────────────
    ..\..\..\..\e2e\test-results\auth-authentication-🔐-Aut-0ba81-essionals-with-disabilities-firefox-desktop-retry1\trace.zip
    Usage:

        npx playwright show-trace ..\..\..\..\e2e\test-results\auth-authentication-🔐-Aut-0ba81-essionals-with-disabilities-firefox-desktop-retry1\trace.zip

    ────────────────────────────────────────────────────────────────────────────────────────────────
]]>
</failure>
<system-out>
<![CDATA[
[[ATTACHMENT|..\test-results\auth-authentication-🔐-Aut-0ba81-essionals-with-disabilities-firefox-desktop-retry1\trace.zip]]
]]>
</system-out>
</testcase>
<testcase name="[firefox-desktop] 🔐 Authentication Flow - Critical E2E › ♿ Accessibility &amp; Performance › should load within performance budget for healthcare environment" classname="auth\authentication.spec.ts" time="1.599">
<failure message="authentication.spec.ts:584:7 should load within performance budget for healthcare environment" type="FAILURE">
<![CDATA[  [firefox-desktop] › auth\authentication.spec.ts:584:7 › 🔐 Authentication Flow - Critical E2E › ♿ Accessibility & Performance › should load within performance budget for healthcare environment 

    Error: page.evaluate: The operation is insecure.
    @debugger eval code line 291 > eval:1:7
    evaluate@debugger eval code:293:16
    @debugger eval code:1:44

        at @debugger eval code line 291 > eval:1:7
        at evaluate@debugger eval code:293:16
        at @debugger eval code:1:44
        at D:\neonpro\tools\testing\e2e\tests\auth\authentication.spec.ts:25:14

    Retry #1 ───────────────────────────────────────────────────────────────────────────────────────

    Error: page.evaluate: The operation is insecure.
    @debugger eval code line 291 > eval:1:7
    evaluate@debugger eval code:293:16
    @debugger eval code:1:44

        at @debugger eval code line 291 > eval:1:7
        at evaluate@debugger eval code:293:16
        at @debugger eval code:1:44
        at D:\neonpro\tools\testing\e2e\tests\auth\authentication.spec.ts:25:14

    attachment #1: trace (application/zip) ─────────────────────────────────────────────────────────
    ..\..\..\..\e2e\test-results\auth-authentication-🔐-Aut-46ed6--for-healthcare-environment-firefox-desktop-retry1\trace.zip
    Usage:

        npx playwright show-trace ..\..\..\..\e2e\test-results\auth-authentication-🔐-Aut-46ed6--for-healthcare-environment-firefox-desktop-retry1\trace.zip

    ────────────────────────────────────────────────────────────────────────────────────────────────
]]>
</failure>
<system-out>
<![CDATA[
[[ATTACHMENT|..\test-results\auth-authentication-🔐-Aut-46ed6--for-healthcare-environment-firefox-desktop-retry1\trace.zip]]
]]>
</system-out>
</testcase>
</testsuite>
<testsuite name="auth\role-based-access.spec.ts" timestamp="2025-08-23T06:21:35.562Z" hostname="firefox-desktop" tests="19" failures="19" skipped="0" time="29.016" errors="0">
<testcase name="[firefox-desktop] Doctor Role Access Control › should have full access to patient medical records" classname="auth\role-based-access.spec.ts" time="1.58">
<failure message="role-based-access.spec.ts:50:6 should have full access to patient medical records" type="FAILURE">
<![CDATA[  [firefox-desktop] › auth\role-based-access.spec.ts:50:6 › Doctor Role Access Control › should have full access to patient medical records 

    Error: page.goto: Protocol error (Page.navigate): Invalid url: "/login"
    Call log:
      - navigating to "/login", waiting until "load"


      37 | test.describe("Doctor Role Access Control", () => {
      38 | 	test.beforeEach(async ({ page }) => {
    > 39 | 		await page.goto("/login");
         | 		           ^
      40 |
      41 | 		// Login as doctor
      42 | 		await page.fill('input[type="email"]', testUsers.doctor.email);
        at D:\neonpro\tools\testing\e2e\tests\auth\role-based-access.spec.ts:39:14

    Retry #1 ───────────────────────────────────────────────────────────────────────────────────────

    Error: page.goto: Protocol error (Page.navigate): Invalid url: "/login"
    Call log:
      - navigating to "/login", waiting until "load"


      37 | test.describe("Doctor Role Access Control", () => {
      38 | 	test.beforeEach(async ({ page }) => {
    > 39 | 		await page.goto("/login");
         | 		           ^
      40 |
      41 | 		// Login as doctor
      42 | 		await page.fill('input[type="email"]', testUsers.doctor.email);
        at D:\neonpro\tools\testing\e2e\tests\auth\role-based-access.spec.ts:39:14

    attachment #1: trace (application/zip) ─────────────────────────────────────────────────────────
    ..\..\..\..\e2e\test-results\auth-role-based-access-Doc-25b8d--to-patient-medical-records-firefox-desktop-retry1\trace.zip
    Usage:

        npx playwright show-trace ..\..\..\..\e2e\test-results\auth-role-based-access-Doc-25b8d--to-patient-medical-records-firefox-desktop-retry1\trace.zip

    ────────────────────────────────────────────────────────────────────────────────────────────────
]]>
</failure>
<system-out>
<![CDATA[
[[ATTACHMENT|..\test-results\auth-role-based-access-Doc-25b8d--to-patient-medical-records-firefox-desktop-retry1\trace.zip]]
]]>
</system-out>
</testcase>
<testcase name="[firefox-desktop] Doctor Role Access Control › should be able to create and modify prescriptions" classname="auth\role-based-access.spec.ts" time="1.559">
<failure message="role-based-access.spec.ts:84:6 should be able to create and modify prescriptions" type="FAILURE">
<![CDATA[  [firefox-desktop] › auth\role-based-access.spec.ts:84:6 › Doctor Role Access Control › should be able to create and modify prescriptions 

    Error: page.goto: Protocol error (Page.navigate): Invalid url: "/login"
    Call log:
      - navigating to "/login", waiting until "load"


      37 | test.describe("Doctor Role Access Control", () => {
      38 | 	test.beforeEach(async ({ page }) => {
    > 39 | 		await page.goto("/login");
         | 		           ^
      40 |
      41 | 		// Login as doctor
      42 | 		await page.fill('input[type="email"]', testUsers.doctor.email);
        at D:\neonpro\tools\testing\e2e\tests\auth\role-based-access.spec.ts:39:14

    Retry #1 ───────────────────────────────────────────────────────────────────────────────────────

    Error: page.goto: Protocol error (Page.navigate): Invalid url: "/login"
    Call log:
      - navigating to "/login", waiting until "load"


      37 | test.describe("Doctor Role Access Control", () => {
      38 | 	test.beforeEach(async ({ page }) => {
    > 39 | 		await page.goto("/login");
         | 		           ^
      40 |
      41 | 		// Login as doctor
      42 | 		await page.fill('input[type="email"]', testUsers.doctor.email);
        at D:\neonpro\tools\testing\e2e\tests\auth\role-based-access.spec.ts:39:14

    attachment #1: trace (application/zip) ─────────────────────────────────────────────────────────
    ..\..\..\..\e2e\test-results\auth-role-based-access-Doc-09678-te-and-modify-prescriptions-firefox-desktop-retry1\trace.zip
    Usage:

        npx playwright show-trace ..\..\..\..\e2e\test-results\auth-role-based-access-Doc-09678-te-and-modify-prescriptions-firefox-desktop-retry1\trace.zip

    ────────────────────────────────────────────────────────────────────────────────────────────────
]]>
</failure>
<system-out>
<![CDATA[
[[ATTACHMENT|..\test-results\auth-role-based-access-Doc-09678-te-and-modify-prescriptions-firefox-desktop-retry1\trace.zip]]
]]>
</system-out>
</testcase>
<testcase name="[firefox-desktop] Doctor Role Access Control › should access administrative functions for their patients" classname="auth\role-based-access.spec.ts" time="1.494">
<failure message="role-based-access.spec.ts:123:6 should access administrative functions for their patients" type="FAILURE">
<![CDATA[  [firefox-desktop] › auth\role-based-access.spec.ts:123:6 › Doctor Role Access Control › should access administrative functions for their patients 

    Error: page.goto: Protocol error (Page.navigate): Invalid url: "/login"
    Call log:
      - navigating to "/login", waiting until "load"


      37 | test.describe("Doctor Role Access Control", () => {
      38 | 	test.beforeEach(async ({ page }) => {
    > 39 | 		await page.goto("/login");
         | 		           ^
      40 |
      41 | 		// Login as doctor
      42 | 		await page.fill('input[type="email"]', testUsers.doctor.email);
        at D:\neonpro\tools\testing\e2e\tests\auth\role-based-access.spec.ts:39:14

    Retry #1 ───────────────────────────────────────────────────────────────────────────────────────

    Error: page.goto: Protocol error (Page.navigate): Invalid url: "/login"
    Call log:
      - navigating to "/login", waiting until "load"


      37 | test.describe("Doctor Role Access Control", () => {
      38 | 	test.beforeEach(async ({ page }) => {
    > 39 | 		await page.goto("/login");
         | 		           ^
      40 |
      41 | 		// Login as doctor
      42 | 		await page.fill('input[type="email"]', testUsers.doctor.email);
        at D:\neonpro\tools\testing\e2e\tests\auth\role-based-access.spec.ts:39:14

    attachment #1: trace (application/zip) ─────────────────────────────────────────────────────────
    ..\..\..\..\e2e\test-results\auth-role-based-access-Doc-d7a55-unctions-for-their-patients-firefox-desktop-retry1\trace.zip
    Usage:

        npx playwright show-trace ..\..\..\..\e2e\test-results\auth-role-based-access-Doc-d7a55-unctions-for-their-patients-firefox-desktop-retry1\trace.zip

    ────────────────────────────────────────────────────────────────────────────────────────────────
]]>
</failure>
<system-out>
<![CDATA[
[[ATTACHMENT|..\test-results\auth-role-based-access-Doc-d7a55-unctions-for-their-patients-firefox-desktop-retry1\trace.zip]]
]]>
</system-out>
</testcase>
<testcase name="[firefox-desktop] Doctor Role Access Control › should have emergency override capabilities" classname="auth\role-based-access.spec.ts" time="1.564">
<failure message="role-based-access.spec.ts:151:6 should have emergency override capabilities" type="FAILURE">
<![CDATA[  [firefox-desktop] › auth\role-based-access.spec.ts:151:6 › Doctor Role Access Control › should have emergency override capabilities 

    Error: page.goto: Protocol error (Page.navigate): Invalid url: "/login"
    Call log:
      - navigating to "/login", waiting until "load"


      37 | test.describe("Doctor Role Access Control", () => {
      38 | 	test.beforeEach(async ({ page }) => {
    > 39 | 		await page.goto("/login");
         | 		           ^
      40 |
      41 | 		// Login as doctor
      42 | 		await page.fill('input[type="email"]', testUsers.doctor.email);
        at D:\neonpro\tools\testing\e2e\tests\auth\role-based-access.spec.ts:39:14

    Retry #1 ───────────────────────────────────────────────────────────────────────────────────────

    Error: page.goto: Protocol error (Page.navigate): Invalid url: "/login"
    Call log:
      - navigating to "/login", waiting until "load"


      37 | test.describe("Doctor Role Access Control", () => {
      38 | 	test.beforeEach(async ({ page }) => {
    > 39 | 		await page.goto("/login");
         | 		           ^
      40 |
      41 | 		// Login as doctor
      42 | 		await page.fill('input[type="email"]', testUsers.doctor.email);
        at D:\neonpro\tools\testing\e2e\tests\auth\role-based-access.spec.ts:39:14

    attachment #1: trace (application/zip) ─────────────────────────────────────────────────────────
    ..\..\..\..\e2e\test-results\auth-role-based-access-Doc-2541f-gency-override-capabilities-firefox-desktop-retry1\trace.zip
    Usage:

        npx playwright show-trace ..\..\..\..\e2e\test-results\auth-role-based-access-Doc-2541f-gency-override-capabilities-firefox-desktop-retry1\trace.zip

    ────────────────────────────────────────────────────────────────────────────────────────────────
]]>
</failure>
<system-out>
<![CDATA[
[[ATTACHMENT|..\test-results\auth-role-based-access-Doc-2541f-gency-override-capabilities-firefox-desktop-retry1\trace.zip]]
]]>
</system-out>
</testcase>
<testcase name="[firefox-desktop] Nurse Role Access Control › should have limited access to patient medical records" classname="auth\role-based-access.spec.ts" time="1.526">
<failure message="role-based-access.spec.ts:194:6 should have limited access to patient medical records" type="FAILURE">
<![CDATA[  [firefox-desktop] › auth\role-based-access.spec.ts:194:6 › Nurse Role Access Control › should have limited access to patient medical records 

    Error: page.goto: Protocol error (Page.navigate): Invalid url: "/login"
    Call log:
      - navigating to "/login", waiting until "load"


      181 | test.describe("Nurse Role Access Control", () => {
      182 | 	test.beforeEach(async ({ page }) => {
    > 183 | 		await page.goto("/login");
          | 		           ^
      184 |
      185 | 		// Login as nurse
      186 | 		await page.fill('input[type="email"]', testUsers.nurse.email);
        at D:\neonpro\tools\testing\e2e\tests\auth\role-based-access.spec.ts:183:14

    Retry #1 ───────────────────────────────────────────────────────────────────────────────────────

    Error: page.goto: Protocol error (Page.navigate): Invalid url: "/login"
    Call log:
      - navigating to "/login", waiting until "load"


      181 | test.describe("Nurse Role Access Control", () => {
      182 | 	test.beforeEach(async ({ page }) => {
    > 183 | 		await page.goto("/login");
          | 		           ^
      184 |
      185 | 		// Login as nurse
      186 | 		await page.fill('input[type="email"]', testUsers.nurse.email);
        at D:\neonpro\tools\testing\e2e\tests\auth\role-based-access.spec.ts:183:14

    attachment #1: trace (application/zip) ─────────────────────────────────────────────────────────
    ..\..\..\..\e2e\test-results\auth-role-based-access-Nur-1e353--to-patient-medical-records-firefox-desktop-retry1\trace.zip
    Usage:

        npx playwright show-trace ..\..\..\..\e2e\test-results\auth-role-based-access-Nur-1e353--to-patient-medical-records-firefox-desktop-retry1\trace.zip

    ────────────────────────────────────────────────────────────────────────────────────────────────
]]>
</failure>
<system-out>
<![CDATA[
[[ATTACHMENT|..\test-results\auth-role-based-access-Nur-1e353--to-patient-medical-records-firefox-desktop-retry1\trace.zip]]
]]>
</system-out>
</testcase>
<testcase name="[firefox-desktop] Nurse Role Access Control › should be able to manage vital signs and nursing care" classname="auth\role-based-access.spec.ts" time="1.405">
<failure message="role-based-access.spec.ts:223:6 should be able to manage vital signs and nursing care" type="FAILURE">
<![CDATA[  [firefox-desktop] › auth\role-based-access.spec.ts:223:6 › Nurse Role Access Control › should be able to manage vital signs and nursing care 

    Error: page.goto: Protocol error (Page.navigate): Invalid url: "/login"
    Call log:
      - navigating to "/login", waiting until "load"


      181 | test.describe("Nurse Role Access Control", () => {
      182 | 	test.beforeEach(async ({ page }) => {
    > 183 | 		await page.goto("/login");
          | 		           ^
      184 |
      185 | 		// Login as nurse
      186 | 		await page.fill('input[type="email"]', testUsers.nurse.email);
        at D:\neonpro\tools\testing\e2e\tests\auth\role-based-access.spec.ts:183:14

    Retry #1 ───────────────────────────────────────────────────────────────────────────────────────

    Error: page.goto: Protocol error (Page.navigate): Invalid url: "/login"
    Call log:
      - navigating to "/login", waiting until "load"


      181 | test.describe("Nurse Role Access Control", () => {
      182 | 	test.beforeEach(async ({ page }) => {
    > 183 | 		await page.goto("/login");
          | 		           ^
      184 |
      185 | 		// Login as nurse
      186 | 		await page.fill('input[type="email"]', testUsers.nurse.email);
        at D:\neonpro\tools\testing\e2e\tests\auth\role-based-access.spec.ts:183:14

    attachment #1: trace (application/zip) ─────────────────────────────────────────────────────────
    ..\..\..\..\e2e\test-results\auth-role-based-access-Nur-4caf5-ital-signs-and-nursing-care-firefox-desktop-retry1\trace.zip
    Usage:

        npx playwright show-trace ..\..\..\..\e2e\test-results\auth-role-based-access-Nur-4caf5-ital-signs-and-nursing-care-firefox-desktop-retry1\trace.zip

    ────────────────────────────────────────────────────────────────────────────────────────────────
]]>
</failure>
<system-out>
<![CDATA[
[[ATTACHMENT|..\test-results\auth-role-based-access-Nur-4caf5-ital-signs-and-nursing-care-firefox-desktop-retry1\trace.zip]]
]]>
</system-out>
</testcase>
<testcase name="[firefox-desktop] Nurse Role Access Control › should NOT be able to create prescriptions" classname="auth\role-based-access.spec.ts" time="1.501">
<failure message="role-based-access.spec.ts:248:6 should NOT be able to create prescriptions" type="FAILURE">
<![CDATA[  [firefox-desktop] › auth\role-based-access.spec.ts:248:6 › Nurse Role Access Control › should NOT be able to create prescriptions 

    Error: page.goto: Protocol error (Page.navigate): Invalid url: "/login"
    Call log:
      - navigating to "/login", waiting until "load"


      181 | test.describe("Nurse Role Access Control", () => {
      182 | 	test.beforeEach(async ({ page }) => {
    > 183 | 		await page.goto("/login");
          | 		           ^
      184 |
      185 | 		// Login as nurse
      186 | 		await page.fill('input[type="email"]', testUsers.nurse.email);
        at D:\neonpro\tools\testing\e2e\tests\auth\role-based-access.spec.ts:183:14

    Retry #1 ───────────────────────────────────────────────────────────────────────────────────────

    Error: page.goto: Protocol error (Page.navigate): Invalid url: "/login"
    Call log:
      - navigating to "/login", waiting until "load"


      181 | test.describe("Nurse Role Access Control", () => {
      182 | 	test.beforeEach(async ({ page }) => {
    > 183 | 		await page.goto("/login");
          | 		           ^
      184 |
      185 | 		// Login as nurse
      186 | 		await page.fill('input[type="email"]', testUsers.nurse.email);
        at D:\neonpro\tools\testing\e2e\tests\auth\role-based-access.spec.ts:183:14

    attachment #1: trace (application/zip) ─────────────────────────────────────────────────────────
    ..\..\..\..\e2e\test-results\auth-role-based-access-Nur-aa6f1-ble-to-create-prescriptions-firefox-desktop-retry1\trace.zip
    Usage:

        npx playwright show-trace ..\..\..\..\e2e\test-results\auth-role-based-access-Nur-aa6f1-ble-to-create-prescriptions-firefox-desktop-retry1\trace.zip

    ────────────────────────────────────────────────────────────────────────────────────────────────
]]>
</failure>
<system-out>
<![CDATA[
[[ATTACHMENT|..\test-results\auth-role-based-access-Nur-aa6f1-ble-to-create-prescriptions-firefox-desktop-retry1\trace.zip]]
]]>
</system-out>
</testcase>
<testcase name="[firefox-desktop] Nurse Role Access Control › should be able to schedule appointments" classname="auth\role-based-access.spec.ts" time="1.537">
<failure message="role-based-access.spec.ts:262:6 should be able to schedule appointments" type="FAILURE">
<![CDATA[  [firefox-desktop] › auth\role-based-access.spec.ts:262:6 › Nurse Role Access Control › should be able to schedule appointments 

    Error: page.goto: Protocol error (Page.navigate): Invalid url: "/login"
    Call log:
      - navigating to "/login", waiting until "load"


      181 | test.describe("Nurse Role Access Control", () => {
      182 | 	test.beforeEach(async ({ page }) => {
    > 183 | 		await page.goto("/login");
          | 		           ^
      184 |
      185 | 		// Login as nurse
      186 | 		await page.fill('input[type="email"]', testUsers.nurse.email);
        at D:\neonpro\tools\testing\e2e\tests\auth\role-based-access.spec.ts:183:14

    Retry #1 ───────────────────────────────────────────────────────────────────────────────────────

    Error: page.goto: Protocol error (Page.navigate): Invalid url: "/login"
    Call log:
      - navigating to "/login", waiting until "load"


      181 | test.describe("Nurse Role Access Control", () => {
      182 | 	test.beforeEach(async ({ page }) => {
    > 183 | 		await page.goto("/login");
          | 		           ^
      184 |
      185 | 		// Login as nurse
      186 | 		await page.fill('input[type="email"]', testUsers.nurse.email);
        at D:\neonpro\tools\testing\e2e\tests\auth\role-based-access.spec.ts:183:14

    attachment #1: trace (application/zip) ─────────────────────────────────────────────────────────
    ..\..\..\..\e2e\test-results\auth-role-based-access-Nur-5ee68-le-to-schedule-appointments-firefox-desktop-retry1\trace.zip
    Usage:

        npx playwright show-trace ..\..\..\..\e2e\test-results\auth-role-based-access-Nur-5ee68-le-to-schedule-appointments-firefox-desktop-retry1\trace.zip

    ────────────────────────────────────────────────────────────────────────────────────────────────
]]>
</failure>
<system-out>
<![CDATA[
[[ATTACHMENT|..\test-results\auth-role-based-access-Nur-5ee68-le-to-schedule-appointments-firefox-desktop-retry1\trace.zip]]
]]>
</system-out>
</testcase>
<testcase name="[firefox-desktop] Administrator Role Access Control › should have full system administration access" classname="auth\role-based-access.spec.ts" time="1.528">
<failure message="role-based-access.spec.ts:303:6 should have full system administration access" type="FAILURE">
<![CDATA[  [firefox-desktop] › auth\role-based-access.spec.ts:303:6 › Administrator Role Access Control › should have full system administration access 

    Error: page.goto: Protocol error (Page.navigate): Invalid url: "/login"
    Call log:
      - navigating to "/login", waiting until "load"


      291 | test.describe("Administrator Role Access Control", () => {
      292 | 	test.beforeEach(async ({ page }) => {
    > 293 | 		await page.goto("/login");
          | 		           ^
      294 |
      295 | 		// Login as admin
      296 | 		await page.fill('input[type="email"]', testUsers.admin.email);
        at D:\neonpro\tools\testing\e2e\tests\auth\role-based-access.spec.ts:293:14

    Retry #1 ───────────────────────────────────────────────────────────────────────────────────────

    Error: page.goto: Protocol error (Page.navigate): Invalid url: "/login"
    Call log:
      - navigating to "/login", waiting until "load"


      291 | test.describe("Administrator Role Access Control", () => {
      292 | 	test.beforeEach(async ({ page }) => {
    > 293 | 		await page.goto("/login");
          | 		           ^
      294 |
      295 | 		// Login as admin
      296 | 		await page.fill('input[type="email"]', testUsers.admin.email);
        at D:\neonpro\tools\testing\e2e\tests\auth\role-based-access.spec.ts:293:14

    attachment #1: trace (application/zip) ─────────────────────────────────────────────────────────
    ..\..\..\..\e2e\test-results\auth-role-based-access-Adm-b4e57-ystem-administration-access-firefox-desktop-retry1\trace.zip
    Usage:

        npx playwright show-trace ..\..\..\..\e2e\test-results\auth-role-based-access-Adm-b4e57-ystem-administration-access-firefox-desktop-retry1\trace.zip

    ────────────────────────────────────────────────────────────────────────────────────────────────
]]>
</failure>
<system-out>
<![CDATA[
[[ATTACHMENT|..\test-results\auth-role-based-access-Adm-b4e57-ystem-administration-access-firefox-desktop-retry1\trace.zip]]
]]>
</system-out>
</testcase>
<testcase name="[firefox-desktop] Administrator Role Access Control › should manage healthcare professional accounts" classname="auth\role-based-access.spec.ts" time="1.533">
<failure message="role-based-access.spec.ts:319:6 should manage healthcare professional accounts" type="FAILURE">
<![CDATA[  [firefox-desktop] › auth\role-based-access.spec.ts:319:6 › Administrator Role Access Control › should manage healthcare professional accounts 

    Error: page.goto: Protocol error (Page.navigate): Invalid url: "/login"
    Call log:
      - navigating to "/login", waiting until "load"


      291 | test.describe("Administrator Role Access Control", () => {
      292 | 	test.beforeEach(async ({ page }) => {
    > 293 | 		await page.goto("/login");
          | 		           ^
      294 |
      295 | 		// Login as admin
      296 | 		await page.fill('input[type="email"]', testUsers.admin.email);
        at D:\neonpro\tools\testing\e2e\tests\auth\role-based-access.spec.ts:293:14

    Retry #1 ───────────────────────────────────────────────────────────────────────────────────────

    Error: page.goto: Protocol error (Page.navigate): Invalid url: "/login"
    Call log:
      - navigating to "/login", waiting until "load"


      291 | test.describe("Administrator Role Access Control", () => {
      292 | 	test.beforeEach(async ({ page }) => {
    > 293 | 		await page.goto("/login");
          | 		           ^
      294 |
      295 | 		// Login as admin
      296 | 		await page.fill('input[type="email"]', testUsers.admin.email);
        at D:\neonpro\tools\testing\e2e\tests\auth\role-based-access.spec.ts:293:14

    attachment #1: trace (application/zip) ─────────────────────────────────────────────────────────
    ..\..\..\..\e2e\test-results\auth-role-based-access-Adm-7f8ec-hcare-professional-accounts-firefox-desktop-retry1\trace.zip
    Usage:

        npx playwright show-trace ..\..\..\..\e2e\test-results\auth-role-based-access-Adm-7f8ec-hcare-professional-accounts-firefox-desktop-retry1\trace.zip

    ────────────────────────────────────────────────────────────────────────────────────────────────
]]>
</failure>
<system-out>
<![CDATA[
[[ATTACHMENT|..\test-results\auth-role-based-access-Adm-7f8ec-hcare-professional-accounts-firefox-desktop-retry1\trace.zip]]
]]>
</system-out>
</testcase>
<testcase name="[firefox-desktop] Administrator Role Access Control › should access comprehensive audit logs" classname="auth\role-based-access.spec.ts" time="1.58">
<failure message="role-based-access.spec.ts:347:6 should access comprehensive audit logs" type="FAILURE">
<![CDATA[  [firefox-desktop] › auth\role-based-access.spec.ts:347:6 › Administrator Role Access Control › should access comprehensive audit logs 

    Error: page.goto: Protocol error (Page.navigate): Invalid url: "/login"
    Call log:
      - navigating to "/login", waiting until "load"


      291 | test.describe("Administrator Role Access Control", () => {
      292 | 	test.beforeEach(async ({ page }) => {
    > 293 | 		await page.goto("/login");
          | 		           ^
      294 |
      295 | 		// Login as admin
      296 | 		await page.fill('input[type="email"]', testUsers.admin.email);
        at D:\neonpro\tools\testing\e2e\tests\auth\role-based-access.spec.ts:293:14

    Retry #1 ───────────────────────────────────────────────────────────────────────────────────────

    Error: page.goto: Protocol error (Page.navigate): Invalid url: "/login"
    Call log:
      - navigating to "/login", waiting until "load"


      291 | test.describe("Administrator Role Access Control", () => {
      292 | 	test.beforeEach(async ({ page }) => {
    > 293 | 		await page.goto("/login");
          | 		           ^
      294 |
      295 | 		// Login as admin
      296 | 		await page.fill('input[type="email"]', testUsers.admin.email);
        at D:\neonpro\tools\testing\e2e\tests\auth\role-based-access.spec.ts:293:14

    attachment #1: trace (application/zip) ─────────────────────────────────────────────────────────
    ..\..\..\..\e2e\test-results\auth-role-based-access-Adm-f6719-ss-comprehensive-audit-logs-firefox-desktop-retry1\trace.zip
    Usage:

        npx playwright show-trace ..\..\..\..\e2e\test-results\auth-role-based-access-Adm-f6719-ss-comprehensive-audit-logs-firefox-desktop-retry1\trace.zip

    ────────────────────────────────────────────────────────────────────────────────────────────────
]]>
</failure>
<system-out>
<![CDATA[
[[ATTACHMENT|..\test-results\auth-role-based-access-Adm-f6719-ss-comprehensive-audit-logs-firefox-desktop-retry1\trace.zip]]
]]>
</system-out>
</testcase>
<testcase name="[firefox-desktop] Administrator Role Access Control › should NOT access patient medical records directly" classname="auth\role-based-access.spec.ts" time="1.564">
<failure message="role-based-access.spec.ts:371:6 should NOT access patient medical records directly" type="FAILURE">
<![CDATA[  [firefox-desktop] › auth\role-based-access.spec.ts:371:6 › Administrator Role Access Control › should NOT access patient medical records directly 

    Error: page.goto: Protocol error (Page.navigate): Invalid url: "/login"
    Call log:
      - navigating to "/login", waiting until "load"


      291 | test.describe("Administrator Role Access Control", () => {
      292 | 	test.beforeEach(async ({ page }) => {
    > 293 | 		await page.goto("/login");
          | 		           ^
      294 |
      295 | 		// Login as admin
      296 | 		await page.fill('input[type="email"]', testUsers.admin.email);
        at D:\neonpro\tools\testing\e2e\tests\auth\role-based-access.spec.ts:293:14

    Retry #1 ───────────────────────────────────────────────────────────────────────────────────────

    Error: page.goto: Protocol error (Page.navigate): Invalid url: "/login"
    Call log:
      - navigating to "/login", waiting until "load"


      291 | test.describe("Administrator Role Access Control", () => {
      292 | 	test.beforeEach(async ({ page }) => {
    > 293 | 		await page.goto("/login");
          | 		           ^
      294 |
      295 | 		// Login as admin
      296 | 		await page.fill('input[type="email"]', testUsers.admin.email);
        at D:\neonpro\tools\testing\e2e\tests\auth\role-based-access.spec.ts:293:14

    attachment #1: trace (application/zip) ─────────────────────────────────────────────────────────
    ..\..\..\..\e2e\test-results\auth-role-based-access-Adm-e2f70-nt-medical-records-directly-firefox-desktop-retry1\trace.zip
    Usage:

        npx playwright show-trace ..\..\..\..\e2e\test-results\auth-role-based-access-Adm-e2f70-nt-medical-records-directly-firefox-desktop-retry1\trace.zip

    ────────────────────────────────────────────────────────────────────────────────────────────────
]]>
</failure>
<system-out>
<![CDATA[
[[ATTACHMENT|..\test-results\auth-role-based-access-Adm-e2f70-nt-medical-records-directly-firefox-desktop-retry1\trace.zip]]
]]>
</system-out>
</testcase>
<testcase name="[firefox-desktop] Secretary Role Access Control › should manage appointments and scheduling" classname="auth\role-based-access.spec.ts" time="1.545">
<failure message="role-based-access.spec.ts:403:6 should manage appointments and scheduling" type="FAILURE">
<![CDATA[  [firefox-desktop] › auth\role-based-access.spec.ts:403:6 › Secretary Role Access Control › should manage appointments and scheduling 

    Error: page.goto: Protocol error (Page.navigate): Invalid url: "/login"
    Call log:
      - navigating to "/login", waiting until "load"


      391 | test.describe("Secretary Role Access Control", () => {
      392 | 	test.beforeEach(async ({ page }) => {
    > 393 | 		await page.goto("/login");
          | 		           ^
      394 |
      395 | 		// Login as secretary
      396 | 		await page.fill('input[type="email"]', testUsers.secretary.email);
        at D:\neonpro\tools\testing\e2e\tests\auth\role-based-access.spec.ts:393:14

    Retry #1 ───────────────────────────────────────────────────────────────────────────────────────

    Error: page.goto: Protocol error (Page.navigate): Invalid url: "/login"
    Call log:
      - navigating to "/login", waiting until "load"


      391 | test.describe("Secretary Role Access Control", () => {
      392 | 	test.beforeEach(async ({ page }) => {
    > 393 | 		await page.goto("/login");
          | 		           ^
      394 |
      395 | 		// Login as secretary
      396 | 		await page.fill('input[type="email"]', testUsers.secretary.email);
        at D:\neonpro\tools\testing\e2e\tests\auth\role-based-access.spec.ts:393:14

    attachment #1: trace (application/zip) ─────────────────────────────────────────────────────────
    ..\..\..\..\e2e\test-results\auth-role-based-access-Sec-7f960-appointments-and-scheduling-firefox-desktop-retry1\trace.zip
    Usage:

        npx playwright show-trace ..\..\..\..\e2e\test-results\auth-role-based-access-Sec-7f960-appointments-and-scheduling-firefox-desktop-retry1\trace.zip

    ────────────────────────────────────────────────────────────────────────────────────────────────
]]>
</failure>
<system-out>
<![CDATA[
[[ATTACHMENT|..\test-results\auth-role-based-access-Sec-7f960-appointments-and-scheduling-firefox-desktop-retry1\trace.zip]]
]]>
</system-out>
</testcase>
<testcase name="[firefox-desktop] Secretary Role Access Control › should access basic patient contact information only" classname="auth\role-based-access.spec.ts" time="1.51">
<failure message="role-based-access.spec.ts:429:6 should access basic patient contact information only" type="FAILURE">
<![CDATA[  [firefox-desktop] › auth\role-based-access.spec.ts:429:6 › Secretary Role Access Control › should access basic patient contact information only 

    Error: page.goto: Protocol error (Page.navigate): Invalid url: "/login"
    Call log:
      - navigating to "/login", waiting until "load"


      391 | test.describe("Secretary Role Access Control", () => {
      392 | 	test.beforeEach(async ({ page }) => {
    > 393 | 		await page.goto("/login");
          | 		           ^
      394 |
      395 | 		// Login as secretary
      396 | 		await page.fill('input[type="email"]', testUsers.secretary.email);
        at D:\neonpro\tools\testing\e2e\tests\auth\role-based-access.spec.ts:393:14

    Retry #1 ───────────────────────────────────────────────────────────────────────────────────────

    Error: page.goto: Protocol error (Page.navigate): Invalid url: "/login"
    Call log:
      - navigating to "/login", waiting until "load"


      391 | test.describe("Secretary Role Access Control", () => {
      392 | 	test.beforeEach(async ({ page }) => {
    > 393 | 		await page.goto("/login");
          | 		           ^
      394 |
      395 | 		// Login as secretary
      396 | 		await page.fill('input[type="email"]', testUsers.secretary.email);
        at D:\neonpro\tools\testing\e2e\tests\auth\role-based-access.spec.ts:393:14

    attachment #1: trace (application/zip) ─────────────────────────────────────────────────────────
    ..\..\..\..\e2e\test-results\auth-role-based-access-Sec-eb910-nt-contact-information-only-firefox-desktop-retry1\trace.zip
    Usage:

        npx playwright show-trace ..\..\..\..\e2e\test-results\auth-role-based-access-Sec-eb910-nt-contact-information-only-firefox-desktop-retry1\trace.zip

    ────────────────────────────────────────────────────────────────────────────────────────────────
]]>
</failure>
<system-out>
<![CDATA[
[[ATTACHMENT|..\test-results\auth-role-based-access-Sec-eb910-nt-contact-information-only-firefox-desktop-retry1\trace.zip]]
]]>
</system-out>
</testcase>
<testcase name="[firefox-desktop] Secretary Role Access Control › should manage financial and billing information" classname="auth\role-based-access.spec.ts" time="1.469">
<failure message="role-based-access.spec.ts:456:6 should manage financial and billing information" type="FAILURE">
<![CDATA[  [firefox-desktop] › auth\role-based-access.spec.ts:456:6 › Secretary Role Access Control › should manage financial and billing information 

    Error: page.goto: Protocol error (Page.navigate): Invalid url: "/login"
    Call log:
      - navigating to "/login", waiting until "load"


      391 | test.describe("Secretary Role Access Control", () => {
      392 | 	test.beforeEach(async ({ page }) => {
    > 393 | 		await page.goto("/login");
          | 		           ^
      394 |
      395 | 		// Login as secretary
      396 | 		await page.fill('input[type="email"]', testUsers.secretary.email);
        at D:\neonpro\tools\testing\e2e\tests\auth\role-based-access.spec.ts:393:14

    Retry #1 ───────────────────────────────────────────────────────────────────────────────────────

    Error: page.goto: Protocol error (Page.navigate): Invalid url: "/login"
    Call log:
      - navigating to "/login", waiting until "load"


      391 | test.describe("Secretary Role Access Control", () => {
      392 | 	test.beforeEach(async ({ page }) => {
    > 393 | 		await page.goto("/login");
          | 		           ^
      394 |
      395 | 		// Login as secretary
      396 | 		await page.fill('input[type="email"]', testUsers.secretary.email);
        at D:\neonpro\tools\testing\e2e\tests\auth\role-based-access.spec.ts:393:14

    attachment #1: trace (application/zip) ─────────────────────────────────────────────────────────
    ..\..\..\..\e2e\test-results\auth-role-based-access-Sec-23fdc-ial-and-billing-information-firefox-desktop-retry1\trace.zip
    Usage:

        npx playwright show-trace ..\..\..\..\e2e\test-results\auth-role-based-access-Sec-23fdc-ial-and-billing-information-firefox-desktop-retry1\trace.zip

    ────────────────────────────────────────────────────────────────────────────────────────────────
]]>
</failure>
<system-out>
<![CDATA[
[[ATTACHMENT|..\test-results\auth-role-based-access-Sec-23fdc-ial-and-billing-information-firefox-desktop-retry1\trace.zip]]
]]>
</system-out>
</testcase>
<testcase name="[firefox-desktop] Secretary Role Access Control › should NOT access prescription or medical diagnosis features" classname="auth\role-based-access.spec.ts" time="1.609">
<failure message="role-based-access.spec.ts:480:6 should NOT access prescription or medical diagnosis features" type="FAILURE">
<![CDATA[  [firefox-desktop] › auth\role-based-access.spec.ts:480:6 › Secretary Role Access Control › should NOT access prescription or medical diagnosis features 

    Error: page.goto: Protocol error (Page.navigate): Invalid url: "/login"
    Call log:
      - navigating to "/login", waiting until "load"


      391 | test.describe("Secretary Role Access Control", () => {
      392 | 	test.beforeEach(async ({ page }) => {
    > 393 | 		await page.goto("/login");
          | 		           ^
      394 |
      395 | 		// Login as secretary
      396 | 		await page.fill('input[type="email"]', testUsers.secretary.email);
        at D:\neonpro\tools\testing\e2e\tests\auth\role-based-access.spec.ts:393:14

    Retry #1 ───────────────────────────────────────────────────────────────────────────────────────

    Error: page.goto: Protocol error (Page.navigate): Invalid url: "/login"
    Call log:
      - navigating to "/login", waiting until "load"


      391 | test.describe("Secretary Role Access Control", () => {
      392 | 	test.beforeEach(async ({ page }) => {
    > 393 | 		await page.goto("/login");
          | 		           ^
      394 |
      395 | 		// Login as secretary
      396 | 		await page.fill('input[type="email"]', testUsers.secretary.email);
        at D:\neonpro\tools\testing\e2e\tests\auth\role-based-access.spec.ts:393:14

    attachment #1: trace (application/zip) ─────────────────────────────────────────────────────────
    ..\..\..\..\e2e\test-results\auth-role-based-access-Sec-889e9--medical-diagnosis-features-firefox-desktop-retry1\trace.zip
    Usage:

        npx playwright show-trace ..\..\..\..\e2e\test-results\auth-role-based-access-Sec-889e9--medical-diagnosis-features-firefox-desktop-retry1\trace.zip

    ────────────────────────────────────────────────────────────────────────────────────────────────
]]>
</failure>
<system-out>
<![CDATA[
[[ATTACHMENT|..\test-results\auth-role-based-access-Sec-889e9--medical-diagnosis-features-firefox-desktop-retry1\trace.zip]]
]]>
</system-out>
</testcase>
<testcase name="[firefox-desktop] Cross-Role Permissions and Escalation › should handle role escalation requests" classname="auth\role-based-access.spec.ts" time="1.583">
<failure message="role-based-access.spec.ts:501:6 should handle role escalation requests" type="FAILURE">
<![CDATA[  [firefox-desktop] › auth\role-based-access.spec.ts:501:6 › Cross-Role Permissions and Escalation › should handle role escalation requests 

    Error: page.goto: Protocol error (Page.navigate): Invalid url: "/login"
    Call log:
      - navigating to "/login", waiting until "load"


      501 | 	test("should handle role escalation requests", async ({ page }) => {
      502 | 		// Login as nurse
    > 503 | 		await page.goto("/login");
          | 		           ^
      504 | 		await page.fill('input[type="email"]', testUsers.nurse.email);
      505 | 		await page.fill('input[type="password"]', testUsers.nurse.password);
      506 | 		await page.fill('[data-testid="coren-number"]', testUsers.nurse.coren);
        at D:\neonpro\tools\testing\e2e\tests\auth\role-based-access.spec.ts:503:14

    Retry #1 ───────────────────────────────────────────────────────────────────────────────────────

    Error: page.goto: Protocol error (Page.navigate): Invalid url: "/login"
    Call log:
      - navigating to "/login", waiting until "load"


      501 | 	test("should handle role escalation requests", async ({ page }) => {
      502 | 		// Login as nurse
    > 503 | 		await page.goto("/login");
          | 		           ^
      504 | 		await page.fill('input[type="email"]', testUsers.nurse.email);
      505 | 		await page.fill('input[type="password"]', testUsers.nurse.password);
      506 | 		await page.fill('[data-testid="coren-number"]', testUsers.nurse.coren);
        at D:\neonpro\tools\testing\e2e\tests\auth\role-based-access.spec.ts:503:14

    attachment #1: trace (application/zip) ─────────────────────────────────────────────────────────
    ..\..\..\..\e2e\test-results\auth-role-based-access-Cro-2d084-le-role-escalation-requests-firefox-desktop-retry1\trace.zip
    Usage:

        npx playwright show-trace ..\..\..\..\e2e\test-results\auth-role-based-access-Cro-2d084-le-role-escalation-requests-firefox-desktop-retry1\trace.zip

    ────────────────────────────────────────────────────────────────────────────────────────────────
]]>
</failure>
<system-out>
<![CDATA[
[[ATTACHMENT|..\test-results\auth-role-based-access-Cro-2d084-le-role-escalation-requests-firefox-desktop-retry1\trace.zip]]
]]>
</system-out>
</testcase>
<testcase name="[firefox-desktop] Cross-Role Permissions and Escalation › should audit all role-based access attempts" classname="auth\role-based-access.spec.ts" time="1.439">
<failure message="role-based-access.spec.ts:534:6 should audit all role-based access attempts" type="FAILURE">
<![CDATA[  [firefox-desktop] › auth\role-based-access.spec.ts:534:6 › Cross-Role Permissions and Escalation › should audit all role-based access attempts 

    Error: page.goto: Protocol error (Page.navigate): Invalid url: "/login"
    Call log:
      - navigating to "/login", waiting until "load"


      534 | 	test("should audit all role-based access attempts", async ({ page }) => {
      535 | 		// Login as admin to check audit logs
    > 536 | 		await page.goto("/login");
          | 		           ^
      537 | 		await page.fill('input[type="email"]', testUsers.admin.email);
      538 | 		await page.fill('input[type="password"]', testUsers.admin.password);
      539 | 		await page.click('button[type="submit"]');
        at D:\neonpro\tools\testing\e2e\tests\auth\role-based-access.spec.ts:536:14

    Retry #1 ───────────────────────────────────────────────────────────────────────────────────────

    Error: page.goto: Protocol error (Page.navigate): Invalid url: "/login"
    Call log:
      - navigating to "/login", waiting until "load"


      534 | 	test("should audit all role-based access attempts", async ({ page }) => {
      535 | 		// Login as admin to check audit logs
    > 536 | 		await page.goto("/login");
          | 		           ^
      537 | 		await page.fill('input[type="email"]', testUsers.admin.email);
      538 | 		await page.fill('input[type="password"]', testUsers.admin.password);
      539 | 		await page.click('button[type="submit"]');
        at D:\neonpro\tools\testing\e2e\tests\auth\role-based-access.spec.ts:536:14

    attachment #1: trace (application/zip) ─────────────────────────────────────────────────────────
    ..\..\..\..\e2e\test-results\auth-role-based-access-Cro-4e24c--role-based-access-attempts-firefox-desktop-retry1\trace.zip
    Usage:

        npx playwright show-trace ..\..\..\..\e2e\test-results\auth-role-based-access-Cro-4e24c--role-based-access-attempts-firefox-desktop-retry1\trace.zip

    ────────────────────────────────────────────────────────────────────────────────────────────────
]]>
</failure>
<system-out>
<![CDATA[
[[ATTACHMENT|..\test-results\auth-role-based-access-Cro-4e24c--role-based-access-attempts-firefox-desktop-retry1\trace.zip]]
]]>
</system-out>
</testcase>
<testcase name="[firefox-desktop] Cross-Role Permissions and Escalation › should enforce time-based role restrictions" classname="auth\role-based-access.spec.ts" time="1.49">
<failure message="role-based-access.spec.ts:557:6 should enforce time-based role restrictions" type="FAILURE">
<![CDATA[  [firefox-desktop] › auth\role-based-access.spec.ts:557:6 › Cross-Role Permissions and Escalation › should enforce time-based role restrictions 

    Error: page.goto: Protocol error (Page.navigate): Invalid url: "/login"
    Call log:
      - navigating to "/login", waiting until "load"


      557 | 	test("should enforce time-based role restrictions", async ({ page }) => {
      558 | 		// Login as doctor
    > 559 | 		await page.goto("/login");
          | 		           ^
      560 | 		await page.fill('input[type="email"]', testUsers.doctor.email);
      561 | 		await page.fill('input[type="password"]', testUsers.doctor.password);
      562 | 		await page.fill('[data-testid="crm-number"]', testUsers.doctor.crm);
        at D:\neonpro\tools\testing\e2e\tests\auth\role-based-access.spec.ts:559:14

    Retry #1 ───────────────────────────────────────────────────────────────────────────────────────

    Error: page.goto: Protocol error (Page.navigate): Invalid url: "/login"
    Call log:
      - navigating to "/login", waiting until "load"


      557 | 	test("should enforce time-based role restrictions", async ({ page }) => {
      558 | 		// Login as doctor
    > 559 | 		await page.goto("/login");
          | 		           ^
      560 | 		await page.fill('input[type="email"]', testUsers.doctor.email);
      561 | 		await page.fill('input[type="password"]', testUsers.doctor.password);
      562 | 		await page.fill('[data-testid="crm-number"]', testUsers.doctor.crm);
        at D:\neonpro\tools\testing\e2e\tests\auth\role-based-access.spec.ts:559:14

    attachment #1: trace (application/zip) ─────────────────────────────────────────────────────────
    ..\..\..\..\e2e\test-results\auth-role-based-access-Cro-32690-ime-based-role-restrictions-firefox-desktop-retry1\trace.zip
    Usage:

        npx playwright show-trace ..\..\..\..\e2e\test-results\auth-role-based-access-Cro-32690-ime-based-role-restrictions-firefox-desktop-retry1\trace.zip

    ────────────────────────────────────────────────────────────────────────────────────────────────
]]>
</failure>
<system-out>
<![CDATA[
[[ATTACHMENT|..\test-results\auth-role-based-access-Cro-32690-ime-based-role-restrictions-firefox-desktop-retry1\trace.zip]]
]]>
</system-out>
</testcase>
</testsuite>
<testsuite name="core\basic-functionality.spec.ts" timestamp="2025-08-23T06:21:35.562Z" hostname="firefox-desktop" tests="6" failures="6" skipped="0" time="9.358" errors="0">
<testcase name="[firefox-desktop] NeonPro Healthcare Platform - Core E2E › should load the homepage successfully" classname="core\basic-functionality.spec.ts" time="1.506">
<failure message="basic-functionality.spec.ts:14:6 should load the homepage successfully" type="FAILURE">
<![CDATA[  [firefox-desktop] › core\basic-functionality.spec.ts:14:6 › NeonPro Healthcare Platform - Core E2E › should load the homepage successfully 

    Error: page.goto: Protocol error (Page.navigate): Invalid url: "/"
    Call log:
      - navigating to "/", waiting until "load"


       9 | 	test.beforeEach(async ({ page }) => {
      10 | 		// Navigate to the home page
    > 11 | 		await page.goto("/");
         | 		           ^
      12 | 	});
      13 |
      14 | 	test("should load the homepage successfully", async ({ page }) => {
        at D:\neonpro\tools\testing\e2e\tests\core\basic-functionality.spec.ts:11:14

    Retry #1 ───────────────────────────────────────────────────────────────────────────────────────

    Error: page.goto: Protocol error (Page.navigate): Invalid url: "/"
    Call log:
      - navigating to "/", waiting until "load"


       9 | 	test.beforeEach(async ({ page }) => {
      10 | 		// Navigate to the home page
    > 11 | 		await page.goto("/");
         | 		           ^
      12 | 	});
      13 |
      14 | 	test("should load the homepage successfully", async ({ page }) => {
        at D:\neonpro\tools\testing\e2e\tests\core\basic-functionality.spec.ts:11:14

    attachment #1: trace (application/zip) ─────────────────────────────────────────────────────────
    ..\..\..\..\e2e\test-results\core-basic-functionality-N-a6bae-d-the-homepage-successfully-firefox-desktop-retry1\trace.zip
    Usage:

        npx playwright show-trace ..\..\..\..\e2e\test-results\core-basic-functionality-N-a6bae-d-the-homepage-successfully-firefox-desktop-retry1\trace.zip

    ────────────────────────────────────────────────────────────────────────────────────────────────
]]>
</failure>
<system-out>
<![CDATA[
[[ATTACHMENT|..\test-results\core-basic-functionality-N-a6bae-d-the-homepage-successfully-firefox-desktop-retry1\trace.zip]]
]]>
</system-out>
</testcase>
<testcase name="[firefox-desktop] NeonPro Healthcare Platform - Core E2E › should have proper navigation elements" classname="core\basic-functionality.spec.ts" time="1.505">
<failure message="basic-functionality.spec.ts:26:6 should have proper navigation elements" type="FAILURE">
<![CDATA[  [firefox-desktop] › core\basic-functionality.spec.ts:26:6 › NeonPro Healthcare Platform - Core E2E › should have proper navigation elements 

    Error: page.goto: Protocol error (Page.navigate): Invalid url: "/"
    Call log:
      - navigating to "/", waiting until "load"


       9 | 	test.beforeEach(async ({ page }) => {
      10 | 		// Navigate to the home page
    > 11 | 		await page.goto("/");
         | 		           ^
      12 | 	});
      13 |
      14 | 	test("should load the homepage successfully", async ({ page }) => {
        at D:\neonpro\tools\testing\e2e\tests\core\basic-functionality.spec.ts:11:14

    Retry #1 ───────────────────────────────────────────────────────────────────────────────────────

    Error: page.goto: Protocol error (Page.navigate): Invalid url: "/"
    Call log:
      - navigating to "/", waiting until "load"


       9 | 	test.beforeEach(async ({ page }) => {
      10 | 		// Navigate to the home page
    > 11 | 		await page.goto("/");
         | 		           ^
      12 | 	});
      13 |
      14 | 	test("should load the homepage successfully", async ({ page }) => {
        at D:\neonpro\tools\testing\e2e\tests\core\basic-functionality.spec.ts:11:14

    attachment #1: trace (application/zip) ─────────────────────────────────────────────────────────
    ..\..\..\..\e2e\test-results\core-basic-functionality-N-d5b1d--proper-navigation-elements-firefox-desktop-retry1\trace.zip
    Usage:

        npx playwright show-trace ..\..\..\..\e2e\test-results\core-basic-functionality-N-d5b1d--proper-navigation-elements-firefox-desktop-retry1\trace.zip

    ────────────────────────────────────────────────────────────────────────────────────────────────
]]>
</failure>
<system-out>
<![CDATA[
[[ATTACHMENT|..\test-results\core-basic-functionality-N-d5b1d--proper-navigation-elements-firefox-desktop-retry1\trace.zip]]
]]>
</system-out>
</testcase>
<testcase name="[firefox-desktop] NeonPro Healthcare Platform - Core E2E › should be accessible via keyboard navigation" classname="core\basic-functionality.spec.ts" time="1.605">
<failure message="basic-functionality.spec.ts:45:6 should be accessible via keyboard navigation" type="FAILURE">
<![CDATA[  [firefox-desktop] › core\basic-functionality.spec.ts:45:6 › NeonPro Healthcare Platform - Core E2E › should be accessible via keyboard navigation 

    Error: page.goto: Protocol error (Page.navigate): Invalid url: "/"
    Call log:
      - navigating to "/", waiting until "load"


       9 | 	test.beforeEach(async ({ page }) => {
      10 | 		// Navigate to the home page
    > 11 | 		await page.goto("/");
         | 		           ^
      12 | 	});
      13 |
      14 | 	test("should load the homepage successfully", async ({ page }) => {
        at D:\neonpro\tools\testing\e2e\tests\core\basic-functionality.spec.ts:11:14

    Retry #1 ───────────────────────────────────────────────────────────────────────────────────────

    Error: page.goto: Protocol error (Page.navigate): Invalid url: "/"
    Call log:
      - navigating to "/", waiting until "load"


       9 | 	test.beforeEach(async ({ page }) => {
      10 | 		// Navigate to the home page
    > 11 | 		await page.goto("/");
         | 		           ^
      12 | 	});
      13 |
      14 | 	test("should load the homepage successfully", async ({ page }) => {
        at D:\neonpro\tools\testing\e2e\tests\core\basic-functionality.spec.ts:11:14

    attachment #1: trace (application/zip) ─────────────────────────────────────────────────────────
    ..\..\..\..\e2e\test-results\core-basic-functionality-N-787c1-ble-via-keyboard-navigation-firefox-desktop-retry1\trace.zip
    Usage:

        npx playwright show-trace ..\..\..\..\e2e\test-results\core-basic-functionality-N-787c1-ble-via-keyboard-navigation-firefox-desktop-retry1\trace.zip

    ────────────────────────────────────────────────────────────────────────────────────────────────
]]>
</failure>
<system-out>
<![CDATA[
[[ATTACHMENT|..\test-results\core-basic-functionality-N-787c1-ble-via-keyboard-navigation-firefox-desktop-retry1\trace.zip]]
]]>
</system-out>
</testcase>
<testcase name="[firefox-desktop] NeonPro Healthcare Platform - Core E2E › should handle page errors gracefully" classname="core\basic-functionality.spec.ts" time="1.562">
<failure message="basic-functionality.spec.ts:60:6 should handle page errors gracefully" type="FAILURE">
<![CDATA[  [firefox-desktop] › core\basic-functionality.spec.ts:60:6 › NeonPro Healthcare Platform - Core E2E › should handle page errors gracefully 

    Error: page.goto: Protocol error (Page.navigate): Invalid url: "/"
    Call log:
      - navigating to "/", waiting until "load"


       9 | 	test.beforeEach(async ({ page }) => {
      10 | 		// Navigate to the home page
    > 11 | 		await page.goto("/");
         | 		           ^
      12 | 	});
      13 |
      14 | 	test("should load the homepage successfully", async ({ page }) => {
        at D:\neonpro\tools\testing\e2e\tests\core\basic-functionality.spec.ts:11:14

    Retry #1 ───────────────────────────────────────────────────────────────────────────────────────

    Error: page.goto: Protocol error (Page.navigate): Invalid url: "/"
    Call log:
      - navigating to "/", waiting until "load"


       9 | 	test.beforeEach(async ({ page }) => {
      10 | 		// Navigate to the home page
    > 11 | 		await page.goto("/");
         | 		           ^
      12 | 	});
      13 |
      14 | 	test("should load the homepage successfully", async ({ page }) => {
        at D:\neonpro\tools\testing\e2e\tests\core\basic-functionality.spec.ts:11:14

    attachment #1: trace (application/zip) ─────────────────────────────────────────────────────────
    ..\..\..\..\e2e\test-results\core-basic-functionality-N-b3e5e-ndle-page-errors-gracefully-firefox-desktop-retry1\trace.zip
    Usage:

        npx playwright show-trace ..\..\..\..\e2e\test-results\core-basic-functionality-N-b3e5e-ndle-page-errors-gracefully-firefox-desktop-retry1\trace.zip

    ────────────────────────────────────────────────────────────────────────────────────────────────
]]>
</failure>
<system-out>
<![CDATA[
[[ATTACHMENT|..\test-results\core-basic-functionality-N-b3e5e-ndle-page-errors-gracefully-firefox-desktop-retry1\trace.zip]]
]]>
</system-out>
</testcase>
<testcase name="[firefox-desktop] NeonPro Healthcare Platform - Responsive Design › should work on mobile viewport" classname="core\basic-functionality.spec.ts" time="1.627">
<failure message="basic-functionality.spec.ts:75:6 should work on mobile viewport" type="FAILURE">
<![CDATA[  [firefox-desktop] › core\basic-functionality.spec.ts:75:6 › NeonPro Healthcare Platform - Responsive Design › should work on mobile viewport 

    Error: page.goto: Protocol error (Page.navigate): Invalid url: "/"
    Call log:
      - navigating to "/", waiting until "load"


      78 |
      79 | 		// Navigate to home page
    > 80 | 		await page.goto("/");
         | 		           ^
      81 | 		await page.waitForLoadState("networkidle");
      82 |
      83 | 		// Basic mobile responsiveness check
        at D:\neonpro\tools\testing\e2e\tests\core\basic-functionality.spec.ts:80:14

    Retry #1 ───────────────────────────────────────────────────────────────────────────────────────

    Error: page.goto: Protocol error (Page.navigate): Invalid url: "/"
    Call log:
      - navigating to "/", waiting until "load"


      78 |
      79 | 		// Navigate to home page
    > 80 | 		await page.goto("/");
         | 		           ^
      81 | 		await page.waitForLoadState("networkidle");
      82 |
      83 | 		// Basic mobile responsiveness check
        at D:\neonpro\tools\testing\e2e\tests\core\basic-functionality.spec.ts:80:14

    attachment #1: trace (application/zip) ─────────────────────────────────────────────────────────
    ..\..\..\..\e2e\test-results\core-basic-functionality-N-383af-uld-work-on-mobile-viewport-firefox-desktop-retry1\trace.zip
    Usage:

        npx playwright show-trace ..\..\..\..\e2e\test-results\core-basic-functionality-N-383af-uld-work-on-mobile-viewport-firefox-desktop-retry1\trace.zip

    ────────────────────────────────────────────────────────────────────────────────────────────────
]]>
</failure>
<system-out>
<![CDATA[
[[ATTACHMENT|..\test-results\core-basic-functionality-N-383af-uld-work-on-mobile-viewport-firefox-desktop-retry1\trace.zip]]
]]>
</system-out>
</testcase>
<testcase name="[firefox-desktop] NeonPro Healthcare Platform - Responsive Design › should work on tablet viewport" classname="core\basic-functionality.spec.ts" time="1.553">
<failure message="basic-functionality.spec.ts:94:6 should work on tablet viewport" type="FAILURE">
<![CDATA[  [firefox-desktop] › core\basic-functionality.spec.ts:94:6 › NeonPro Healthcare Platform - Responsive Design › should work on tablet viewport 

    Error: page.goto: Protocol error (Page.navigate): Invalid url: "/"
    Call log:
      - navigating to "/", waiting until "load"


       97 |
       98 | 		// Navigate to home page
    >  99 | 		await page.goto("/");
          | 		           ^
      100 | 		await page.waitForLoadState("networkidle");
      101 |
      102 | 		// Basic tablet responsiveness check
        at D:\neonpro\tools\testing\e2e\tests\core\basic-functionality.spec.ts:99:14

    Retry #1 ───────────────────────────────────────────────────────────────────────────────────────

    Error: page.goto: Protocol error (Page.navigate): Invalid url: "/"
    Call log:
      - navigating to "/", waiting until "load"


       97 |
       98 | 		// Navigate to home page
    >  99 | 		await page.goto("/");
          | 		           ^
      100 | 		await page.waitForLoadState("networkidle");
      101 |
      102 | 		// Basic tablet responsiveness check
        at D:\neonpro\tools\testing\e2e\tests\core\basic-functionality.spec.ts:99:14

    attachment #1: trace (application/zip) ─────────────────────────────────────────────────────────
    ..\..\..\..\e2e\test-results\core-basic-functionality-N-faf34-uld-work-on-tablet-viewport-firefox-desktop-retry1\trace.zip
    Usage:

        npx playwright show-trace ..\..\..\..\e2e\test-results\core-basic-functionality-N-faf34-uld-work-on-tablet-viewport-firefox-desktop-retry1\trace.zip

    ────────────────────────────────────────────────────────────────────────────────────────────────
]]>
</failure>
<system-out>
<![CDATA[
[[ATTACHMENT|..\test-results\core-basic-functionality-N-faf34-uld-work-on-tablet-viewport-firefox-desktop-retry1\trace.zip]]
]]>
</system-out>
</testcase>
</testsuite>
<testsuite name="example.spec.ts" timestamp="2025-08-23T06:21:35.562Z" hostname="firefox-desktop" tests="2" failures="0" skipped="0" time="1.971" errors="0">
<testcase name="[firefox-desktop] has title" classname="example.spec.ts" time="1.089">
</testcase>
<testcase name="[firefox-desktop] get started link" classname="example.spec.ts" time="0.882">
</testcase>
</testsuite>
<testsuite name="healthcare\appointment-booking.spec.ts" timestamp="2025-08-23T06:21:35.562Z" hostname="firefox-desktop" tests="15" failures="15" skipped="0" time="23.682" errors="0">
<testcase name="[firefox-desktop] 📅 Appointment Booking - Critical E2E › 🔍 Search Availability &amp; Booking Flow › should display available appointment slots with healthcare context" classname="healthcare\appointment-booking.spec.ts" time="1.57">
<failure message="appointment-booking.spec.ts:53:7 should display available appointment slots with healthcare context" type="FAILURE">
<![CDATA[  [firefox-desktop] › healthcare\appointment-booking.spec.ts:53:7 › 📅 Appointment Booking - Critical E2E › 🔍 Search Availability & Booking Flow › should display available appointment slots with healthcare context 

    Error: page.evaluate: The operation is insecure.
    @debugger eval code line 291 > eval:1:7
    evaluate@debugger eval code:293:16
    @debugger eval code:1:44

        at @debugger eval code line 291 > eval:1:7
        at evaluate@debugger eval code:293:16
        at @debugger eval code:1:44
        at D:\neonpro\tools\testing\e2e\tests\healthcare\appointment-booking.spec.ts:26:14

    Retry #1 ───────────────────────────────────────────────────────────────────────────────────────

    Error: page.evaluate: The operation is insecure.
    @debugger eval code line 291 > eval:1:7
    evaluate@debugger eval code:293:16
    @debugger eval code:1:44

        at @debugger eval code line 291 > eval:1:7
        at evaluate@debugger eval code:293:16
        at @debugger eval code:1:44
        at D:\neonpro\tools\testing\e2e\tests\healthcare\appointment-booking.spec.ts:26:14

    attachment #1: trace (application/zip) ─────────────────────────────────────────────────────────
    ..\..\..\..\e2e\test-results\healthcare-appointment-boo-15244-ots-with-healthcare-context-firefox-desktop-retry1\trace.zip
    Usage:

        npx playwright show-trace ..\..\..\..\e2e\test-results\healthcare-appointment-boo-15244-ots-with-healthcare-context-firefox-desktop-retry1\trace.zip

    ────────────────────────────────────────────────────────────────────────────────────────────────
]]>
</failure>
<system-out>
<![CDATA[
[[ATTACHMENT|..\test-results\healthcare-appointment-boo-15244-ots-with-healthcare-context-firefox-desktop-retry1\trace.zip]]
]]>
</system-out>
</testcase>
<testcase name="[firefox-desktop] 📅 Appointment Booking - Critical E2E › 🔍 Search Availability &amp; Booking Flow › should book new appointment with complete healthcare workflow" classname="healthcare\appointment-booking.spec.ts" time="1.016">
<failure message="appointment-booking.spec.ts:130:7 should book new appointment with complete healthcare workflow" type="FAILURE">
<![CDATA[  [firefox-desktop] › healthcare\appointment-booking.spec.ts:130:7 › 📅 Appointment Booking - Critical E2E › 🔍 Search Availability & Booking Flow › should book new appointment with complete healthcare workflow 

    Error: page.evaluate: The operation is insecure.
    @debugger eval code line 291 > eval:1:7
    evaluate@debugger eval code:293:16
    @debugger eval code:1:44

        at @debugger eval code line 291 > eval:1:7
        at evaluate@debugger eval code:293:16
        at @debugger eval code:1:44
        at D:\neonpro\tools\testing\e2e\tests\healthcare\appointment-booking.spec.ts:26:14

    Retry #1 ───────────────────────────────────────────────────────────────────────────────────────

    Error: page.evaluate: The operation is insecure.
    @debugger eval code line 291 > eval:1:7
    evaluate@debugger eval code:293:16
    @debugger eval code:1:44

        at @debugger eval code line 291 > eval:1:7
        at evaluate@debugger eval code:293:16
        at @debugger eval code:1:44
        at D:\neonpro\tools\testing\e2e\tests\healthcare\appointment-booking.spec.ts:26:14

    attachment #1: trace (application/zip) ─────────────────────────────────────────────────────────
    ..\..\..\..\e2e\test-results\healthcare-appointment-boo-9139d-omplete-healthcare-workflow-firefox-desktop-retry1\trace.zip
    Usage:

        npx playwright show-trace ..\..\..\..\e2e\test-results\healthcare-appointment-boo-9139d-omplete-healthcare-workflow-firefox-desktop-retry1\trace.zip

    ────────────────────────────────────────────────────────────────────────────────────────────────
]]>
</failure>
<system-out>
<![CDATA[
[[ATTACHMENT|..\test-results\healthcare-appointment-boo-9139d-omplete-healthcare-workflow-firefox-desktop-retry1\trace.zip]]
]]>
</system-out>
</testcase>
<testcase name="[firefox-desktop] 📅 Appointment Booking - Critical E2E › 🔍 Search Availability &amp; Booking Flow › should handle appointment conflicts and availability checks" classname="healthcare\appointment-booking.spec.ts" time="1.534">
<failure message="appointment-booking.spec.ts:217:7 should handle appointment conflicts and availability checks" type="FAILURE">
<![CDATA[  [firefox-desktop] › healthcare\appointment-booking.spec.ts:217:7 › 📅 Appointment Booking - Critical E2E › 🔍 Search Availability & Booking Flow › should handle appointment conflicts and availability checks 

    Error: page.evaluate: The operation is insecure.
    @debugger eval code line 291 > eval:1:7
    evaluate@debugger eval code:293:16
    @debugger eval code:1:44

        at @debugger eval code line 291 > eval:1:7
        at evaluate@debugger eval code:293:16
        at @debugger eval code:1:44
        at D:\neonpro\tools\testing\e2e\tests\healthcare\appointment-booking.spec.ts:26:14

    Retry #1 ───────────────────────────────────────────────────────────────────────────────────────

    Error: page.evaluate: The operation is insecure.
    @debugger eval code line 291 > eval:1:7
    evaluate@debugger eval code:293:16
    @debugger eval code:1:44

        at @debugger eval code line 291 > eval:1:7
        at evaluate@debugger eval code:293:16
        at @debugger eval code:1:44
        at D:\neonpro\tools\testing\e2e\tests\healthcare\appointment-booking.spec.ts:26:14

    attachment #1: trace (application/zip) ─────────────────────────────────────────────────────────
    ..\..\..\..\e2e\test-results\healthcare-appointment-boo-0385c-cts-and-availability-checks-firefox-desktop-retry1\trace.zip
    Usage:

        npx playwright show-trace ..\..\..\..\e2e\test-results\healthcare-appointment-boo-0385c-cts-and-availability-checks-firefox-desktop-retry1\trace.zip

    ────────────────────────────────────────────────────────────────────────────────────────────────
]]>
</failure>
<system-out>
<![CDATA[
[[ATTACHMENT|..\test-results\healthcare-appointment-boo-0385c-cts-and-availability-checks-firefox-desktop-retry1\trace.zip]]
]]>
</system-out>
</testcase>
<testcase name="[firefox-desktop] 📅 Appointment Booking - Critical E2E › 🔍 Search Availability &amp; Booking Flow › should validate required fields in appointment form" classname="healthcare\appointment-booking.spec.ts" time="1.689">
<failure message="appointment-booking.spec.ts:250:7 should validate required fields in appointment form" type="FAILURE">
<![CDATA[  [firefox-desktop] › healthcare\appointment-booking.spec.ts:250:7 › 📅 Appointment Booking - Critical E2E › 🔍 Search Availability & Booking Flow › should validate required fields in appointment form 

    Error: page.evaluate: The operation is insecure.
    @debugger eval code line 291 > eval:1:7
    evaluate@debugger eval code:293:16
    @debugger eval code:1:44

        at @debugger eval code line 291 > eval:1:7
        at evaluate@debugger eval code:293:16
        at @debugger eval code:1:44
        at D:\neonpro\tools\testing\e2e\tests\healthcare\appointment-booking.spec.ts:26:14

    Retry #1 ───────────────────────────────────────────────────────────────────────────────────────

    Error: page.evaluate: The operation is insecure.
    @debugger eval code line 291 > eval:1:7
    evaluate@debugger eval code:293:16
    @debugger eval code:1:44

        at @debugger eval code line 291 > eval:1:7
        at evaluate@debugger eval code:293:16
        at @debugger eval code:1:44
        at D:\neonpro\tools\testing\e2e\tests\healthcare\appointment-booking.spec.ts:26:14

    attachment #1: trace (application/zip) ─────────────────────────────────────────────────────────
    ..\..\..\..\e2e\test-results\healthcare-appointment-boo-bc485--fields-in-appointment-form-firefox-desktop-retry1\trace.zip
    Usage:

        npx playwright show-trace ..\..\..\..\e2e\test-results\healthcare-appointment-boo-bc485--fields-in-appointment-form-firefox-desktop-retry1\trace.zip

    ────────────────────────────────────────────────────────────────────────────────────────────────
]]>
</failure>
<system-out>
<![CDATA[
[[ATTACHMENT|..\test-results\healthcare-appointment-boo-bc485--fields-in-appointment-form-firefox-desktop-retry1\trace.zip]]
]]>
</system-out>
</testcase>
<testcase name="[firefox-desktop] 📅 Appointment Booking - Critical E2E › 📋 Appointment Management › should display existing appointments in calendar view" classname="healthcare\appointment-booking.spec.ts" time="1.6">
<failure message="appointment-booking.spec.ts:288:7 should display existing appointments in calendar view" type="FAILURE">
<![CDATA[  [firefox-desktop] › healthcare\appointment-booking.spec.ts:288:7 › 📅 Appointment Booking - Critical E2E › 📋 Appointment Management › should display existing appointments in calendar view 

    Error: page.evaluate: The operation is insecure.
    @debugger eval code line 291 > eval:1:7
    evaluate@debugger eval code:293:16
    @debugger eval code:1:44

        at @debugger eval code line 291 > eval:1:7
        at evaluate@debugger eval code:293:16
        at @debugger eval code:1:44
        at D:\neonpro\tools\testing\e2e\tests\healthcare\appointment-booking.spec.ts:26:14

    Retry #1 ───────────────────────────────────────────────────────────────────────────────────────

    Error: page.evaluate: The operation is insecure.
    @debugger eval code line 291 > eval:1:7
    evaluate@debugger eval code:293:16
    @debugger eval code:1:44

        at @debugger eval code line 291 > eval:1:7
        at evaluate@debugger eval code:293:16
        at @debugger eval code:1:44
        at D:\neonpro\tools\testing\e2e\tests\healthcare\appointment-booking.spec.ts:26:14

    attachment #1: trace (application/zip) ─────────────────────────────────────────────────────────
    ..\..\..\..\e2e\test-results\healthcare-appointment-boo-f8981-pointments-in-calendar-view-firefox-desktop-retry1\trace.zip
    Usage:

        npx playwright show-trace ..\..\..\..\e2e\test-results\healthcare-appointment-boo-f8981-pointments-in-calendar-view-firefox-desktop-retry1\trace.zip

    ────────────────────────────────────────────────────────────────────────────────────────────────
]]>
</failure>
<system-out>
<![CDATA[
[[ATTACHMENT|..\test-results\healthcare-appointment-boo-f8981-pointments-in-calendar-view-firefox-desktop-retry1\trace.zip]]
]]>
</system-out>
</testcase>
<testcase name="[firefox-desktop] 📅 Appointment Booking - Critical E2E › 📋 Appointment Management › should reschedule existing appointment" classname="healthcare\appointment-booking.spec.ts" time="1.522">
<failure message="appointment-booking.spec.ts:317:7 should reschedule existing appointment" type="FAILURE">
<![CDATA[  [firefox-desktop] › healthcare\appointment-booking.spec.ts:317:7 › 📅 Appointment Booking - Critical E2E › 📋 Appointment Management › should reschedule existing appointment 

    Error: page.evaluate: The operation is insecure.
    @debugger eval code line 291 > eval:1:7
    evaluate@debugger eval code:293:16
    @debugger eval code:1:44

        at @debugger eval code line 291 > eval:1:7
        at evaluate@debugger eval code:293:16
        at @debugger eval code:1:44
        at D:\neonpro\tools\testing\e2e\tests\healthcare\appointment-booking.spec.ts:26:14

    Retry #1 ───────────────────────────────────────────────────────────────────────────────────────

    Error: page.evaluate: The operation is insecure.
    @debugger eval code line 291 > eval:1:7
    evaluate@debugger eval code:293:16
    @debugger eval code:1:44

        at @debugger eval code line 291 > eval:1:7
        at evaluate@debugger eval code:293:16
        at @debugger eval code:1:44
        at D:\neonpro\tools\testing\e2e\tests\healthcare\appointment-booking.spec.ts:26:14

    attachment #1: trace (application/zip) ─────────────────────────────────────────────────────────
    ..\..\..\..\e2e\test-results\healthcare-appointment-boo-a0f1c-hedule-existing-appointment-firefox-desktop-retry1\trace.zip
    Usage:

        npx playwright show-trace ..\..\..\..\e2e\test-results\healthcare-appointment-boo-a0f1c-hedule-existing-appointment-firefox-desktop-retry1\trace.zip

    ────────────────────────────────────────────────────────────────────────────────────────────────
]]>
</failure>
<system-out>
<![CDATA[
[[ATTACHMENT|..\test-results\healthcare-appointment-boo-a0f1c-hedule-existing-appointment-firefox-desktop-retry1\trace.zip]]
]]>
</system-out>
</testcase>
<testcase name="[firefox-desktop] 📅 Appointment Booking - Critical E2E › 📋 Appointment Management › should cancel appointment with proper confirmation" classname="healthcare\appointment-booking.spec.ts" time="1.581">
<failure message="appointment-booking.spec.ts:374:7 should cancel appointment with proper confirmation" type="FAILURE">
<![CDATA[  [firefox-desktop] › healthcare\appointment-booking.spec.ts:374:7 › 📅 Appointment Booking - Critical E2E › 📋 Appointment Management › should cancel appointment with proper confirmation 

    Error: page.evaluate: The operation is insecure.
    @debugger eval code line 291 > eval:1:7
    evaluate@debugger eval code:293:16
    @debugger eval code:1:44

        at @debugger eval code line 291 > eval:1:7
        at evaluate@debugger eval code:293:16
        at @debugger eval code:1:44
        at D:\neonpro\tools\testing\e2e\tests\healthcare\appointment-booking.spec.ts:26:14

    Retry #1 ───────────────────────────────────────────────────────────────────────────────────────

    Error: page.evaluate: The operation is insecure.
    @debugger eval code line 291 > eval:1:7
    evaluate@debugger eval code:293:16
    @debugger eval code:1:44

        at @debugger eval code line 291 > eval:1:7
        at evaluate@debugger eval code:293:16
        at @debugger eval code:1:44
        at D:\neonpro\tools\testing\e2e\tests\healthcare\appointment-booking.spec.ts:26:14

    attachment #1: trace (application/zip) ─────────────────────────────────────────────────────────
    ..\..\..\..\e2e\test-results\healthcare-appointment-boo-a52a2-nt-with-proper-confirmation-firefox-desktop-retry1\trace.zip
    Usage:

        npx playwright show-trace ..\..\..\..\e2e\test-results\healthcare-appointment-boo-a52a2-nt-with-proper-confirmation-firefox-desktop-retry1\trace.zip

    ────────────────────────────────────────────────────────────────────────────────────────────────
]]>
</failure>
<system-out>
<![CDATA[
[[ATTACHMENT|..\test-results\healthcare-appointment-boo-a52a2-nt-with-proper-confirmation-firefox-desktop-retry1\trace.zip]]
]]>
</system-out>
</testcase>
<testcase name="[firefox-desktop] 📅 Appointment Booking - Critical E2E › 🏥 Healthcare-Specific Features › should support medical procedure scheduling" classname="healthcare\appointment-booking.spec.ts" time="1.628">
<failure message="appointment-booking.spec.ts:428:7 should support medical procedure scheduling" type="FAILURE">
<![CDATA[  [firefox-desktop] › healthcare\appointment-booking.spec.ts:428:7 › 📅 Appointment Booking - Critical E2E › 🏥 Healthcare-Specific Features › should support medical procedure scheduling 

    Error: page.evaluate: The operation is insecure.
    @debugger eval code line 291 > eval:1:7
    evaluate@debugger eval code:293:16
    @debugger eval code:1:44

        at @debugger eval code line 291 > eval:1:7
        at evaluate@debugger eval code:293:16
        at @debugger eval code:1:44
        at D:\neonpro\tools\testing\e2e\tests\healthcare\appointment-booking.spec.ts:26:14

    Retry #1 ───────────────────────────────────────────────────────────────────────────────────────

    Error: page.evaluate: The operation is insecure.
    @debugger eval code line 291 > eval:1:7
    evaluate@debugger eval code:293:16
    @debugger eval code:1:44

        at @debugger eval code line 291 > eval:1:7
        at evaluate@debugger eval code:293:16
        at @debugger eval code:1:44
        at D:\neonpro\tools\testing\e2e\tests\healthcare\appointment-booking.spec.ts:26:14

    attachment #1: trace (application/zip) ─────────────────────────────────────────────────────────
    ..\..\..\..\e2e\test-results\healthcare-appointment-boo-8d948-edical-procedure-scheduling-firefox-desktop-retry1\trace.zip
    Usage:

        npx playwright show-trace ..\..\..\..\e2e\test-results\healthcare-appointment-boo-8d948-edical-procedure-scheduling-firefox-desktop-retry1\trace.zip

    ────────────────────────────────────────────────────────────────────────────────────────────────
]]>
</failure>
<system-out>
<![CDATA[
[[ATTACHMENT|..\test-results\healthcare-appointment-boo-8d948-edical-procedure-scheduling-firefox-desktop-retry1\trace.zip]]
]]>
</system-out>
</testcase>
<testcase name="[firefox-desktop] 📅 Appointment Booking - Critical E2E › 🏥 Healthcare-Specific Features › should handle emergency appointment scheduling" classname="healthcare\appointment-booking.spec.ts" time="1.731">
<failure message="appointment-booking.spec.ts:460:7 should handle emergency appointment scheduling" type="FAILURE">
<![CDATA[  [firefox-desktop] › healthcare\appointment-booking.spec.ts:460:7 › 📅 Appointment Booking - Critical E2E › 🏥 Healthcare-Specific Features › should handle emergency appointment scheduling 

    Error: page.evaluate: The operation is insecure.
    @debugger eval code line 291 > eval:1:7
    evaluate@debugger eval code:293:16
    @debugger eval code:1:44

        at @debugger eval code line 291 > eval:1:7
        at evaluate@debugger eval code:293:16
        at @debugger eval code:1:44
        at D:\neonpro\tools\testing\e2e\tests\healthcare\appointment-booking.spec.ts:26:14

    Retry #1 ───────────────────────────────────────────────────────────────────────────────────────

    Error: page.evaluate: The operation is insecure.
    @debugger eval code line 291 > eval:1:7
    evaluate@debugger eval code:293:16
    @debugger eval code:1:44

        at @debugger eval code line 291 > eval:1:7
        at evaluate@debugger eval code:293:16
        at @debugger eval code:1:44
        at D:\neonpro\tools\testing\e2e\tests\healthcare\appointment-booking.spec.ts:26:14

    attachment #1: trace (application/zip) ─────────────────────────────────────────────────────────
    ..\..\..\..\e2e\test-results\healthcare-appointment-boo-ad117-ency-appointment-scheduling-firefox-desktop-retry1\trace.zip
    Usage:

        npx playwright show-trace ..\..\..\..\e2e\test-results\healthcare-appointment-boo-ad117-ency-appointment-scheduling-firefox-desktop-retry1\trace.zip

    ────────────────────────────────────────────────────────────────────────────────────────────────
]]>
</failure>
<system-out>
<![CDATA[
[[ATTACHMENT|..\test-results\healthcare-appointment-boo-ad117-ency-appointment-scheduling-firefox-desktop-retry1\trace.zip]]
]]>
</system-out>
</testcase>
<testcase name="[firefox-desktop] 📅 Appointment Booking - Critical E2E › 🏥 Healthcare-Specific Features › should validate professional availability and credentials" classname="healthcare\appointment-booking.spec.ts" time="1.516">
<failure message="appointment-booking.spec.ts:485:7 should validate professional availability and credentials" type="FAILURE">
<![CDATA[  [firefox-desktop] › healthcare\appointment-booking.spec.ts:485:7 › 📅 Appointment Booking - Critical E2E › 🏥 Healthcare-Specific Features › should validate professional availability and credentials 

    Error: page.evaluate: The operation is insecure.
    @debugger eval code line 291 > eval:1:7
    evaluate@debugger eval code:293:16
    @debugger eval code:1:44

        at @debugger eval code line 291 > eval:1:7
        at evaluate@debugger eval code:293:16
        at @debugger eval code:1:44
        at D:\neonpro\tools\testing\e2e\tests\healthcare\appointment-booking.spec.ts:26:14

    Retry #1 ───────────────────────────────────────────────────────────────────────────────────────

    Error: page.evaluate: The operation is insecure.
    @debugger eval code line 291 > eval:1:7
    evaluate@debugger eval code:293:16
    @debugger eval code:1:44

        at @debugger eval code line 291 > eval:1:7
        at evaluate@debugger eval code:293:16
        at @debugger eval code:1:44
        at D:\neonpro\tools\testing\e2e\tests\healthcare\appointment-booking.spec.ts:26:14

    attachment #1: trace (application/zip) ─────────────────────────────────────────────────────────
    ..\..\..\..\e2e\test-results\healthcare-appointment-boo-39933-vailability-and-credentials-firefox-desktop-retry1\trace.zip
    Usage:

        npx playwright show-trace ..\..\..\..\e2e\test-results\healthcare-appointment-boo-39933-vailability-and-credentials-firefox-desktop-retry1\trace.zip

    ────────────────────────────────────────────────────────────────────────────────────────────────
]]>
</failure>
<system-out>
<![CDATA[
[[ATTACHMENT|..\test-results\healthcare-appointment-boo-39933-vailability-and-credentials-firefox-desktop-retry1\trace.zip]]
]]>
</system-out>
</testcase>
<testcase name="[firefox-desktop] 📅 Appointment Booking - Critical E2E › 📱 Patient Notifications &amp; Communication › should send appointment confirmation notifications" classname="healthcare\appointment-booking.spec.ts" time="1.684">
<failure message="appointment-booking.spec.ts:518:7 should send appointment confirmation notifications" type="FAILURE">
<![CDATA[  [firefox-desktop] › healthcare\appointment-booking.spec.ts:518:7 › 📅 Appointment Booking - Critical E2E › 📱 Patient Notifications & Communication › should send appointment confirmation notifications 

    Error: page.evaluate: The operation is insecure.
    @debugger eval code line 291 > eval:1:7
    evaluate@debugger eval code:293:16
    @debugger eval code:1:44

        at @debugger eval code line 291 > eval:1:7
        at evaluate@debugger eval code:293:16
        at @debugger eval code:1:44
        at D:\neonpro\tools\testing\e2e\tests\healthcare\appointment-booking.spec.ts:26:14

    Retry #1 ───────────────────────────────────────────────────────────────────────────────────────

    Error: page.evaluate: The operation is insecure.
    @debugger eval code line 291 > eval:1:7
    evaluate@debugger eval code:293:16
    @debugger eval code:1:44

        at @debugger eval code line 291 > eval:1:7
        at evaluate@debugger eval code:293:16
        at @debugger eval code:1:44
        at D:\neonpro\tools\testing\e2e\tests\healthcare\appointment-booking.spec.ts:26:14

    attachment #1: trace (application/zip) ─────────────────────────────────────────────────────────
    ..\..\..\..\e2e\test-results\healthcare-appointment-boo-1baf1--confirmation-notifications-firefox-desktop-retry1\trace.zip
    Usage:

        npx playwright show-trace ..\..\..\..\e2e\test-results\healthcare-appointment-boo-1baf1--confirmation-notifications-firefox-desktop-retry1\trace.zip

    ────────────────────────────────────────────────────────────────────────────────────────────────
]]>
</failure>
<system-out>
<![CDATA[
[[ATTACHMENT|..\test-results\healthcare-appointment-boo-1baf1--confirmation-notifications-firefox-desktop-retry1\trace.zip]]
]]>
</system-out>
</testcase>
<testcase name="[firefox-desktop] 📅 Appointment Booking - Critical E2E › 📱 Patient Notifications &amp; Communication › should handle appointment reminders configuration" classname="healthcare\appointment-booking.spec.ts" time="1.644">
<failure message="appointment-booking.spec.ts:552:7 should handle appointment reminders configuration" type="FAILURE">
<![CDATA[  [firefox-desktop] › healthcare\appointment-booking.spec.ts:552:7 › 📅 Appointment Booking - Critical E2E › 📱 Patient Notifications & Communication › should handle appointment reminders configuration 

    Error: page.evaluate: The operation is insecure.
    @debugger eval code line 291 > eval:1:7
    evaluate@debugger eval code:293:16
    @debugger eval code:1:44

        at @debugger eval code line 291 > eval:1:7
        at evaluate@debugger eval code:293:16
        at @debugger eval code:1:44
        at D:\neonpro\tools\testing\e2e\tests\healthcare\appointment-booking.spec.ts:26:14

    Retry #1 ───────────────────────────────────────────────────────────────────────────────────────

    Error: page.evaluate: The operation is insecure.
    @debugger eval code line 291 > eval:1:7
    evaluate@debugger eval code:293:16
    @debugger eval code:1:44

        at @debugger eval code line 291 > eval:1:7
        at evaluate@debugger eval code:293:16
        at @debugger eval code:1:44
        at D:\neonpro\tools\testing\e2e\tests\healthcare\appointment-booking.spec.ts:26:14

    attachment #1: trace (application/zip) ─────────────────────────────────────────────────────────
    ..\..\..\..\e2e\test-results\healthcare-appointment-boo-605b1-ent-reminders-configuration-firefox-desktop-retry1\trace.zip
    Usage:

        npx playwright show-trace ..\..\..\..\e2e\test-results\healthcare-appointment-boo-605b1-ent-reminders-configuration-firefox-desktop-retry1\trace.zip

    ────────────────────────────────────────────────────────────────────────────────────────────────
]]>
</failure>
<system-out>
<![CDATA[
[[ATTACHMENT|..\test-results\healthcare-appointment-boo-605b1-ent-reminders-configuration-firefox-desktop-retry1\trace.zip]]
]]>
</system-out>
</testcase>
<testcase name="[firefox-desktop] 📅 Appointment Booking - Critical E2E › 📊 Reporting &amp; Analytics › should display appointment statistics for healthcare professionals" classname="healthcare\appointment-booking.spec.ts" time="1.623">
<failure message="appointment-booking.spec.ts:578:7 should display appointment statistics for healthcare professionals" type="FAILURE">
<![CDATA[  [firefox-desktop] › healthcare\appointment-booking.spec.ts:578:7 › 📅 Appointment Booking - Critical E2E › 📊 Reporting & Analytics › should display appointment statistics for healthcare professionals 

    Error: page.evaluate: The operation is insecure.
    @debugger eval code line 291 > eval:1:7
    evaluate@debugger eval code:293:16
    @debugger eval code:1:44

        at @debugger eval code line 291 > eval:1:7
        at evaluate@debugger eval code:293:16
        at @debugger eval code:1:44
        at D:\neonpro\tools\testing\e2e\tests\healthcare\appointment-booking.spec.ts:26:14

    Retry #1 ───────────────────────────────────────────────────────────────────────────────────────

    Error: page.evaluate: The operation is insecure.
    @debugger eval code line 291 > eval:1:7
    evaluate@debugger eval code:293:16
    @debugger eval code:1:44

        at @debugger eval code line 291 > eval:1:7
        at evaluate@debugger eval code:293:16
        at @debugger eval code:1:44
        at D:\neonpro\tools\testing\e2e\tests\healthcare\appointment-booking.spec.ts:26:14

    attachment #1: trace (application/zip) ─────────────────────────────────────────────────────────
    ..\..\..\..\e2e\test-results\healthcare-appointment-boo-43ea0-or-healthcare-professionals-firefox-desktop-retry1\trace.zip
    Usage:

        npx playwright show-trace ..\..\..\..\e2e\test-results\healthcare-appointment-boo-43ea0-or-healthcare-professionals-firefox-desktop-retry1\trace.zip

    ────────────────────────────────────────────────────────────────────────────────────────────────
]]>
</failure>
<system-out>
<![CDATA[
[[ATTACHMENT|..\test-results\healthcare-appointment-boo-43ea0-or-healthcare-professionals-firefox-desktop-retry1\trace.zip]]
]]>
</system-out>
</testcase>
<testcase name="[firefox-desktop] 📅 Appointment Booking - Critical E2E › ♿ Accessibility &amp; Performance › should be accessible for users with disabilities" classname="healthcare\appointment-booking.spec.ts" time="1.623">
<failure message="appointment-booking.spec.ts:612:7 should be accessible for users with disabilities" type="FAILURE">
<![CDATA[  [firefox-desktop] › healthcare\appointment-booking.spec.ts:612:7 › 📅 Appointment Booking - Critical E2E › ♿ Accessibility & Performance › should be accessible for users with disabilities 

    Error: page.evaluate: The operation is insecure.
    @debugger eval code line 291 > eval:1:7
    evaluate@debugger eval code:293:16
    @debugger eval code:1:44

        at @debugger eval code line 291 > eval:1:7
        at evaluate@debugger eval code:293:16
        at @debugger eval code:1:44
        at D:\neonpro\tools\testing\e2e\tests\healthcare\appointment-booking.spec.ts:26:14

    Retry #1 ───────────────────────────────────────────────────────────────────────────────────────

    Error: page.evaluate: The operation is insecure.
    @debugger eval code line 291 > eval:1:7
    evaluate@debugger eval code:293:16
    @debugger eval code:1:44

        at @debugger eval code line 291 > eval:1:7
        at evaluate@debugger eval code:293:16
        at @debugger eval code:1:44
        at D:\neonpro\tools\testing\e2e\tests\healthcare\appointment-booking.spec.ts:26:14

    attachment #1: trace (application/zip) ─────────────────────────────────────────────────────────
    ..\..\..\..\e2e\test-results\healthcare-appointment-boo-4fdbb-for-users-with-disabilities-firefox-desktop-retry1\trace.zip
    Usage:

        npx playwright show-trace ..\..\..\..\e2e\test-results\healthcare-appointment-boo-4fdbb-for-users-with-disabilities-firefox-desktop-retry1\trace.zip

    ────────────────────────────────────────────────────────────────────────────────────────────────
]]>
</failure>
<system-out>
<![CDATA[
[[ATTACHMENT|..\test-results\healthcare-appointment-boo-4fdbb-for-users-with-disabilities-firefox-desktop-retry1\trace.zip]]
]]>
</system-out>
</testcase>
<testcase name="[firefox-desktop] 📅 Appointment Booking - Critical E2E › ♿ Accessibility &amp; Performance › should load appointment calendar within performance budget" classname="healthcare\appointment-booking.spec.ts" time="1.721">
<failure message="appointment-booking.spec.ts:632:7 should load appointment calendar within performance budget" type="FAILURE">
<![CDATA[  [firefox-desktop] › healthcare\appointment-booking.spec.ts:632:7 › 📅 Appointment Booking - Critical E2E › ♿ Accessibility & Performance › should load appointment calendar within performance budget 

    Error: page.evaluate: The operation is insecure.
    @debugger eval code line 291 > eval:1:7
    evaluate@debugger eval code:293:16
    @debugger eval code:1:44

        at @debugger eval code line 291 > eval:1:7
        at evaluate@debugger eval code:293:16
        at @debugger eval code:1:44
        at D:\neonpro\tools\testing\e2e\tests\healthcare\appointment-booking.spec.ts:26:14

    Retry #1 ───────────────────────────────────────────────────────────────────────────────────────

    Error: page.evaluate: The operation is insecure.
    @debugger eval code line 291 > eval:1:7
    evaluate@debugger eval code:293:16
    @debugger eval code:1:44

        at @debugger eval code line 291 > eval:1:7
        at evaluate@debugger eval code:293:16
        at @debugger eval code:1:44
        at D:\neonpro\tools\testing\e2e\tests\healthcare\appointment-booking.spec.ts:26:14

    attachment #1: trace (application/zip) ─────────────────────────────────────────────────────────
    ..\..\..\..\e2e\test-results\healthcare-appointment-boo-9aaaf-r-within-performance-budget-firefox-desktop-retry1\trace.zip
    Usage:

        npx playwright show-trace ..\..\..\..\e2e\test-results\healthcare-appointment-boo-9aaaf-r-within-performance-budget-firefox-desktop-retry1\trace.zip

    ────────────────────────────────────────────────────────────────────────────────────────────────
]]>
</failure>
<system-out>
<![CDATA[
[[ATTACHMENT|..\test-results\healthcare-appointment-boo-9aaaf-r-within-performance-budget-firefox-desktop-retry1\trace.zip]]
]]>
</system-out>
</testcase>
</testsuite>
<testsuite name="healthcare\basic-healthcare.spec.ts" timestamp="2025-08-23T06:21:35.562Z" hostname="firefox-desktop" tests="2" failures="0" skipped="0" time="3.529" errors="0">
<testcase name="[firefox-desktop] Healthcare Platform Basic Tests › should load homepage" classname="healthcare\basic-healthcare.spec.ts" time="1.326">
</testcase>
<testcase name="[firefox-desktop] Healthcare Platform Basic Tests › should have working form elements" classname="healthcare\basic-healthcare.spec.ts" time="2.203">
</testcase>
</testsuite>
<testsuite name="healthcare\compliance-workflows.spec.ts" timestamp="2025-08-23T06:21:35.562Z" hostname="firefox-desktop" tests="6" failures="6" skipped="0" time="8.696" errors="0">
<testcase name="[firefox-desktop] 🏥 Healthcare Compliance Workflows › LGPD Compliance: Data consent management" classname="healthcare\compliance-workflows.spec.ts" time="0.905">
<failure message="compliance-workflows.spec.ts:9:6 LGPD Compliance: Data consent management" type="FAILURE">
<![CDATA[  [firefox-desktop] › healthcare\compliance-workflows.spec.ts:9:6 › 🏥 Healthcare Compliance Workflows › LGPD Compliance: Data consent management 

    Error: page.goto: Protocol error (Page.navigate): Invalid url: "/"
    Call log:
      - navigating to "/", waiting until "load"


      3 | test.describe("🏥 Healthcare Compliance Workflows", () => {
      4 | 	test.beforeEach(async ({ page }) => {
    > 5 | 		await page.goto("/");
        | 		           ^
      6 | 		await page.waitForLoadState("networkidle");
      7 | 	});
      8 |
        at D:\neonpro\tools\testing\e2e\tests\healthcare\compliance-workflows.spec.ts:5:14

    Retry #1 ───────────────────────────────────────────────────────────────────────────────────────

    Error: page.goto: Protocol error (Page.navigate): Invalid url: "/"
    Call log:
      - navigating to "/", waiting until "load"


      3 | test.describe("🏥 Healthcare Compliance Workflows", () => {
      4 | 	test.beforeEach(async ({ page }) => {
    > 5 | 		await page.goto("/");
        | 		           ^
      6 | 		await page.waitForLoadState("networkidle");
      7 | 	});
      8 |
        at D:\neonpro\tools\testing\e2e\tests\healthcare\compliance-workflows.spec.ts:5:14

    attachment #1: trace (application/zip) ─────────────────────────────────────────────────────────
    ..\..\..\..\e2e\test-results\healthcare-compliance-work-cd090-nce-Data-consent-management-firefox-desktop-retry1\trace.zip
    Usage:

        npx playwright show-trace ..\..\..\..\e2e\test-results\healthcare-compliance-work-cd090-nce-Data-consent-management-firefox-desktop-retry1\trace.zip

    ────────────────────────────────────────────────────────────────────────────────────────────────
]]>
</failure>
<system-out>
<![CDATA[
[[ATTACHMENT|..\test-results\healthcare-compliance-work-cd090-nce-Data-consent-management-firefox-desktop-retry1\trace.zip]]
]]>
</system-out>
</testcase>
<testcase name="[firefox-desktop] 🏥 Healthcare Compliance Workflows › ANVISA Compliance: Professional registration validation" classname="healthcare\compliance-workflows.spec.ts" time="1.595">
<failure message="compliance-workflows.spec.ts:40:6 ANVISA Compliance: Professional registration validation" type="FAILURE">
<![CDATA[  [firefox-desktop] › healthcare\compliance-workflows.spec.ts:40:6 › 🏥 Healthcare Compliance Workflows › ANVISA Compliance: Professional registration validation 

    Error: page.goto: Protocol error (Page.navigate): Invalid url: "/"
    Call log:
      - navigating to "/", waiting until "load"


      3 | test.describe("🏥 Healthcare Compliance Workflows", () => {
      4 | 	test.beforeEach(async ({ page }) => {
    > 5 | 		await page.goto("/");
        | 		           ^
      6 | 		await page.waitForLoadState("networkidle");
      7 | 	});
      8 |
        at D:\neonpro\tools\testing\e2e\tests\healthcare\compliance-workflows.spec.ts:5:14

    Retry #1 ───────────────────────────────────────────────────────────────────────────────────────

    Error: page.goto: Protocol error (Page.navigate): Invalid url: "/"
    Call log:
      - navigating to "/", waiting until "load"


      3 | test.describe("🏥 Healthcare Compliance Workflows", () => {
      4 | 	test.beforeEach(async ({ page }) => {
    > 5 | 		await page.goto("/");
        | 		           ^
      6 | 		await page.waitForLoadState("networkidle");
      7 | 	});
      8 |
        at D:\neonpro\tools\testing\e2e\tests\healthcare\compliance-workflows.spec.ts:5:14

    attachment #1: trace (application/zip) ─────────────────────────────────────────────────────────
    ..\..\..\..\e2e\test-results\healthcare-compliance-work-0ef0b-nal-registration-validation-firefox-desktop-retry1\trace.zip
    Usage:

        npx playwright show-trace ..\..\..\..\e2e\test-results\healthcare-compliance-work-0ef0b-nal-registration-validation-firefox-desktop-retry1\trace.zip

    ────────────────────────────────────────────────────────────────────────────────────────────────
]]>
</failure>
<system-out>
<![CDATA[
[[ATTACHMENT|..\test-results\healthcare-compliance-work-0ef0b-nal-registration-validation-firefox-desktop-retry1\trace.zip]]
]]>
</system-out>
</testcase>
<testcase name="[firefox-desktop] 🏥 Healthcare Compliance Workflows › CFM Compliance: Medical procedure documentation" classname="healthcare\compliance-workflows.spec.ts" time="1.548">
<failure message="compliance-workflows.spec.ts:79:6 CFM Compliance: Medical procedure documentation" type="FAILURE">
<![CDATA[  [firefox-desktop] › healthcare\compliance-workflows.spec.ts:79:6 › 🏥 Healthcare Compliance Workflows › CFM Compliance: Medical procedure documentation 

    Error: page.goto: Protocol error (Page.navigate): Invalid url: "/"
    Call log:
      - navigating to "/", waiting until "load"


      3 | test.describe("🏥 Healthcare Compliance Workflows", () => {
      4 | 	test.beforeEach(async ({ page }) => {
    > 5 | 		await page.goto("/");
        | 		           ^
      6 | 		await page.waitForLoadState("networkidle");
      7 | 	});
      8 |
        at D:\neonpro\tools\testing\e2e\tests\healthcare\compliance-workflows.spec.ts:5:14

    Retry #1 ───────────────────────────────────────────────────────────────────────────────────────

    Error: page.goto: Protocol error (Page.navigate): Invalid url: "/"
    Call log:
      - navigating to "/", waiting until "load"


      3 | test.describe("🏥 Healthcare Compliance Workflows", () => {
      4 | 	test.beforeEach(async ({ page }) => {
    > 5 | 		await page.goto("/");
        | 		           ^
      6 | 		await page.waitForLoadState("networkidle");
      7 | 	});
      8 |
        at D:\neonpro\tools\testing\e2e\tests\healthcare\compliance-workflows.spec.ts:5:14

    attachment #1: trace (application/zip) ─────────────────────────────────────────────────────────
    ..\..\..\..\e2e\test-results\healthcare-compliance-work-c36ed-cal-procedure-documentation-firefox-desktop-retry1\trace.zip
    Usage:

        npx playwright show-trace ..\..\..\..\e2e\test-results\healthcare-compliance-work-c36ed-cal-procedure-documentation-firefox-desktop-retry1\trace.zip

    ────────────────────────────────────────────────────────────────────────────────────────────────
]]>
</failure>
<system-out>
<![CDATA[
[[ATTACHMENT|..\test-results\healthcare-compliance-work-c36ed-cal-procedure-documentation-firefox-desktop-retry1\trace.zip]]
]]>
</system-out>
</testcase>
<testcase name="[firefox-desktop] 🏥 Healthcare Compliance Workflows › Data Security: Patient data access controls" classname="healthcare\compliance-workflows.spec.ts" time="1.007">
<failure message="compliance-workflows.spec.ts:122:6 Data Security: Patient data access controls" type="FAILURE">
<![CDATA[  [firefox-desktop] › healthcare\compliance-workflows.spec.ts:122:6 › 🏥 Healthcare Compliance Workflows › Data Security: Patient data access controls 

    Error: page.goto: Protocol error (Page.navigate): Invalid url: "/"
    Call log:
      - navigating to "/", waiting until "load"


      3 | test.describe("🏥 Healthcare Compliance Workflows", () => {
      4 | 	test.beforeEach(async ({ page }) => {
    > 5 | 		await page.goto("/");
        | 		           ^
      6 | 		await page.waitForLoadState("networkidle");
      7 | 	});
      8 |
        at D:\neonpro\tools\testing\e2e\tests\healthcare\compliance-workflows.spec.ts:5:14

    Retry #1 ───────────────────────────────────────────────────────────────────────────────────────

    Error: page.goto: Protocol error (Page.navigate): Invalid url: "/"
    Call log:
      - navigating to "/", waiting until "load"


      3 | test.describe("🏥 Healthcare Compliance Workflows", () => {
      4 | 	test.beforeEach(async ({ page }) => {
    > 5 | 		await page.goto("/");
        | 		           ^
      6 | 		await page.waitForLoadState("networkidle");
      7 | 	});
      8 |
        at D:\neonpro\tools\testing\e2e\tests\healthcare\compliance-workflows.spec.ts:5:14

    attachment #1: trace (application/zip) ─────────────────────────────────────────────────────────
    ..\..\..\..\e2e\test-results\healthcare-compliance-work-0ac67-atient-data-access-controls-firefox-desktop-retry1\trace.zip
    Usage:

        npx playwright show-trace ..\..\..\..\e2e\test-results\healthcare-compliance-work-0ac67-atient-data-access-controls-firefox-desktop-retry1\trace.zip

    ────────────────────────────────────────────────────────────────────────────────────────────────
]]>
</failure>
<system-out>
<![CDATA[
[[ATTACHMENT|..\test-results\healthcare-compliance-work-0ac67-atient-data-access-controls-firefox-desktop-retry1\trace.zip]]
]]>
</system-out>
</testcase>
<testcase name="[firefox-desktop] 🏥 Healthcare Compliance Workflows › Emergency Access: Override procedures" classname="healthcare\compliance-workflows.spec.ts" time="1.882">
<failure message="compliance-workflows.spec.ts:151:6 Emergency Access: Override procedures" type="FAILURE">
<![CDATA[  [firefox-desktop] › healthcare\compliance-workflows.spec.ts:151:6 › 🏥 Healthcare Compliance Workflows › Emergency Access: Override procedures 

    Error: page.goto: Protocol error (Page.navigate): Invalid url: "/"
    Call log:
      - navigating to "/", waiting until "load"


      3 | test.describe("🏥 Healthcare Compliance Workflows", () => {
      4 | 	test.beforeEach(async ({ page }) => {
    > 5 | 		await page.goto("/");
        | 		           ^
      6 | 		await page.waitForLoadState("networkidle");
      7 | 	});
      8 |
        at D:\neonpro\tools\testing\e2e\tests\healthcare\compliance-workflows.spec.ts:5:14

    Retry #1 ───────────────────────────────────────────────────────────────────────────────────────

    Error: page.goto: Protocol error (Page.navigate): Invalid url: "/"
    Call log:
      - navigating to "/", waiting until "load"


      3 | test.describe("🏥 Healthcare Compliance Workflows", () => {
      4 | 	test.beforeEach(async ({ page }) => {
    > 5 | 		await page.goto("/");
        | 		           ^
      6 | 		await page.waitForLoadState("networkidle");
      7 | 	});
      8 |
        at D:\neonpro\tools\testing\e2e\tests\healthcare\compliance-workflows.spec.ts:5:14

    attachment #1: trace (application/zip) ─────────────────────────────────────────────────────────
    ..\..\..\..\e2e\test-results\healthcare-compliance-work-44806--Access-Override-procedures-firefox-desktop-retry1\trace.zip
    Usage:

        npx playwright show-trace ..\..\..\..\e2e\test-results\healthcare-compliance-work-44806--Access-Override-procedures-firefox-desktop-retry1\trace.zip

    ────────────────────────────────────────────────────────────────────────────────────────────────
]]>
</failure>
<system-out>
<![CDATA[
[[ATTACHMENT|..\test-results\healthcare-compliance-work-44806--Access-Override-procedures-firefox-desktop-retry1\trace.zip]]
]]>
</system-out>
</testcase>
<testcase name="[firefox-desktop] 🏥 Healthcare Compliance Workflows › Appointment Workflow: Complete healthcare journey" classname="healthcare\compliance-workflows.spec.ts" time="1.759">
<failure message="compliance-workflows.spec.ts:190:6 Appointment Workflow: Complete healthcare journey" type="FAILURE">
<![CDATA[  [firefox-desktop] › healthcare\compliance-workflows.spec.ts:190:6 › 🏥 Healthcare Compliance Workflows › Appointment Workflow: Complete healthcare journey 

    Error: page.goto: Protocol error (Page.navigate): Invalid url: "/"
    Call log:
      - navigating to "/", waiting until "load"


      3 | test.describe("🏥 Healthcare Compliance Workflows", () => {
      4 | 	test.beforeEach(async ({ page }) => {
    > 5 | 		await page.goto("/");
        | 		           ^
      6 | 		await page.waitForLoadState("networkidle");
      7 | 	});
      8 |
        at D:\neonpro\tools\testing\e2e\tests\healthcare\compliance-workflows.spec.ts:5:14

    Retry #1 ───────────────────────────────────────────────────────────────────────────────────────

    Error: page.goto: Protocol error (Page.navigate): Invalid url: "/"
    Call log:
      - navigating to "/", waiting until "load"


      3 | test.describe("🏥 Healthcare Compliance Workflows", () => {
      4 | 	test.beforeEach(async ({ page }) => {
    > 5 | 		await page.goto("/");
        | 		           ^
      6 | 		await page.waitForLoadState("networkidle");
      7 | 	});
      8 |
        at D:\neonpro\tools\testing\e2e\tests\healthcare\compliance-workflows.spec.ts:5:14

    attachment #1: trace (application/zip) ─────────────────────────────────────────────────────────
    ..\..\..\..\e2e\test-results\healthcare-compliance-work-9dd27-Complete-healthcare-journey-firefox-desktop-retry1\trace.zip
    Usage:

        npx playwright show-trace ..\..\..\..\e2e\test-results\healthcare-compliance-work-9dd27-Complete-healthcare-journey-firefox-desktop-retry1\trace.zip

    ────────────────────────────────────────────────────────────────────────────────────────────────
]]>
</failure>
<system-out>
<![CDATA[
[[ATTACHMENT|..\test-results\healthcare-compliance-work-9dd27-Complete-healthcare-journey-firefox-desktop-retry1\trace.zip]]
]]>
</system-out>
</testcase>
</testsuite>
<testsuite name="healthcare\emergency-access.spec.ts" timestamp="2025-08-23T06:21:35.562Z" hostname="firefox-desktop" tests="20" failures="20" skipped="0" time="33.051" errors="0">
<testcase name="[firefox-desktop] 🚨 Emergency Access - Critical E2E › ⚡ Emergency Login (&lt;10s) › should complete emergency login within 10 seconds" classname="healthcare\emergency-access.spec.ts" time="1.656">
<failure message="emergency-access.spec.ts:24:7 should complete emergency login within 10 seconds" type="FAILURE">
<![CDATA[  [firefox-desktop] › healthcare\emergency-access.spec.ts:24:7 › 🚨 Emergency Access - Critical E2E › ⚡ Emergency Login (<10s) › should complete emergency login within 10 seconds 

    Error: page.evaluate: The operation is insecure.
    @debugger eval code line 291 > eval:1:7
    evaluate@debugger eval code:293:16
    @debugger eval code:1:44

        at @debugger eval code line 291 > eval:1:7
        at evaluate@debugger eval code:293:16
        at @debugger eval code:1:44
        at D:\neonpro\tools\testing\e2e\tests\healthcare\emergency-access.spec.ts:18:14

    Retry #1 ───────────────────────────────────────────────────────────────────────────────────────

    Error: page.evaluate: The operation is insecure.
    @debugger eval code line 291 > eval:1:7
    evaluate@debugger eval code:293:16
    @debugger eval code:1:44

        at @debugger eval code line 291 > eval:1:7
        at evaluate@debugger eval code:293:16
        at @debugger eval code:1:44
        at D:\neonpro\tools\testing\e2e\tests\healthcare\emergency-access.spec.ts:18:14

    attachment #1: trace (application/zip) ─────────────────────────────────────────────────────────
    ..\..\..\..\e2e\test-results\healthcare-emergency-acces-72149-ncy-login-within-10-seconds-firefox-desktop-retry1\trace.zip
    Usage:

        npx playwright show-trace ..\..\..\..\e2e\test-results\healthcare-emergency-acces-72149-ncy-login-within-10-seconds-firefox-desktop-retry1\trace.zip

    ────────────────────────────────────────────────────────────────────────────────────────────────
]]>
</failure>
<system-out>
<![CDATA[
[[ATTACHMENT|..\test-results\healthcare-emergency-acces-72149-ncy-login-within-10-seconds-firefox-desktop-retry1\trace.zip]]
]]>
</system-out>
</testcase>
<testcase name="[firefox-desktop] 🚨 Emergency Access - Critical E2E › ⚡ Emergency Login (&lt;10s) › should handle life-threatening emergency access bypass" classname="healthcare\emergency-access.spec.ts" time="1.598">
<failure message="emergency-access.spec.ts:78:7 should handle life-threatening emergency access bypass" type="FAILURE">
<![CDATA[  [firefox-desktop] › healthcare\emergency-access.spec.ts:78:7 › 🚨 Emergency Access - Critical E2E › ⚡ Emergency Login (<10s) › should handle life-threatening emergency access bypass 

    Error: page.evaluate: The operation is insecure.
    @debugger eval code line 291 > eval:1:7
    evaluate@debugger eval code:293:16
    @debugger eval code:1:44

        at @debugger eval code line 291 > eval:1:7
        at evaluate@debugger eval code:293:16
        at @debugger eval code:1:44
        at D:\neonpro\tools\testing\e2e\tests\healthcare\emergency-access.spec.ts:18:14

    Retry #1 ───────────────────────────────────────────────────────────────────────────────────────

    Error: page.evaluate: The operation is insecure.
    @debugger eval code line 291 > eval:1:7
    evaluate@debugger eval code:293:16
    @debugger eval code:1:44

        at @debugger eval code line 291 > eval:1:7
        at evaluate@debugger eval code:293:16
        at @debugger eval code:1:44
        at D:\neonpro\tools\testing\e2e\tests\healthcare\emergency-access.spec.ts:18:14

    attachment #1: trace (application/zip) ─────────────────────────────────────────────────────────
    ..\..\..\..\e2e\test-results\healthcare-emergency-acces-44e14-ing-emergency-access-bypass-firefox-desktop-retry1\trace.zip
    Usage:

        npx playwright show-trace ..\..\..\..\e2e\test-results\healthcare-emergency-acces-44e14-ing-emergency-access-bypass-firefox-desktop-retry1\trace.zip

    ────────────────────────────────────────────────────────────────────────────────────────────────
]]>
</failure>
<system-out>
<![CDATA[
[[ATTACHMENT|..\test-results\healthcare-emergency-acces-44e14-ing-emergency-access-bypass-firefox-desktop-retry1\trace.zip]]
]]>
</system-out>
</testcase>
<testcase name="[firefox-desktop] 🚨 Emergency Access - Critical E2E › ⚡ Emergency Login (&lt;10s) › should bypass normal authentication restrictions in emergency mode" classname="healthcare\emergency-access.spec.ts" time="1.583">
<failure message="emergency-access.spec.ts:132:7 should bypass normal authentication restrictions in emergency mode" type="FAILURE">
<![CDATA[  [firefox-desktop] › healthcare\emergency-access.spec.ts:132:7 › 🚨 Emergency Access - Critical E2E › ⚡ Emergency Login (<10s) › should bypass normal authentication restrictions in emergency mode 

    Error: page.evaluate: The operation is insecure.
    @debugger eval code line 291 > eval:1:7
    evaluate@debugger eval code:293:16
    @debugger eval code:1:44

        at @debugger eval code line 291 > eval:1:7
        at evaluate@debugger eval code:293:16
        at @debugger eval code:1:44
        at D:\neonpro\tools\testing\e2e\tests\healthcare\emergency-access.spec.ts:18:14

    Retry #1 ───────────────────────────────────────────────────────────────────────────────────────

    Error: page.evaluate: The operation is insecure.
    @debugger eval code line 291 > eval:1:7
    evaluate@debugger eval code:293:16
    @debugger eval code:1:44

        at @debugger eval code line 291 > eval:1:7
        at evaluate@debugger eval code:293:16
        at @debugger eval code:1:44
        at D:\neonpro\tools\testing\e2e\tests\healthcare\emergency-access.spec.ts:18:14

    attachment #1: trace (application/zip) ─────────────────────────────────────────────────────────
    ..\..\..\..\e2e\test-results\healthcare-emergency-acces-38287-trictions-in-emergency-mode-firefox-desktop-retry1\trace.zip
    Usage:

        npx playwright show-trace ..\..\..\..\e2e\test-results\healthcare-emergency-acces-38287-trictions-in-emergency-mode-firefox-desktop-retry1\trace.zip

    ────────────────────────────────────────────────────────────────────────────────────────────────
]]>
</failure>
<system-out>
<![CDATA[
[[ATTACHMENT|..\test-results\healthcare-emergency-acces-38287-trictions-in-emergency-mode-firefox-desktop-retry1\trace.zip]]
]]>
</system-out>
</testcase>
<testcase name="[firefox-desktop] 🚨 Emergency Access - Critical E2E › ⚡ Emergency Login (&lt;10s) › should validate emergency credentials and prevent abuse" classname="healthcare\emergency-access.spec.ts" time="1.637">
<failure message="emergency-access.spec.ts:167:7 should validate emergency credentials and prevent abuse" type="FAILURE">
<![CDATA[  [firefox-desktop] › healthcare\emergency-access.spec.ts:167:7 › 🚨 Emergency Access - Critical E2E › ⚡ Emergency Login (<10s) › should validate emergency credentials and prevent abuse 

    Error: page.evaluate: The operation is insecure.
    @debugger eval code line 291 > eval:1:7
    evaluate@debugger eval code:293:16
    @debugger eval code:1:44

        at @debugger eval code line 291 > eval:1:7
        at evaluate@debugger eval code:293:16
        at @debugger eval code:1:44
        at D:\neonpro\tools\testing\e2e\tests\healthcare\emergency-access.spec.ts:18:14

    Retry #1 ───────────────────────────────────────────────────────────────────────────────────────

    Error: page.evaluate: The operation is insecure.
    @debugger eval code line 291 > eval:1:7
    evaluate@debugger eval code:293:16
    @debugger eval code:1:44

        at @debugger eval code line 291 > eval:1:7
        at evaluate@debugger eval code:293:16
        at @debugger eval code:1:44
        at D:\neonpro\tools\testing\e2e\tests\healthcare\emergency-access.spec.ts:18:14

    attachment #1: trace (application/zip) ─────────────────────────────────────────────────────────
    ..\..\..\..\e2e\test-results\healthcare-emergency-acces-c7987-edentials-and-prevent-abuse-firefox-desktop-retry1\trace.zip
    Usage:

        npx playwright show-trace ..\..\..\..\e2e\test-results\healthcare-emergency-acces-c7987-edentials-and-prevent-abuse-firefox-desktop-retry1\trace.zip

    ────────────────────────────────────────────────────────────────────────────────────────────────
]]>
</failure>
<system-out>
<![CDATA[
[[ATTACHMENT|..\test-results\healthcare-emergency-acces-c7987-edentials-and-prevent-abuse-firefox-desktop-retry1\trace.zip]]
]]>
</system-out>
</testcase>
<testcase name="[firefox-desktop] 🚨 Emergency Access - Critical E2E › 🔍 Critical Data Access › should provide immediate access to critical patient data" classname="healthcare\emergency-access.spec.ts" time="1.667">
<failure message="emergency-access.spec.ts:205:7 should provide immediate access to critical patient data" type="FAILURE">
<![CDATA[  [firefox-desktop] › healthcare\emergency-access.spec.ts:205:7 › 🚨 Emergency Access - Critical E2E › 🔍 Critical Data Access › should provide immediate access to critical patient data 

    Error: page.evaluate: The operation is insecure.
    @debugger eval code line 291 > eval:1:7
    evaluate@debugger eval code:293:16
    @debugger eval code:1:44

        at @debugger eval code line 291 > eval:1:7
        at evaluate@debugger eval code:293:16
        at @debugger eval code:1:44
        at D:\neonpro\tools\testing\e2e\tests\healthcare\emergency-access.spec.ts:18:14

    Retry #1 ───────────────────────────────────────────────────────────────────────────────────────

    Error: page.evaluate: The operation is insecure.
    @debugger eval code line 291 > eval:1:7
    evaluate@debugger eval code:293:16
    @debugger eval code:1:44

        at @debugger eval code line 291 > eval:1:7
        at evaluate@debugger eval code:293:16
        at @debugger eval code:1:44
        at D:\neonpro\tools\testing\e2e\tests\healthcare\emergency-access.spec.ts:18:14

    attachment #1: trace (application/zip) ─────────────────────────────────────────────────────────
    ..\..\..\..\e2e\test-results\healthcare-emergency-acces-9472f-ss-to-critical-patient-data-firefox-desktop-retry1\trace.zip
    Usage:

        npx playwright show-trace ..\..\..\..\e2e\test-results\healthcare-emergency-acces-9472f-ss-to-critical-patient-data-firefox-desktop-retry1\trace.zip

    ────────────────────────────────────────────────────────────────────────────────────────────────
]]>
</failure>
<system-out>
<![CDATA[
[[ATTACHMENT|..\test-results\healthcare-emergency-acces-9472f-ss-to-critical-patient-data-firefox-desktop-retry1\trace.zip]]
]]>
</system-out>
</testcase>
<testcase name="[firefox-desktop] 🚨 Emergency Access - Critical E2E › 🔍 Critical Data Access › should provide rapid patient data access in emergency mode" classname="healthcare\emergency-access.spec.ts" time="1.585">
<failure message="emergency-access.spec.ts:260:7 should provide rapid patient data access in emergency mode" type="FAILURE">
<![CDATA[  [firefox-desktop] › healthcare\emergency-access.spec.ts:260:7 › 🚨 Emergency Access - Critical E2E › 🔍 Critical Data Access › should provide rapid patient data access in emergency mode 

    Error: page.evaluate: The operation is insecure.
    @debugger eval code line 291 > eval:1:7
    evaluate@debugger eval code:293:16
    @debugger eval code:1:44

        at @debugger eval code line 291 > eval:1:7
        at evaluate@debugger eval code:293:16
        at @debugger eval code:1:44
        at D:\neonpro\tools\testing\e2e\tests\healthcare\emergency-access.spec.ts:18:14

    Retry #1 ───────────────────────────────────────────────────────────────────────────────────────

    Error: page.evaluate: The operation is insecure.
    @debugger eval code line 291 > eval:1:7
    evaluate@debugger eval code:293:16
    @debugger eval code:1:44

        at @debugger eval code line 291 > eval:1:7
        at evaluate@debugger eval code:293:16
        at @debugger eval code:1:44
        at D:\neonpro\tools\testing\e2e\tests\healthcare\emergency-access.spec.ts:18:14

    attachment #1: trace (application/zip) ─────────────────────────────────────────────────────────
    ..\..\..\..\e2e\test-results\healthcare-emergency-acces-270b8-ta-access-in-emergency-mode-firefox-desktop-retry1\trace.zip
    Usage:

        npx playwright show-trace ..\..\..\..\e2e\test-results\healthcare-emergency-acces-270b8-ta-access-in-emergency-mode-firefox-desktop-retry1\trace.zip

    ────────────────────────────────────────────────────────────────────────────────────────────────
]]>
</failure>
<system-out>
<![CDATA[
[[ATTACHMENT|..\test-results\healthcare-emergency-acces-270b8-ta-access-in-emergency-mode-firefox-desktop-retry1\trace.zip]]
]]>
</system-out>
</testcase>
<testcase name="[firefox-desktop] 🚨 Emergency Access - Critical E2E › 🔍 Critical Data Access › should display patient allergies and contraindications prominently" classname="healthcare\emergency-access.spec.ts" time="1.628">
<failure message="emergency-access.spec.ts:326:7 should display patient allergies and contraindications prominently" type="FAILURE">
<![CDATA[  [firefox-desktop] › healthcare\emergency-access.spec.ts:326:7 › 🚨 Emergency Access - Critical E2E › 🔍 Critical Data Access › should display patient allergies and contraindications prominently 

    Error: page.evaluate: The operation is insecure.
    @debugger eval code line 291 > eval:1:7
    evaluate@debugger eval code:293:16
    @debugger eval code:1:44

        at @debugger eval code line 291 > eval:1:7
        at evaluate@debugger eval code:293:16
        at @debugger eval code:1:44
        at D:\neonpro\tools\testing\e2e\tests\healthcare\emergency-access.spec.ts:18:14

    Retry #1 ───────────────────────────────────────────────────────────────────────────────────────

    Error: page.evaluate: The operation is insecure.
    @debugger eval code line 291 > eval:1:7
    evaluate@debugger eval code:293:16
    @debugger eval code:1:44

        at @debugger eval code line 291 > eval:1:7
        at evaluate@debugger eval code:293:16
        at @debugger eval code:1:44
        at D:\neonpro\tools\testing\e2e\tests\healthcare\emergency-access.spec.ts:18:14

    attachment #1: trace (application/zip) ─────────────────────────────────────────────────────────
    ..\..\..\..\e2e\test-results\healthcare-emergency-acces-cd67f-ntraindications-prominently-firefox-desktop-retry1\trace.zip
    Usage:

        npx playwright show-trace ..\..\..\..\e2e\test-results\healthcare-emergency-acces-cd67f-ntraindications-prominently-firefox-desktop-retry1\trace.zip

    ────────────────────────────────────────────────────────────────────────────────────────────────
]]>
</failure>
<system-out>
<![CDATA[
[[ATTACHMENT|..\test-results\healthcare-emergency-acces-cd67f-ntraindications-prominently-firefox-desktop-retry1\trace.zip]]
]]>
</system-out>
</testcase>
<testcase name="[firefox-desktop] 🚨 Emergency Access - Critical E2E › 🔍 Critical Data Access › should show current medications and dosages" classname="healthcare\emergency-access.spec.ts" time="1.667">
<failure message="emergency-access.spec.ts:372:7 should show current medications and dosages" type="FAILURE">
<![CDATA[  [firefox-desktop] › healthcare\emergency-access.spec.ts:372:7 › 🚨 Emergency Access - Critical E2E › 🔍 Critical Data Access › should show current medications and dosages 

    Error: page.evaluate: The operation is insecure.
    @debugger eval code line 291 > eval:1:7
    evaluate@debugger eval code:293:16
    @debugger eval code:1:44

        at @debugger eval code line 291 > eval:1:7
        at evaluate@debugger eval code:293:16
        at @debugger eval code:1:44
        at D:\neonpro\tools\testing\e2e\tests\healthcare\emergency-access.spec.ts:18:14

    Retry #1 ───────────────────────────────────────────────────────────────────────────────────────

    Error: page.evaluate: The operation is insecure.
    @debugger eval code line 291 > eval:1:7
    evaluate@debugger eval code:293:16
    @debugger eval code:1:44

        at @debugger eval code line 291 > eval:1:7
        at evaluate@debugger eval code:293:16
        at @debugger eval code:1:44
        at D:\neonpro\tools\testing\e2e\tests\healthcare\emergency-access.spec.ts:18:14

    attachment #1: trace (application/zip) ─────────────────────────────────────────────────────────
    ..\..\..\..\e2e\test-results\healthcare-emergency-acces-9b4b6-ent-medications-and-dosages-firefox-desktop-retry1\trace.zip
    Usage:

        npx playwright show-trace ..\..\..\..\e2e\test-results\healthcare-emergency-acces-9b4b6-ent-medications-and-dosages-firefox-desktop-retry1\trace.zip

    ────────────────────────────────────────────────────────────────────────────────────────────────
]]>
</failure>
<system-out>
<![CDATA[
[[ATTACHMENT|..\test-results\healthcare-emergency-acces-9b4b6-ent-medications-and-dosages-firefox-desktop-retry1\trace.zip]]
]]>
</system-out>
</testcase>
<testcase name="[firefox-desktop] 🚨 Emergency Access - Critical E2E › 💊 Emergency Prescription Authorization › should handle emergency prescription authorization" classname="healthcare\emergency-access.spec.ts" time="1.712">
<failure message="emergency-access.spec.ts:423:7 should handle emergency prescription authorization" type="FAILURE">
<![CDATA[  [firefox-desktop] › healthcare\emergency-access.spec.ts:423:7 › 🚨 Emergency Access - Critical E2E › 💊 Emergency Prescription Authorization › should handle emergency prescription authorization 

    Error: page.evaluate: The operation is insecure.
    @debugger eval code line 291 > eval:1:7
    evaluate@debugger eval code:293:16
    @debugger eval code:1:44

        at @debugger eval code line 291 > eval:1:7
        at evaluate@debugger eval code:293:16
        at @debugger eval code:1:44
        at D:\neonpro\tools\testing\e2e\tests\healthcare\emergency-access.spec.ts:18:14

    Retry #1 ───────────────────────────────────────────────────────────────────────────────────────

    Error: page.evaluate: The operation is insecure.
    @debugger eval code line 291 > eval:1:7
    evaluate@debugger eval code:293:16
    @debugger eval code:1:44

        at @debugger eval code line 291 > eval:1:7
        at evaluate@debugger eval code:293:16
        at @debugger eval code:1:44
        at D:\neonpro\tools\testing\e2e\tests\healthcare\emergency-access.spec.ts:18:14

    attachment #1: trace (application/zip) ─────────────────────────────────────────────────────────
    ..\..\..\..\e2e\test-results\healthcare-emergency-acces-41ffb--prescription-authorization-firefox-desktop-retry1\trace.zip
    Usage:

        npx playwright show-trace ..\..\..\..\e2e\test-results\healthcare-emergency-acces-41ffb--prescription-authorization-firefox-desktop-retry1\trace.zip

    ────────────────────────────────────────────────────────────────────────────────────────────────
]]>
</failure>
<system-out>
<![CDATA[
[[ATTACHMENT|..\test-results\healthcare-emergency-acces-41ffb--prescription-authorization-firefox-desktop-retry1\trace.zip]]
]]>
</system-out>
</testcase>
<testcase name="[firefox-desktop] 🚨 Emergency Access - Critical E2E › 📋 Audit Trail Logging › should log all emergency access events" classname="healthcare\emergency-access.spec.ts" time="1.626">
<failure message="emergency-access.spec.ts:507:7 should log all emergency access events" type="FAILURE">
<![CDATA[  [firefox-desktop] › healthcare\emergency-access.spec.ts:507:7 › 🚨 Emergency Access - Critical E2E › 📋 Audit Trail Logging › should log all emergency access events 

    Error: page.evaluate: The operation is insecure.
    @debugger eval code line 291 > eval:1:7
    evaluate@debugger eval code:293:16
    @debugger eval code:1:44

        at @debugger eval code line 291 > eval:1:7
        at evaluate@debugger eval code:293:16
        at @debugger eval code:1:44
        at D:\neonpro\tools\testing\e2e\tests\healthcare\emergency-access.spec.ts:18:14

    Retry #1 ───────────────────────────────────────────────────────────────────────────────────────

    Error: page.evaluate: The operation is insecure.
    @debugger eval code line 291 > eval:1:7
    evaluate@debugger eval code:293:16
    @debugger eval code:1:44

        at @debugger eval code line 291 > eval:1:7
        at evaluate@debugger eval code:293:16
        at @debugger eval code:1:44
        at D:\neonpro\tools\testing\e2e\tests\healthcare\emergency-access.spec.ts:18:14

    attachment #1: trace (application/zip) ─────────────────────────────────────────────────────────
    ..\..\..\..\e2e\test-results\healthcare-emergency-acces-3940c-all-emergency-access-events-firefox-desktop-retry1\trace.zip
    Usage:

        npx playwright show-trace ..\..\..\..\e2e\test-results\healthcare-emergency-acces-3940c-all-emergency-access-events-firefox-desktop-retry1\trace.zip

    ────────────────────────────────────────────────────────────────────────────────────────────────
]]>
</failure>
<system-out>
<![CDATA[
[[ATTACHMENT|..\test-results\healthcare-emergency-acces-3940c-all-emergency-access-events-firefox-desktop-retry1\trace.zip]]
]]>
</system-out>
</testcase>
<testcase name="[firefox-desktop] 🚨 Emergency Access - Critical E2E › 📋 Audit Trail Logging › should require justification for emergency access" classname="healthcare\emergency-access.spec.ts" time="1.675">
<failure message="emergency-access.spec.ts:546:7 should require justification for emergency access" type="FAILURE">
<![CDATA[  [firefox-desktop] › healthcare\emergency-access.spec.ts:546:7 › 🚨 Emergency Access - Critical E2E › 📋 Audit Trail Logging › should require justification for emergency access 

    Error: page.evaluate: The operation is insecure.
    @debugger eval code line 291 > eval:1:7
    evaluate@debugger eval code:293:16
    @debugger eval code:1:44

        at @debugger eval code line 291 > eval:1:7
        at evaluate@debugger eval code:293:16
        at @debugger eval code:1:44
        at D:\neonpro\tools\testing\e2e\tests\healthcare\emergency-access.spec.ts:18:14

    Retry #1 ───────────────────────────────────────────────────────────────────────────────────────

    Error: page.evaluate: The operation is insecure.
    @debugger eval code line 291 > eval:1:7
    evaluate@debugger eval code:293:16
    @debugger eval code:1:44

        at @debugger eval code line 291 > eval:1:7
        at evaluate@debugger eval code:293:16
        at @debugger eval code:1:44
        at D:\neonpro\tools\testing\e2e\tests\healthcare\emergency-access.spec.ts:18:14

    attachment #1: trace (application/zip) ─────────────────────────────────────────────────────────
    ..\..\..\..\e2e\test-results\healthcare-emergency-acces-a376c-cation-for-emergency-access-firefox-desktop-retry1\trace.zip
    Usage:

        npx playwright show-trace ..\..\..\..\e2e\test-results\healthcare-emergency-acces-a376c-cation-for-emergency-access-firefox-desktop-retry1\trace.zip

    ────────────────────────────────────────────────────────────────────────────────────────────────
]]>
</failure>
<system-out>
<![CDATA[
[[ATTACHMENT|..\test-results\healthcare-emergency-acces-a376c-cation-for-emergency-access-firefox-desktop-retry1\trace.zip]]
]]>
</system-out>
</testcase>
<testcase name="[firefox-desktop] 🚨 Emergency Access - Critical E2E › 📋 Audit Trail Logging › should generate comprehensive emergency audit logs" classname="healthcare\emergency-access.spec.ts" time="1.616">
<failure message="emergency-access.spec.ts:599:7 should generate comprehensive emergency audit logs" type="FAILURE">
<![CDATA[  [firefox-desktop] › healthcare\emergency-access.spec.ts:599:7 › 🚨 Emergency Access - Critical E2E › 📋 Audit Trail Logging › should generate comprehensive emergency audit logs 

    Error: page.evaluate: The operation is insecure.
    @debugger eval code line 291 > eval:1:7
    evaluate@debugger eval code:293:16
    @debugger eval code:1:44

        at @debugger eval code line 291 > eval:1:7
        at evaluate@debugger eval code:293:16
        at @debugger eval code:1:44
        at D:\neonpro\tools\testing\e2e\tests\healthcare\emergency-access.spec.ts:18:14

    Retry #1 ───────────────────────────────────────────────────────────────────────────────────────

    Error: page.evaluate: The operation is insecure.
    @debugger eval code line 291 > eval:1:7
    evaluate@debugger eval code:293:16
    @debugger eval code:1:44

        at @debugger eval code line 291 > eval:1:7
        at evaluate@debugger eval code:293:16
        at @debugger eval code:1:44
        at D:\neonpro\tools\testing\e2e\tests\healthcare\emergency-access.spec.ts:18:14

    attachment #1: trace (application/zip) ─────────────────────────────────────────────────────────
    ..\..\..\..\e2e\test-results\healthcare-emergency-acces-206f2-ensive-emergency-audit-logs-firefox-desktop-retry1\trace.zip
    Usage:

        npx playwright show-trace ..\..\..\..\e2e\test-results\healthcare-emergency-acces-206f2-ensive-emergency-audit-logs-firefox-desktop-retry1\trace.zip

    ────────────────────────────────────────────────────────────────────────────────────────────────
]]>
</failure>
<system-out>
<![CDATA[
[[ATTACHMENT|..\test-results\healthcare-emergency-acces-206f2-ensive-emergency-audit-logs-firefox-desktop-retry1\trace.zip]]
]]>
</system-out>
</testcase>
<testcase name="[firefox-desktop] 🚨 Emergency Access - Critical E2E › 📋 Audit Trail Logging › should maintain audit integrity and prevent tampering" classname="healthcare\emergency-access.spec.ts" time="1.751">
<failure message="emergency-access.spec.ts:676:7 should maintain audit integrity and prevent tampering" type="FAILURE">
<![CDATA[  [firefox-desktop] › healthcare\emergency-access.spec.ts:676:7 › 🚨 Emergency Access - Critical E2E › 📋 Audit Trail Logging › should maintain audit integrity and prevent tampering 

    Error: page.evaluate: The operation is insecure.
    @debugger eval code line 291 > eval:1:7
    evaluate@debugger eval code:293:16
    @debugger eval code:1:44

        at @debugger eval code line 291 > eval:1:7
        at evaluate@debugger eval code:293:16
        at @debugger eval code:1:44
        at D:\neonpro\tools\testing\e2e\tests\healthcare\emergency-access.spec.ts:18:14

    Retry #1 ───────────────────────────────────────────────────────────────────────────────────────

    Error: page.evaluate: The operation is insecure.
    @debugger eval code line 291 > eval:1:7
    evaluate@debugger eval code:293:16
    @debugger eval code:1:44

        at @debugger eval code line 291 > eval:1:7
        at evaluate@debugger eval code:293:16
        at @debugger eval code:1:44
        at D:\neonpro\tools\testing\e2e\tests\healthcare\emergency-access.spec.ts:18:14

    attachment #1: trace (application/zip) ─────────────────────────────────────────────────────────
    ..\..\..\..\e2e\test-results\healthcare-emergency-acces-659e0-grity-and-prevent-tampering-firefox-desktop-retry1\trace.zip
    Usage:

        npx playwright show-trace ..\..\..\..\e2e\test-results\healthcare-emergency-acces-659e0-grity-and-prevent-tampering-firefox-desktop-retry1\trace.zip

    ────────────────────────────────────────────────────────────────────────────────────────────────
]]>
</failure>
<system-out>
<![CDATA[
[[ATTACHMENT|..\test-results\healthcare-emergency-acces-659e0-grity-and-prevent-tampering-firefox-desktop-retry1\trace.zip]]
]]>
</system-out>
</testcase>
<testcase name="[firefox-desktop] 🚨 Emergency Access - Critical E2E › ⏱️ Performance &amp; Reliability › should handle concurrent emergency access requests" classname="healthcare\emergency-access.spec.ts" time="1.661">
<failure message="emergency-access.spec.ts:738:7 should handle concurrent emergency access requests" type="FAILURE">
<![CDATA[  [firefox-desktop] › healthcare\emergency-access.spec.ts:738:7 › 🚨 Emergency Access - Critical E2E › ⏱️ Performance & Reliability › should handle concurrent emergency access requests 

    Error: page.evaluate: The operation is insecure.
    @debugger eval code line 291 > eval:1:7
    evaluate@debugger eval code:293:16
    @debugger eval code:1:44

        at @debugger eval code line 291 > eval:1:7
        at evaluate@debugger eval code:293:16
        at @debugger eval code:1:44
        at D:\neonpro\tools\testing\e2e\tests\healthcare\emergency-access.spec.ts:18:14

    Retry #1 ───────────────────────────────────────────────────────────────────────────────────────

    Error: page.evaluate: The operation is insecure.
    @debugger eval code line 291 > eval:1:7
    evaluate@debugger eval code:293:16
    @debugger eval code:1:44

        at @debugger eval code line 291 > eval:1:7
        at evaluate@debugger eval code:293:16
        at @debugger eval code:1:44
        at D:\neonpro\tools\testing\e2e\tests\healthcare\emergency-access.spec.ts:18:14

    attachment #1: trace (application/zip) ─────────────────────────────────────────────────────────
    ..\..\..\..\e2e\test-results\healthcare-emergency-acces-4f0c2-t-emergency-access-requests-firefox-desktop-retry1\trace.zip
    Usage:

        npx playwright show-trace ..\..\..\..\e2e\test-results\healthcare-emergency-acces-4f0c2-t-emergency-access-requests-firefox-desktop-retry1\trace.zip

    ────────────────────────────────────────────────────────────────────────────────────────────────
]]>
</failure>
<system-out>
<![CDATA[
[[ATTACHMENT|..\test-results\healthcare-emergency-acces-4f0c2-t-emergency-access-requests-firefox-desktop-retry1\trace.zip]]
]]>
</system-out>
</testcase>
<testcase name="[firefox-desktop] 🚨 Emergency Access - Critical E2E › ⏱️ Performance &amp; Reliability › should maintain performance under emergency conditions" classname="healthcare\emergency-access.spec.ts" time="1.591">
<failure message="emergency-access.spec.ts:788:7 should maintain performance under emergency conditions" type="FAILURE">
<![CDATA[  [firefox-desktop] › healthcare\emergency-access.spec.ts:788:7 › 🚨 Emergency Access - Critical E2E › ⏱️ Performance & Reliability › should maintain performance under emergency conditions 

    Error: page.evaluate: The operation is insecure.
    @debugger eval code line 291 > eval:1:7
    evaluate@debugger eval code:293:16
    @debugger eval code:1:44

        at @debugger eval code line 291 > eval:1:7
        at evaluate@debugger eval code:293:16
        at @debugger eval code:1:44
        at D:\neonpro\tools\testing\e2e\tests\healthcare\emergency-access.spec.ts:18:14

    Retry #1 ───────────────────────────────────────────────────────────────────────────────────────

    Error: page.evaluate: The operation is insecure.
    @debugger eval code line 291 > eval:1:7
    evaluate@debugger eval code:293:16
    @debugger eval code:1:44

        at @debugger eval code line 291 > eval:1:7
        at evaluate@debugger eval code:293:16
        at @debugger eval code:1:44
        at D:\neonpro\tools\testing\e2e\tests\healthcare\emergency-access.spec.ts:18:14

    attachment #1: trace (application/zip) ─────────────────────────────────────────────────────────
    ..\..\..\..\e2e\test-results\healthcare-emergency-acces-4c374--under-emergency-conditions-firefox-desktop-retry1\trace.zip
    Usage:

        npx playwright show-trace ..\..\..\..\e2e\test-results\healthcare-emergency-acces-4c374--under-emergency-conditions-firefox-desktop-retry1\trace.zip

    ────────────────────────────────────────────────────────────────────────────────────────────────
]]>
</failure>
<system-out>
<![CDATA[
[[ATTACHMENT|..\test-results\healthcare-emergency-acces-4c374--under-emergency-conditions-firefox-desktop-retry1\trace.zip]]
]]>
</system-out>
</testcase>
<testcase name="[firefox-desktop] 🚨 Emergency Access - Critical E2E › ⏱️ Performance &amp; Reliability › should handle system failures gracefully in emergency mode" classname="healthcare\emergency-access.spec.ts" time="1.719">
<failure message="emergency-access.spec.ts:851:7 should handle system failures gracefully in emergency mode" type="FAILURE">
<![CDATA[  [firefox-desktop] › healthcare\emergency-access.spec.ts:851:7 › 🚨 Emergency Access - Critical E2E › ⏱️ Performance & Reliability › should handle system failures gracefully in emergency mode 

    Error: page.evaluate: The operation is insecure.
    @debugger eval code line 291 > eval:1:7
    evaluate@debugger eval code:293:16
    @debugger eval code:1:44

        at @debugger eval code line 291 > eval:1:7
        at evaluate@debugger eval code:293:16
        at @debugger eval code:1:44
        at D:\neonpro\tools\testing\e2e\tests\healthcare\emergency-access.spec.ts:18:14

    Retry #1 ───────────────────────────────────────────────────────────────────────────────────────

    Error: page.evaluate: The operation is insecure.
    @debugger eval code line 291 > eval:1:7
    evaluate@debugger eval code:293:16
    @debugger eval code:1:44

        at @debugger eval code line 291 > eval:1:7
        at evaluate@debugger eval code:293:16
        at @debugger eval code:1:44
        at D:\neonpro\tools\testing\e2e\tests\healthcare\emergency-access.spec.ts:18:14

    attachment #1: trace (application/zip) ─────────────────────────────────────────────────────────
    ..\..\..\..\e2e\test-results\healthcare-emergency-acces-9e0cc-racefully-in-emergency-mode-firefox-desktop-retry1\trace.zip
    Usage:

        npx playwright show-trace ..\..\..\..\e2e\test-results\healthcare-emergency-acces-9e0cc-racefully-in-emergency-mode-firefox-desktop-retry1\trace.zip

    ────────────────────────────────────────────────────────────────────────────────────────────────
]]>
</failure>
<system-out>
<![CDATA[
[[ATTACHMENT|..\test-results\healthcare-emergency-acces-9e0cc-racefully-in-emergency-mode-firefox-desktop-retry1\trace.zip]]
]]>
</system-out>
</testcase>
<testcase name="[firefox-desktop] 🚨 Emergency Access - Critical E2E › 🔒 Security &amp; Compliance › should enforce emergency access time limits" classname="healthcare\emergency-access.spec.ts" time="1.721">
<failure message="emergency-access.spec.ts:906:7 should enforce emergency access time limits" type="FAILURE">
<![CDATA[  [firefox-desktop] › healthcare\emergency-access.spec.ts:906:7 › 🚨 Emergency Access - Critical E2E › 🔒 Security & Compliance › should enforce emergency access time limits 

    Error: page.evaluate: The operation is insecure.
    @debugger eval code line 291 > eval:1:7
    evaluate@debugger eval code:293:16
    @debugger eval code:1:44

        at @debugger eval code line 291 > eval:1:7
        at evaluate@debugger eval code:293:16
        at @debugger eval code:1:44
        at D:\neonpro\tools\testing\e2e\tests\healthcare\emergency-access.spec.ts:18:14

    Retry #1 ───────────────────────────────────────────────────────────────────────────────────────

    Error: page.evaluate: The operation is insecure.
    @debugger eval code line 291 > eval:1:7
    evaluate@debugger eval code:293:16
    @debugger eval code:1:44

        at @debugger eval code line 291 > eval:1:7
        at evaluate@debugger eval code:293:16
        at @debugger eval code:1:44
        at D:\neonpro\tools\testing\e2e\tests\healthcare\emergency-access.spec.ts:18:14

    attachment #1: trace (application/zip) ─────────────────────────────────────────────────────────
    ..\..\..\..\e2e\test-results\healthcare-emergency-acces-f46c7-mergency-access-time-limits-firefox-desktop-retry1\trace.zip
    Usage:

        npx playwright show-trace ..\..\..\..\e2e\test-results\healthcare-emergency-acces-f46c7-mergency-access-time-limits-firefox-desktop-retry1\trace.zip

    ────────────────────────────────────────────────────────────────────────────────────────────────
]]>
</failure>
<system-out>
<![CDATA[
[[ATTACHMENT|..\test-results\healthcare-emergency-acces-f46c7-mergency-access-time-limits-firefox-desktop-retry1\trace.zip]]
]]>
</system-out>
</testcase>
<testcase name="[firefox-desktop] 🚨 Emergency Access - Critical E2E › 🔒 Security &amp; Compliance › should enforce emergency session time limits and auto-logout" classname="healthcare\emergency-access.spec.ts" time="1.541">
<failure message="emergency-access.spec.ts:937:7 should enforce emergency session time limits and auto-logout" type="FAILURE">
<![CDATA[  [firefox-desktop] › healthcare\emergency-access.spec.ts:937:7 › 🚨 Emergency Access - Critical E2E › 🔒 Security & Compliance › should enforce emergency session time limits and auto-logout 

    Error: page.evaluate: The operation is insecure.
    @debugger eval code line 291 > eval:1:7
    evaluate@debugger eval code:293:16
    @debugger eval code:1:44

        at @debugger eval code line 291 > eval:1:7
        at evaluate@debugger eval code:293:16
        at @debugger eval code:1:44
        at D:\neonpro\tools\testing\e2e\tests\healthcare\emergency-access.spec.ts:18:14

    Retry #1 ───────────────────────────────────────────────────────────────────────────────────────

    Error: page.evaluate: The operation is insecure.
    @debugger eval code line 291 > eval:1:7
    evaluate@debugger eval code:293:16
    @debugger eval code:1:44

        at @debugger eval code line 291 > eval:1:7
        at evaluate@debugger eval code:293:16
        at @debugger eval code:1:44
        at D:\neonpro\tools\testing\e2e\tests\healthcare\emergency-access.spec.ts:18:14

    attachment #1: trace (application/zip) ─────────────────────────────────────────────────────────
    ..\..\..\..\e2e\test-results\healthcare-emergency-acces-fb593-time-limits-and-auto-logout-firefox-desktop-retry1\trace.zip
    Usage:

        npx playwright show-trace ..\..\..\..\e2e\test-results\healthcare-emergency-acces-fb593-time-limits-and-auto-logout-firefox-desktop-retry1\trace.zip

    ────────────────────────────────────────────────────────────────────────────────────────────────
]]>
</failure>
<system-out>
<![CDATA[
[[ATTACHMENT|..\test-results\healthcare-emergency-acces-fb593-time-limits-and-auto-logout-firefox-desktop-retry1\trace.zip]]
]]>
</system-out>
</testcase>
<testcase name="[firefox-desktop] 🚨 Emergency Access - Critical E2E › 🔒 Security &amp; Compliance › should automatically log out after emergency session expires" classname="healthcare\emergency-access.spec.ts" time="1.637">
<failure message="emergency-access.spec.ts:996:7 should automatically log out after emergency session expires" type="FAILURE">
<![CDATA[  [firefox-desktop] › healthcare\emergency-access.spec.ts:996:7 › 🚨 Emergency Access - Critical E2E › 🔒 Security & Compliance › should automatically log out after emergency session expires 

    Error: page.evaluate: The operation is insecure.
    @debugger eval code line 291 > eval:1:7
    evaluate@debugger eval code:293:16
    @debugger eval code:1:44

        at @debugger eval code line 291 > eval:1:7
        at evaluate@debugger eval code:293:16
        at @debugger eval code:1:44
        at D:\neonpro\tools\testing\e2e\tests\healthcare\emergency-access.spec.ts:18:14

    Retry #1 ───────────────────────────────────────────────────────────────────────────────────────

    Error: page.evaluate: The operation is insecure.
    @debugger eval code line 291 > eval:1:7
    evaluate@debugger eval code:293:16
    @debugger eval code:1:44

        at @debugger eval code line 291 > eval:1:7
        at evaluate@debugger eval code:293:16
        at @debugger eval code:1:44
        at D:\neonpro\tools\testing\e2e\tests\healthcare\emergency-access.spec.ts:18:14

    attachment #1: trace (application/zip) ─────────────────────────────────────────────────────────
    ..\..\..\..\e2e\test-results\healthcare-emergency-acces-c3616-r-emergency-session-expires-firefox-desktop-retry1\trace.zip
    Usage:

        npx playwright show-trace ..\..\..\..\e2e\test-results\healthcare-emergency-acces-c3616-r-emergency-session-expires-firefox-desktop-retry1\trace.zip

    ────────────────────────────────────────────────────────────────────────────────────────────────
]]>
</failure>
<system-out>
<![CDATA[
[[ATTACHMENT|..\test-results\healthcare-emergency-acces-c3616-r-emergency-session-expires-firefox-desktop-retry1\trace.zip]]
]]>
</system-out>
</testcase>
<testcase name="[firefox-desktop] 🚨 Emergency Access - Critical E2E › 🔒 Security &amp; Compliance › should handle multiple concurrent emergency sessions" classname="healthcare\emergency-access.spec.ts" time="1.78">
<failure message="emergency-access.spec.ts:1039:7 should handle multiple concurrent emergency sessions" type="FAILURE">
<![CDATA[  [firefox-desktop] › healthcare\emergency-access.spec.ts:1039:7 › 🚨 Emergency Access - Critical E2E › 🔒 Security & Compliance › should handle multiple concurrent emergency sessions 

    Error: page.evaluate: The operation is insecure.
    @debugger eval code line 291 > eval:1:7
    evaluate@debugger eval code:293:16
    @debugger eval code:1:44

        at @debugger eval code line 291 > eval:1:7
        at evaluate@debugger eval code:293:16
        at @debugger eval code:1:44
        at D:\neonpro\tools\testing\e2e\tests\healthcare\emergency-access.spec.ts:18:14

    Retry #1 ───────────────────────────────────────────────────────────────────────────────────────

    Error: page.evaluate: The operation is insecure.
    @debugger eval code line 291 > eval:1:7
    evaluate@debugger eval code:293:16
    @debugger eval code:1:44

        at @debugger eval code line 291 > eval:1:7
        at evaluate@debugger eval code:293:16
        at @debugger eval code:1:44
        at D:\neonpro\tools\testing\e2e\tests\healthcare\emergency-access.spec.ts:18:14

    attachment #1: trace (application/zip) ─────────────────────────────────────────────────────────
    ..\..\..\..\e2e\test-results\healthcare-emergency-acces-acbe8-ncurrent-emergency-sessions-firefox-desktop-retry1\trace.zip
    Usage:

        npx playwright show-trace ..\..\..\..\e2e\test-results\healthcare-emergency-acces-acbe8-ncurrent-emergency-sessions-firefox-desktop-retry1\trace.zip

    ────────────────────────────────────────────────────────────────────────────────────────────────
]]>
</failure>
<system-out>
<![CDATA[
[[ATTACHMENT|..\test-results\healthcare-emergency-acces-acbe8-ncurrent-emergency-sessions-firefox-desktop-retry1\trace.zip]]
]]>
</system-out>
</testcase>
</testsuite>
<testsuite name="healthcare\patient-registration.spec.ts" timestamp="2025-08-23T06:21:35.562Z" hostname="firefox-desktop" tests="19" failures="19" skipped="0" time="30.395" errors="0">
<testcase name="[firefox-desktop] 👥 Patient Registration - Critical E2E › 📝 Complete Registration with CPF Validation › should complete full patient registration with valid data" classname="healthcare\patient-registration.spec.ts" time="1.711">
<failure message="patient-registration.spec.ts:26:7 should complete full patient registration with valid data" type="FAILURE">
<![CDATA[  [firefox-desktop] › healthcare\patient-registration.spec.ts:26:7 › 👥 Patient Registration - Critical E2E › 📝 Complete Registration with CPF Validation › should complete full patient registration with valid data 

    Error: page.goto: Protocol error (Page.navigate): Invalid url: "/login"
    Call log:
      - navigating to "/login", waiting until "load"


       9 | 	test.beforeEach(async ({ page }) => {
      10 | 		// Login as healthcare staff with patient registration permissions
    > 11 | 		await page.goto("/login");
         | 		           ^
      12 | 		await page.fill(
      13 | 			'[data-testid="email"], input[type="email"]',
      14 | 			"recepcionista@neonpro.com.br",
        at D:\neonpro\tools\testing\e2e\tests\healthcare\patient-registration.spec.ts:11:14

    Retry #1 ───────────────────────────────────────────────────────────────────────────────────────

    Error: page.goto: Protocol error (Page.navigate): Invalid url: "/login"
    Call log:
      - navigating to "/login", waiting until "load"


       9 | 	test.beforeEach(async ({ page }) => {
      10 | 		// Login as healthcare staff with patient registration permissions
    > 11 | 		await page.goto("/login");
         | 		           ^
      12 | 		await page.fill(
      13 | 			'[data-testid="email"], input[type="email"]',
      14 | 			"recepcionista@neonpro.com.br",
        at D:\neonpro\tools\testing\e2e\tests\healthcare\patient-registration.spec.ts:11:14

    attachment #1: trace (application/zip) ─────────────────────────────────────────────────────────
    ..\..\..\..\e2e\test-results\healthcare-patient-registr-66e1d-egistration-with-valid-data-firefox-desktop-retry1\trace.zip
    Usage:

        npx playwright show-trace ..\..\..\..\e2e\test-results\healthcare-patient-registr-66e1d-egistration-with-valid-data-firefox-desktop-retry1\trace.zip

    ────────────────────────────────────────────────────────────────────────────────────────────────
]]>
</failure>
<system-out>
<![CDATA[
[[ATTACHMENT|..\test-results\healthcare-patient-registr-66e1d-egistration-with-valid-data-firefox-desktop-retry1\trace.zip]]
]]>
</system-out>
</testcase>
<testcase name="[firefox-desktop] 👥 Patient Registration - Critical E2E › 📝 Complete Registration with CPF Validation › should validate CPF format and prevent invalid CPF registration" classname="healthcare\patient-registration.spec.ts" time="1.66">
<failure message="patient-registration.spec.ts:127:7 should validate CPF format and prevent invalid CPF registration" type="FAILURE">
<![CDATA[  [firefox-desktop] › healthcare\patient-registration.spec.ts:127:7 › 👥 Patient Registration - Critical E2E › 📝 Complete Registration with CPF Validation › should validate CPF format and prevent invalid CPF registration 

    Error: page.goto: Protocol error (Page.navigate): Invalid url: "/login"
    Call log:
      - navigating to "/login", waiting until "load"


       9 | 	test.beforeEach(async ({ page }) => {
      10 | 		// Login as healthcare staff with patient registration permissions
    > 11 | 		await page.goto("/login");
         | 		           ^
      12 | 		await page.fill(
      13 | 			'[data-testid="email"], input[type="email"]',
      14 | 			"recepcionista@neonpro.com.br",
        at D:\neonpro\tools\testing\e2e\tests\healthcare\patient-registration.spec.ts:11:14

    Retry #1 ───────────────────────────────────────────────────────────────────────────────────────

    Error: page.goto: Protocol error (Page.navigate): Invalid url: "/login"
    Call log:
      - navigating to "/login", waiting until "load"


       9 | 	test.beforeEach(async ({ page }) => {
      10 | 		// Login as healthcare staff with patient registration permissions
    > 11 | 		await page.goto("/login");
         | 		           ^
      12 | 		await page.fill(
      13 | 			'[data-testid="email"], input[type="email"]',
      14 | 			"recepcionista@neonpro.com.br",
        at D:\neonpro\tools\testing\e2e\tests\healthcare\patient-registration.spec.ts:11:14

    attachment #1: trace (application/zip) ─────────────────────────────────────────────────────────
    ..\..\..\..\e2e\test-results\healthcare-patient-registr-44fea-nt-invalid-CPF-registration-firefox-desktop-retry1\trace.zip
    Usage:

        npx playwright show-trace ..\..\..\..\e2e\test-results\healthcare-patient-registr-44fea-nt-invalid-CPF-registration-firefox-desktop-retry1\trace.zip

    ────────────────────────────────────────────────────────────────────────────────────────────────
]]>
</failure>
<system-out>
<![CDATA[
[[ATTACHMENT|..\test-results\healthcare-patient-registr-44fea-nt-invalid-CPF-registration-firefox-desktop-retry1\trace.zip]]
]]>
</system-out>
</testcase>
<testcase name="[firefox-desktop] 👥 Patient Registration - Critical E2E › 📝 Complete Registration with CPF Validation › should prevent duplicate CPF registration" classname="healthcare\patient-registration.spec.ts" time="1.642">
<failure message="patient-registration.spec.ts:163:7 should prevent duplicate CPF registration" type="FAILURE">
<![CDATA[  [firefox-desktop] › healthcare\patient-registration.spec.ts:163:7 › 👥 Patient Registration - Critical E2E › 📝 Complete Registration with CPF Validation › should prevent duplicate CPF registration 

    Error: page.goto: Protocol error (Page.navigate): Invalid url: "/login"
    Call log:
      - navigating to "/login", waiting until "load"


       9 | 	test.beforeEach(async ({ page }) => {
      10 | 		// Login as healthcare staff with patient registration permissions
    > 11 | 		await page.goto("/login");
         | 		           ^
      12 | 		await page.fill(
      13 | 			'[data-testid="email"], input[type="email"]',
      14 | 			"recepcionista@neonpro.com.br",
        at D:\neonpro\tools\testing\e2e\tests\healthcare\patient-registration.spec.ts:11:14

    Retry #1 ───────────────────────────────────────────────────────────────────────────────────────

    Error: page.goto: Protocol error (Page.navigate): Invalid url: "/login"
    Call log:
      - navigating to "/login", waiting until "load"


       9 | 	test.beforeEach(async ({ page }) => {
      10 | 		// Login as healthcare staff with patient registration permissions
    > 11 | 		await page.goto("/login");
         | 		           ^
      12 | 		await page.fill(
      13 | 			'[data-testid="email"], input[type="email"]',
      14 | 			"recepcionista@neonpro.com.br",
        at D:\neonpro\tools\testing\e2e\tests\healthcare\patient-registration.spec.ts:11:14

    attachment #1: trace (application/zip) ─────────────────────────────────────────────────────────
    ..\..\..\..\e2e\test-results\healthcare-patient-registr-7d325--duplicate-CPF-registration-firefox-desktop-retry1\trace.zip
    Usage:

        npx playwright show-trace ..\..\..\..\e2e\test-results\healthcare-patient-registr-7d325--duplicate-CPF-registration-firefox-desktop-retry1\trace.zip

    ────────────────────────────────────────────────────────────────────────────────────────────────
]]>
</failure>
<system-out>
<![CDATA[
[[ATTACHMENT|..\test-results\healthcare-patient-registr-7d325--duplicate-CPF-registration-firefox-desktop-retry1\trace.zip]]
]]>
</system-out>
</testcase>
<testcase name="[firefox-desktop] 👥 Patient Registration - Critical E2E › 📝 Complete Registration with CPF Validation › should validate required fields before proceeding" classname="healthcare\patient-registration.spec.ts" time="1.675">
<failure message="patient-registration.spec.ts:190:7 should validate required fields before proceeding" type="FAILURE">
<![CDATA[  [firefox-desktop] › healthcare\patient-registration.spec.ts:190:7 › 👥 Patient Registration - Critical E2E › 📝 Complete Registration with CPF Validation › should validate required fields before proceeding 

    Error: page.goto: Protocol error (Page.navigate): Invalid url: "/login"
    Call log:
      - navigating to "/login", waiting until "load"


       9 | 	test.beforeEach(async ({ page }) => {
      10 | 		// Login as healthcare staff with patient registration permissions
    > 11 | 		await page.goto("/login");
         | 		           ^
      12 | 		await page.fill(
      13 | 			'[data-testid="email"], input[type="email"]',
      14 | 			"recepcionista@neonpro.com.br",
        at D:\neonpro\tools\testing\e2e\tests\healthcare\patient-registration.spec.ts:11:14

    Retry #1 ───────────────────────────────────────────────────────────────────────────────────────

    Error: page.goto: Protocol error (Page.navigate): Invalid url: "/login"
    Call log:
      - navigating to "/login", waiting until "load"


       9 | 	test.beforeEach(async ({ page }) => {
      10 | 		// Login as healthcare staff with patient registration permissions
    > 11 | 		await page.goto("/login");
         | 		           ^
      12 | 		await page.fill(
      13 | 			'[data-testid="email"], input[type="email"]',
      14 | 			"recepcionista@neonpro.com.br",
        at D:\neonpro\tools\testing\e2e\tests\healthcare\patient-registration.spec.ts:11:14

    attachment #1: trace (application/zip) ─────────────────────────────────────────────────────────
    ..\..\..\..\e2e\test-results\healthcare-patient-registr-87884-ed-fields-before-proceeding-firefox-desktop-retry1\trace.zip
    Usage:

        npx playwright show-trace ..\..\..\..\e2e\test-results\healthcare-patient-registr-87884-ed-fields-before-proceeding-firefox-desktop-retry1\trace.zip

    ────────────────────────────────────────────────────────────────────────────────────────────────
]]>
</failure>
<system-out>
<![CDATA[
[[ATTACHMENT|..\test-results\healthcare-patient-registr-87884-ed-fields-before-proceeding-firefox-desktop-retry1\trace.zip]]
]]>
</system-out>
</testcase>
<testcase name="[firefox-desktop] 👥 Patient Registration - Critical E2E › 🔒 LGPD Consent Capture › should capture comprehensive LGPD consent with detailed explanations" classname="healthcare\patient-registration.spec.ts" time="1.605">
<failure message="patient-registration.spec.ts:222:7 should capture comprehensive LGPD consent with detailed explanations" type="FAILURE">
<![CDATA[  [firefox-desktop] › healthcare\patient-registration.spec.ts:222:7 › 👥 Patient Registration - Critical E2E › 🔒 LGPD Consent Capture › should capture comprehensive LGPD consent with detailed explanations 

    Error: page.goto: Protocol error (Page.navigate): Invalid url: "/login"
    Call log:
      - navigating to "/login", waiting until "load"


       9 | 	test.beforeEach(async ({ page }) => {
      10 | 		// Login as healthcare staff with patient registration permissions
    > 11 | 		await page.goto("/login");
         | 		           ^
      12 | 		await page.fill(
      13 | 			'[data-testid="email"], input[type="email"]',
      14 | 			"recepcionista@neonpro.com.br",
        at D:\neonpro\tools\testing\e2e\tests\healthcare\patient-registration.spec.ts:11:14

    Retry #1 ───────────────────────────────────────────────────────────────────────────────────────

    Error: page.goto: Protocol error (Page.navigate): Invalid url: "/login"
    Call log:
      - navigating to "/login", waiting until "load"


       9 | 	test.beforeEach(async ({ page }) => {
      10 | 		// Login as healthcare staff with patient registration permissions
    > 11 | 		await page.goto("/login");
         | 		           ^
      12 | 		await page.fill(
      13 | 			'[data-testid="email"], input[type="email"]',
      14 | 			"recepcionista@neonpro.com.br",
        at D:\neonpro\tools\testing\e2e\tests\healthcare\patient-registration.spec.ts:11:14

    attachment #1: trace (application/zip) ─────────────────────────────────────────────────────────
    ..\..\..\..\e2e\test-results\healthcare-patient-registr-5dd62--with-detailed-explanations-firefox-desktop-retry1\trace.zip
    Usage:

        npx playwright show-trace ..\..\..\..\e2e\test-results\healthcare-patient-registr-5dd62--with-detailed-explanations-firefox-desktop-retry1\trace.zip

    ────────────────────────────────────────────────────────────────────────────────────────────────
]]>
</failure>
<system-out>
<![CDATA[
[[ATTACHMENT|..\test-results\healthcare-patient-registr-5dd62--with-detailed-explanations-firefox-desktop-retry1\trace.zip]]
]]>
</system-out>
</testcase>
<testcase name="[firefox-desktop] 👥 Patient Registration - Critical E2E › 🔒 LGPD Consent Capture › should require mandatory LGPD consents for registration" classname="healthcare\patient-registration.spec.ts" time="1.572">
<failure message="patient-registration.spec.ts:298:7 should require mandatory LGPD consents for registration" type="FAILURE">
<![CDATA[  [firefox-desktop] › healthcare\patient-registration.spec.ts:298:7 › 👥 Patient Registration - Critical E2E › 🔒 LGPD Consent Capture › should require mandatory LGPD consents for registration 

    Error: page.goto: Protocol error (Page.navigate): Invalid url: "/login"
    Call log:
      - navigating to "/login", waiting until "load"


       9 | 	test.beforeEach(async ({ page }) => {
      10 | 		// Login as healthcare staff with patient registration permissions
    > 11 | 		await page.goto("/login");
         | 		           ^
      12 | 		await page.fill(
      13 | 			'[data-testid="email"], input[type="email"]',
      14 | 			"recepcionista@neonpro.com.br",
        at D:\neonpro\tools\testing\e2e\tests\healthcare\patient-registration.spec.ts:11:14

    Retry #1 ───────────────────────────────────────────────────────────────────────────────────────

    Error: page.goto: Protocol error (Page.navigate): Invalid url: "/login"
    Call log:
      - navigating to "/login", waiting until "load"


       9 | 	test.beforeEach(async ({ page }) => {
      10 | 		// Login as healthcare staff with patient registration permissions
    > 11 | 		await page.goto("/login");
         | 		           ^
      12 | 		await page.fill(
      13 | 			'[data-testid="email"], input[type="email"]',
      14 | 			"recepcionista@neonpro.com.br",
        at D:\neonpro\tools\testing\e2e\tests\healthcare\patient-registration.spec.ts:11:14

    attachment #1: trace (application/zip) ─────────────────────────────────────────────────────────
    ..\..\..\..\e2e\test-results\healthcare-patient-registr-ee334-D-consents-for-registration-firefox-desktop-retry1\trace.zip
    Usage:

        npx playwright show-trace ..\..\..\..\e2e\test-results\healthcare-patient-registr-ee334-D-consents-for-registration-firefox-desktop-retry1\trace.zip

    ────────────────────────────────────────────────────────────────────────────────────────────────
]]>
</failure>
<system-out>
<![CDATA[
[[ATTACHMENT|..\test-results\healthcare-patient-registr-ee334-D-consents-for-registration-firefox-desktop-retry1\trace.zip]]
]]>
</system-out>
</testcase>
<testcase name="[firefox-desktop] 👥 Patient Registration - Critical E2E › 🔒 LGPD Consent Capture › should provide consent withdrawal options" classname="healthcare\patient-registration.spec.ts" time="1.6">
<failure message="patient-registration.spec.ts:348:7 should provide consent withdrawal options" type="FAILURE">
<![CDATA[  [firefox-desktop] › healthcare\patient-registration.spec.ts:348:7 › 👥 Patient Registration - Critical E2E › 🔒 LGPD Consent Capture › should provide consent withdrawal options 

    Error: page.goto: Protocol error (Page.navigate): Invalid url: "/login"
    Call log:
      - navigating to "/login", waiting until "load"


       9 | 	test.beforeEach(async ({ page }) => {
      10 | 		// Login as healthcare staff with patient registration permissions
    > 11 | 		await page.goto("/login");
         | 		           ^
      12 | 		await page.fill(
      13 | 			'[data-testid="email"], input[type="email"]',
      14 | 			"recepcionista@neonpro.com.br",
        at D:\neonpro\tools\testing\e2e\tests\healthcare\patient-registration.spec.ts:11:14

    Retry #1 ───────────────────────────────────────────────────────────────────────────────────────

    Error: page.goto: Protocol error (Page.navigate): Invalid url: "/login"
    Call log:
      - navigating to "/login", waiting until "load"


       9 | 	test.beforeEach(async ({ page }) => {
      10 | 		// Login as healthcare staff with patient registration permissions
    > 11 | 		await page.goto("/login");
         | 		           ^
      12 | 		await page.fill(
      13 | 			'[data-testid="email"], input[type="email"]',
      14 | 			"recepcionista@neonpro.com.br",
        at D:\neonpro\tools\testing\e2e\tests\healthcare\patient-registration.spec.ts:11:14

    attachment #1: trace (application/zip) ─────────────────────────────────────────────────────────
    ..\..\..\..\e2e\test-results\healthcare-patient-registr-d771e--consent-withdrawal-options-firefox-desktop-retry1\trace.zip
    Usage:

        npx playwright show-trace ..\..\..\..\e2e\test-results\healthcare-patient-registr-d771e--consent-withdrawal-options-firefox-desktop-retry1\trace.zip

    ────────────────────────────────────────────────────────────────────────────────────────────────
]]>
</failure>
<system-out>
<![CDATA[
[[ATTACHMENT|..\test-results\healthcare-patient-registr-d771e--consent-withdrawal-options-firefox-desktop-retry1\trace.zip]]
]]>
</system-out>
</testcase>
<testcase name="[firefox-desktop] 👥 Patient Registration - Critical E2E › 🔒 LGPD Consent Capture › should create audit trail for LGPD consent events" classname="healthcare\patient-registration.spec.ts" time="1.711">
<failure message="patient-registration.spec.ts:390:7 should create audit trail for LGPD consent events" type="FAILURE">
<![CDATA[  [firefox-desktop] › healthcare\patient-registration.spec.ts:390:7 › 👥 Patient Registration - Critical E2E › 🔒 LGPD Consent Capture › should create audit trail for LGPD consent events 

    Error: page.goto: Protocol error (Page.navigate): Invalid url: "/login"
    Call log:
      - navigating to "/login", waiting until "load"


       9 | 	test.beforeEach(async ({ page }) => {
      10 | 		// Login as healthcare staff with patient registration permissions
    > 11 | 		await page.goto("/login");
         | 		           ^
      12 | 		await page.fill(
      13 | 			'[data-testid="email"], input[type="email"]',
      14 | 			"recepcionista@neonpro.com.br",
        at D:\neonpro\tools\testing\e2e\tests\healthcare\patient-registration.spec.ts:11:14

    Retry #1 ───────────────────────────────────────────────────────────────────────────────────────

    Error: page.goto: Protocol error (Page.navigate): Invalid url: "/login"
    Call log:
      - navigating to "/login", waiting until "load"


       9 | 	test.beforeEach(async ({ page }) => {
      10 | 		// Login as healthcare staff with patient registration permissions
    > 11 | 		await page.goto("/login");
         | 		           ^
      12 | 		await page.fill(
      13 | 			'[data-testid="email"], input[type="email"]',
      14 | 			"recepcionista@neonpro.com.br",
        at D:\neonpro\tools\testing\e2e\tests\healthcare\patient-registration.spec.ts:11:14

    attachment #1: trace (application/zip) ─────────────────────────────────────────────────────────
    ..\..\..\..\e2e\test-results\healthcare-patient-registr-550d7-ail-for-LGPD-consent-events-firefox-desktop-retry1\trace.zip
    Usage:

        npx playwright show-trace ..\..\..\..\e2e\test-results\healthcare-patient-registr-550d7-ail-for-LGPD-consent-events-firefox-desktop-retry1\trace.zip

    ────────────────────────────────────────────────────────────────────────────────────────────────
]]>
</failure>
<system-out>
<![CDATA[
[[ATTACHMENT|..\test-results\healthcare-patient-registr-550d7-ail-for-LGPD-consent-events-firefox-desktop-retry1\trace.zip]]
]]>
</system-out>
</testcase>
<testcase name="[firefox-desktop] 👥 Patient Registration - Critical E2E › 🏥 Medical History and Allergies › should capture comprehensive medical history" classname="healthcare\patient-registration.spec.ts" time="1.706">
<failure message="patient-registration.spec.ts:440:7 should capture comprehensive medical history" type="FAILURE">
<![CDATA[  [firefox-desktop] › healthcare\patient-registration.spec.ts:440:7 › 👥 Patient Registration - Critical E2E › 🏥 Medical History and Allergies › should capture comprehensive medical history 

    Error: page.goto: Protocol error (Page.navigate): Invalid url: "/login"
    Call log:
      - navigating to "/login", waiting until "load"


       9 | 	test.beforeEach(async ({ page }) => {
      10 | 		// Login as healthcare staff with patient registration permissions
    > 11 | 		await page.goto("/login");
         | 		           ^
      12 | 		await page.fill(
      13 | 			'[data-testid="email"], input[type="email"]',
      14 | 			"recepcionista@neonpro.com.br",
        at D:\neonpro\tools\testing\e2e\tests\healthcare\patient-registration.spec.ts:11:14

    Retry #1 ───────────────────────────────────────────────────────────────────────────────────────

    Error: page.goto: Protocol error (Page.navigate): Invalid url: "/login"
    Call log:
      - navigating to "/login", waiting until "load"


       9 | 	test.beforeEach(async ({ page }) => {
      10 | 		// Login as healthcare staff with patient registration permissions
    > 11 | 		await page.goto("/login");
         | 		           ^
      12 | 		await page.fill(
      13 | 			'[data-testid="email"], input[type="email"]',
      14 | 			"recepcionista@neonpro.com.br",
        at D:\neonpro\tools\testing\e2e\tests\healthcare\patient-registration.spec.ts:11:14

    attachment #1: trace (application/zip) ─────────────────────────────────────────────────────────
    ..\..\..\..\e2e\test-results\healthcare-patient-registr-d8ca0-mprehensive-medical-history-firefox-desktop-retry1\trace.zip
    Usage:

        npx playwright show-trace ..\..\..\..\e2e\test-results\healthcare-patient-registr-d8ca0-mprehensive-medical-history-firefox-desktop-retry1\trace.zip

    ────────────────────────────────────────────────────────────────────────────────────────────────
]]>
</failure>
<system-out>
<![CDATA[
[[ATTACHMENT|..\test-results\healthcare-patient-registr-d8ca0-mprehensive-medical-history-firefox-desktop-retry1\trace.zip]]
]]>
</system-out>
</testcase>
<testcase name="[firefox-desktop] 👥 Patient Registration - Critical E2E › 🏥 Medical History and Allergies › should capture and validate allergy information with severity levels" classname="healthcare\patient-registration.spec.ts" time="1.68">
<failure message="patient-registration.spec.ts:522:7 should capture and validate allergy information with severity levels" type="FAILURE">
<![CDATA[  [firefox-desktop] › healthcare\patient-registration.spec.ts:522:7 › 👥 Patient Registration - Critical E2E › 🏥 Medical History and Allergies › should capture and validate allergy information with severity levels 

    Error: page.goto: Protocol error (Page.navigate): Invalid url: "/login"
    Call log:
      - navigating to "/login", waiting until "load"


       9 | 	test.beforeEach(async ({ page }) => {
      10 | 		// Login as healthcare staff with patient registration permissions
    > 11 | 		await page.goto("/login");
         | 		           ^
      12 | 		await page.fill(
      13 | 			'[data-testid="email"], input[type="email"]',
      14 | 			"recepcionista@neonpro.com.br",
        at D:\neonpro\tools\testing\e2e\tests\healthcare\patient-registration.spec.ts:11:14

    Retry #1 ───────────────────────────────────────────────────────────────────────────────────────

    Error: page.goto: Protocol error (Page.navigate): Invalid url: "/login"
    Call log:
      - navigating to "/login", waiting until "load"


       9 | 	test.beforeEach(async ({ page }) => {
      10 | 		// Login as healthcare staff with patient registration permissions
    > 11 | 		await page.goto("/login");
         | 		           ^
      12 | 		await page.fill(
      13 | 			'[data-testid="email"], input[type="email"]',
      14 | 			"recepcionista@neonpro.com.br",
        at D:\neonpro\tools\testing\e2e\tests\healthcare\patient-registration.spec.ts:11:14

    attachment #1: trace (application/zip) ─────────────────────────────────────────────────────────
    ..\..\..\..\e2e\test-results\healthcare-patient-registr-11491-mation-with-severity-levels-firefox-desktop-retry1\trace.zip
    Usage:

        npx playwright show-trace ..\..\..\..\e2e\test-results\healthcare-patient-registr-11491-mation-with-severity-levels-firefox-desktop-retry1\trace.zip

    ────────────────────────────────────────────────────────────────────────────────────────────────
]]>
</failure>
<system-out>
<![CDATA[
[[ATTACHMENT|..\test-results\healthcare-patient-registr-11491-mation-with-severity-levels-firefox-desktop-retry1\trace.zip]]
]]>
</system-out>
</testcase>
<testcase name="[firefox-desktop] 👥 Patient Registration - Critical E2E › 🏥 Medical History and Allergies › should handle patients with no known allergies properly" classname="healthcare\patient-registration.spec.ts" time="1.594">
<failure message="patient-registration.spec.ts:597:7 should handle patients with no known allergies properly" type="FAILURE">
<![CDATA[  [firefox-desktop] › healthcare\patient-registration.spec.ts:597:7 › 👥 Patient Registration - Critical E2E › 🏥 Medical History and Allergies › should handle patients with no known allergies properly 

    Error: page.goto: Protocol error (Page.navigate): Invalid url: "/login"
    Call log:
      - navigating to "/login", waiting until "load"


       9 | 	test.beforeEach(async ({ page }) => {
      10 | 		// Login as healthcare staff with patient registration permissions
    > 11 | 		await page.goto("/login");
         | 		           ^
      12 | 		await page.fill(
      13 | 			'[data-testid="email"], input[type="email"]',
      14 | 			"recepcionista@neonpro.com.br",
        at D:\neonpro\tools\testing\e2e\tests\healthcare\patient-registration.spec.ts:11:14

    Retry #1 ───────────────────────────────────────────────────────────────────────────────────────

    Error: page.goto: Protocol error (Page.navigate): Invalid url: "/login"
    Call log:
      - navigating to "/login", waiting until "load"


       9 | 	test.beforeEach(async ({ page }) => {
      10 | 		// Login as healthcare staff with patient registration permissions
    > 11 | 		await page.goto("/login");
         | 		           ^
      12 | 		await page.fill(
      13 | 			'[data-testid="email"], input[type="email"]',
      14 | 			"recepcionista@neonpro.com.br",
        at D:\neonpro\tools\testing\e2e\tests\healthcare\patient-registration.spec.ts:11:14

    attachment #1: trace (application/zip) ─────────────────────────────────────────────────────────
    ..\..\..\..\e2e\test-results\healthcare-patient-registr-46023-no-known-allergies-properly-firefox-desktop-retry1\trace.zip
    Usage:

        npx playwright show-trace ..\..\..\..\e2e\test-results\healthcare-patient-registr-46023-no-known-allergies-properly-firefox-desktop-retry1\trace.zip

    ────────────────────────────────────────────────────────────────────────────────────────────────
]]>
</failure>
<system-out>
<![CDATA[
[[ATTACHMENT|..\test-results\healthcare-patient-registr-46023-no-known-allergies-properly-firefox-desktop-retry1\trace.zip]]
]]>
</system-out>
</testcase>
<testcase name="[firefox-desktop] 👥 Patient Registration - Critical E2E › 🏥 Medical History and Allergies › should validate critical allergy information completeness" classname="healthcare\patient-registration.spec.ts" time="1.603">
<failure message="patient-registration.spec.ts:632:7 should validate critical allergy information completeness" type="FAILURE">
<![CDATA[  [firefox-desktop] › healthcare\patient-registration.spec.ts:632:7 › 👥 Patient Registration - Critical E2E › 🏥 Medical History and Allergies › should validate critical allergy information completeness 

    Error: page.goto: Protocol error (Page.navigate): Invalid url: "/login"
    Call log:
      - navigating to "/login", waiting until "load"


       9 | 	test.beforeEach(async ({ page }) => {
      10 | 		// Login as healthcare staff with patient registration permissions
    > 11 | 		await page.goto("/login");
         | 		           ^
      12 | 		await page.fill(
      13 | 			'[data-testid="email"], input[type="email"]',
      14 | 			"recepcionista@neonpro.com.br",
        at D:\neonpro\tools\testing\e2e\tests\healthcare\patient-registration.spec.ts:11:14

    Retry #1 ───────────────────────────────────────────────────────────────────────────────────────

    Error: page.goto: Protocol error (Page.navigate): Invalid url: "/login"
    Call log:
      - navigating to "/login", waiting until "load"


       9 | 	test.beforeEach(async ({ page }) => {
      10 | 		// Login as healthcare staff with patient registration permissions
    > 11 | 		await page.goto("/login");
         | 		           ^
      12 | 		await page.fill(
      13 | 			'[data-testid="email"], input[type="email"]',
      14 | 			"recepcionista@neonpro.com.br",
        at D:\neonpro\tools\testing\e2e\tests\healthcare\patient-registration.spec.ts:11:14

    attachment #1: trace (application/zip) ─────────────────────────────────────────────────────────
    ..\..\..\..\e2e\test-results\healthcare-patient-registr-700ef-gy-information-completeness-firefox-desktop-retry1\trace.zip
    Usage:

        npx playwright show-trace ..\..\..\..\e2e\test-results\healthcare-patient-registr-700ef-gy-information-completeness-firefox-desktop-retry1\trace.zip

    ────────────────────────────────────────────────────────────────────────────────────────────────
]]>
</failure>
<system-out>
<![CDATA[
[[ATTACHMENT|..\test-results\healthcare-patient-registr-700ef-gy-information-completeness-firefox-desktop-retry1\trace.zip]]
]]>
</system-out>
</testcase>
<testcase name="[firefox-desktop] 👥 Patient Registration - Critical E2E › ✅ Complete Registration Workflow › should complete end-to-end patient registration with all components" classname="healthcare\patient-registration.spec.ts" time="1.595">
<failure message="patient-registration.spec.ts:691:7 should complete end-to-end patient registration with all components" type="FAILURE">
<![CDATA[  [firefox-desktop] › healthcare\patient-registration.spec.ts:691:7 › 👥 Patient Registration - Critical E2E › ✅ Complete Registration Workflow › should complete end-to-end patient registration with all components 

    Error: page.goto: Protocol error (Page.navigate): Invalid url: "/login"
    Call log:
      - navigating to "/login", waiting until "load"


       9 | 	test.beforeEach(async ({ page }) => {
      10 | 		// Login as healthcare staff with patient registration permissions
    > 11 | 		await page.goto("/login");
         | 		           ^
      12 | 		await page.fill(
      13 | 			'[data-testid="email"], input[type="email"]',
      14 | 			"recepcionista@neonpro.com.br",
        at D:\neonpro\tools\testing\e2e\tests\healthcare\patient-registration.spec.ts:11:14

    Retry #1 ───────────────────────────────────────────────────────────────────────────────────────

    Error: page.goto: Protocol error (Page.navigate): Invalid url: "/login"
    Call log:
      - navigating to "/login", waiting until "load"


       9 | 	test.beforeEach(async ({ page }) => {
      10 | 		// Login as healthcare staff with patient registration permissions
    > 11 | 		await page.goto("/login");
         | 		           ^
      12 | 		await page.fill(
      13 | 			'[data-testid="email"], input[type="email"]',
      14 | 			"recepcionista@neonpro.com.br",
        at D:\neonpro\tools\testing\e2e\tests\healthcare\patient-registration.spec.ts:11:14

    attachment #1: trace (application/zip) ─────────────────────────────────────────────────────────
    ..\..\..\..\e2e\test-results\healthcare-patient-registr-1045d-tration-with-all-components-firefox-desktop-retry1\trace.zip
    Usage:

        npx playwright show-trace ..\..\..\..\e2e\test-results\healthcare-patient-registr-1045d-tration-with-all-components-firefox-desktop-retry1\trace.zip

    ────────────────────────────────────────────────────────────────────────────────────────────────
]]>
</failure>
<system-out>
<![CDATA[
[[ATTACHMENT|..\test-results\healthcare-patient-registr-1045d-tration-with-all-components-firefox-desktop-retry1\trace.zip]]
]]>
</system-out>
</testcase>
<testcase name="[firefox-desktop] 👥 Patient Registration - Critical E2E › ✅ Complete Registration Workflow › should generate patient ID and medical record number" classname="healthcare\patient-registration.spec.ts" time="1.536">
<failure message="patient-registration.spec.ts:824:7 should generate patient ID and medical record number" type="FAILURE">
<![CDATA[  [firefox-desktop] › healthcare\patient-registration.spec.ts:824:7 › 👥 Patient Registration - Critical E2E › ✅ Complete Registration Workflow › should generate patient ID and medical record number 

    Error: page.goto: Protocol error (Page.navigate): Invalid url: "/login"
    Call log:
      - navigating to "/login", waiting until "load"


       9 | 	test.beforeEach(async ({ page }) => {
      10 | 		// Login as healthcare staff with patient registration permissions
    > 11 | 		await page.goto("/login");
         | 		           ^
      12 | 		await page.fill(
      13 | 			'[data-testid="email"], input[type="email"]',
      14 | 			"recepcionista@neonpro.com.br",
        at D:\neonpro\tools\testing\e2e\tests\healthcare\patient-registration.spec.ts:11:14

    Retry #1 ───────────────────────────────────────────────────────────────────────────────────────

    Error: page.goto: Protocol error (Page.navigate): Invalid url: "/login"
    Call log:
      - navigating to "/login", waiting until "load"


       9 | 	test.beforeEach(async ({ page }) => {
      10 | 		// Login as healthcare staff with patient registration permissions
    > 11 | 		await page.goto("/login");
         | 		           ^
      12 | 		await page.fill(
      13 | 			'[data-testid="email"], input[type="email"]',
      14 | 			"recepcionista@neonpro.com.br",
        at D:\neonpro\tools\testing\e2e\tests\healthcare\patient-registration.spec.ts:11:14

    attachment #1: trace (application/zip) ─────────────────────────────────────────────────────────
    ..\..\..\..\e2e\test-results\healthcare-patient-registr-166db-D-and-medical-record-number-firefox-desktop-retry1\trace.zip
    Usage:

        npx playwright show-trace ..\..\..\..\e2e\test-results\healthcare-patient-registr-166db-D-and-medical-record-number-firefox-desktop-retry1\trace.zip

    ────────────────────────────────────────────────────────────────────────────────────────────────
]]>
</failure>
<system-out>
<![CDATA[
[[ATTACHMENT|..\test-results\healthcare-patient-registr-166db-D-and-medical-record-number-firefox-desktop-retry1\trace.zip]]
]]>
</system-out>
</testcase>
<testcase name="[firefox-desktop] 👥 Patient Registration - Critical E2E › ✅ Complete Registration Workflow › should integrate with appointment scheduling system" classname="healthcare\patient-registration.spec.ts" time="1.456">
<failure message="patient-registration.spec.ts:874:7 should integrate with appointment scheduling system" type="FAILURE">
<![CDATA[  [firefox-desktop] › healthcare\patient-registration.spec.ts:874:7 › 👥 Patient Registration - Critical E2E › ✅ Complete Registration Workflow › should integrate with appointment scheduling system 

    Error: page.goto: Protocol error (Page.navigate): Invalid url: "/login"
    Call log:
      - navigating to "/login", waiting until "load"


       9 | 	test.beforeEach(async ({ page }) => {
      10 | 		// Login as healthcare staff with patient registration permissions
    > 11 | 		await page.goto("/login");
         | 		           ^
      12 | 		await page.fill(
      13 | 			'[data-testid="email"], input[type="email"]',
      14 | 			"recepcionista@neonpro.com.br",
        at D:\neonpro\tools\testing\e2e\tests\healthcare\patient-registration.spec.ts:11:14

    Retry #1 ───────────────────────────────────────────────────────────────────────────────────────

    Error: page.goto: Protocol error (Page.navigate): Invalid url: "/login"
    Call log:
      - navigating to "/login", waiting until "load"


       9 | 	test.beforeEach(async ({ page }) => {
      10 | 		// Login as healthcare staff with patient registration permissions
    > 11 | 		await page.goto("/login");
         | 		           ^
      12 | 		await page.fill(
      13 | 			'[data-testid="email"], input[type="email"]',
      14 | 			"recepcionista@neonpro.com.br",
        at D:\neonpro\tools\testing\e2e\tests\healthcare\patient-registration.spec.ts:11:14

    attachment #1: trace (application/zip) ─────────────────────────────────────────────────────────
    ..\..\..\..\e2e\test-results\healthcare-patient-registr-6d35f-pointment-scheduling-system-firefox-desktop-retry1\trace.zip
    Usage:

        npx playwright show-trace ..\..\..\..\e2e\test-results\healthcare-patient-registr-6d35f-pointment-scheduling-system-firefox-desktop-retry1\trace.zip

    ────────────────────────────────────────────────────────────────────────────────────────────────
]]>
</failure>
<system-out>
<![CDATA[
[[ATTACHMENT|..\test-results\healthcare-patient-registr-6d35f-pointment-scheduling-system-firefox-desktop-retry1\trace.zip]]
]]>
</system-out>
</testcase>
<testcase name="[firefox-desktop] 👥 Patient Registration - Critical E2E › ✅ Complete Registration Workflow › should handle registration errors gracefully" classname="healthcare\patient-registration.spec.ts" time="1.518">
<failure message="patient-registration.spec.ts:922:7 should handle registration errors gracefully" type="FAILURE">
<![CDATA[  [firefox-desktop] › healthcare\patient-registration.spec.ts:922:7 › 👥 Patient Registration - Critical E2E › ✅ Complete Registration Workflow › should handle registration errors gracefully 

    Error: page.goto: Protocol error (Page.navigate): Invalid url: "/login"
    Call log:
      - navigating to "/login", waiting until "load"


       9 | 	test.beforeEach(async ({ page }) => {
      10 | 		// Login as healthcare staff with patient registration permissions
    > 11 | 		await page.goto("/login");
         | 		           ^
      12 | 		await page.fill(
      13 | 			'[data-testid="email"], input[type="email"]',
      14 | 			"recepcionista@neonpro.com.br",
        at D:\neonpro\tools\testing\e2e\tests\healthcare\patient-registration.spec.ts:11:14

    Retry #1 ───────────────────────────────────────────────────────────────────────────────────────

    Error: page.goto: Protocol error (Page.navigate): Invalid url: "/login"
    Call log:
      - navigating to "/login", waiting until "load"


       9 | 	test.beforeEach(async ({ page }) => {
      10 | 		// Login as healthcare staff with patient registration permissions
    > 11 | 		await page.goto("/login");
         | 		           ^
      12 | 		await page.fill(
      13 | 			'[data-testid="email"], input[type="email"]',
      14 | 			"recepcionista@neonpro.com.br",
        at D:\neonpro\tools\testing\e2e\tests\healthcare\patient-registration.spec.ts:11:14

    attachment #1: trace (application/zip) ─────────────────────────────────────────────────────────
    ..\..\..\..\e2e\test-results\healthcare-patient-registr-0401e-istration-errors-gracefully-firefox-desktop-retry1\trace.zip
    Usage:

        npx playwright show-trace ..\..\..\..\e2e\test-results\healthcare-patient-registr-0401e-istration-errors-gracefully-firefox-desktop-retry1\trace.zip

    ────────────────────────────────────────────────────────────────────────────────────────────────
]]>
</failure>
<system-out>
<![CDATA[
[[ATTACHMENT|..\test-results\healthcare-patient-registr-0401e-istration-errors-gracefully-firefox-desktop-retry1\trace.zip]]
]]>
</system-out>
</testcase>
<testcase name="[firefox-desktop] 👥 Patient Registration - Critical E2E › 🚀 Performance &amp; Validation › should complete registration within performance targets" classname="healthcare\patient-registration.spec.ts" time="1.573">
<failure message="patient-registration.spec.ts:973:7 should complete registration within performance targets" type="FAILURE">
<![CDATA[  [firefox-desktop] › healthcare\patient-registration.spec.ts:973:7 › 👥 Patient Registration - Critical E2E › 🚀 Performance & Validation › should complete registration within performance targets 

    Error: page.goto: Protocol error (Page.navigate): Invalid url: "/login"
    Call log:
      - navigating to "/login", waiting until "load"


       9 | 	test.beforeEach(async ({ page }) => {
      10 | 		// Login as healthcare staff with patient registration permissions
    > 11 | 		await page.goto("/login");
         | 		           ^
      12 | 		await page.fill(
      13 | 			'[data-testid="email"], input[type="email"]',
      14 | 			"recepcionista@neonpro.com.br",
        at D:\neonpro\tools\testing\e2e\tests\healthcare\patient-registration.spec.ts:11:14

    Retry #1 ───────────────────────────────────────────────────────────────────────────────────────

    Error: page.goto: Protocol error (Page.navigate): Invalid url: "/login"
    Call log:
      - navigating to "/login", waiting until "load"


       9 | 	test.beforeEach(async ({ page }) => {
      10 | 		// Login as healthcare staff with patient registration permissions
    > 11 | 		await page.goto("/login");
         | 		           ^
      12 | 		await page.fill(
      13 | 			'[data-testid="email"], input[type="email"]',
      14 | 			"recepcionista@neonpro.com.br",
        at D:\neonpro\tools\testing\e2e\tests\healthcare\patient-registration.spec.ts:11:14

    attachment #1: trace (application/zip) ─────────────────────────────────────────────────────────
    ..\..\..\..\e2e\test-results\healthcare-patient-registr-bf735--within-performance-targets-firefox-desktop-retry1\trace.zip
    Usage:

        npx playwright show-trace ..\..\..\..\e2e\test-results\healthcare-patient-registr-bf735--within-performance-targets-firefox-desktop-retry1\trace.zip

    ────────────────────────────────────────────────────────────────────────────────────────────────
]]>
</failure>
<system-out>
<![CDATA[
[[ATTACHMENT|..\test-results\healthcare-patient-registr-bf735--within-performance-targets-firefox-desktop-retry1\trace.zip]]
]]>
</system-out>
</testcase>
<testcase name="[firefox-desktop] 👥 Patient Registration - Critical E2E › 🚀 Performance &amp; Validation › should provide accessibility compliance in registration form" classname="healthcare\patient-registration.spec.ts" time="1.481">
<failure message="patient-registration.spec.ts:1008:7 should provide accessibility compliance in registration form" type="FAILURE">
<![CDATA[  [firefox-desktop] › healthcare\patient-registration.spec.ts:1008:7 › 👥 Patient Registration - Critical E2E › 🚀 Performance & Validation › should provide accessibility compliance in registration form 

    Error: page.goto: Protocol error (Page.navigate): Invalid url: "/login"
    Call log:
      - navigating to "/login", waiting until "load"


       9 | 	test.beforeEach(async ({ page }) => {
      10 | 		// Login as healthcare staff with patient registration permissions
    > 11 | 		await page.goto("/login");
         | 		           ^
      12 | 		await page.fill(
      13 | 			'[data-testid="email"], input[type="email"]',
      14 | 			"recepcionista@neonpro.com.br",
        at D:\neonpro\tools\testing\e2e\tests\healthcare\patient-registration.spec.ts:11:14

    Retry #1 ───────────────────────────────────────────────────────────────────────────────────────

    Error: page.goto: Protocol error (Page.navigate): Invalid url: "/login"
    Call log:
      - navigating to "/login", waiting until "load"


       9 | 	test.beforeEach(async ({ page }) => {
      10 | 		// Login as healthcare staff with patient registration permissions
    > 11 | 		await page.goto("/login");
         | 		           ^
      12 | 		await page.fill(
      13 | 			'[data-testid="email"], input[type="email"]',
      14 | 			"recepcionista@neonpro.com.br",
        at D:\neonpro\tools\testing\e2e\tests\healthcare\patient-registration.spec.ts:11:14

    attachment #1: trace (application/zip) ─────────────────────────────────────────────────────────
    ..\..\..\..\e2e\test-results\healthcare-patient-registr-791b9-liance-in-registration-form-firefox-desktop-retry1\trace.zip
    Usage:

        npx playwright show-trace ..\..\..\..\e2e\test-results\healthcare-patient-registr-791b9-liance-in-registration-form-firefox-desktop-retry1\trace.zip

    ────────────────────────────────────────────────────────────────────────────────────────────────
]]>
</failure>
<system-out>
<![CDATA[
[[ATTACHMENT|..\test-results\healthcare-patient-registr-791b9-liance-in-registration-form-firefox-desktop-retry1\trace.zip]]
]]>
</system-out>
</testcase>
<testcase name="[firefox-desktop] 👥 Patient Registration - Critical E2E › 🚀 Performance &amp; Validation › should handle concurrent registration attempts" classname="healthcare\patient-registration.spec.ts" time="1.477">
<failure message="patient-registration.spec.ts:1049:7 should handle concurrent registration attempts" type="FAILURE">
<![CDATA[  [firefox-desktop] › healthcare\patient-registration.spec.ts:1049:7 › 👥 Patient Registration - Critical E2E › 🚀 Performance & Validation › should handle concurrent registration attempts 

    Error: page.goto: Protocol error (Page.navigate): Invalid url: "/login"
    Call log:
      - navigating to "/login", waiting until "load"


       9 | 	test.beforeEach(async ({ page }) => {
      10 | 		// Login as healthcare staff with patient registration permissions
    > 11 | 		await page.goto("/login");
         | 		           ^
      12 | 		await page.fill(
      13 | 			'[data-testid="email"], input[type="email"]',
      14 | 			"recepcionista@neonpro.com.br",
        at D:\neonpro\tools\testing\e2e\tests\healthcare\patient-registration.spec.ts:11:14

    Retry #1 ───────────────────────────────────────────────────────────────────────────────────────

    Error: page.goto: Protocol error (Page.navigate): Invalid url: "/login"
    Call log:
      - navigating to "/login", waiting until "load"


       9 | 	test.beforeEach(async ({ page }) => {
      10 | 		// Login as healthcare staff with patient registration permissions
    > 11 | 		await page.goto("/login");
         | 		           ^
      12 | 		await page.fill(
      13 | 			'[data-testid="email"], input[type="email"]',
      14 | 			"recepcionista@neonpro.com.br",
        at D:\neonpro\tools\testing\e2e\tests\healthcare\patient-registration.spec.ts:11:14

    attachment #1: trace (application/zip) ─────────────────────────────────────────────────────────
    ..\..\..\..\e2e\test-results\healthcare-patient-registr-fa3dc-rrent-registration-attempts-firefox-desktop-retry1\trace.zip
    Usage:

        npx playwright show-trace ..\..\..\..\e2e\test-results\healthcare-patient-registr-fa3dc-rrent-registration-attempts-firefox-desktop-retry1\trace.zip

    ────────────────────────────────────────────────────────────────────────────────────────────────
]]>
</failure>
<system-out>
<![CDATA[
[[ATTACHMENT|..\test-results\healthcare-patient-registr-fa3dc-rrent-registration-attempts-firefox-desktop-retry1\trace.zip]]
]]>
</system-out>
</testcase>
</testsuite>
<testsuite name="healthcare\simple.spec.ts" timestamp="2025-08-23T06:21:35.562Z" hostname="firefox-desktop" tests="1" failures="0" skipped="0" time="1.295" errors="0">
<testcase name="[firefox-desktop] Simple health test" classname="healthcare\simple.spec.ts" time="1.295">
</testcase>
</testsuite>
<testsuite name="homepage.spec.ts" timestamp="2025-08-23T06:21:35.562Z" hostname="firefox-desktop" tests="3" failures="3" skipped="0" time="4.778" errors="0">
<testcase name="[firefox-desktop] NeonPro Application › should load the homepage" classname="homepage.spec.ts" time="1.623">
<failure message="homepage.spec.ts:4:6 should load the homepage" type="FAILURE">
<![CDATA[  [firefox-desktop] › homepage.spec.ts:4:6 › NeonPro Application › should load the homepage ────────

    Error: page.goto: Protocol error (Page.navigate): Invalid url: "/"
    Call log:
      - navigating to "/", waiting until "load"


      3 | test.describe("NeonPro Application", () => {
      4 | 	test("should load the homepage", async ({ page }) => {
    > 5 | 		await page.goto("/");
        | 		           ^
      6 |
      7 | 		// Wait for the page to load
      8 | 		await page.waitForLoadState("networkidle");
        at D:\neonpro\tools\testing\e2e\tests\homepage.spec.ts:5:14

    Retry #1 ───────────────────────────────────────────────────────────────────────────────────────

    Error: page.goto: Protocol error (Page.navigate): Invalid url: "/"
    Call log:
      - navigating to "/", waiting until "load"


      3 | test.describe("NeonPro Application", () => {
      4 | 	test("should load the homepage", async ({ page }) => {
    > 5 | 		await page.goto("/");
        | 		           ^
      6 |
      7 | 		// Wait for the page to load
      8 | 		await page.waitForLoadState("networkidle");
        at D:\neonpro\tools\testing\e2e\tests\homepage.spec.ts:5:14

    attachment #1: trace (application/zip) ─────────────────────────────────────────────────────────
    ..\..\..\..\e2e\test-results\homepage-NeonPro-Application-should-load-the-homepage-firefox-desktop-retry1\trace.zip
    Usage:

        npx playwright show-trace ..\..\..\..\e2e\test-results\homepage-NeonPro-Application-should-load-the-homepage-firefox-desktop-retry1\trace.zip

    ────────────────────────────────────────────────────────────────────────────────────────────────
]]>
</failure>
<system-out>
<![CDATA[
[[ATTACHMENT|..\test-results\homepage-NeonPro-Application-should-load-the-homepage-firefox-desktop-retry1\trace.zip]]
]]>
</system-out>
</testcase>
<testcase name="[firefox-desktop] NeonPro Application › should have navigation menu" classname="homepage.spec.ts" time="1.61">
<failure message="homepage.spec.ts:17:6 should have navigation menu" type="FAILURE">
<![CDATA[  [firefox-desktop] › homepage.spec.ts:17:6 › NeonPro Application › should have navigation menu ────

    Error: page.goto: Protocol error (Page.navigate): Invalid url: "/"
    Call log:
      - navigating to "/", waiting until "load"


      16 |
      17 | 	test("should have navigation menu", async ({ page }) => {
    > 18 | 		await page.goto("/");
         | 		           ^
      19 |
      20 | 		// Wait for navigation to be visible
      21 | 		await page.waitForSelector("nav", { timeout: 10_000 });
        at D:\neonpro\tools\testing\e2e\tests\homepage.spec.ts:18:14

    Retry #1 ───────────────────────────────────────────────────────────────────────────────────────

    Error: page.goto: Protocol error (Page.navigate): Invalid url: "/"
    Call log:
      - navigating to "/", waiting until "load"


      16 |
      17 | 	test("should have navigation menu", async ({ page }) => {
    > 18 | 		await page.goto("/");
         | 		           ^
      19 |
      20 | 		// Wait for navigation to be visible
      21 | 		await page.waitForSelector("nav", { timeout: 10_000 });
        at D:\neonpro\tools\testing\e2e\tests\homepage.spec.ts:18:14

    attachment #1: trace (application/zip) ─────────────────────────────────────────────────────────
    ..\..\..\..\e2e\test-results\homepage-NeonPro-Application-should-have-navigation-menu-firefox-desktop-retry1\trace.zip
    Usage:

        npx playwright show-trace ..\..\..\..\e2e\test-results\homepage-NeonPro-Application-should-have-navigation-menu-firefox-desktop-retry1\trace.zip

    ────────────────────────────────────────────────────────────────────────────────────────────────
]]>
</failure>
<system-out>
<![CDATA[
[[ATTACHMENT|..\test-results\homepage-NeonPro-Application-should-have-navigation-menu-firefox-desktop-retry1\trace.zip]]
]]>
</system-out>
</testcase>
<testcase name="[firefox-desktop] NeonPro Application › should be responsive on mobile" classname="homepage.spec.ts" time="1.545">
<failure message="homepage.spec.ts:28:6 should be responsive on mobile" type="FAILURE">
<![CDATA[  [firefox-desktop] › homepage.spec.ts:28:6 › NeonPro Application › should be responsive on mobile ─

    Error: page.goto: Protocol error (Page.navigate): Invalid url: "/"
    Call log:
      - navigating to "/", waiting until "load"


      29 | 		// Set mobile viewport
      30 | 		await page.setViewportSize({ width: 375, height: 667 });
    > 31 | 		await page.goto("/");
         | 		           ^
      32 |
      33 | 		// Wait for page to load
      34 | 		await page.waitForLoadState("networkidle");
        at D:\neonpro\tools\testing\e2e\tests\homepage.spec.ts:31:14

    Retry #1 ───────────────────────────────────────────────────────────────────────────────────────

    Error: page.goto: Protocol error (Page.navigate): Invalid url: "/"
    Call log:
      - navigating to "/", waiting until "load"


      29 | 		// Set mobile viewport
      30 | 		await page.setViewportSize({ width: 375, height: 667 });
    > 31 | 		await page.goto("/");
         | 		           ^
      32 |
      33 | 		// Wait for page to load
      34 | 		await page.waitForLoadState("networkidle");
        at D:\neonpro\tools\testing\e2e\tests\homepage.spec.ts:31:14

    attachment #1: trace (application/zip) ─────────────────────────────────────────────────────────
    ..\..\..\..\e2e\test-results\homepage-NeonPro-Application-should-be-responsive-on-mobile-firefox-desktop-retry1\trace.zip
    Usage:

        npx playwright show-trace ..\..\..\..\e2e\test-results\homepage-NeonPro-Application-should-be-responsive-on-mobile-firefox-desktop-retry1\trace.zip

    ────────────────────────────────────────────────────────────────────────────────────────────────
]]>
</failure>
<system-out>
<![CDATA[
[[ATTACHMENT|..\test-results\homepage-NeonPro-Application-should-be-responsive-on-mobile-firefox-desktop-retry1\trace.zip]]
]]>
</system-out>
</testcase>
</testsuite>
<testsuite name="performance\performance-security.spec.ts" timestamp="2025-08-23T06:21:35.562Z" hostname="firefox-desktop" tests="11" failures="11" skipped="0" time="17.126" errors="0">
<testcase name="[firefox-desktop] ⚡ Performance &amp; Security E2E Tests › Performance: Page load times under 3 seconds" classname="performance\performance-security.spec.ts" time="0.972">
<failure message="performance-security.spec.ts:8:6 Performance: Page load times under 3 seconds" type="FAILURE">
<![CDATA[  [firefox-desktop] › performance\performance-security.spec.ts:8:6 › ⚡ Performance & Security E2E Tests › Performance: Page load times under 3 seconds 

    Error: page.goto: Protocol error (Page.navigate): Invalid url: "/"
    Call log:
      - navigating to "/", waiting until "load"


      3 | test.describe("⚡ Performance & Security E2E Tests", () => {
      4 | 	test.beforeEach(async ({ page }) => {
    > 5 | 		await page.goto("/");
        | 		           ^
      6 | 	});
      7 |
      8 | 	test("Performance: Page load times under 3 seconds", async ({ page }) => {
        at D:\neonpro\tools\testing\e2e\tests\performance\performance-security.spec.ts:5:14

    Retry #1 ───────────────────────────────────────────────────────────────────────────────────────

    Error: page.goto: Protocol error (Page.navigate): Invalid url: "/"
    Call log:
      - navigating to "/", waiting until "load"


      3 | test.describe("⚡ Performance & Security E2E Tests", () => {
      4 | 	test.beforeEach(async ({ page }) => {
    > 5 | 		await page.goto("/");
        | 		           ^
      6 | 	});
      7 |
      8 | 	test("Performance: Page load times under 3 seconds", async ({ page }) => {
        at D:\neonpro\tools\testing\e2e\tests\performance\performance-security.spec.ts:5:14

    attachment #1: trace (application/zip) ─────────────────────────────────────────────────────────
    ..\..\..\..\e2e\test-results\performance-performance-se-2d466--load-times-under-3-seconds-firefox-desktop-retry1\trace.zip
    Usage:

        npx playwright show-trace ..\..\..\..\e2e\test-results\performance-performance-se-2d466--load-times-under-3-seconds-firefox-desktop-retry1\trace.zip

    ────────────────────────────────────────────────────────────────────────────────────────────────
]]>
</failure>
<system-out>
<![CDATA[
[[ATTACHMENT|..\test-results\performance-performance-se-2d466--load-times-under-3-seconds-firefox-desktop-retry1\trace.zip]]
]]>
</system-out>
</testcase>
<testcase name="[firefox-desktop] ⚡ Performance &amp; Security E2E Tests › Performance: API response times under 500ms" classname="performance\performance-security.spec.ts" time="1.608">
<failure message="performance-security.spec.ts:32:6 Performance: API response times under 500ms" type="FAILURE">
<![CDATA[  [firefox-desktop] › performance\performance-security.spec.ts:32:6 › ⚡ Performance & Security E2E Tests › Performance: API response times under 500ms 

    Error: page.goto: Protocol error (Page.navigate): Invalid url: "/"
    Call log:
      - navigating to "/", waiting until "load"


      3 | test.describe("⚡ Performance & Security E2E Tests", () => {
      4 | 	test.beforeEach(async ({ page }) => {
    > 5 | 		await page.goto("/");
        | 		           ^
      6 | 	});
      7 |
      8 | 	test("Performance: Page load times under 3 seconds", async ({ page }) => {
        at D:\neonpro\tools\testing\e2e\tests\performance\performance-security.spec.ts:5:14

    Retry #1 ───────────────────────────────────────────────────────────────────────────────────────

    Error: page.goto: Protocol error (Page.navigate): Invalid url: "/"
    Call log:
      - navigating to "/", waiting until "load"


      3 | test.describe("⚡ Performance & Security E2E Tests", () => {
      4 | 	test.beforeEach(async ({ page }) => {
    > 5 | 		await page.goto("/");
        | 		           ^
      6 | 	});
      7 |
      8 | 	test("Performance: Page load times under 3 seconds", async ({ page }) => {
        at D:\neonpro\tools\testing\e2e\tests\performance\performance-security.spec.ts:5:14

    attachment #1: trace (application/zip) ─────────────────────────────────────────────────────────
    ..\..\..\..\e2e\test-results\performance-performance-se-73aeb--response-times-under-500ms-firefox-desktop-retry1\trace.zip
    Usage:

        npx playwright show-trace ..\..\..\..\e2e\test-results\performance-performance-se-73aeb--response-times-under-500ms-firefox-desktop-retry1\trace.zip

    ────────────────────────────────────────────────────────────────────────────────────────────────
]]>
</failure>
<system-out>
<![CDATA[
[[ATTACHMENT|..\test-results\performance-performance-se-73aeb--response-times-under-500ms-firefox-desktop-retry1\trace.zip]]
]]>
</system-out>
</testcase>
<testcase name="[firefox-desktop] ⚡ Performance &amp; Security E2E Tests › Security: XSS protection" classname="performance\performance-security.spec.ts" time="1.598">
<failure message="performance-security.spec.ts:66:6 Security: XSS protection" type="FAILURE">
<![CDATA[  [firefox-desktop] › performance\performance-security.spec.ts:66:6 › ⚡ Performance & Security E2E Tests › Security: XSS protection 

    Error: page.goto: Protocol error (Page.navigate): Invalid url: "/"
    Call log:
      - navigating to "/", waiting until "load"


      3 | test.describe("⚡ Performance & Security E2E Tests", () => {
      4 | 	test.beforeEach(async ({ page }) => {
    > 5 | 		await page.goto("/");
        | 		           ^
      6 | 	});
      7 |
      8 | 	test("Performance: Page load times under 3 seconds", async ({ page }) => {
        at D:\neonpro\tools\testing\e2e\tests\performance\performance-security.spec.ts:5:14

    Retry #1 ───────────────────────────────────────────────────────────────────────────────────────

    Error: page.goto: Protocol error (Page.navigate): Invalid url: "/"
    Call log:
      - navigating to "/", waiting until "load"


      3 | test.describe("⚡ Performance & Security E2E Tests", () => {
      4 | 	test.beforeEach(async ({ page }) => {
    > 5 | 		await page.goto("/");
        | 		           ^
      6 | 	});
      7 |
      8 | 	test("Performance: Page load times under 3 seconds", async ({ page }) => {
        at D:\neonpro\tools\testing\e2e\tests\performance\performance-security.spec.ts:5:14

    attachment #1: trace (application/zip) ─────────────────────────────────────────────────────────
    ..\..\..\..\e2e\test-results\performance-performance-se-c2dae-sts-Security-XSS-protection-firefox-desktop-retry1\trace.zip
    Usage:

        npx playwright show-trace ..\..\..\..\e2e\test-results\performance-performance-se-c2dae-sts-Security-XSS-protection-firefox-desktop-retry1\trace.zip

    ────────────────────────────────────────────────────────────────────────────────────────────────
]]>
</failure>
<system-out>
<![CDATA[
[[ATTACHMENT|..\test-results\performance-performance-se-c2dae-sts-Security-XSS-protection-firefox-desktop-retry1\trace.zip]]
]]>
</system-out>
</testcase>
<testcase name="[firefox-desktop] ⚡ Performance &amp; Security E2E Tests › Security: SQL injection protection" classname="performance\performance-security.spec.ts" time="1.671">
<failure message="performance-security.spec.ts:92:6 Security: SQL injection protection" type="FAILURE">
<![CDATA[  [firefox-desktop] › performance\performance-security.spec.ts:92:6 › ⚡ Performance & Security E2E Tests › Security: SQL injection protection 

    Error: page.goto: Protocol error (Page.navigate): Invalid url: "/"
    Call log:
      - navigating to "/", waiting until "load"


      3 | test.describe("⚡ Performance & Security E2E Tests", () => {
      4 | 	test.beforeEach(async ({ page }) => {
    > 5 | 		await page.goto("/");
        | 		           ^
      6 | 	});
      7 |
      8 | 	test("Performance: Page load times under 3 seconds", async ({ page }) => {
        at D:\neonpro\tools\testing\e2e\tests\performance\performance-security.spec.ts:5:14

    Retry #1 ───────────────────────────────────────────────────────────────────────────────────────

    Error: page.goto: Protocol error (Page.navigate): Invalid url: "/"
    Call log:
      - navigating to "/", waiting until "load"


      3 | test.describe("⚡ Performance & Security E2E Tests", () => {
      4 | 	test.beforeEach(async ({ page }) => {
    > 5 | 		await page.goto("/");
        | 		           ^
      6 | 	});
      7 |
      8 | 	test("Performance: Page load times under 3 seconds", async ({ page }) => {
        at D:\neonpro\tools\testing\e2e\tests\performance\performance-security.spec.ts:5:14

    attachment #1: trace (application/zip) ─────────────────────────────────────────────────────────
    ..\..\..\..\e2e\test-results\performance-performance-se-07108-ty-SQL-injection-protection-firefox-desktop-retry1\trace.zip
    Usage:

        npx playwright show-trace ..\..\..\..\e2e\test-results\performance-performance-se-07108-ty-SQL-injection-protection-firefox-desktop-retry1\trace.zip

    ────────────────────────────────────────────────────────────────────────────────────────────────
]]>
</failure>
<system-out>
<![CDATA[
[[ATTACHMENT|..\test-results\performance-performance-se-07108-ty-SQL-injection-protection-firefox-desktop-retry1\trace.zip]]
]]>
</system-out>
</testcase>
<testcase name="[firefox-desktop] ⚡ Performance &amp; Security E2E Tests › Security: Authentication bypass attempts" classname="performance\performance-security.spec.ts" time="1.59">
<failure message="performance-security.spec.ts:113:6 Security: Authentication bypass attempts" type="FAILURE">
<![CDATA[  [firefox-desktop] › performance\performance-security.spec.ts:113:6 › ⚡ Performance & Security E2E Tests › Security: Authentication bypass attempts 

    Error: page.goto: Protocol error (Page.navigate): Invalid url: "/"
    Call log:
      - navigating to "/", waiting until "load"


      3 | test.describe("⚡ Performance & Security E2E Tests", () => {
      4 | 	test.beforeEach(async ({ page }) => {
    > 5 | 		await page.goto("/");
        | 		           ^
      6 | 	});
      7 |
      8 | 	test("Performance: Page load times under 3 seconds", async ({ page }) => {
        at D:\neonpro\tools\testing\e2e\tests\performance\performance-security.spec.ts:5:14

    Retry #1 ───────────────────────────────────────────────────────────────────────────────────────

    Error: page.goto: Protocol error (Page.navigate): Invalid url: "/"
    Call log:
      - navigating to "/", waiting until "load"


      3 | test.describe("⚡ Performance & Security E2E Tests", () => {
      4 | 	test.beforeEach(async ({ page }) => {
    > 5 | 		await page.goto("/");
        | 		           ^
      6 | 	});
      7 |
      8 | 	test("Performance: Page load times under 3 seconds", async ({ page }) => {
        at D:\neonpro\tools\testing\e2e\tests\performance\performance-security.spec.ts:5:14

    attachment #1: trace (application/zip) ─────────────────────────────────────────────────────────
    ..\..\..\..\e2e\test-results\performance-performance-se-16994-hentication-bypass-attempts-firefox-desktop-retry1\trace.zip
    Usage:

        npx playwright show-trace ..\..\..\..\e2e\test-results\performance-performance-se-16994-hentication-bypass-attempts-firefox-desktop-retry1\trace.zip

    ────────────────────────────────────────────────────────────────────────────────────────────────
]]>
</failure>
<system-out>
<![CDATA[
[[ATTACHMENT|..\test-results\performance-performance-se-16994-hentication-bypass-attempts-firefox-desktop-retry1\trace.zip]]
]]>
</system-out>
</testcase>
<testcase name="[firefox-desktop] ⚡ Performance &amp; Security E2E Tests › Security: Session management" classname="performance\performance-security.spec.ts" time="1.653">
<failure message="performance-security.spec.ts:132:6 Security: Session management" type="FAILURE">
<![CDATA[  [firefox-desktop] › performance\performance-security.spec.ts:132:6 › ⚡ Performance & Security E2E Tests › Security: Session management 

    Error: page.goto: Protocol error (Page.navigate): Invalid url: "/"
    Call log:
      - navigating to "/", waiting until "load"


      3 | test.describe("⚡ Performance & Security E2E Tests", () => {
      4 | 	test.beforeEach(async ({ page }) => {
    > 5 | 		await page.goto("/");
        | 		           ^
      6 | 	});
      7 |
      8 | 	test("Performance: Page load times under 3 seconds", async ({ page }) => {
        at D:\neonpro\tools\testing\e2e\tests\performance\performance-security.spec.ts:5:14

    Retry #1 ───────────────────────────────────────────────────────────────────────────────────────

    Error: page.goto: Protocol error (Page.navigate): Invalid url: "/"
    Call log:
      - navigating to "/", waiting until "load"


      3 | test.describe("⚡ Performance & Security E2E Tests", () => {
      4 | 	test.beforeEach(async ({ page }) => {
    > 5 | 		await page.goto("/");
        | 		           ^
      6 | 	});
      7 |
      8 | 	test("Performance: Page load times under 3 seconds", async ({ page }) => {
        at D:\neonpro\tools\testing\e2e\tests\performance\performance-security.spec.ts:5:14

    attachment #1: trace (application/zip) ─────────────────────────────────────────────────────────
    ..\..\..\..\e2e\test-results\performance-performance-se-69fe0-Security-Session-management-firefox-desktop-retry1\trace.zip
    Usage:

        npx playwright show-trace ..\..\..\..\e2e\test-results\performance-performance-se-69fe0-Security-Session-management-firefox-desktop-retry1\trace.zip

    ────────────────────────────────────────────────────────────────────────────────────────────────
]]>
</failure>
<system-out>
<![CDATA[
[[ATTACHMENT|..\test-results\performance-performance-se-69fe0-Security-Session-management-firefox-desktop-retry1\trace.zip]]
]]>
</system-out>
</testcase>
<testcase name="[firefox-desktop] ⚡ Performance &amp; Security E2E Tests › Performance: Large dataset handling" classname="performance\performance-security.spec.ts" time="1.633">
<failure message="performance-security.spec.ts:159:6 Performance: Large dataset handling" type="FAILURE">
<![CDATA[  [firefox-desktop] › performance\performance-security.spec.ts:159:6 › ⚡ Performance & Security E2E Tests › Performance: Large dataset handling 

    Error: page.goto: Protocol error (Page.navigate): Invalid url: "/"
    Call log:
      - navigating to "/", waiting until "load"


      3 | test.describe("⚡ Performance & Security E2E Tests", () => {
      4 | 	test.beforeEach(async ({ page }) => {
    > 5 | 		await page.goto("/");
        | 		           ^
      6 | 	});
      7 |
      8 | 	test("Performance: Page load times under 3 seconds", async ({ page }) => {
        at D:\neonpro\tools\testing\e2e\tests\performance\performance-security.spec.ts:5:14

    Retry #1 ───────────────────────────────────────────────────────────────────────────────────────

    Error: page.goto: Protocol error (Page.navigate): Invalid url: "/"
    Call log:
      - navigating to "/", waiting until "load"


      3 | test.describe("⚡ Performance & Security E2E Tests", () => {
      4 | 	test.beforeEach(async ({ page }) => {
    > 5 | 		await page.goto("/");
        | 		           ^
      6 | 	});
      7 |
      8 | 	test("Performance: Page load times under 3 seconds", async ({ page }) => {
        at D:\neonpro\tools\testing\e2e\tests\performance\performance-security.spec.ts:5:14

    attachment #1: trace (application/zip) ─────────────────────────────────────────────────────────
    ..\..\..\..\e2e\test-results\performance-performance-se-fd495-ance-Large-dataset-handling-firefox-desktop-retry1\trace.zip
    Usage:

        npx playwright show-trace ..\..\..\..\e2e\test-results\performance-performance-se-fd495-ance-Large-dataset-handling-firefox-desktop-retry1\trace.zip

    ────────────────────────────────────────────────────────────────────────────────────────────────
]]>
</failure>
<system-out>
<![CDATA[
[[ATTACHMENT|..\test-results\performance-performance-se-fd495-ance-Large-dataset-handling-firefox-desktop-retry1\trace.zip]]
]]>
</system-out>
</testcase>
<testcase name="[firefox-desktop] ⚡ Performance &amp; Security E2E Tests › Accessibility: Keyboard navigation" classname="performance\performance-security.spec.ts" time="1.594">
<failure message="performance-security.spec.ts:194:6 Accessibility: Keyboard navigation" type="FAILURE">
<![CDATA[  [firefox-desktop] › performance\performance-security.spec.ts:194:6 › ⚡ Performance & Security E2E Tests › Accessibility: Keyboard navigation 

    Error: page.goto: Protocol error (Page.navigate): Invalid url: "/"
    Call log:
      - navigating to "/", waiting until "load"


      3 | test.describe("⚡ Performance & Security E2E Tests", () => {
      4 | 	test.beforeEach(async ({ page }) => {
    > 5 | 		await page.goto("/");
        | 		           ^
      6 | 	});
      7 |
      8 | 	test("Performance: Page load times under 3 seconds", async ({ page }) => {
        at D:\neonpro\tools\testing\e2e\tests\performance\performance-security.spec.ts:5:14

    Retry #1 ───────────────────────────────────────────────────────────────────────────────────────

    Error: page.goto: Protocol error (Page.navigate): Invalid url: "/"
    Call log:
      - navigating to "/", waiting until "load"


      3 | test.describe("⚡ Performance & Security E2E Tests", () => {
      4 | 	test.beforeEach(async ({ page }) => {
    > 5 | 		await page.goto("/");
        | 		           ^
      6 | 	});
      7 |
      8 | 	test("Performance: Page load times under 3 seconds", async ({ page }) => {
        at D:\neonpro\tools\testing\e2e\tests\performance\performance-security.spec.ts:5:14

    attachment #1: trace (application/zip) ─────────────────────────────────────────────────────────
    ..\..\..\..\e2e\test-results\performance-performance-se-6f8b4-ibility-Keyboard-navigation-firefox-desktop-retry1\trace.zip
    Usage:

        npx playwright show-trace ..\..\..\..\e2e\test-results\performance-performance-se-6f8b4-ibility-Keyboard-navigation-firefox-desktop-retry1\trace.zip

    ────────────────────────────────────────────────────────────────────────────────────────────────
]]>
</failure>
<system-out>
<![CDATA[
[[ATTACHMENT|..\test-results\performance-performance-se-6f8b4-ibility-Keyboard-navigation-firefox-desktop-retry1\trace.zip]]
]]>
</system-out>
</testcase>
<testcase name="[firefox-desktop] ⚡ Performance &amp; Security E2E Tests › Accessibility: Screen reader compatibility" classname="performance\performance-security.spec.ts" time="1.587">
<failure message="performance-security.spec.ts:216:6 Accessibility: Screen reader compatibility" type="FAILURE">
<![CDATA[  [firefox-desktop] › performance\performance-security.spec.ts:216:6 › ⚡ Performance & Security E2E Tests › Accessibility: Screen reader compatibility 

    Error: page.goto: Protocol error (Page.navigate): Invalid url: "/"
    Call log:
      - navigating to "/", waiting until "load"


      3 | test.describe("⚡ Performance & Security E2E Tests", () => {
      4 | 	test.beforeEach(async ({ page }) => {
    > 5 | 		await page.goto("/");
        | 		           ^
      6 | 	});
      7 |
      8 | 	test("Performance: Page load times under 3 seconds", async ({ page }) => {
        at D:\neonpro\tools\testing\e2e\tests\performance\performance-security.spec.ts:5:14

    Retry #1 ───────────────────────────────────────────────────────────────────────────────────────

    Error: page.goto: Protocol error (Page.navigate): Invalid url: "/"
    Call log:
      - navigating to "/", waiting until "load"


      3 | test.describe("⚡ Performance & Security E2E Tests", () => {
      4 | 	test.beforeEach(async ({ page }) => {
    > 5 | 		await page.goto("/");
        | 		           ^
      6 | 	});
      7 |
      8 | 	test("Performance: Page load times under 3 seconds", async ({ page }) => {
        at D:\neonpro\tools\testing\e2e\tests\performance\performance-security.spec.ts:5:14

    attachment #1: trace (application/zip) ─────────────────────────────────────────────────────────
    ..\..\..\..\e2e\test-results\performance-performance-se-a1f89-Screen-reader-compatibility-firefox-desktop-retry1\trace.zip
    Usage:

        npx playwright show-trace ..\..\..\..\e2e\test-results\performance-performance-se-a1f89-Screen-reader-compatibility-firefox-desktop-retry1\trace.zip

    ────────────────────────────────────────────────────────────────────────────────────────────────
]]>
</failure>
<system-out>
<![CDATA[
[[ATTACHMENT|..\test-results\performance-performance-se-a1f89-Screen-reader-compatibility-firefox-desktop-retry1\trace.zip]]
]]>
</system-out>
</testcase>
<testcase name="[firefox-desktop] ⚡ Performance &amp; Security E2E Tests › Mobile Responsiveness: Touch interactions" classname="performance\performance-security.spec.ts" time="1.612">
<failure message="performance-security.spec.ts:251:6 Mobile Responsiveness: Touch interactions" type="FAILURE">
<![CDATA[  [firefox-desktop] › performance\performance-security.spec.ts:251:6 › ⚡ Performance & Security E2E Tests › Mobile Responsiveness: Touch interactions 

    Error: page.goto: Protocol error (Page.navigate): Invalid url: "/"
    Call log:
      - navigating to "/", waiting until "load"


      3 | test.describe("⚡ Performance & Security E2E Tests", () => {
      4 | 	test.beforeEach(async ({ page }) => {
    > 5 | 		await page.goto("/");
        | 		           ^
      6 | 	});
      7 |
      8 | 	test("Performance: Page load times under 3 seconds", async ({ page }) => {
        at D:\neonpro\tools\testing\e2e\tests\performance\performance-security.spec.ts:5:14

    Retry #1 ───────────────────────────────────────────────────────────────────────────────────────

    Error: page.goto: Protocol error (Page.navigate): Invalid url: "/"
    Call log:
      - navigating to "/", waiting until "load"


      3 | test.describe("⚡ Performance & Security E2E Tests", () => {
      4 | 	test.beforeEach(async ({ page }) => {
    > 5 | 		await page.goto("/");
        | 		           ^
      6 | 	});
      7 |
      8 | 	test("Performance: Page load times under 3 seconds", async ({ page }) => {
        at D:\neonpro\tools\testing\e2e\tests\performance\performance-security.spec.ts:5:14

    attachment #1: trace (application/zip) ─────────────────────────────────────────────────────────
    ..\..\..\..\e2e\test-results\performance-performance-se-cfbec-siveness-Touch-interactions-firefox-desktop-retry1\trace.zip
    Usage:

        npx playwright show-trace ..\..\..\..\e2e\test-results\performance-performance-se-cfbec-siveness-Touch-interactions-firefox-desktop-retry1\trace.zip

    ────────────────────────────────────────────────────────────────────────────────────────────────
]]>
</failure>
<system-out>
<![CDATA[
[[ATTACHMENT|..\test-results\performance-performance-se-cfbec-siveness-Touch-interactions-firefox-desktop-retry1\trace.zip]]
]]>
</system-out>
</testcase>
<testcase name="[firefox-desktop] ⚡ Performance &amp; Security E2E Tests › Error Handling: Network failures" classname="performance\performance-security.spec.ts" time="1.608">
<failure message="performance-security.spec.ts:280:6 Error Handling: Network failures" type="FAILURE">
<![CDATA[  [firefox-desktop] › performance\performance-security.spec.ts:280:6 › ⚡ Performance & Security E2E Tests › Error Handling: Network failures 

    Error: page.goto: Protocol error (Page.navigate): Invalid url: "/"
    Call log:
      - navigating to "/", waiting until "load"


      3 | test.describe("⚡ Performance & Security E2E Tests", () => {
      4 | 	test.beforeEach(async ({ page }) => {
    > 5 | 		await page.goto("/");
        | 		           ^
      6 | 	});
      7 |
      8 | 	test("Performance: Page load times under 3 seconds", async ({ page }) => {
        at D:\neonpro\tools\testing\e2e\tests\performance\performance-security.spec.ts:5:14

    Retry #1 ───────────────────────────────────────────────────────────────────────────────────────

    Error: page.goto: Protocol error (Page.navigate): Invalid url: "/"
    Call log:
      - navigating to "/", waiting until "load"


      3 | test.describe("⚡ Performance & Security E2E Tests", () => {
      4 | 	test.beforeEach(async ({ page }) => {
    > 5 | 		await page.goto("/");
        | 		           ^
      6 | 	});
      7 |
      8 | 	test("Performance: Page load times under 3 seconds", async ({ page }) => {
        at D:\neonpro\tools\testing\e2e\tests\performance\performance-security.spec.ts:5:14

    attachment #1: trace (application/zip) ─────────────────────────────────────────────────────────
    ..\..\..\..\e2e\test-results\performance-performance-se-8e89c-r-Handling-Network-failures-firefox-desktop-retry1\trace.zip
    Usage:

        npx playwright show-trace ..\..\..\..\e2e\test-results\performance-performance-se-8e89c-r-Handling-Network-failures-firefox-desktop-retry1\trace.zip

    ────────────────────────────────────────────────────────────────────────────────────────────────
]]>
</failure>
<system-out>
<![CDATA[
[[ATTACHMENT|..\test-results\performance-performance-se-8e89c-r-Handling-Network-failures-firefox-desktop-retry1\trace.zip]]
]]>
</system-out>
</testcase>
</testsuite>
<testsuite name="playwright-setup-validation.spec.ts" timestamp="2025-08-23T06:21:35.562Z" hostname="firefox-desktop" tests="3" failures="0" skipped="0" time="3.443" errors="0">
<testcase name="[firefox-desktop] Playwright Configuration Validation › should have working Playwright installation" classname="playwright-setup-validation.spec.ts" time="1.324">
</testcase>
<testcase name="[firefox-desktop] Playwright Configuration Validation › should support modern browser features" classname="playwright-setup-validation.spec.ts" time="1.328">
</testcase>
<testcase name="[firefox-desktop] Playwright Configuration Validation › should handle network requests correctly" classname="playwright-setup-validation.spec.ts" time="0.791">
</testcase>
</testsuite>
<testsuite name="security\security-compliance.spec.ts" timestamp="2025-08-23T06:21:35.562Z" hostname="firefox-desktop" tests="7" failures="7" skipped="0" time="10.644" errors="0">
<testcase name="[firefox-desktop] 🔒 Security &amp; Compliance Testing › 🛡️ Authentication Security Tests" classname="security\security-compliance.spec.ts" time="1.135">
<failure message="security-compliance.spec.ts:17:6 🛡️ Authentication Security Tests" type="FAILURE">
<![CDATA[  [firefox-desktop] › security\security-compliance.spec.ts:17:6 › 🔒 Security & Compliance Testing › 🛡️ Authentication Security Tests › Verify redirect to login for protected routes 

    Error: page.goto: Protocol error (Page.navigate): Invalid url: "/dashboard"
    Call log:
      - navigating to "/dashboard", waiting until "load"


      20 | 		await test.step("Verify redirect to login for protected routes", async () => {
      21 | 			// Try to access protected route without authentication
    > 22 | 			await page.goto("/dashboard");
         | 			           ^
      23 |
      24 | 			// Should redirect to login
      25 | 			await expect(page).toHaveURL(/.*\/login/);
        at D:\neonpro\tools\testing\e2e\tests\security\security-compliance.spec.ts:22:15
        at D:\neonpro\tools\testing\e2e\tests\security\security-compliance.spec.ts:20:14

    Retry #1 ───────────────────────────────────────────────────────────────────────────────────────

    Error: page.goto: Protocol error (Page.navigate): Invalid url: "/dashboard"
    Call log:
      - navigating to "/dashboard", waiting until "load"


      20 | 		await test.step("Verify redirect to login for protected routes", async () => {
      21 | 			// Try to access protected route without authentication
    > 22 | 			await page.goto("/dashboard");
         | 			           ^
      23 |
      24 | 			// Should redirect to login
      25 | 			await expect(page).toHaveURL(/.*\/login/);
        at D:\neonpro\tools\testing\e2e\tests\security\security-compliance.spec.ts:22:15
        at D:\neonpro\tools\testing\e2e\tests\security\security-compliance.spec.ts:20:14

    attachment #1: trace (application/zip) ─────────────────────────────────────────────────────────
    ..\..\..\..\e2e\test-results\security-security-complian-28b0a-thentication-Security-Tests-firefox-desktop-retry1\trace.zip
    Usage:

        npx playwright show-trace ..\..\..\..\e2e\test-results\security-security-complian-28b0a-thentication-Security-Tests-firefox-desktop-retry1\trace.zip

    ────────────────────────────────────────────────────────────────────────────────────────────────
]]>
</failure>
<system-out>
<![CDATA[
[[ATTACHMENT|..\test-results\security-security-complian-28b0a-thentication-Security-Tests-firefox-desktop-retry1\trace.zip]]
]]>
</system-out>
</testcase>
<testcase name="[firefox-desktop] 🔒 Security &amp; Compliance Testing › 🔐 Authorization Enforcement Tests" classname="security\security-compliance.spec.ts" time="1.151">
<failure message="security-compliance.spec.ts:66:6 🔐 Authorization Enforcement Tests" type="FAILURE">
<![CDATA[  [firefox-desktop] › security\security-compliance.spec.ts:66:6 › 🔒 Security & Compliance Testing › 🔐 Authorization Enforcement Tests › Test API endpoint authorization 

    TypeError: apiRequestContext.get: Invalid URL

      69 | 		await test.step("Test API endpoint authorization", async () => {
      70 | 			// Test unauthorized API access
    > 71 | 			const response = await page.request.get("/api/v1/patients");
         | 			                                    ^
      72 | 			expect(response.status()).toBe(401);
      73 |
      74 | 			const responseBody = await response.json();
        at D:\neonpro\tools\testing\e2e\tests\security\security-compliance.spec.ts:71:40
        at D:\neonpro\tools\testing\e2e\tests\security\security-compliance.spec.ts:69:14

    Retry #1 ───────────────────────────────────────────────────────────────────────────────────────

    TypeError: apiRequestContext.get: Invalid URL

      69 | 		await test.step("Test API endpoint authorization", async () => {
      70 | 			// Test unauthorized API access
    > 71 | 			const response = await page.request.get("/api/v1/patients");
         | 			                                    ^
      72 | 			expect(response.status()).toBe(401);
      73 |
      74 | 			const responseBody = await response.json();
        at D:\neonpro\tools\testing\e2e\tests\security\security-compliance.spec.ts:71:40
        at D:\neonpro\tools\testing\e2e\tests\security\security-compliance.spec.ts:69:14

    attachment #1: trace (application/zip) ─────────────────────────────────────────────────────────
    ..\..\..\..\e2e\test-results\security-security-complian-bb65d-orization-Enforcement-Tests-firefox-desktop-retry1\trace.zip
    Usage:

        npx playwright show-trace ..\..\..\..\e2e\test-results\security-security-complian-bb65d-orization-Enforcement-Tests-firefox-desktop-retry1\trace.zip

    ────────────────────────────────────────────────────────────────────────────────────────────────
]]>
</failure>
<system-out>
<![CDATA[
[[ATTACHMENT|..\test-results\security-security-complian-bb65d-orization-Enforcement-Tests-firefox-desktop-retry1\trace.zip]]
]]>
</system-out>
</testcase>
<testcase name="[firefox-desktop] 🔒 Security &amp; Compliance Testing › 📋 LGPD Compliance Tests" classname="security\security-compliance.spec.ts" time="1.675">
<failure message="security-compliance.spec.ts:93:6 📋 LGPD Compliance Tests" type="FAILURE">
<![CDATA[  [firefox-desktop] › security\security-compliance.spec.ts:93:6 › 🔒 Security & Compliance Testing › 📋 LGPD Compliance Tests › Verify consent collection 

    Error: page.goto: Protocol error (Page.navigate): Invalid url: "/patients/new"
    Call log:
      - navigating to "/patients/new", waiting until "load"


       95 |
       96 | 		await test.step("Verify consent collection", async () => {
    >  97 | 			await page.goto("/patients/new");
          | 			           ^
       98 |
       99 | 			// LGPD consent should be required
      100 | 			await expect(
        at D:\neonpro\tools\testing\e2e\tests\security\security-compliance.spec.ts:97:15
        at D:\neonpro\tools\testing\e2e\tests\security\security-compliance.spec.ts:96:14

    Retry #1 ───────────────────────────────────────────────────────────────────────────────────────

    Error: page.goto: Protocol error (Page.navigate): Invalid url: "/patients/new"
    Call log:
      - navigating to "/patients/new", waiting until "load"


       95 |
       96 | 		await test.step("Verify consent collection", async () => {
    >  97 | 			await page.goto("/patients/new");
          | 			           ^
       98 |
       99 | 			// LGPD consent should be required
      100 | 			await expect(
        at D:\neonpro\tools\testing\e2e\tests\security\security-compliance.spec.ts:97:15
        at D:\neonpro\tools\testing\e2e\tests\security\security-compliance.spec.ts:96:14

    attachment #1: trace (application/zip) ─────────────────────────────────────────────────────────
    ..\..\..\..\e2e\test-results\security-security-complian-5fee0-ng-📋-LGPD-Compliance-Tests-firefox-desktop-retry1\trace.zip
    Usage:

        npx playwright show-trace ..\..\..\..\e2e\test-results\security-security-complian-5fee0-ng-📋-LGPD-Compliance-Tests-firefox-desktop-retry1\trace.zip

    ────────────────────────────────────────────────────────────────────────────────────────────────
]]>
</failure>
<system-out>
<![CDATA[
[[ATTACHMENT|..\test-results\security-security-complian-5fee0-ng-📋-LGPD-Compliance-Tests-firefox-desktop-retry1\trace.zip]]
]]>
</system-out>
</testcase>
<testcase name="[firefox-desktop] 🔒 Security &amp; Compliance Testing › 🌐 Security Headers Tests" classname="security\security-compliance.spec.ts" time="1.641">
<failure message="security-compliance.spec.ts:137:6 🌐 Security Headers Tests" type="FAILURE">
<![CDATA[  [firefox-desktop] › security\security-compliance.spec.ts:137:6 › 🔒 Security & Compliance Testing › 🌐 Security Headers Tests › Verify security headers presence 

    TypeError: apiRequestContext.get: Invalid URL

      139 |
      140 | 		await test.step("Verify security headers presence", async () => {
    > 141 | 			const response = await page.request.get("/");
          | 			                                    ^
      142 |
      143 | 			// Check for critical security headers
      144 | 			expect(response.headers()["x-frame-options"]).toBeTruthy();
        at D:\neonpro\tools\testing\e2e\tests\security\security-compliance.spec.ts:141:40
        at D:\neonpro\tools\testing\e2e\tests\security\security-compliance.spec.ts:140:14

    Retry #1 ───────────────────────────────────────────────────────────────────────────────────────

    TypeError: apiRequestContext.get: Invalid URL

      139 |
      140 | 		await test.step("Verify security headers presence", async () => {
    > 141 | 			const response = await page.request.get("/");
          | 			                                    ^
      142 |
      143 | 			// Check for critical security headers
      144 | 			expect(response.headers()["x-frame-options"]).toBeTruthy();
        at D:\neonpro\tools\testing\e2e\tests\security\security-compliance.spec.ts:141:40
        at D:\neonpro\tools\testing\e2e\tests\security\security-compliance.spec.ts:140:14

    attachment #1: trace (application/zip) ─────────────────────────────────────────────────────────
    ..\..\..\..\e2e\test-results\security-security-complian-25384-g-🌐-Security-Headers-Tests-firefox-desktop-retry1\trace.zip
    Usage:

        npx playwright show-trace ..\..\..\..\e2e\test-results\security-security-complian-25384-g-🌐-Security-Headers-Tests-firefox-desktop-retry1\trace.zip

    ────────────────────────────────────────────────────────────────────────────────────────────────
]]>
</failure>
<system-out>
<![CDATA[
[[ATTACHMENT|..\test-results\security-security-complian-25384-g-🌐-Security-Headers-Tests-firefox-desktop-retry1\trace.zip]]
]]>
</system-out>
</testcase>
<testcase name="[firefox-desktop] 🔒 Security &amp; Compliance Testing › 💉 Input Validation &amp; Injection Tests" classname="security\security-compliance.spec.ts" time="1.695">
<failure message="security-compliance.spec.ts:170:6 💉 Input Validation &amp; Injection Tests" type="FAILURE">
<![CDATA[  [firefox-desktop] › security\security-compliance.spec.ts:170:6 › 🔒 Security & Compliance Testing › 💉 Input Validation & Injection Tests › Test SQL injection prevention 

    Error: page.goto: Protocol error (Page.navigate): Invalid url: "/login"
    Call log:
      - navigating to "/login", waiting until "load"


      172 |
      173 | 		await test.step("Test SQL injection prevention", async () => {
    > 174 | 			await page.goto("/login");
          | 			           ^
      175 |
      176 | 			// Try SQL injection in login form
      177 | 			await page.fill('[name="email"]', "admin'; DROP TABLE users; --");
        at D:\neonpro\tools\testing\e2e\tests\security\security-compliance.spec.ts:174:15
        at D:\neonpro\tools\testing\e2e\tests\security\security-compliance.spec.ts:173:14

    Retry #1 ───────────────────────────────────────────────────────────────────────────────────────

    Error: page.goto: Protocol error (Page.navigate): Invalid url: "/login"
    Call log:
      - navigating to "/login", waiting until "load"


      172 |
      173 | 		await test.step("Test SQL injection prevention", async () => {
    > 174 | 			await page.goto("/login");
          | 			           ^
      175 |
      176 | 			// Try SQL injection in login form
      177 | 			await page.fill('[name="email"]', "admin'; DROP TABLE users; --");
        at D:\neonpro\tools\testing\e2e\tests\security\security-compliance.spec.ts:174:15
        at D:\neonpro\tools\testing\e2e\tests\security\security-compliance.spec.ts:173:14

    attachment #1: trace (application/zip) ─────────────────────────────────────────────────────────
    ..\..\..\..\e2e\test-results\security-security-complian-b5166--Validation-Injection-Tests-firefox-desktop-retry1\trace.zip
    Usage:

        npx playwright show-trace ..\..\..\..\e2e\test-results\security-security-complian-b5166--Validation-Injection-Tests-firefox-desktop-retry1\trace.zip

    ────────────────────────────────────────────────────────────────────────────────────────────────
]]>
</failure>
<system-out>
<![CDATA[
[[ATTACHMENT|..\test-results\security-security-complian-b5166--Validation-Injection-Tests-firefox-desktop-retry1\trace.zip]]
]]>
</system-out>
</testcase>
<testcase name="[firefox-desktop] 🔒 Security &amp; Compliance Testing › 🏥 Healthcare-Specific Security Tests" classname="security\security-compliance.spec.ts" time="1.772">
<failure message="security-compliance.spec.ts:233:6 🏥 Healthcare-Specific Security Tests" type="FAILURE">
<![CDATA[  [firefox-desktop] › security\security-compliance.spec.ts:233:6 › 🔒 Security & Compliance Testing › 🏥 Healthcare-Specific Security Tests › Test patient data access controls 

    Error: page.goto: Protocol error (Page.navigate): Invalid url: "/login"
    Call log:
      - navigating to "/login", waiting until "load"


      236 | 		await test.step("Test patient data access controls", async () => {
      237 | 			// Login as healthcare professional
    > 238 | 			await page.goto("/login");
          | 			           ^
      239 | 			await page.fill('[name="email"]', "doctor@neonpro.com");
      240 | 			await page.fill('[name="password"]', "SecurePassword123!");
      241 | 			await page.click('button[type="submit"]');
        at D:\neonpro\tools\testing\e2e\tests\security\security-compliance.spec.ts:238:15
        at D:\neonpro\tools\testing\e2e\tests\security\security-compliance.spec.ts:236:14

    Retry #1 ───────────────────────────────────────────────────────────────────────────────────────

    Error: page.goto: Protocol error (Page.navigate): Invalid url: "/login"
    Call log:
      - navigating to "/login", waiting until "load"


      236 | 		await test.step("Test patient data access controls", async () => {
      237 | 			// Login as healthcare professional
    > 238 | 			await page.goto("/login");
          | 			           ^
      239 | 			await page.fill('[name="email"]', "doctor@neonpro.com");
      240 | 			await page.fill('[name="password"]', "SecurePassword123!");
      241 | 			await page.click('button[type="submit"]');
        at D:\neonpro\tools\testing\e2e\tests\security\security-compliance.spec.ts:238:15
        at D:\neonpro\tools\testing\e2e\tests\security\security-compliance.spec.ts:236:14

    attachment #1: trace (application/zip) ─────────────────────────────────────────────────────────
    ..\..\..\..\e2e\test-results\security-security-complian-5455f-are-Specific-Security-Tests-firefox-desktop-retry1\trace.zip
    Usage:

        npx playwright show-trace ..\..\..\..\e2e\test-results\security-security-complian-5455f-are-Specific-Security-Tests-firefox-desktop-retry1\trace.zip

    ────────────────────────────────────────────────────────────────────────────────────────────────
]]>
</failure>
<system-out>
<![CDATA[
[[ATTACHMENT|..\test-results\security-security-complian-5455f-are-Specific-Security-Tests-firefox-desktop-retry1\trace.zip]]
]]>
</system-out>
</testcase>
<testcase name="[firefox-desktop] 🔒 Security &amp; Compliance Testing › 🔍 API Security Testing" classname="security\security-compliance.spec.ts" time="1.575">
<failure message="security-compliance.spec.ts:291:6 🔍 API Security Testing" type="FAILURE">
<![CDATA[  [firefox-desktop] › security\security-compliance.spec.ts:291:6 › 🔒 Security & Compliance Testing › 🔍 API Security Testing › Test API rate limiting 

    TypeError: apiRequestContext.get: Invalid URL

      296 | 			const requests = [];
      297 | 			for (let i = 0; i < 10; i++) {
    > 298 | 				requests.push(page.request.get("/api/v1/health"));
          | 				                           ^
      299 | 			}
      300 |
      301 | 			const responses = await Promise.all(requests);
        at D:\neonpro\tools\testing\e2e\tests\security\security-compliance.spec.ts:298:32
        at D:\neonpro\tools\testing\e2e\tests\security\security-compliance.spec.ts:294:14

    Retry #1 ───────────────────────────────────────────────────────────────────────────────────────

    TypeError: apiRequestContext.get: Invalid URL

      296 | 			const requests = [];
      297 | 			for (let i = 0; i < 10; i++) {
    > 298 | 				requests.push(page.request.get("/api/v1/health"));
          | 				                           ^
      299 | 			}
      300 |
      301 | 			const responses = await Promise.all(requests);
        at D:\neonpro\tools\testing\e2e\tests\security\security-compliance.spec.ts:298:32
        at D:\neonpro\tools\testing\e2e\tests\security\security-compliance.spec.ts:294:14

    attachment #1: trace (application/zip) ─────────────────────────────────────────────────────────
    ..\..\..\..\e2e\test-results\security-security-complian-a1a5e-ing-🔍-API-Security-Testing-firefox-desktop-retry1\trace.zip
    Usage:

        npx playwright show-trace ..\..\..\..\e2e\test-results\security-security-complian-a1a5e-ing-🔍-API-Security-Testing-firefox-desktop-retry1\trace.zip

    ────────────────────────────────────────────────────────────────────────────────────────────────
]]>
</failure>
<system-out>
<![CDATA[
[[ATTACHMENT|..\test-results\security-security-complian-a1a5e-ing-🔍-API-Security-Testing-firefox-desktop-retry1\trace.zip]]
]]>
</system-out>
</testcase>
</testsuite>
<testsuite name="security\security-healthcare-specific.spec.ts" timestamp="2025-08-23T06:21:35.562Z" hostname="firefox-desktop" tests="5" failures="5" skipped="0" time="7.526" errors="0">
<testcase name="[firefox-desktop] 🏥 Healthcare Security Compliance › should enforce LGPD data protection in patient views" classname="security\security-healthcare-specific.spec.ts" time="1.66">
<failure message="security-healthcare-specific.spec.ts:23:6 should enforce LGPD data protection in patient views" type="FAILURE">
<![CDATA[  [firefox-desktop] › security\security-healthcare-specific.spec.ts:23:6 › 🏥 Healthcare Security Compliance › should enforce LGPD data protection in patient views 

    Error: page.goto: Protocol error (Page.navigate): Invalid url: "/login"
    Call log:
      - navigating to "/login", waiting until "load"


      13 | test.describe("🏥 Healthcare Security Compliance", () => {
      14 | 	test.beforeEach(async ({ page }) => {
    > 15 | 		await page.goto("/login");
         | 		           ^
      16 | 		// Login with test credentials
      17 | 		await page.fill('[data-testid="email"]', "test@neonpro.com");
      18 | 		await page.fill('[data-testid="password"]', "testpassword");
        at D:\neonpro\tools\testing\e2e\tests\security\security-healthcare-specific.spec.ts:15:14

    Retry #1 ───────────────────────────────────────────────────────────────────────────────────────

    Error: page.goto: Protocol error (Page.navigate): Invalid url: "/login"
    Call log:
      - navigating to "/login", waiting until "load"


      13 | test.describe("🏥 Healthcare Security Compliance", () => {
      14 | 	test.beforeEach(async ({ page }) => {
    > 15 | 		await page.goto("/login");
         | 		           ^
      16 | 		// Login with test credentials
      17 | 		await page.fill('[data-testid="email"]', "test@neonpro.com");
      18 | 		await page.fill('[data-testid="password"]', "testpassword");
        at D:\neonpro\tools\testing\e2e\tests\security\security-healthcare-specific.spec.ts:15:14

    attachment #1: trace (application/zip) ─────────────────────────────────────────────────────────
    ..\..\..\..\e2e\test-results\security-security-healthca-63be1-protection-in-patient-views-firefox-desktop-retry1\trace.zip
    Usage:

        npx playwright show-trace ..\..\..\..\e2e\test-results\security-security-healthca-63be1-protection-in-patient-views-firefox-desktop-retry1\trace.zip

    ────────────────────────────────────────────────────────────────────────────────────────────────
]]>
</failure>
<system-out>
<![CDATA[
[[ATTACHMENT|..\test-results\security-security-healthca-63be1-protection-in-patient-views-firefox-desktop-retry1\trace.zip]]
]]>
</system-out>
</testcase>
<testcase name="[firefox-desktop] 🏥 Healthcare Security Compliance › should validate ANVISA device security requirements" classname="security\security-healthcare-specific.spec.ts" time="1.535">
<failure message="security-healthcare-specific.spec.ts:41:6 should validate ANVISA device security requirements" type="FAILURE">
<![CDATA[  [firefox-desktop] › security\security-healthcare-specific.spec.ts:41:6 › 🏥 Healthcare Security Compliance › should validate ANVISA device security requirements 

    Error: page.goto: Protocol error (Page.navigate): Invalid url: "/login"
    Call log:
      - navigating to "/login", waiting until "load"


      13 | test.describe("🏥 Healthcare Security Compliance", () => {
      14 | 	test.beforeEach(async ({ page }) => {
    > 15 | 		await page.goto("/login");
         | 		           ^
      16 | 		// Login with test credentials
      17 | 		await page.fill('[data-testid="email"]', "test@neonpro.com");
      18 | 		await page.fill('[data-testid="password"]', "testpassword");
        at D:\neonpro\tools\testing\e2e\tests\security\security-healthcare-specific.spec.ts:15:14

    Retry #1 ───────────────────────────────────────────────────────────────────────────────────────

    Error: page.goto: Protocol error (Page.navigate): Invalid url: "/login"
    Call log:
      - navigating to "/login", waiting until "load"


      13 | test.describe("🏥 Healthcare Security Compliance", () => {
      14 | 	test.beforeEach(async ({ page }) => {
    > 15 | 		await page.goto("/login");
         | 		           ^
      16 | 		// Login with test credentials
      17 | 		await page.fill('[data-testid="email"]', "test@neonpro.com");
      18 | 		await page.fill('[data-testid="password"]', "testpassword");
        at D:\neonpro\tools\testing\e2e\tests\security\security-healthcare-specific.spec.ts:15:14

    attachment #1: trace (application/zip) ─────────────────────────────────────────────────────────
    ..\..\..\..\e2e\test-results\security-security-healthca-745b6-evice-security-requirements-firefox-desktop-retry1\trace.zip
    Usage:

        npx playwright show-trace ..\..\..\..\e2e\test-results\security-security-healthca-745b6-evice-security-requirements-firefox-desktop-retry1\trace.zip

    ────────────────────────────────────────────────────────────────────────────────────────────────
]]>
</failure>
<system-out>
<![CDATA[
[[ATTACHMENT|..\test-results\security-security-healthca-745b6-evice-security-requirements-firefox-desktop-retry1\trace.zip]]
]]>
</system-out>
</testcase>
<testcase name="[firefox-desktop] 🏥 Healthcare Security Compliance › should enforce CFM professional authentication" classname="security\security-healthcare-specific.spec.ts" time="1.635">
<failure message="security-healthcare-specific.spec.ts:63:6 should enforce CFM professional authentication" type="FAILURE">
<![CDATA[  [firefox-desktop] › security\security-healthcare-specific.spec.ts:63:6 › 🏥 Healthcare Security Compliance › should enforce CFM professional authentication 

    Error: page.goto: Protocol error (Page.navigate): Invalid url: "/login"
    Call log:
      - navigating to "/login", waiting until "load"


      13 | test.describe("🏥 Healthcare Security Compliance", () => {
      14 | 	test.beforeEach(async ({ page }) => {
    > 15 | 		await page.goto("/login");
         | 		           ^
      16 | 		// Login with test credentials
      17 | 		await page.fill('[data-testid="email"]', "test@neonpro.com");
      18 | 		await page.fill('[data-testid="password"]', "testpassword");
        at D:\neonpro\tools\testing\e2e\tests\security\security-healthcare-specific.spec.ts:15:14

    Retry #1 ───────────────────────────────────────────────────────────────────────────────────────

    Error: page.goto: Protocol error (Page.navigate): Invalid url: "/login"
    Call log:
      - navigating to "/login", waiting until "load"


      13 | test.describe("🏥 Healthcare Security Compliance", () => {
      14 | 	test.beforeEach(async ({ page }) => {
    > 15 | 		await page.goto("/login");
         | 		           ^
      16 | 		// Login with test credentials
      17 | 		await page.fill('[data-testid="email"]', "test@neonpro.com");
      18 | 		await page.fill('[data-testid="password"]', "testpassword");
        at D:\neonpro\tools\testing\e2e\tests\security\security-healthcare-specific.spec.ts:15:14

    attachment #1: trace (application/zip) ─────────────────────────────────────────────────────────
    ..\..\..\..\e2e\test-results\security-security-healthca-4d46b-professional-authentication-firefox-desktop-retry1\trace.zip
    Usage:

        npx playwright show-trace ..\..\..\..\e2e\test-results\security-security-healthca-4d46b-professional-authentication-firefox-desktop-retry1\trace.zip

    ────────────────────────────────────────────────────────────────────────────────────────────────
]]>
</failure>
<system-out>
<![CDATA[
[[ATTACHMENT|..\test-results\security-security-healthca-4d46b-professional-authentication-firefox-desktop-retry1\trace.zip]]
]]>
</system-out>
</testcase>
<testcase name="[firefox-desktop] 🏥 Healthcare Security Compliance › should maintain audit trail for all healthcare actions" classname="security\security-healthcare-specific.spec.ts" time="1.315">
<failure message="security-healthcare-specific.spec.ts:78:6 should maintain audit trail for all healthcare actions" type="FAILURE">
<![CDATA[  [firefox-desktop] › security\security-healthcare-specific.spec.ts:78:6 › 🏥 Healthcare Security Compliance › should maintain audit trail for all healthcare actions 

    Error: page.goto: Protocol error (Page.navigate): Invalid url: "/login"
    Call log:
      - navigating to "/login", waiting until "load"


      13 | test.describe("🏥 Healthcare Security Compliance", () => {
      14 | 	test.beforeEach(async ({ page }) => {
    > 15 | 		await page.goto("/login");
         | 		           ^
      16 | 		// Login with test credentials
      17 | 		await page.fill('[data-testid="email"]', "test@neonpro.com");
      18 | 		await page.fill('[data-testid="password"]', "testpassword");
        at D:\neonpro\tools\testing\e2e\tests\security\security-healthcare-specific.spec.ts:15:14

    Retry #1 ───────────────────────────────────────────────────────────────────────────────────────

    Error: page.goto: Protocol error (Page.navigate): Invalid url: "/login"
    Call log:
      - navigating to "/login", waiting until "load"


      13 | test.describe("🏥 Healthcare Security Compliance", () => {
      14 | 	test.beforeEach(async ({ page }) => {
    > 15 | 		await page.goto("/login");
         | 		           ^
      16 | 		// Login with test credentials
      17 | 		await page.fill('[data-testid="email"]', "test@neonpro.com");
      18 | 		await page.fill('[data-testid="password"]', "testpassword");
        at D:\neonpro\tools\testing\e2e\tests\security\security-healthcare-specific.spec.ts:15:14

    attachment #1: trace (application/zip) ─────────────────────────────────────────────────────────
    ..\..\..\..\e2e\test-results\security-security-healthca-74e74--for-all-healthcare-actions-firefox-desktop-retry1\trace.zip
    Usage:

        npx playwright show-trace ..\..\..\..\e2e\test-results\security-security-healthca-74e74--for-all-healthcare-actions-firefox-desktop-retry1\trace.zip

    ────────────────────────────────────────────────────────────────────────────────────────────────
]]>
</failure>
<system-out>
<![CDATA[
[[ATTACHMENT|..\test-results\security-security-healthca-74e74--for-all-healthcare-actions-firefox-desktop-retry1\trace.zip]]
]]>
</system-out>
</testcase>
<testcase name="[firefox-desktop] 🏥 Healthcare Security Compliance › should protect against unauthorized data access" classname="security\security-healthcare-specific.spec.ts" time="1.381">
<failure message="security-healthcare-specific.spec.ts:96:6 should protect against unauthorized data access" type="FAILURE">
<![CDATA[  [firefox-desktop] › security\security-healthcare-specific.spec.ts:96:6 › 🏥 Healthcare Security Compliance › should protect against unauthorized data access 

    Error: page.goto: Protocol error (Page.navigate): Invalid url: "/login"
    Call log:
      - navigating to "/login", waiting until "load"


      13 | test.describe("🏥 Healthcare Security Compliance", () => {
      14 | 	test.beforeEach(async ({ page }) => {
    > 15 | 		await page.goto("/login");
         | 		           ^
      16 | 		// Login with test credentials
      17 | 		await page.fill('[data-testid="email"]', "test@neonpro.com");
      18 | 		await page.fill('[data-testid="password"]', "testpassword");
        at D:\neonpro\tools\testing\e2e\tests\security\security-healthcare-specific.spec.ts:15:14

    Retry #1 ───────────────────────────────────────────────────────────────────────────────────────

    Error: page.goto: Protocol error (Page.navigate): Invalid url: "/login"
    Call log:
      - navigating to "/login", waiting until "load"


      13 | test.describe("🏥 Healthcare Security Compliance", () => {
      14 | 	test.beforeEach(async ({ page }) => {
    > 15 | 		await page.goto("/login");
         | 		           ^
      16 | 		// Login with test credentials
      17 | 		await page.fill('[data-testid="email"]', "test@neonpro.com");
      18 | 		await page.fill('[data-testid="password"]', "testpassword");
        at D:\neonpro\tools\testing\e2e\tests\security\security-healthcare-specific.spec.ts:15:14

    attachment #1: trace (application/zip) ─────────────────────────────────────────────────────────
    ..\..\..\..\e2e\test-results\security-security-healthca-45e79-st-unauthorized-data-access-firefox-desktop-retry1\trace.zip
    Usage:

        npx playwright show-trace ..\..\..\..\e2e\test-results\security-security-healthca-45e79-st-unauthorized-data-access-firefox-desktop-retry1\trace.zip

    ────────────────────────────────────────────────────────────────────────────────────────────────
]]>
</failure>
<system-out>
<![CDATA[
[[ATTACHMENT|..\test-results\security-security-healthca-45e79-st-unauthorized-data-access-firefox-desktop-retry1\trace.zip]]
]]>
</system-out>
</testcase>
</testsuite>
</testsuites>