<testsuites id="" name="" tests="9" failures="0" skipped="9" errors="0" time="0.019375999999999977">
<testsuite name="healthcare\basic-healthcare.spec.ts" timestamp="2025-08-23T02:55:34.365Z" hostname="chromium-desktop" tests="2" failures="0" skipped="2" time="0" errors="0">
<testcase name="[chromium-desktop] Healthcare Platform Basic Tests › should load homepage" classname="healthcare\basic-healthcare.spec.ts" time="0">
<skipped>
</skipped>
</testcase>
<testcase name="[chromium-desktop] Healthcare Platform Basic Tests › should have working form elements" classname="healthcare\basic-healthcare.spec.ts" time="0">
<skipped>
</skipped>
</testcase>
</testsuite>
<testsuite name="healthcare\simple.spec.ts" timestamp="2025-08-23T02:55:34.365Z" hostname="chromium-desktop" tests="1" failures="0" skipped="1" time="0" errors="0">
<testcase name="[chromium-desktop] Simple health test" classname="healthcare\simple.spec.ts" time="0">
<skipped>
</skipped>
</testcase>
</testsuite>
<testsuite name="healthcare\basic-healthcare.spec.ts" timestamp="2025-08-23T02:55:34.365Z" hostname="webkit-desktop" tests="2" failures="0" skipped="2" time="0" errors="0">
<testcase name="[webkit-desktop] Healthcare Platform Basic Tests › should load homepage" classname="healthcare\basic-healthcare.spec.ts" time="0">
<skipped>
</skipped>
</testcase>
<testcase name="[webkit-desktop] Healthcare Platform Basic Tests › should have working form elements" classname="healthcare\basic-healthcare.spec.ts" time="0">
<skipped>
</skipped>
</testcase>
</testsuite>
<testsuite name="healthcare\simple.spec.ts" timestamp="2025-08-23T02:55:34.365Z" hostname="webkit-desktop" tests="1" failures="0" skipped="1" time="0" errors="0">
<testcase name="[webkit-desktop] Simple health test" classname="healthcare\simple.spec.ts" time="0">
<skipped>
</skipped>
</testcase>
</testsuite>
<testsuite name="healthcare\basic-healthcare.spec.ts" timestamp="2025-08-23T02:55:34.365Z" hostname="firefox-desktop" tests="2" failures="0" skipped="2" time="0" errors="0">
<testcase name="[firefox-desktop] Healthcare Platform Basic Tests › should load homepage" classname="healthcare\basic-healthcare.spec.ts" time="0">
<skipped>
</skipped>
</testcase>
<testcase name="[firefox-desktop] Healthcare Platform Basic Tests › should have working form elements" classname="healthcare\basic-healthcare.spec.ts" time="0">
<skipped>
</skipped>
</testcase>
</testsuite>
<testsuite name="healthcare\simple.spec.ts" timestamp="2025-08-23T02:55:34.365Z" hostname="firefox-desktop" tests="1" failures="0" skipped="1" time="0" errors="0">
<testcase name="[firefox-desktop] Simple health test" classname="healthcare\simple.spec.ts" time="0">
<skipped>
</skipped>
</testcase>
</testsuite>
</testsuites>