<testsuites id="" name="" tests="30" failures="21" skipped="0" errors="0" time="121.379504">
<testsuite name="homepage.spec.ts" timestamp="2025-08-24T14:11:58.050Z" hostname="chromium-desktop" tests="10" failures="7" skipped="0" time="127.396" errors="0">
<testcase name="[chromium-desktop] Homepage - Landing Page › should load homepage within performance thresholds" classname="homepage.spec.ts" time="22.54">
<failure message="homepage.spec.ts:22:6 should load homepage within performance thresholds" type="FAILURE">
<![CDATA[  [chromium-desktop] › homepage.spec.ts:22:6 › Homepage - Landing Page › should load homepage within performance thresholds 

    Error: Timed out 10000ms waiting for expect(locator).toContainText(expected)

    Locator: locator('h1')
    Expected string: "NeonPro Healthcare"
    Received: <element(s) not found>
    Call log:
      - Expect "toContainText" with timeout 10000ms
      - waiting for locator('h1')


      24 |
      25 | 		// Wait for main content to be visible
    > 26 | 		await expect(page.locator("h1")).toContainText("NeonPro Healthcare");
         | 		                                 ^
      27 |
      28 | 		const loadTime = Date.now() - startTime;
      29 | 		expect(loadTime).toBeLessThan(3000); // 3 second threshold
        at D:\neonpro\tools\e2e\homepage.spec.ts:26:36

    Error Context: ..\reports\test-results\e2e\homepage-Homepage---Landin-6cb32-thin-performance-thresholds-chromium-desktop\error-context.md

    Retry #1 ───────────────────────────────────────────────────────────────────────────────────────

    Error: Timed out 10000ms waiting for expect(locator).toContainText(expected)

    Locator: locator('h1')
    Expected string: "NeonPro Healthcare"
    Received: <element(s) not found>
    Call log:
      - Expect "toContainText" with timeout 10000ms
      - waiting for locator('h1')


      24 |
      25 | 		// Wait for main content to be visible
    > 26 | 		await expect(page.locator("h1")).toContainText("NeonPro Healthcare");
         | 		                                 ^
      27 |
      28 | 		const loadTime = Date.now() - startTime;
      29 | 		expect(loadTime).toBeLessThan(3000); // 3 second threshold
        at D:\neonpro\tools\e2e\homepage.spec.ts:26:36

    Error Context: ..\reports\test-results\e2e\homepage-Homepage---Landin-6cb32-thin-performance-thresholds-chromium-desktop-retry1\error-context.md

    attachment #2: trace (application/zip) ─────────────────────────────────────────────────────────
    ..\reports\test-results\e2e\homepage-Homepage---Landin-6cb32-thin-performance-thresholds-chromium-desktop-retry1\trace.zip
    Usage:

        npx playwright show-trace ..\reports\test-results\e2e\homepage-Homepage---Landin-6cb32-thin-performance-thresholds-chromium-desktop-retry1\trace.zip

    ────────────────────────────────────────────────────────────────────────────────────────────────
]]>
</failure>
<system-out>
<![CDATA[
[[ATTACHMENT|..\test-results\e2e\homepage-Homepage---Landin-6cb32-thin-performance-thresholds-chromium-desktop\error-context.md]]

[[ATTACHMENT|..\test-results\e2e\homepage-Homepage---Landin-6cb32-thin-performance-thresholds-chromium-desktop-retry1\error-context.md]]

[[ATTACHMENT|..\test-results\e2e\homepage-Homepage---Landin-6cb32-thin-performance-thresholds-chromium-desktop-retry1\trace.zip]]
]]>
</system-out>
</testcase>
<testcase name="[chromium-desktop] Homepage - Landing Page › should display main navigation and branding" classname="homepage.spec.ts" time="22.567">
<failure message="homepage.spec.ts:32:6 should display main navigation and branding" type="FAILURE">
<![CDATA[  [chromium-desktop] › homepage.spec.ts:32:6 › Homepage - Landing Page › should display main navigation and branding 

    Error: Timed out 10000ms waiting for expect(locator).toBeVisible()

    Locator: locator('[data-testid="logo"]').or(locator('h1:has-text("NeonPro Healthcare")'))
    Expected: visible
    Received: <element(s) not found>
    Call log:
      - Expect "toBeVisible" with timeout 10000ms
      - waiting for locator('[data-testid="logo"]').or(locator('h1:has-text("NeonPro Healthcare")'))


      34 | 		await expect(
      35 | 			page.locator('[data-testid="logo"]').or(page.locator('h1:has-text("NeonPro Healthcare")'))
    > 36 | 		).toBeVisible();
         | 		  ^
      37 |
      38 | 		// Check main CTA button
      39 | 		await expect(page.locator('button:has-text("Acessar Sistema")')).toBeVisible();
        at D:\neonpro\tools\e2e\homepage.spec.ts:36:5

    Error Context: ..\reports\test-results\e2e\homepage-Homepage---Landin-e6f0c-ain-navigation-and-branding-chromium-desktop\error-context.md

    Retry #1 ───────────────────────────────────────────────────────────────────────────────────────

    Error: Timed out 10000ms waiting for expect(locator).toBeVisible()

    Locator: locator('[data-testid="logo"]').or(locator('h1:has-text("NeonPro Healthcare")'))
    Expected: visible
    Received: <element(s) not found>
    Call log:
      - Expect "toBeVisible" with timeout 10000ms
      - waiting for locator('[data-testid="logo"]').or(locator('h1:has-text("NeonPro Healthcare")'))


      34 | 		await expect(
      35 | 			page.locator('[data-testid="logo"]').or(page.locator('h1:has-text("NeonPro Healthcare")'))
    > 36 | 		).toBeVisible();
         | 		  ^
      37 |
      38 | 		// Check main CTA button
      39 | 		await expect(page.locator('button:has-text("Acessar Sistema")')).toBeVisible();
        at D:\neonpro\tools\e2e\homepage.spec.ts:36:5

    Error Context: ..\reports\test-results\e2e\homepage-Homepage---Landin-e6f0c-ain-navigation-and-branding-chromium-desktop-retry1\error-context.md

    attachment #2: trace (application/zip) ─────────────────────────────────────────────────────────
    ..\reports\test-results\e2e\homepage-Homepage---Landin-e6f0c-ain-navigation-and-branding-chromium-desktop-retry1\trace.zip
    Usage:

        npx playwright show-trace ..\reports\test-results\e2e\homepage-Homepage---Landin-e6f0c-ain-navigation-and-branding-chromium-desktop-retry1\trace.zip

    ────────────────────────────────────────────────────────────────────────────────────────────────
]]>
</failure>
<system-out>
<![CDATA[
[[ATTACHMENT|..\test-results\e2e\homepage-Homepage---Landin-e6f0c-ain-navigation-and-branding-chromium-desktop\error-context.md]]

[[ATTACHMENT|..\test-results\e2e\homepage-Homepage---Landin-e6f0c-ain-navigation-and-branding-chromium-desktop-retry1\error-context.md]]

[[ATTACHMENT|..\test-results\e2e\homepage-Homepage---Landin-e6f0c-ain-navigation-and-branding-chromium-desktop-retry1\trace.zip]]
]]>
</system-out>
</testcase>
<testcase name="[chromium-desktop] Homepage - Landing Page › should navigate to login page" classname="homepage.spec.ts" time="32.374">
<failure message="homepage.spec.ts:46:6 should navigate to login page" type="FAILURE">
<![CDATA[  [chromium-desktop] › homepage.spec.ts:46:6 › Homepage - Landing Page › should navigate to login page 

    TimeoutError: page.click: Timeout 15000ms exceeded.
    Call log:
      - waiting for locator('button:has-text("Acessar Sistema")')


      46 | 	test("should navigate to login page", async ({ page }) => {
      47 | 		// Click login button
    > 48 | 		await page.click('button:has-text("Acessar Sistema")');
         | 		           ^
      49 |
      50 | 		// Should navigate to login
      51 | 		await expect(page).toHaveURL(/.*\/login/);
        at D:\neonpro\tools\e2e\homepage.spec.ts:48:14

    Error Context: ..\reports\test-results\e2e\homepage-Homepage---Landin-4e9a3-ould-navigate-to-login-page-chromium-desktop\error-context.md

    Retry #1 ───────────────────────────────────────────────────────────────────────────────────────

    TimeoutError: page.click: Timeout 15000ms exceeded.
    Call log:
      - waiting for locator('button:has-text("Acessar Sistema")')


      46 | 	test("should navigate to login page", async ({ page }) => {
      47 | 		// Click login button
    > 48 | 		await page.click('button:has-text("Acessar Sistema")');
         | 		           ^
      49 |
      50 | 		// Should navigate to login
      51 | 		await expect(page).toHaveURL(/.*\/login/);
        at D:\neonpro\tools\e2e\homepage.spec.ts:48:14

    Error Context: ..\reports\test-results\e2e\homepage-Homepage---Landin-4e9a3-ould-navigate-to-login-page-chromium-desktop-retry1\error-context.md

    attachment #2: trace (application/zip) ─────────────────────────────────────────────────────────
    ..\reports\test-results\e2e\homepage-Homepage---Landin-4e9a3-ould-navigate-to-login-page-chromium-desktop-retry1\trace.zip
    Usage:

        npx playwright show-trace ..\reports\test-results\e2e\homepage-Homepage---Landin-4e9a3-ould-navigate-to-login-page-chromium-desktop-retry1\trace.zip

    ────────────────────────────────────────────────────────────────────────────────────────────────
]]>
</failure>
<system-out>
<![CDATA[
[[ATTACHMENT|..\test-results\e2e\homepage-Homepage---Landin-4e9a3-ould-navigate-to-login-page-chromium-desktop\error-context.md]]

[[ATTACHMENT|..\test-results\e2e\homepage-Homepage---Landin-4e9a3-ould-navigate-to-login-page-chromium-desktop-retry1\error-context.md]]

[[ATTACHMENT|..\test-results\e2e\homepage-Homepage---Landin-4e9a3-ould-navigate-to-login-page-chromium-desktop-retry1\trace.zip]]
]]>
</system-out>
</testcase>
<testcase name="[chromium-desktop] Homepage - Landing Page › should display dashboard metrics for authenticated users" classname="homepage.spec.ts" time="1.393">
</testcase>
<testcase name="[chromium-desktop] Homepage - Landing Page › should be accessible with keyboard navigation" classname="homepage.spec.ts" time="21.564">
<failure message="homepage.spec.ts:66:6 should be accessible with keyboard navigation" type="FAILURE">
<![CDATA[  [chromium-desktop] › homepage.spec.ts:66:6 › Homepage - Landing Page › should be accessible with keyboard navigation 

    Error: Timed out 10000ms waiting for expect(locator).toContainText(expected)

    Locator: locator(':focus')
    Expected string: "Acessar Sistema"
    Received: <element(s) not found>
    Call log:
      - Expect "toContainText" with timeout 10000ms
      - waiting for locator(':focus')


      70 | 		// Should focus on main CTA button
      71 | 		const focusedElement = await page.locator(":focus");
    > 72 | 		await expect(focusedElement).toContainText("Acessar Sistema");
         | 		                             ^
      73 |
      74 | 		// Test Enter key activation
      75 | 		await page.keyboard.press("Enter");
        at D:\neonpro\tools\e2e\homepage.spec.ts:72:32

    Error Context: ..\reports\test-results\e2e\homepage-Homepage---Landin-cd395-le-with-keyboard-navigation-chromium-desktop\error-context.md

    Retry #1 ───────────────────────────────────────────────────────────────────────────────────────

    Error: Timed out 10000ms waiting for expect(locator).toContainText(expected)

    Locator: locator(':focus')
    Expected string: "Acessar Sistema"
    Received: <element(s) not found>
    Call log:
      - Expect "toContainText" with timeout 10000ms
      - waiting for locator(':focus')


      70 | 		// Should focus on main CTA button
      71 | 		const focusedElement = await page.locator(":focus");
    > 72 | 		await expect(focusedElement).toContainText("Acessar Sistema");
         | 		                             ^
      73 |
      74 | 		// Test Enter key activation
      75 | 		await page.keyboard.press("Enter");
        at D:\neonpro\tools\e2e\homepage.spec.ts:72:32

    Error Context: ..\reports\test-results\e2e\homepage-Homepage---Landin-cd395-le-with-keyboard-navigation-chromium-desktop-retry1\error-context.md

    attachment #2: trace (application/zip) ─────────────────────────────────────────────────────────
    ..\reports\test-results\e2e\homepage-Homepage---Landin-cd395-le-with-keyboard-navigation-chromium-desktop-retry1\trace.zip
    Usage:

        npx playwright show-trace ..\reports\test-results\e2e\homepage-Homepage---Landin-cd395-le-with-keyboard-navigation-chromium-desktop-retry1\trace.zip

    ────────────────────────────────────────────────────────────────────────────────────────────────
]]>
</failure>
<system-out>
<![CDATA[
[[ATTACHMENT|..\test-results\e2e\homepage-Homepage---Landin-cd395-le-with-keyboard-navigation-chromium-desktop\error-context.md]]

[[ATTACHMENT|..\test-results\e2e\homepage-Homepage---Landin-cd395-le-with-keyboard-navigation-chromium-desktop-retry1\error-context.md]]

[[ATTACHMENT|..\test-results\e2e\homepage-Homepage---Landin-cd395-le-with-keyboard-navigation-chromium-desktop-retry1\trace.zip]]
]]>
</system-out>
</testcase>
<testcase name="[chromium-desktop] Homepage - Landing Page › should display healthcare compliance badges" classname="homepage.spec.ts" time="1.924">
<failure message="homepage.spec.ts:79:6 should display healthcare compliance badges" type="FAILURE">
<![CDATA[  [chromium-desktop] › homepage.spec.ts:79:6 › Homepage - Landing Page › should display healthcare compliance badges 

    Error: expect(received).toBeTruthy()

    Received: false

      84 | 		// At least one compliance indicator should be visible
      85 | 		const hasCompliance = (await lgpdIndicator.isVisible()) || (await anvisaIndicator.isVisible());
    > 86 | 		expect(hasCompliance).toBeTruthy();
         | 		                      ^
      87 | 	});
      88 |
      89 | 	test("should handle responsive design", async ({ page }) => {
        at D:\neonpro\tools\e2e\homepage.spec.ts:86:25

    Error Context: ..\reports\test-results\e2e\homepage-Homepage---Landin-e719b-ealthcare-compliance-badges-chromium-desktop\error-context.md

    Retry #1 ───────────────────────────────────────────────────────────────────────────────────────

    Error: expect(received).toBeTruthy()

    Received: false

      84 | 		// At least one compliance indicator should be visible
      85 | 		const hasCompliance = (await lgpdIndicator.isVisible()) || (await anvisaIndicator.isVisible());
    > 86 | 		expect(hasCompliance).toBeTruthy();
         | 		                      ^
      87 | 	});
      88 |
      89 | 	test("should handle responsive design", async ({ page }) => {
        at D:\neonpro\tools\e2e\homepage.spec.ts:86:25

    Error Context: ..\reports\test-results\e2e\homepage-Homepage---Landin-e719b-ealthcare-compliance-badges-chromium-desktop-retry1\error-context.md

    attachment #2: trace (application/zip) ─────────────────────────────────────────────────────────
    ..\reports\test-results\e2e\homepage-Homepage---Landin-e719b-ealthcare-compliance-badges-chromium-desktop-retry1\trace.zip
    Usage:

        npx playwright show-trace ..\reports\test-results\e2e\homepage-Homepage---Landin-e719b-ealthcare-compliance-badges-chromium-desktop-retry1\trace.zip

    ────────────────────────────────────────────────────────────────────────────────────────────────
]]>
</failure>
<system-out>
<![CDATA[
[[ATTACHMENT|..\test-results\e2e\homepage-Homepage---Landin-e719b-ealthcare-compliance-badges-chromium-desktop\error-context.md]]

[[ATTACHMENT|..\test-results\e2e\homepage-Homepage---Landin-e719b-ealthcare-compliance-badges-chromium-desktop-retry1\error-context.md]]

[[ATTACHMENT|..\test-results\e2e\homepage-Homepage---Landin-e719b-ealthcare-compliance-badges-chromium-desktop-retry1\trace.zip]]
]]>
</system-out>
</testcase>
<testcase name="[chromium-desktop] Homepage - Landing Page › should handle responsive design" classname="homepage.spec.ts" time="21.921">
<failure message="homepage.spec.ts:89:6 should handle responsive design" type="FAILURE">
<![CDATA[  [chromium-desktop] › homepage.spec.ts:89:6 › Homepage - Landing Page › should handle responsive design 

    Error: Timed out 10000ms waiting for expect(locator).toBeVisible()

    Locator: locator('h1:has-text("NeonPro Healthcare")')
    Expected: visible
    Received: <element(s) not found>
    Call log:
      - Expect "toBeVisible" with timeout 10000ms
      - waiting for locator('h1:has-text("NeonPro Healthcare")')


      92 |
      93 | 		// Main content should still be visible
    > 94 | 		await expect(page.locator('h1:has-text("NeonPro Healthcare")')).toBeVisible();
         | 		                                                                ^
      95 | 		await expect(page.locator('button:has-text("Acessar Sistema")')).toBeVisible();
      96 |
      97 | 		// Test tablet viewport
        at D:\neonpro\tools\e2e\homepage.spec.ts:94:67

    Error Context: ..\reports\test-results\e2e\homepage-Homepage---Landin-0a3b7-ld-handle-responsive-design-chromium-desktop\error-context.md

    Retry #1 ───────────────────────────────────────────────────────────────────────────────────────

    Error: Timed out 10000ms waiting for expect(locator).toBeVisible()

    Locator: locator('h1:has-text("NeonPro Healthcare")')
    Expected: visible
    Received: <element(s) not found>
    Call log:
      - Expect "toBeVisible" with timeout 10000ms
      - waiting for locator('h1:has-text("NeonPro Healthcare")')


      92 |
      93 | 		// Main content should still be visible
    > 94 | 		await expect(page.locator('h1:has-text("NeonPro Healthcare")')).toBeVisible();
         | 		                                                                ^
      95 | 		await expect(page.locator('button:has-text("Acessar Sistema")')).toBeVisible();
      96 |
      97 | 		// Test tablet viewport
        at D:\neonpro\tools\e2e\homepage.spec.ts:94:67

    Error Context: ..\reports\test-results\e2e\homepage-Homepage---Landin-0a3b7-ld-handle-responsive-design-chromium-desktop-retry1\error-context.md

    attachment #2: trace (application/zip) ─────────────────────────────────────────────────────────
    ..\reports\test-results\e2e\homepage-Homepage---Landin-0a3b7-ld-handle-responsive-design-chromium-desktop-retry1\trace.zip
    Usage:

        npx playwright show-trace ..\reports\test-results\e2e\homepage-Homepage---Landin-0a3b7-ld-handle-responsive-design-chromium-desktop-retry1\trace.zip

    ────────────────────────────────────────────────────────────────────────────────────────────────
]]>
</failure>
<system-out>
<![CDATA[
[[ATTACHMENT|..\test-results\e2e\homepage-Homepage---Landin-0a3b7-ld-handle-responsive-design-chromium-desktop\error-context.md]]

[[ATTACHMENT|..\test-results\e2e\homepage-Homepage---Landin-0a3b7-ld-handle-responsive-design-chromium-desktop-retry1\error-context.md]]

[[ATTACHMENT|..\test-results\e2e\homepage-Homepage---Landin-0a3b7-ld-handle-responsive-design-chromium-desktop-retry1\trace.zip]]
]]>
</system-out>
</testcase>
<testcase name="[chromium-desktop] Homepage - Landing Page › should display recent patients and appointments for authenticated users" classname="homepage.spec.ts" time="0.778">
</testcase>
<testcase name="[chromium-desktop] Homepage - Landing Page › should have proper meta tags for SEO" classname="homepage.spec.ts" time="1.557">
<failure message="homepage.spec.ts:118:6 should have proper meta tags for SEO" type="FAILURE">
<![CDATA[  [chromium-desktop] › homepage.spec.ts:118:6 › Homepage - Landing Page › should have proper meta tags for SEO 

    Error: expect(received).toContain(expected) // indexOf

    Expected substring: "NeonPro"
    Received string:    ""

      119 | 		// Check essential meta tags
      120 | 		const title = await page.title();
    > 121 | 		expect(title).toContain("NeonPro");
          | 		              ^
      122 |
      123 | 		// Check viewport meta tag
      124 | 		const viewportMeta = page.locator('meta[name="viewport"]');
        at D:\neonpro\tools\e2e\homepage.spec.ts:121:17

    Error Context: ..\reports\test-results\e2e\homepage-Homepage---Landin-50b26-ve-proper-meta-tags-for-SEO-chromium-desktop\error-context.md

    Retry #1 ───────────────────────────────────────────────────────────────────────────────────────

    Error: expect(received).toContain(expected) // indexOf

    Expected substring: "NeonPro"
    Received string:    ""

      119 | 		// Check essential meta tags
      120 | 		const title = await page.title();
    > 121 | 		expect(title).toContain("NeonPro");
          | 		              ^
      122 |
      123 | 		// Check viewport meta tag
      124 | 		const viewportMeta = page.locator('meta[name="viewport"]');
        at D:\neonpro\tools\e2e\homepage.spec.ts:121:17

    Error Context: ..\reports\test-results\e2e\homepage-Homepage---Landin-50b26-ve-proper-meta-tags-for-SEO-chromium-desktop-retry1\error-context.md

    attachment #2: trace (application/zip) ─────────────────────────────────────────────────────────
    ..\reports\test-results\e2e\homepage-Homepage---Landin-50b26-ve-proper-meta-tags-for-SEO-chromium-desktop-retry1\trace.zip
    Usage:

        npx playwright show-trace ..\reports\test-results\e2e\homepage-Homepage---Landin-50b26-ve-proper-meta-tags-for-SEO-chromium-desktop-retry1\trace.zip

    ────────────────────────────────────────────────────────────────────────────────────────────────
]]>
</failure>
<system-out>
<![CDATA[
[[ATTACHMENT|..\test-results\e2e\homepage-Homepage---Landin-50b26-ve-proper-meta-tags-for-SEO-chromium-desktop\error-context.md]]

[[ATTACHMENT|..\test-results\e2e\homepage-Homepage---Landin-50b26-ve-proper-meta-tags-for-SEO-chromium-desktop-retry1\error-context.md]]

[[ATTACHMENT|..\test-results\e2e\homepage-Homepage---Landin-50b26-ve-proper-meta-tags-for-SEO-chromium-desktop-retry1\trace.zip]]
]]>
</system-out>
</testcase>
<testcase name="[chromium-desktop] Homepage - Performance Monitoring › should track Core Web Vitals" classname="homepage.spec.ts" time="0.778">
</testcase>
</testsuite>
<testsuite name="homepage.spec.ts" timestamp="2025-08-24T14:11:58.050Z" hostname="webkit-desktop" tests="10" failures="7" skipped="0" time="124.729" errors="0">
<testcase name="[webkit-desktop] Homepage - Landing Page › should load homepage within performance thresholds" classname="homepage.spec.ts" time="21.917">
<failure message="homepage.spec.ts:22:6 should load homepage within performance thresholds" type="FAILURE">
<![CDATA[  [webkit-desktop] › homepage.spec.ts:22:6 › Homepage - Landing Page › should load homepage within performance thresholds 

    Error: Timed out 10000ms waiting for expect(locator).toContainText(expected)

    Locator: locator('h1')
    Expected string: "NeonPro Healthcare"
    Received: <element(s) not found>
    Call log:
      - Expect "toContainText" with timeout 10000ms
      - waiting for locator('h1')


      24 |
      25 | 		// Wait for main content to be visible
    > 26 | 		await expect(page.locator("h1")).toContainText("NeonPro Healthcare");
         | 		                                 ^
      27 |
      28 | 		const loadTime = Date.now() - startTime;
      29 | 		expect(loadTime).toBeLessThan(3000); // 3 second threshold
        at D:\neonpro\tools\e2e\homepage.spec.ts:26:36

    Error Context: ..\reports\test-results\e2e\homepage-Homepage---Landin-6cb32-thin-performance-thresholds-webkit-desktop\error-context.md

    Retry #1 ───────────────────────────────────────────────────────────────────────────────────────

    Error: Timed out 10000ms waiting for expect(locator).toContainText(expected)

    Locator: locator('h1')
    Expected string: "NeonPro Healthcare"
    Received: <element(s) not found>
    Call log:
      - Expect "toContainText" with timeout 10000ms
      - waiting for locator('h1')


      24 |
      25 | 		// Wait for main content to be visible
    > 26 | 		await expect(page.locator("h1")).toContainText("NeonPro Healthcare");
         | 		                                 ^
      27 |
      28 | 		const loadTime = Date.now() - startTime;
      29 | 		expect(loadTime).toBeLessThan(3000); // 3 second threshold
        at D:\neonpro\tools\e2e\homepage.spec.ts:26:36

    Error Context: ..\reports\test-results\e2e\homepage-Homepage---Landin-6cb32-thin-performance-thresholds-webkit-desktop-retry1\error-context.md

    attachment #2: trace (application/zip) ─────────────────────────────────────────────────────────
    ..\reports\test-results\e2e\homepage-Homepage---Landin-6cb32-thin-performance-thresholds-webkit-desktop-retry1\trace.zip
    Usage:

        npx playwright show-trace ..\reports\test-results\e2e\homepage-Homepage---Landin-6cb32-thin-performance-thresholds-webkit-desktop-retry1\trace.zip

    ────────────────────────────────────────────────────────────────────────────────────────────────
]]>
</failure>
<system-out>
<![CDATA[
[[ATTACHMENT|..\test-results\e2e\homepage-Homepage---Landin-6cb32-thin-performance-thresholds-webkit-desktop\error-context.md]]

[[ATTACHMENT|..\test-results\e2e\homepage-Homepage---Landin-6cb32-thin-performance-thresholds-webkit-desktop-retry1\error-context.md]]

[[ATTACHMENT|..\test-results\e2e\homepage-Homepage---Landin-6cb32-thin-performance-thresholds-webkit-desktop-retry1\trace.zip]]
]]>
</system-out>
</testcase>
<testcase name="[webkit-desktop] Homepage - Landing Page › should display main navigation and branding" classname="homepage.spec.ts" time="21.937">
<failure message="homepage.spec.ts:32:6 should display main navigation and branding" type="FAILURE">
<![CDATA[  [webkit-desktop] › homepage.spec.ts:32:6 › Homepage - Landing Page › should display main navigation and branding 

    Error: Timed out 10000ms waiting for expect(locator).toBeVisible()

    Locator: locator('[data-testid="logo"]').or(locator('h1:has-text("NeonPro Healthcare")'))
    Expected: visible
    Received: <element(s) not found>
    Call log:
      - Expect "toBeVisible" with timeout 10000ms
      - waiting for locator('[data-testid="logo"]').or(locator('h1:has-text("NeonPro Healthcare")'))


      34 | 		await expect(
      35 | 			page.locator('[data-testid="logo"]').or(page.locator('h1:has-text("NeonPro Healthcare")'))
    > 36 | 		).toBeVisible();
         | 		  ^
      37 |
      38 | 		// Check main CTA button
      39 | 		await expect(page.locator('button:has-text("Acessar Sistema")')).toBeVisible();
        at D:\neonpro\tools\e2e\homepage.spec.ts:36:5

    Error Context: ..\reports\test-results\e2e\homepage-Homepage---Landin-e6f0c-ain-navigation-and-branding-webkit-desktop\error-context.md

    Retry #1 ───────────────────────────────────────────────────────────────────────────────────────

    Error: Timed out 10000ms waiting for expect(locator).toBeVisible()

    Locator: locator('[data-testid="logo"]').or(locator('h1:has-text("NeonPro Healthcare")'))
    Expected: visible
    Received: <element(s) not found>
    Call log:
      - Expect "toBeVisible" with timeout 10000ms
      - waiting for locator('[data-testid="logo"]').or(locator('h1:has-text("NeonPro Healthcare")'))


      34 | 		await expect(
      35 | 			page.locator('[data-testid="logo"]').or(page.locator('h1:has-text("NeonPro Healthcare")'))
    > 36 | 		).toBeVisible();
         | 		  ^
      37 |
      38 | 		// Check main CTA button
      39 | 		await expect(page.locator('button:has-text("Acessar Sistema")')).toBeVisible();
        at D:\neonpro\tools\e2e\homepage.spec.ts:36:5

    Error Context: ..\reports\test-results\e2e\homepage-Homepage---Landin-e6f0c-ain-navigation-and-branding-webkit-desktop-retry1\error-context.md

    attachment #2: trace (application/zip) ─────────────────────────────────────────────────────────
    ..\reports\test-results\e2e\homepage-Homepage---Landin-e6f0c-ain-navigation-and-branding-webkit-desktop-retry1\trace.zip
    Usage:

        npx playwright show-trace ..\reports\test-results\e2e\homepage-Homepage---Landin-e6f0c-ain-navigation-and-branding-webkit-desktop-retry1\trace.zip

    ────────────────────────────────────────────────────────────────────────────────────────────────
]]>
</failure>
<system-out>
<![CDATA[
[[ATTACHMENT|..\test-results\e2e\homepage-Homepage---Landin-e6f0c-ain-navigation-and-branding-webkit-desktop\error-context.md]]

[[ATTACHMENT|..\test-results\e2e\homepage-Homepage---Landin-e6f0c-ain-navigation-and-branding-webkit-desktop-retry1\error-context.md]]

[[ATTACHMENT|..\test-results\e2e\homepage-Homepage---Landin-e6f0c-ain-navigation-and-branding-webkit-desktop-retry1\trace.zip]]
]]>
</system-out>
</testcase>
<testcase name="[webkit-desktop] Homepage - Landing Page › should navigate to login page" classname="homepage.spec.ts" time="31.663">
<failure message="homepage.spec.ts:46:6 should navigate to login page" type="FAILURE">
<![CDATA[  [webkit-desktop] › homepage.spec.ts:46:6 › Homepage - Landing Page › should navigate to login page 

    TimeoutError: page.click: Timeout 15000ms exceeded.
    Call log:
      - waiting for locator('button:has-text("Acessar Sistema")')


      46 | 	test("should navigate to login page", async ({ page }) => {
      47 | 		// Click login button
    > 48 | 		await page.click('button:has-text("Acessar Sistema")');
         | 		           ^
      49 |
      50 | 		// Should navigate to login
      51 | 		await expect(page).toHaveURL(/.*\/login/);
        at D:\neonpro\tools\e2e\homepage.spec.ts:48:14

    Error Context: ..\reports\test-results\e2e\homepage-Homepage---Landin-4e9a3-ould-navigate-to-login-page-webkit-desktop\error-context.md

    Retry #1 ───────────────────────────────────────────────────────────────────────────────────────

    TimeoutError: page.click: Timeout 15000ms exceeded.
    Call log:
      - waiting for locator('button:has-text("Acessar Sistema")')


      46 | 	test("should navigate to login page", async ({ page }) => {
      47 | 		// Click login button
    > 48 | 		await page.click('button:has-text("Acessar Sistema")');
         | 		           ^
      49 |
      50 | 		// Should navigate to login
      51 | 		await expect(page).toHaveURL(/.*\/login/);
        at D:\neonpro\tools\e2e\homepage.spec.ts:48:14

    Error Context: ..\reports\test-results\e2e\homepage-Homepage---Landin-4e9a3-ould-navigate-to-login-page-webkit-desktop-retry1\error-context.md

    attachment #2: trace (application/zip) ─────────────────────────────────────────────────────────
    ..\reports\test-results\e2e\homepage-Homepage---Landin-4e9a3-ould-navigate-to-login-page-webkit-desktop-retry1\trace.zip
    Usage:

        npx playwright show-trace ..\reports\test-results\e2e\homepage-Homepage---Landin-4e9a3-ould-navigate-to-login-page-webkit-desktop-retry1\trace.zip

    ────────────────────────────────────────────────────────────────────────────────────────────────
]]>
</failure>
<system-out>
<![CDATA[
[[ATTACHMENT|..\test-results\e2e\homepage-Homepage---Landin-4e9a3-ould-navigate-to-login-page-webkit-desktop\error-context.md]]

[[ATTACHMENT|..\test-results\e2e\homepage-Homepage---Landin-4e9a3-ould-navigate-to-login-page-webkit-desktop-retry1\error-context.md]]

[[ATTACHMENT|..\test-results\e2e\homepage-Homepage---Landin-4e9a3-ould-navigate-to-login-page-webkit-desktop-retry1\trace.zip]]
]]>
</system-out>
</testcase>
<testcase name="[webkit-desktop] Homepage - Landing Page › should display dashboard metrics for authenticated users" classname="homepage.spec.ts" time="0.803">
</testcase>
<testcase name="[webkit-desktop] Homepage - Landing Page › should be accessible with keyboard navigation" classname="homepage.spec.ts" time="21.742">
<failure message="homepage.spec.ts:66:6 should be accessible with keyboard navigation" type="FAILURE">
<![CDATA[  [webkit-desktop] › homepage.spec.ts:66:6 › Homepage - Landing Page › should be accessible with keyboard navigation 

    Error: Timed out 10000ms waiting for expect(locator).toContainText(expected)

    Locator: locator(':focus')
    Expected string: "Acessar Sistema"
    Received: <element(s) not found>
    Call log:
      - Expect "toContainText" with timeout 10000ms
      - waiting for locator(':focus')


      70 | 		// Should focus on main CTA button
      71 | 		const focusedElement = await page.locator(":focus");
    > 72 | 		await expect(focusedElement).toContainText("Acessar Sistema");
         | 		                             ^
      73 |
      74 | 		// Test Enter key activation
      75 | 		await page.keyboard.press("Enter");
        at D:\neonpro\tools\e2e\homepage.spec.ts:72:32

    Error Context: ..\reports\test-results\e2e\homepage-Homepage---Landin-cd395-le-with-keyboard-navigation-webkit-desktop\error-context.md

    Retry #1 ───────────────────────────────────────────────────────────────────────────────────────

    Error: Timed out 10000ms waiting for expect(locator).toContainText(expected)

    Locator: locator(':focus')
    Expected string: "Acessar Sistema"
    Received: <element(s) not found>
    Call log:
      - Expect "toContainText" with timeout 10000ms
      - waiting for locator(':focus')


      70 | 		// Should focus on main CTA button
      71 | 		const focusedElement = await page.locator(":focus");
    > 72 | 		await expect(focusedElement).toContainText("Acessar Sistema");
         | 		                             ^
      73 |
      74 | 		// Test Enter key activation
      75 | 		await page.keyboard.press("Enter");
        at D:\neonpro\tools\e2e\homepage.spec.ts:72:32

    Error Context: ..\reports\test-results\e2e\homepage-Homepage---Landin-cd395-le-with-keyboard-navigation-webkit-desktop-retry1\error-context.md

    attachment #2: trace (application/zip) ─────────────────────────────────────────────────────────
    ..\reports\test-results\e2e\homepage-Homepage---Landin-cd395-le-with-keyboard-navigation-webkit-desktop-retry1\trace.zip
    Usage:

        npx playwright show-trace ..\reports\test-results\e2e\homepage-Homepage---Landin-cd395-le-with-keyboard-navigation-webkit-desktop-retry1\trace.zip

    ────────────────────────────────────────────────────────────────────────────────────────────────
]]>
</failure>
<system-out>
<![CDATA[
[[ATTACHMENT|..\test-results\e2e\homepage-Homepage---Landin-cd395-le-with-keyboard-navigation-webkit-desktop\error-context.md]]

[[ATTACHMENT|..\test-results\e2e\homepage-Homepage---Landin-cd395-le-with-keyboard-navigation-webkit-desktop-retry1\error-context.md]]

[[ATTACHMENT|..\test-results\e2e\homepage-Homepage---Landin-cd395-le-with-keyboard-navigation-webkit-desktop-retry1\trace.zip]]
]]>
</system-out>
</testcase>
<testcase name="[webkit-desktop] Homepage - Landing Page › should display healthcare compliance badges" classname="homepage.spec.ts" time="1.684">
<failure message="homepage.spec.ts:79:6 should display healthcare compliance badges" type="FAILURE">
<![CDATA[  [webkit-desktop] › homepage.spec.ts:79:6 › Homepage - Landing Page › should display healthcare compliance badges 

    Error: expect(received).toBeTruthy()

    Received: false

      84 | 		// At least one compliance indicator should be visible
      85 | 		const hasCompliance = (await lgpdIndicator.isVisible()) || (await anvisaIndicator.isVisible());
    > 86 | 		expect(hasCompliance).toBeTruthy();
         | 		                      ^
      87 | 	});
      88 |
      89 | 	test("should handle responsive design", async ({ page }) => {
        at D:\neonpro\tools\e2e\homepage.spec.ts:86:25

    Error Context: ..\reports\test-results\e2e\homepage-Homepage---Landin-e719b-ealthcare-compliance-badges-webkit-desktop\error-context.md

    Retry #1 ───────────────────────────────────────────────────────────────────────────────────────

    Error: expect(received).toBeTruthy()

    Received: false

      84 | 		// At least one compliance indicator should be visible
      85 | 		const hasCompliance = (await lgpdIndicator.isVisible()) || (await anvisaIndicator.isVisible());
    > 86 | 		expect(hasCompliance).toBeTruthy();
         | 		                      ^
      87 | 	});
      88 |
      89 | 	test("should handle responsive design", async ({ page }) => {
        at D:\neonpro\tools\e2e\homepage.spec.ts:86:25

    Error Context: ..\reports\test-results\e2e\homepage-Homepage---Landin-e719b-ealthcare-compliance-badges-webkit-desktop-retry1\error-context.md

    attachment #2: trace (application/zip) ─────────────────────────────────────────────────────────
    ..\reports\test-results\e2e\homepage-Homepage---Landin-e719b-ealthcare-compliance-badges-webkit-desktop-retry1\trace.zip
    Usage:

        npx playwright show-trace ..\reports\test-results\e2e\homepage-Homepage---Landin-e719b-ealthcare-compliance-badges-webkit-desktop-retry1\trace.zip

    ────────────────────────────────────────────────────────────────────────────────────────────────
]]>
</failure>
<system-out>
<![CDATA[
[[ATTACHMENT|..\test-results\e2e\homepage-Homepage---Landin-e719b-ealthcare-compliance-badges-webkit-desktop\error-context.md]]

[[ATTACHMENT|..\test-results\e2e\homepage-Homepage---Landin-e719b-ealthcare-compliance-badges-webkit-desktop-retry1\error-context.md]]

[[ATTACHMENT|..\test-results\e2e\homepage-Homepage---Landin-e719b-ealthcare-compliance-badges-webkit-desktop-retry1\trace.zip]]
]]>
</system-out>
</testcase>
<testcase name="[webkit-desktop] Homepage - Landing Page › should handle responsive design" classname="homepage.spec.ts" time="21.767">
<failure message="homepage.spec.ts:89:6 should handle responsive design" type="FAILURE">
<![CDATA[  [webkit-desktop] › homepage.spec.ts:89:6 › Homepage - Landing Page › should handle responsive design 

    Error: Timed out 10000ms waiting for expect(locator).toBeVisible()

    Locator: locator('h1:has-text("NeonPro Healthcare")')
    Expected: visible
    Received: <element(s) not found>
    Call log:
      - Expect "toBeVisible" with timeout 10000ms
      - waiting for locator('h1:has-text("NeonPro Healthcare")')


      92 |
      93 | 		// Main content should still be visible
    > 94 | 		await expect(page.locator('h1:has-text("NeonPro Healthcare")')).toBeVisible();
         | 		                                                                ^
      95 | 		await expect(page.locator('button:has-text("Acessar Sistema")')).toBeVisible();
      96 |
      97 | 		// Test tablet viewport
        at D:\neonpro\tools\e2e\homepage.spec.ts:94:67

    Error Context: ..\reports\test-results\e2e\homepage-Homepage---Landin-0a3b7-ld-handle-responsive-design-webkit-desktop\error-context.md

    Retry #1 ───────────────────────────────────────────────────────────────────────────────────────

    Error: Timed out 10000ms waiting for expect(locator).toBeVisible()

    Locator: locator('h1:has-text("NeonPro Healthcare")')
    Expected: visible
    Received: <element(s) not found>
    Call log:
      - Expect "toBeVisible" with timeout 10000ms
      - waiting for locator('h1:has-text("NeonPro Healthcare")')


      92 |
      93 | 		// Main content should still be visible
    > 94 | 		await expect(page.locator('h1:has-text("NeonPro Healthcare")')).toBeVisible();
         | 		                                                                ^
      95 | 		await expect(page.locator('button:has-text("Acessar Sistema")')).toBeVisible();
      96 |
      97 | 		// Test tablet viewport
        at D:\neonpro\tools\e2e\homepage.spec.ts:94:67

    Error Context: ..\reports\test-results\e2e\homepage-Homepage---Landin-0a3b7-ld-handle-responsive-design-webkit-desktop-retry1\error-context.md

    attachment #2: trace (application/zip) ─────────────────────────────────────────────────────────
    ..\reports\test-results\e2e\homepage-Homepage---Landin-0a3b7-ld-handle-responsive-design-webkit-desktop-retry1\trace.zip
    Usage:

        npx playwright show-trace ..\reports\test-results\e2e\homepage-Homepage---Landin-0a3b7-ld-handle-responsive-design-webkit-desktop-retry1\trace.zip

    ────────────────────────────────────────────────────────────────────────────────────────────────
]]>
</failure>
<system-out>
<![CDATA[
[[ATTACHMENT|..\test-results\e2e\homepage-Homepage---Landin-0a3b7-ld-handle-responsive-design-webkit-desktop\error-context.md]]

[[ATTACHMENT|..\test-results\e2e\homepage-Homepage---Landin-0a3b7-ld-handle-responsive-design-webkit-desktop-retry1\error-context.md]]

[[ATTACHMENT|..\test-results\e2e\homepage-Homepage---Landin-0a3b7-ld-handle-responsive-design-webkit-desktop-retry1\trace.zip]]
]]>
</system-out>
</testcase>
<testcase name="[webkit-desktop] Homepage - Landing Page › should display recent patients and appointments for authenticated users" classname="homepage.spec.ts" time="0.798">
</testcase>
<testcase name="[webkit-desktop] Homepage - Landing Page › should have proper meta tags for SEO" classname="homepage.spec.ts" time="1.635">
<failure message="homepage.spec.ts:118:6 should have proper meta tags for SEO" type="FAILURE">
<![CDATA[  [webkit-desktop] › homepage.spec.ts:118:6 › Homepage - Landing Page › should have proper meta tags for SEO 

    Error: expect(received).toContain(expected) // indexOf

    Expected substring: "NeonPro"
    Received string:    ""

      119 | 		// Check essential meta tags
      120 | 		const title = await page.title();
    > 121 | 		expect(title).toContain("NeonPro");
          | 		              ^
      122 |
      123 | 		// Check viewport meta tag
      124 | 		const viewportMeta = page.locator('meta[name="viewport"]');
        at D:\neonpro\tools\e2e\homepage.spec.ts:121:17

    Error Context: ..\reports\test-results\e2e\homepage-Homepage---Landin-50b26-ve-proper-meta-tags-for-SEO-webkit-desktop\error-context.md

    Retry #1 ───────────────────────────────────────────────────────────────────────────────────────

    Error: expect(received).toContain(expected) // indexOf

    Expected substring: "NeonPro"
    Received string:    ""

      119 | 		// Check essential meta tags
      120 | 		const title = await page.title();
    > 121 | 		expect(title).toContain("NeonPro");
          | 		              ^
      122 |
      123 | 		// Check viewport meta tag
      124 | 		const viewportMeta = page.locator('meta[name="viewport"]');
        at D:\neonpro\tools\e2e\homepage.spec.ts:121:17

    Error Context: ..\reports\test-results\e2e\homepage-Homepage---Landin-50b26-ve-proper-meta-tags-for-SEO-webkit-desktop-retry1\error-context.md

    attachment #2: trace (application/zip) ─────────────────────────────────────────────────────────
    ..\reports\test-results\e2e\homepage-Homepage---Landin-50b26-ve-proper-meta-tags-for-SEO-webkit-desktop-retry1\trace.zip
    Usage:

        npx playwright show-trace ..\reports\test-results\e2e\homepage-Homepage---Landin-50b26-ve-proper-meta-tags-for-SEO-webkit-desktop-retry1\trace.zip

    ────────────────────────────────────────────────────────────────────────────────────────────────
]]>
</failure>
<system-out>
<![CDATA[
[[ATTACHMENT|..\test-results\e2e\homepage-Homepage---Landin-50b26-ve-proper-meta-tags-for-SEO-webkit-desktop\error-context.md]]

[[ATTACHMENT|..\test-results\e2e\homepage-Homepage---Landin-50b26-ve-proper-meta-tags-for-SEO-webkit-desktop-retry1\error-context.md]]

[[ATTACHMENT|..\test-results\e2e\homepage-Homepage---Landin-50b26-ve-proper-meta-tags-for-SEO-webkit-desktop-retry1\trace.zip]]
]]>
</system-out>
</testcase>
<testcase name="[webkit-desktop] Homepage - Performance Monitoring › should track Core Web Vitals" classname="homepage.spec.ts" time="0.783">
</testcase>
</testsuite>
<testsuite name="homepage.spec.ts" timestamp="2025-08-24T14:11:58.050Z" hostname="firefox-desktop" tests="10" failures="7" skipped="0" time="140.072" errors="0">
<testcase name="[firefox-desktop] Homepage - Landing Page › should load homepage within performance thresholds" classname="homepage.spec.ts" time="23.61">
<failure message="homepage.spec.ts:22:6 should load homepage within performance thresholds" type="FAILURE">
<![CDATA[  [firefox-desktop] › homepage.spec.ts:22:6 › Homepage - Landing Page › should load homepage within performance thresholds 

    Error: Timed out 10000ms waiting for expect(locator).toContainText(expected)

    Locator: locator('h1')
    Expected string: "NeonPro Healthcare"
    Received: <element(s) not found>
    Call log:
      - Expect "toContainText" with timeout 10000ms
      - waiting for locator('h1')


      24 |
      25 | 		// Wait for main content to be visible
    > 26 | 		await expect(page.locator("h1")).toContainText("NeonPro Healthcare");
         | 		                                 ^
      27 |
      28 | 		const loadTime = Date.now() - startTime;
      29 | 		expect(loadTime).toBeLessThan(3000); // 3 second threshold
        at D:\neonpro\tools\e2e\homepage.spec.ts:26:36

    Error Context: ..\reports\test-results\e2e\homepage-Homepage---Landin-6cb32-thin-performance-thresholds-firefox-desktop\error-context.md

    Retry #1 ───────────────────────────────────────────────────────────────────────────────────────

    Error: Timed out 10000ms waiting for expect(locator).toContainText(expected)

    Locator: locator('h1')
    Expected string: "NeonPro Healthcare"
    Received: <element(s) not found>
    Call log:
      - Expect "toContainText" with timeout 10000ms
      - waiting for locator('h1')


      24 |
      25 | 		// Wait for main content to be visible
    > 26 | 		await expect(page.locator("h1")).toContainText("NeonPro Healthcare");
         | 		                                 ^
      27 |
      28 | 		const loadTime = Date.now() - startTime;
      29 | 		expect(loadTime).toBeLessThan(3000); // 3 second threshold
        at D:\neonpro\tools\e2e\homepage.spec.ts:26:36

    Error Context: ..\reports\test-results\e2e\homepage-Homepage---Landin-6cb32-thin-performance-thresholds-firefox-desktop-retry1\error-context.md

    attachment #2: trace (application/zip) ─────────────────────────────────────────────────────────
    ..\reports\test-results\e2e\homepage-Homepage---Landin-6cb32-thin-performance-thresholds-firefox-desktop-retry1\trace.zip
    Usage:

        npx playwright show-trace ..\reports\test-results\e2e\homepage-Homepage---Landin-6cb32-thin-performance-thresholds-firefox-desktop-retry1\trace.zip

    ────────────────────────────────────────────────────────────────────────────────────────────────
]]>
</failure>
<system-out>
<![CDATA[
[[ATTACHMENT|..\test-results\e2e\homepage-Homepage---Landin-6cb32-thin-performance-thresholds-firefox-desktop\error-context.md]]

[[ATTACHMENT|..\test-results\e2e\homepage-Homepage---Landin-6cb32-thin-performance-thresholds-firefox-desktop-retry1\error-context.md]]

[[ATTACHMENT|..\test-results\e2e\homepage-Homepage---Landin-6cb32-thin-performance-thresholds-firefox-desktop-retry1\trace.zip]]
]]>
</system-out>
</testcase>
<testcase name="[firefox-desktop] Homepage - Landing Page › should display main navigation and branding" classname="homepage.spec.ts" time="23.505">
<failure message="homepage.spec.ts:32:6 should display main navigation and branding" type="FAILURE">
<![CDATA[  [firefox-desktop] › homepage.spec.ts:32:6 › Homepage - Landing Page › should display main navigation and branding 

    Error: Timed out 10000ms waiting for expect(locator).toBeVisible()

    Locator: locator('[data-testid="logo"]').or(locator('h1:has-text("NeonPro Healthcare")'))
    Expected: visible
    Received: <element(s) not found>
    Call log:
      - Expect "toBeVisible" with timeout 10000ms
      - waiting for locator('[data-testid="logo"]').or(locator('h1:has-text("NeonPro Healthcare")'))


      34 | 		await expect(
      35 | 			page.locator('[data-testid="logo"]').or(page.locator('h1:has-text("NeonPro Healthcare")'))
    > 36 | 		).toBeVisible();
         | 		  ^
      37 |
      38 | 		// Check main CTA button
      39 | 		await expect(page.locator('button:has-text("Acessar Sistema")')).toBeVisible();
        at D:\neonpro\tools\e2e\homepage.spec.ts:36:5

    Error Context: ..\reports\test-results\e2e\homepage-Homepage---Landin-e6f0c-ain-navigation-and-branding-firefox-desktop\error-context.md

    Retry #1 ───────────────────────────────────────────────────────────────────────────────────────

    Error: Timed out 10000ms waiting for expect(locator).toBeVisible()

    Locator: locator('[data-testid="logo"]').or(locator('h1:has-text("NeonPro Healthcare")'))
    Expected: visible
    Received: <element(s) not found>
    Call log:
      - Expect "toBeVisible" with timeout 10000ms
      - waiting for locator('[data-testid="logo"]').or(locator('h1:has-text("NeonPro Healthcare")'))


      34 | 		await expect(
      35 | 			page.locator('[data-testid="logo"]').or(page.locator('h1:has-text("NeonPro Healthcare")'))
    > 36 | 		).toBeVisible();
         | 		  ^
      37 |
      38 | 		// Check main CTA button
      39 | 		await expect(page.locator('button:has-text("Acessar Sistema")')).toBeVisible();
        at D:\neonpro\tools\e2e\homepage.spec.ts:36:5

    Error Context: ..\reports\test-results\e2e\homepage-Homepage---Landin-e6f0c-ain-navigation-and-branding-firefox-desktop-retry1\error-context.md

    attachment #2: trace (application/zip) ─────────────────────────────────────────────────────────
    ..\reports\test-results\e2e\homepage-Homepage---Landin-e6f0c-ain-navigation-and-branding-firefox-desktop-retry1\trace.zip
    Usage:

        npx playwright show-trace ..\reports\test-results\e2e\homepage-Homepage---Landin-e6f0c-ain-navigation-and-branding-firefox-desktop-retry1\trace.zip

    ────────────────────────────────────────────────────────────────────────────────────────────────
]]>
</failure>
<system-out>
<![CDATA[
[[ATTACHMENT|..\test-results\e2e\homepage-Homepage---Landin-e6f0c-ain-navigation-and-branding-firefox-desktop\error-context.md]]

[[ATTACHMENT|..\test-results\e2e\homepage-Homepage---Landin-e6f0c-ain-navigation-and-branding-firefox-desktop-retry1\error-context.md]]

[[ATTACHMENT|..\test-results\e2e\homepage-Homepage---Landin-e6f0c-ain-navigation-and-branding-firefox-desktop-retry1\trace.zip]]
]]>
</system-out>
</testcase>
<testcase name="[firefox-desktop] Homepage - Landing Page › should navigate to login page" classname="homepage.spec.ts" time="33.952">
<failure message="homepage.spec.ts:46:6 should navigate to login page" type="FAILURE">
<![CDATA[  [firefox-desktop] › homepage.spec.ts:46:6 › Homepage - Landing Page › should navigate to login page 

    TimeoutError: page.click: Timeout 15000ms exceeded.
    Call log:
      - waiting for locator('button:has-text("Acessar Sistema")')


      46 | 	test("should navigate to login page", async ({ page }) => {
      47 | 		// Click login button
    > 48 | 		await page.click('button:has-text("Acessar Sistema")');
         | 		           ^
      49 |
      50 | 		// Should navigate to login
      51 | 		await expect(page).toHaveURL(/.*\/login/);
        at D:\neonpro\tools\e2e\homepage.spec.ts:48:14

    Error Context: ..\reports\test-results\e2e\homepage-Homepage---Landin-4e9a3-ould-navigate-to-login-page-firefox-desktop\error-context.md

    Retry #1 ───────────────────────────────────────────────────────────────────────────────────────

    TimeoutError: page.click: Timeout 15000ms exceeded.
    Call log:
      - waiting for locator('button:has-text("Acessar Sistema")')


      46 | 	test("should navigate to login page", async ({ page }) => {
      47 | 		// Click login button
    > 48 | 		await page.click('button:has-text("Acessar Sistema")');
         | 		           ^
      49 |
      50 | 		// Should navigate to login
      51 | 		await expect(page).toHaveURL(/.*\/login/);
        at D:\neonpro\tools\e2e\homepage.spec.ts:48:14

    Error Context: ..\reports\test-results\e2e\homepage-Homepage---Landin-4e9a3-ould-navigate-to-login-page-firefox-desktop-retry1\error-context.md

    attachment #2: trace (application/zip) ─────────────────────────────────────────────────────────
    ..\reports\test-results\e2e\homepage-Homepage---Landin-4e9a3-ould-navigate-to-login-page-firefox-desktop-retry1\trace.zip
    Usage:

        npx playwright show-trace ..\reports\test-results\e2e\homepage-Homepage---Landin-4e9a3-ould-navigate-to-login-page-firefox-desktop-retry1\trace.zip

    ────────────────────────────────────────────────────────────────────────────────────────────────
]]>
</failure>
<system-out>
<![CDATA[
[[ATTACHMENT|..\test-results\e2e\homepage-Homepage---Landin-4e9a3-ould-navigate-to-login-page-firefox-desktop\error-context.md]]

[[ATTACHMENT|..\test-results\e2e\homepage-Homepage---Landin-4e9a3-ould-navigate-to-login-page-firefox-desktop-retry1\error-context.md]]

[[ATTACHMENT|..\test-results\e2e\homepage-Homepage---Landin-4e9a3-ould-navigate-to-login-page-firefox-desktop-retry1\trace.zip]]
]]>
</system-out>
</testcase>
<testcase name="[firefox-desktop] Homepage - Landing Page › should display dashboard metrics for authenticated users" classname="homepage.spec.ts" time="1.697">
</testcase>
<testcase name="[firefox-desktop] Homepage - Landing Page › should be accessible with keyboard navigation" classname="homepage.spec.ts" time="23.268">
<failure message="homepage.spec.ts:66:6 should be accessible with keyboard navigation" type="FAILURE">
<![CDATA[  [firefox-desktop] › homepage.spec.ts:66:6 › Homepage - Landing Page › should be accessible with keyboard navigation 

    Error: Timed out 10000ms waiting for expect(locator).toContainText(expected)

    Locator: locator(':focus')
    Expected string: "Acessar Sistema"
    Received: <element(s) not found>
    Call log:
      - Expect "toContainText" with timeout 10000ms
      - waiting for locator(':focus')


      70 | 		// Should focus on main CTA button
      71 | 		const focusedElement = await page.locator(":focus");
    > 72 | 		await expect(focusedElement).toContainText("Acessar Sistema");
         | 		                             ^
      73 |
      74 | 		// Test Enter key activation
      75 | 		await page.keyboard.press("Enter");
        at D:\neonpro\tools\e2e\homepage.spec.ts:72:32

    Error Context: ..\reports\test-results\e2e\homepage-Homepage---Landin-cd395-le-with-keyboard-navigation-firefox-desktop\error-context.md

    Retry #1 ───────────────────────────────────────────────────────────────────────────────────────

    Error: Timed out 10000ms waiting for expect(locator).toContainText(expected)

    Locator: locator(':focus')
    Expected string: "Acessar Sistema"
    Received: <element(s) not found>
    Call log:
      - Expect "toContainText" with timeout 10000ms
      - waiting for locator(':focus')


      70 | 		// Should focus on main CTA button
      71 | 		const focusedElement = await page.locator(":focus");
    > 72 | 		await expect(focusedElement).toContainText("Acessar Sistema");
         | 		                             ^
      73 |
      74 | 		// Test Enter key activation
      75 | 		await page.keyboard.press("Enter");
        at D:\neonpro\tools\e2e\homepage.spec.ts:72:32

    Error Context: ..\reports\test-results\e2e\homepage-Homepage---Landin-cd395-le-with-keyboard-navigation-firefox-desktop-retry1\error-context.md

    attachment #2: trace (application/zip) ─────────────────────────────────────────────────────────
    ..\reports\test-results\e2e\homepage-Homepage---Landin-cd395-le-with-keyboard-navigation-firefox-desktop-retry1\trace.zip
    Usage:

        npx playwright show-trace ..\reports\test-results\e2e\homepage-Homepage---Landin-cd395-le-with-keyboard-navigation-firefox-desktop-retry1\trace.zip

    ────────────────────────────────────────────────────────────────────────────────────────────────
]]>
</failure>
<system-out>
<![CDATA[
[[ATTACHMENT|..\test-results\e2e\homepage-Homepage---Landin-cd395-le-with-keyboard-navigation-firefox-desktop\error-context.md]]

[[ATTACHMENT|..\test-results\e2e\homepage-Homepage---Landin-cd395-le-with-keyboard-navigation-firefox-desktop-retry1\error-context.md]]

[[ATTACHMENT|..\test-results\e2e\homepage-Homepage---Landin-cd395-le-with-keyboard-navigation-firefox-desktop-retry1\trace.zip]]
]]>
</system-out>
</testcase>
<testcase name="[firefox-desktop] Homepage - Landing Page › should display healthcare compliance badges" classname="homepage.spec.ts" time="3.664">
<failure message="homepage.spec.ts:79:6 should display healthcare compliance badges" type="FAILURE">
<![CDATA[  [firefox-desktop] › homepage.spec.ts:79:6 › Homepage - Landing Page › should display healthcare compliance badges 

    Error: expect(received).toBeTruthy()

    Received: false

      84 | 		// At least one compliance indicator should be visible
      85 | 		const hasCompliance = (await lgpdIndicator.isVisible()) || (await anvisaIndicator.isVisible());
    > 86 | 		expect(hasCompliance).toBeTruthy();
         | 		                      ^
      87 | 	});
      88 |
      89 | 	test("should handle responsive design", async ({ page }) => {
        at D:\neonpro\tools\e2e\homepage.spec.ts:86:25

    Error Context: ..\reports\test-results\e2e\homepage-Homepage---Landin-e719b-ealthcare-compliance-badges-firefox-desktop\error-context.md

    Retry #1 ───────────────────────────────────────────────────────────────────────────────────────

    Error: expect(received).toBeTruthy()

    Received: false

      84 | 		// At least one compliance indicator should be visible
      85 | 		const hasCompliance = (await lgpdIndicator.isVisible()) || (await anvisaIndicator.isVisible());
    > 86 | 		expect(hasCompliance).toBeTruthy();
         | 		                      ^
      87 | 	});
      88 |
      89 | 	test("should handle responsive design", async ({ page }) => {
        at D:\neonpro\tools\e2e\homepage.spec.ts:86:25

    Error Context: ..\reports\test-results\e2e\homepage-Homepage---Landin-e719b-ealthcare-compliance-badges-firefox-desktop-retry1\error-context.md

    attachment #2: trace (application/zip) ─────────────────────────────────────────────────────────
    ..\reports\test-results\e2e\homepage-Homepage---Landin-e719b-ealthcare-compliance-badges-firefox-desktop-retry1\trace.zip
    Usage:

        npx playwright show-trace ..\reports\test-results\e2e\homepage-Homepage---Landin-e719b-ealthcare-compliance-badges-firefox-desktop-retry1\trace.zip

    ────────────────────────────────────────────────────────────────────────────────────────────────
]]>
</failure>
<system-out>
<![CDATA[
[[ATTACHMENT|..\test-results\e2e\homepage-Homepage---Landin-e719b-ealthcare-compliance-badges-firefox-desktop\error-context.md]]

[[ATTACHMENT|..\test-results\e2e\homepage-Homepage---Landin-e719b-ealthcare-compliance-badges-firefox-desktop-retry1\error-context.md]]

[[ATTACHMENT|..\test-results\e2e\homepage-Homepage---Landin-e719b-ealthcare-compliance-badges-firefox-desktop-retry1\trace.zip]]
]]>
</system-out>
</testcase>
<testcase name="[firefox-desktop] Homepage - Landing Page › should handle responsive design" classname="homepage.spec.ts" time="24.507">
<failure message="homepage.spec.ts:89:6 should handle responsive design" type="FAILURE">
<![CDATA[  [firefox-desktop] › homepage.spec.ts:89:6 › Homepage - Landing Page › should handle responsive design 

    Error: Timed out 10000ms waiting for expect(locator).toBeVisible()

    Locator: locator('h1:has-text("NeonPro Healthcare")')
    Expected: visible
    Received: <element(s) not found>
    Call log:
      - Expect "toBeVisible" with timeout 10000ms
      - waiting for locator('h1:has-text("NeonPro Healthcare")')


      92 |
      93 | 		// Main content should still be visible
    > 94 | 		await expect(page.locator('h1:has-text("NeonPro Healthcare")')).toBeVisible();
         | 		                                                                ^
      95 | 		await expect(page.locator('button:has-text("Acessar Sistema")')).toBeVisible();
      96 |
      97 | 		// Test tablet viewport
        at D:\neonpro\tools\e2e\homepage.spec.ts:94:67

    Error Context: ..\reports\test-results\e2e\homepage-Homepage---Landin-0a3b7-ld-handle-responsive-design-firefox-desktop\error-context.md

    Retry #1 ───────────────────────────────────────────────────────────────────────────────────────

    Error: Timed out 10000ms waiting for expect(locator).toBeVisible()

    Locator: locator('h1:has-text("NeonPro Healthcare")')
    Expected: visible
    Received: <element(s) not found>
    Call log:
      - Expect "toBeVisible" with timeout 10000ms
      - waiting for locator('h1:has-text("NeonPro Healthcare")')


      92 |
      93 | 		// Main content should still be visible
    > 94 | 		await expect(page.locator('h1:has-text("NeonPro Healthcare")')).toBeVisible();
         | 		                                                                ^
      95 | 		await expect(page.locator('button:has-text("Acessar Sistema")')).toBeVisible();
      96 |
      97 | 		// Test tablet viewport
        at D:\neonpro\tools\e2e\homepage.spec.ts:94:67

    Error Context: ..\reports\test-results\e2e\homepage-Homepage---Landin-0a3b7-ld-handle-responsive-design-firefox-desktop-retry1\error-context.md

    attachment #2: trace (application/zip) ─────────────────────────────────────────────────────────
    ..\reports\test-results\e2e\homepage-Homepage---Landin-0a3b7-ld-handle-responsive-design-firefox-desktop-retry1\trace.zip
    Usage:

        npx playwright show-trace ..\reports\test-results\e2e\homepage-Homepage---Landin-0a3b7-ld-handle-responsive-design-firefox-desktop-retry1\trace.zip

    ────────────────────────────────────────────────────────────────────────────────────────────────
]]>
</failure>
<system-out>
<![CDATA[
[[ATTACHMENT|..\test-results\e2e\homepage-Homepage---Landin-0a3b7-ld-handle-responsive-design-firefox-desktop\error-context.md]]

[[ATTACHMENT|..\test-results\e2e\homepage-Homepage---Landin-0a3b7-ld-handle-responsive-design-firefox-desktop-retry1\error-context.md]]

[[ATTACHMENT|..\test-results\e2e\homepage-Homepage---Landin-0a3b7-ld-handle-responsive-design-firefox-desktop-retry1\trace.zip]]
]]>
</system-out>
</testcase>
<testcase name="[firefox-desktop] Homepage - Landing Page › should display recent patients and appointments for authenticated users" classname="homepage.spec.ts" time="1.665">
</testcase>
<testcase name="[firefox-desktop] Homepage - Landing Page › should have proper meta tags for SEO" classname="homepage.spec.ts" time="2.644">
<failure message="homepage.spec.ts:118:6 should have proper meta tags for SEO" type="FAILURE">
<![CDATA[  [firefox-desktop] › homepage.spec.ts:118:6 › Homepage - Landing Page › should have proper meta tags for SEO 

    Error: expect(received).toContain(expected) // indexOf

    Expected substring: "NeonPro"
    Received string:    ""

      119 | 		// Check essential meta tags
      120 | 		const title = await page.title();
    > 121 | 		expect(title).toContain("NeonPro");
          | 		              ^
      122 |
      123 | 		// Check viewport meta tag
      124 | 		const viewportMeta = page.locator('meta[name="viewport"]');
        at D:\neonpro\tools\e2e\homepage.spec.ts:121:17

    Error Context: ..\reports\test-results\e2e\homepage-Homepage---Landin-50b26-ve-proper-meta-tags-for-SEO-firefox-desktop\error-context.md

    Retry #1 ───────────────────────────────────────────────────────────────────────────────────────

    Error: expect(received).toContain(expected) // indexOf

    Expected substring: "NeonPro"
    Received string:    ""

      119 | 		// Check essential meta tags
      120 | 		const title = await page.title();
    > 121 | 		expect(title).toContain("NeonPro");
          | 		              ^
      122 |
      123 | 		// Check viewport meta tag
      124 | 		const viewportMeta = page.locator('meta[name="viewport"]');
        at D:\neonpro\tools\e2e\homepage.spec.ts:121:17

    Error Context: ..\reports\test-results\e2e\homepage-Homepage---Landin-50b26-ve-proper-meta-tags-for-SEO-firefox-desktop-retry1\error-context.md

    attachment #2: trace (application/zip) ─────────────────────────────────────────────────────────
    ..\reports\test-results\e2e\homepage-Homepage---Landin-50b26-ve-proper-meta-tags-for-SEO-firefox-desktop-retry1\trace.zip
    Usage:

        npx playwright show-trace ..\reports\test-results\e2e\homepage-Homepage---Landin-50b26-ve-proper-meta-tags-for-SEO-firefox-desktop-retry1\trace.zip

    ────────────────────────────────────────────────────────────────────────────────────────────────
]]>
</failure>
<system-out>
<![CDATA[
[[ATTACHMENT|..\test-results\e2e\homepage-Homepage---Landin-50b26-ve-proper-meta-tags-for-SEO-firefox-desktop\error-context.md]]

[[ATTACHMENT|..\test-results\e2e\homepage-Homepage---Landin-50b26-ve-proper-meta-tags-for-SEO-firefox-desktop-retry1\error-context.md]]

[[ATTACHMENT|..\test-results\e2e\homepage-Homepage---Landin-50b26-ve-proper-meta-tags-for-SEO-firefox-desktop-retry1\trace.zip]]
]]>
</system-out>
</testcase>
<testcase name="[firefox-desktop] Homepage - Performance Monitoring › should track Core Web Vitals" classname="homepage.spec.ts" time="1.56">
</testcase>
</testsuite>
</testsuites>